#
# There is insufficient memory for the Java Runtime Environment to continue.
# Native memory allocation (malloc) failed to allocate 1306416 bytes for Chunk::new
# Possible reasons:
#   The system is out of physical RAM or swap space
#   The process is running with CompressedOops enabled, and the Java Heap may be blocking the growth of the native heap
# Possible solutions:
#   Reduce memory load on the system
#   Increase physical memory or swap space
#   Check if swap backing store is full
#   Decrease Java heap size (-Xmx/-Xms)
#   Decrease number of Java threads
#   Decrease Java thread stack sizes (-Xss)
#   Set larger code cache with -XX:ReservedCodeCacheSize=
#   JVM is running with Unscaled Compressed Oops mode in which the Java heap is
#     placed in the first 4GB address space. The Java Heap base address is the
#     maximum limit for the native heap growth. Please use -XX:HeapBaseMinAddress
#     to set the Java Heap base and to place the Java Heap above 4GB virtual address.
# This output file may be truncated or incomplete.
#
#  Out of Memory Error (./src/hotspot/share/memory/arena.cpp:197), pid=1724, tid=1368
#
# JRE version: OpenJDK Runtime Environment (11.0.10) (build 11.0.10+0-b96-7249189)
# Java VM: OpenJDK 64-Bit Server VM (11.0.10+0-b96-7249189, mixed mode, tiered, compressed oops, g1 gc, windows-amd64)
# No core dump will be written. Minidumps are not enabled by default on client versions of Windows
#

---------------  S U M M A R Y ------------

Command Line: --add-opens=java.base/java.util=ALL-UNNAMED --add-opens=java.base/java.lang=ALL-UNNAMED --add-opens=java.base/java.lang.invoke=ALL-UNNAMED --add-opens=java.base/java.util=ALL-UNNAMED --add-opens=java.prefs/java.util.prefs=ALL-UNNAMED --add-opens=java.prefs/java.util.prefs=ALL-UNNAMED --add-opens=java.base/java.nio.charset=ALL-UNNAMED --add-opens=java.base/java.net=ALL-UNNAMED --add-opens=java.base/java.util.concurrent.atomic=ALL-UNNAMED -Xmx2048m -Dfile.encoding=UTF-8 -Duser.country=IN -Duser.language=en -Duser.variant org.gradle.launcher.daemon.bootstrap.GradleDaemon 7.0.2

Host: Intel(R) Core(TM) i5-8300H CPU @ 2.30GHz, 8 cores, 7G,  Windows 10 , 64 bit Build 19041 (10.0.19041.1202)
Time: Sat Jan  1 06:11:38 2022 India Standard Time elapsed time: 1.896855 seconds (0d 0h 0m 1s)

---------------  T H R E A D  ---------------

Current thread (0x0000021e2f9d3000):  JavaThread "C2 CompilerThread0" daemon [_thread_in_native, id=1368, stack(0x000000fd19c00000,0x000000fd19d00000)]


Current CompileTask:
C2:   1896 1932   !   4       java.lang.ClassLoader::loadClass (122 bytes)

Stack: [0x000000fd19c00000,0x000000fd19d00000]
Native frames: (J=compiled Java code, j=interpreted, Vv=VM code, C=native code)
V  [jvm.dll+0x5ecfaa]
V  [jvm.dll+0x722bd5]
V  [jvm.dll+0x72412d]
V  [jvm.dll+0x7247e3]
V  [jvm.dll+0x242928]
V  [jvm.dll+0xbc4fc]
V  [jvm.dll+0xbca0c]
V  [jvm.dll+0x352d7d]
V  [jvm.dll+0x320ad3]
V  [jvm.dll+0x31ffca]
V  [jvm.dll+0x1fb602]
V  [jvm.dll+0x1fa7f4]
V  [jvm.dll+0x18354c]
V  [jvm.dll+0x208ee7]
V  [jvm.dll+0x207731]
V  [jvm.dll+0x6eb1cf]
V  [jvm.dll+0x6e3d45]
V  [jvm.dll+0x5ebe96]
C  [ucrtbase.dll+0x21bb2]
C  [KERNEL32.DLL+0x17034]
C  [ntdll.dll+0x52651]


---------------  P R O C E S S  ---------------

Threads class SMR info:
_java_thread_list=0x0000021e3262fd00, length=24, elements={
0x0000021e14bc2800, 0x0000021e2f035800, 0x0000021e2f03e800, 0x0000021e2f9c5000,
0x0000021e2f9c6000, 0x0000021e2f9c8000, 0x0000021e2f9d3000, 0x0000021e2f059000,
0x0000021e2f064800, 0x0000021e2fb1e000, 0x0000021e32ccd800, 0x0000021e2fd19000,
0x0000021e31a88800, 0x0000021e3202d800, 0x0000021e32190000, 0x0000021e30ece800,
0x0000021e317ef800, 0x0000021e317f0000, 0x0000021e31c0c800, 0x0000021e33153800,
0x0000021e31bb1000, 0x0000021e31bb2000, 0x0000021e31bb2800, 0x0000021e31bb0800
}

Java Threads: ( => current thread )
  0x0000021e14bc2800 JavaThread "main" [_thread_blocked, id=4356, stack(0x000000fd19000000,0x000000fd19100000)]
  0x0000021e2f035800 JavaThread "Reference Handler" daemon [_thread_blocked, id=5044, stack(0x000000fd19700000,0x000000fd19800000)]
  0x0000021e2f03e800 JavaThread "Finalizer" daemon [_thread_blocked, id=6476, stack(0x000000fd19800000,0x000000fd19900000)]
  0x0000021e2f9c5000 JavaThread "Signal Dispatcher" daemon [_thread_blocked, id=5648, stack(0x000000fd19900000,0x000000fd19a00000)]
  0x0000021e2f9c6000 JavaThread "Attach Listener" daemon [_thread_blocked, id=6940, stack(0x000000fd19a00000,0x000000fd19b00000)]
  0x0000021e2f9c8000 JavaThread "Service Thread" daemon [_thread_blocked, id=7784, stack(0x000000fd19b00000,0x000000fd19c00000)]
=>0x0000021e2f9d3000 JavaThread "C2 CompilerThread0" daemon [_thread_in_native, id=1368, stack(0x000000fd19c00000,0x000000fd19d00000)]
  0x0000021e2f059000 JavaThread "C1 CompilerThread0" daemon [_thread_in_native, id=4872, stack(0x000000fd19d00000,0x000000fd19e00000)]
  0x0000021e2f064800 JavaThread "Sweeper thread" daemon [_thread_blocked, id=1616, stack(0x000000fd19e00000,0x000000fd19f00000)]
  0x0000021e2fb1e000 JavaThread "Common-Cleaner" daemon [_thread_blocked, id=924, stack(0x000000fd19f00000,0x000000fd1a000000)]
  0x0000021e32ccd800 JavaThread "Daemon health stats" [_thread_blocked, id=5236, stack(0x000000fd1a500000,0x000000fd1a600000)]
  0x0000021e2fd19000 JavaThread "Incoming local TCP Connector on port 50516" [_thread_in_native, id=7916, stack(0x000000fd1a100000,0x000000fd1a200000)]
  0x0000021e31a88800 JavaThread "Daemon periodic checks" [_thread_blocked, id=5164, stack(0x000000fd1a200000,0x000000fd1a300000)]
  0x0000021e3202d800 JavaThread "Daemon" [_thread_blocked, id=6220, stack(0x000000fd1a600000,0x000000fd1a700000)]
  0x0000021e32190000 JavaThread "Handler for socket connection from /127.0.0.1:50516 to /127.0.0.1:50517" [_thread_in_native, id=7468, stack(0x000000fd1a700000,0x000000fd1a800000)]
  0x0000021e30ece800 JavaThread "Cancel handler" [_thread_blocked, id=392, stack(0x000000fd1a800000,0x000000fd1a900000)]
  0x0000021e317ef800 JavaThread "Daemon worker" [_thread_in_vm, id=5820, stack(0x000000fd1a900000,0x000000fd1aa00000)]
  0x0000021e317f0000 JavaThread "C2 CompilerThread1" daemon [_thread_blocked, id=1956, stack(0x000000fd1aa00000,0x000000fd1ab00000)]
  0x0000021e31c0c800 JavaThread "Asynchronous log dispatcher for DefaultDaemonConnection: socket connection from /127.0.0.1:50516 to /127.0.0.1:50517" [_thread_blocked, id=7772, stack(0x000000fd1ab00000,0x000000fd1ac00000)]
  0x0000021e33153800 JavaThread "Stdin handler" [_thread_blocked, id=8188, stack(0x000000fd1ac00000,0x000000fd1ad00000)]
  0x0000021e31bb1000 JavaThread "Daemon client event forwarder" [_thread_blocked, id=2148, stack(0x000000fd1ad00000,0x000000fd1ae00000)]
  0x0000021e31bb2000 JavaThread "Cache worker for file hash cache (C:\Users\Siddhi Anil Bairagi\.gradle\caches\7.0.2\fileHashes)" [_thread_blocked, id=7372, stack(0x000000fd1b300000,0x000000fd1b400000)]
  0x0000021e31bb2800 JavaThread "File lock request listener" [_thread_in_native, id=4996, stack(0x000000fd1b400000,0x000000fd1b500000)]
  0x0000021e31bb0800 JavaThread "Cache worker for journal cache (C:\Users\Siddhi Anil Bairagi\.gradle\caches\journal-1)" [_thread_blocked, id=5372, stack(0x000000fd1b600000,0x000000fd1b700000)]

Other Threads:
  0x0000021e2f02f800 VMThread "VM Thread" [stack: 0x000000fd19600000,0x000000fd19700000] [id=148]
  0x0000021e2fb4a800 WatcherThread [stack: 0x000000fd1a000000,0x000000fd1a100000] [id=4068]
  0x0000021e14bd8800 GCTaskThread "GC Thread#0" [stack: 0x000000fd19100000,0x000000fd19200000] [id=7564]
  0x0000021e30762000 GCTaskThread "GC Thread#1" [stack: 0x000000fd1a300000,0x000000fd1a400000] [id=5296]
  0x0000021e308ae800 GCTaskThread "GC Thread#2" [stack: 0x000000fd1a400000,0x000000fd1a500000] [id=4268]
  0x0000021e324aa800 GCTaskThread "GC Thread#3" [stack: 0x000000fd1ae00000,0x000000fd1af00000] [id=6356]
  0x0000021e319fc800 GCTaskThread "GC Thread#4" [stack: 0x000000fd1af00000,0x000000fd1b000000] [id=4908]
  0x0000021e32ac7800 GCTaskThread "GC Thread#5" [stack: 0x000000fd1b000000,0x000000fd1b100000] [id=520]
  0x0000021e31c0b000 GCTaskThread "GC Thread#6" [stack: 0x000000fd1b100000,0x000000fd1b200000] [id=3460]
  0x0000021e30f3b800 GCTaskThread "GC Thread#7" [stack: 0x000000fd1b200000,0x000000fd1b300000] [id=1224]
  0x0000021e14c09000 ConcurrentGCThread "G1 Main Marker" [stack: 0x000000fd19200000,0x000000fd19300000] [id=6676]
  0x0000021e14c0a800 ConcurrentGCThread "G1 Conc#0" [stack: 0x000000fd19300000,0x000000fd19400000] [id=1248]
  0x0000021e30f3b000 ConcurrentGCThread "G1 Conc#1" [stack: 0x000000fd1b500000,0x000000fd1b600000] [id=1584]
  0x0000021e2ee80800 ConcurrentGCThread "G1 Refine#0" [stack: 0x000000fd19400000,0x000000fd19500000] [id=4992]
  0x0000021e2ee81000 ConcurrentGCThread "G1 Young RemSet Sampling" [stack: 0x000000fd19500000,0x000000fd19600000] [id=772]

Threads with active compile tasks:
C2 CompilerThread0   1904 1932   !   4       java.lang.ClassLoader::loadClass (122 bytes)

VM state:not at safepoint (normal execution)

VM Mutex/Monitor currently owned by a thread: None

Heap address: 0x0000000080000000, size: 2048 MB, Compressed Oops mode: 32-bit
Narrow klass base: 0x0000000000000000, Narrow klass shift: 3
Compressed class space size: 1073741824 Address: 0x0000000100000000

Heap:
 garbage-first heap   total 129024K, used 34412K [0x0000000080000000, 0x0000000100000000)
  region size 1024K, 20 young (20480K), 2 survivors (2048K)
 Metaspace       used 22107K, capacity 22661K, committed 22784K, reserved 1069056K
  class space    used 2804K, capacity 3003K, committed 3072K, reserved 1048576K
Heap Regions: E=young(eden), S=young(survivor), O=old, HS=humongous(starts), HC=humongous(continues), CS=collection set, F=free, A=archive, TAMS=top-at-mark-start (previous, next)
|   0|0x0000000080000000, 0x0000000080100000, 0x0000000080100000|100%| O|  |TAMS 0x0000000080100000, 0x0000000080000000| Untracked 
|   1|0x0000000080100000, 0x0000000080200000, 0x0000000080200000|100%| O|  |TAMS 0x0000000080200000, 0x0000000080100000| Untracked 
|   2|0x0000000080200000, 0x0000000080300000, 0x0000000080300000|100%| O|  |TAMS 0x0000000080300000, 0x0000000080200000| Untracked 
|   3|0x0000000080300000, 0x0000000080400000, 0x0000000080400000|100%|HS|  |TAMS 0x0000000080400000, 0x0000000080300000| Complete 
|   4|0x0000000080400000, 0x0000000080500000, 0x0000000080500000|100%|HC|  |TAMS 0x0000000080500000, 0x0000000080400000| Complete 
|   5|0x0000000080500000, 0x0000000080600000, 0x0000000080600000|100%|HC|  |TAMS 0x0000000080600000, 0x0000000080500000| Complete 
|   6|0x0000000080600000, 0x0000000080700000, 0x0000000080700000|100%| O|  |TAMS 0x0000000080700000, 0x0000000080600000| Untracked 
|   7|0x0000000080700000, 0x0000000080800000, 0x0000000080800000|100%| O|  |TAMS 0x0000000080800000, 0x0000000080700000| Untracked 
|   8|0x0000000080800000, 0x0000000080900000, 0x0000000080900000|100%| O|  |TAMS 0x0000000080900000, 0x0000000080800000| Untracked 
|   9|0x0000000080900000, 0x0000000080a00000, 0x0000000080a00000|100%| O|  |TAMS 0x0000000080a00000, 0x0000000080900000| Untracked 
|  10|0x0000000080a00000, 0x0000000080b00000, 0x0000000080b00000|100%| O|  |TAMS 0x0000000080b00000, 0x0000000080a00000| Untracked 
|  11|0x0000000080b00000, 0x0000000080c00000, 0x0000000080c00000|100%| O|  |TAMS 0x0000000080c00000, 0x0000000080b00000| Untracked 
|  12|0x0000000080c00000, 0x0000000080d00000, 0x0000000080d00000|100%| O|  |TAMS 0x0000000080d00000, 0x0000000080c00000| Untracked 
|  13|0x0000000080d00000, 0x0000000080e00000, 0x0000000080e00000|100%| O|  |TAMS 0x0000000080e00000, 0x0000000080d00000| Untracked 
|  14|0x0000000080e00000, 0x0000000080f00000, 0x0000000080f00000|100%| O|  |TAMS 0x0000000080f00000, 0x0000000080e00000| Untracked 
|  15|0x0000000080f00000, 0x0000000080f84200, 0x0000000081000000| 51%| O|  |TAMS 0x0000000080f84200, 0x0000000080f00000| Untracked 
|  16|0x0000000081000000, 0x0000000081000000, 0x0000000081100000|  0%| F|  |TAMS 0x0000000081000000, 0x0000000081000000| Untracked 
|  17|0x0000000081100000, 0x0000000081100000, 0x0000000081200000|  0%| F|  |TAMS 0x0000000081100000, 0x0000000081100000| Untracked 
|  18|0x0000000081200000, 0x0000000081200000, 0x0000000081300000|  0%| F|  |TAMS 0x0000000081200000, 0x0000000081200000| Untracked 
|  19|0x0000000081300000, 0x0000000081300000, 0x0000000081400000|  0%| F|  |TAMS 0x0000000081300000, 0x0000000081300000| Untracked 
|  20|0x0000000081400000, 0x0000000081400000, 0x0000000081500000|  0%| F|  |TAMS 0x0000000081400000, 0x0000000081400000| Untracked 
|  21|0x0000000081500000, 0x0000000081500000, 0x0000000081600000|  0%| F|  |TAMS 0x0000000081500000, 0x0000000081500000| Untracked 
|  22|0x0000000081600000, 0x0000000081600000, 0x0000000081700000|  0%| F|  |TAMS 0x0000000081600000, 0x0000000081600000| Untracked 
|  23|0x0000000081700000, 0x0000000081700000, 0x0000000081800000|  0%| F|  |TAMS 0x0000000081700000, 0x0000000081700000| Untracked 
|  24|0x0000000081800000, 0x0000000081800000, 0x0000000081900000|  0%| F|  |TAMS 0x0000000081800000, 0x0000000081800000| Untracked 
|  25|0x0000000081900000, 0x0000000081900000, 0x0000000081a00000|  0%| F|  |TAMS 0x0000000081900000, 0x0000000081900000| Untracked 
|  26|0x0000000081a00000, 0x0000000081a00000, 0x0000000081b00000|  0%| F|  |TAMS 0x0000000081a00000, 0x0000000081a00000| Untracked 
|  27|0x0000000081b00000, 0x0000000081b00000, 0x0000000081c00000|  0%| F|  |TAMS 0x0000000081b00000, 0x0000000081b00000| Untracked 
|  28|0x0000000081c00000, 0x0000000081c00000, 0x0000000081d00000|  0%| F|  |TAMS 0x0000000081c00000, 0x0000000081c00000| Untracked 
|  29|0x0000000081d00000, 0x0000000081d00000, 0x0000000081e00000|  0%| F|  |TAMS 0x0000000081d00000, 0x0000000081d00000| Untracked 
|  30|0x0000000081e00000, 0x0000000081e00000, 0x0000000081f00000|  0%| F|  |TAMS 0x0000000081e00000, 0x0000000081e00000| Untracked 
|  31|0x0000000081f00000, 0x0000000081f00000, 0x0000000082000000|  0%| F|  |TAMS 0x0000000081f00000, 0x0000000081f00000| Untracked 
|  32|0x0000000082000000, 0x0000000082000000, 0x0000000082100000|  0%| F|  |TAMS 0x0000000082000000, 0x0000000082000000| Untracked 
|  33|0x0000000082100000, 0x0000000082100000, 0x0000000082200000|  0%| F|  |TAMS 0x0000000082100000, 0x0000000082100000| Untracked 
|  34|0x0000000082200000, 0x0000000082200000, 0x0000000082300000|  0%| F|  |TAMS 0x0000000082200000, 0x0000000082200000| Untracked 
|  35|0x0000000082300000, 0x0000000082300000, 0x0000000082400000|  0%| F|  |TAMS 0x0000000082300000, 0x0000000082300000| Untracked 
|  36|0x0000000082400000, 0x0000000082400000, 0x0000000082500000|  0%| F|  |TAMS 0x0000000082400000, 0x0000000082400000| Untracked 
|  37|0x0000000082500000, 0x0000000082500000, 0x0000000082600000|  0%| F|  |TAMS 0x0000000082500000, 0x0000000082500000| Untracked 
|  38|0x0000000082600000, 0x0000000082600000, 0x0000000082700000|  0%| F|  |TAMS 0x0000000082600000, 0x0000000082600000| Untracked 
|  39|0x0000000082700000, 0x0000000082700000, 0x0000000082800000|  0%| F|  |TAMS 0x0000000082700000, 0x0000000082700000| Untracked 
|  40|0x0000000082800000, 0x0000000082800000, 0x0000000082900000|  0%| F|  |TAMS 0x0000000082800000, 0x0000000082800000| Untracked 
|  41|0x0000000082900000, 0x0000000082900000, 0x0000000082a00000|  0%| F|  |TAMS 0x0000000082900000, 0x0000000082900000| Untracked 
|  42|0x0000000082a00000, 0x0000000082a00000, 0x0000000082b00000|  0%| F|  |TAMS 0x0000000082a00000, 0x0000000082a00000| Untracked 
|  43|0x0000000082b00000, 0x0000000082b00000, 0x0000000082c00000|  0%| F|  |TAMS 0x0000000082b00000, 0x0000000082b00000| Untracked 
|  44|0x0000000082c00000, 0x0000000082c00000, 0x0000000082d00000|  0%| F|  |TAMS 0x0000000082c00000, 0x0000000082c00000| Untracked 
|  45|0x0000000082d00000, 0x0000000082d00000, 0x0000000082e00000|  0%| F|  |TAMS 0x0000000082d00000, 0x0000000082d00000| Untracked 
|  46|0x0000000082e00000, 0x0000000082e00000, 0x0000000082f00000|  0%| F|  |TAMS 0x0000000082e00000, 0x0000000082e00000| Untracked 
|  47|0x0000000082f00000, 0x0000000082f00000, 0x0000000083000000|  0%| F|  |TAMS 0x0000000082f00000, 0x0000000082f00000| Untracked 
|  48|0x0000000083000000, 0x0000000083000000, 0x0000000083100000|  0%| F|  |TAMS 0x0000000083000000, 0x0000000083000000| Untracked 
|  49|0x0000000083100000, 0x0000000083100000, 0x0000000083200000|  0%| F|  |TAMS 0x0000000083100000, 0x0000000083100000| Untracked 
|  50|0x0000000083200000, 0x0000000083200000, 0x0000000083300000|  0%| F|  |TAMS 0x0000000083200000, 0x0000000083200000| Untracked 
|  51|0x0000000083300000, 0x0000000083300000, 0x0000000083400000|  0%| F|  |TAMS 0x0000000083300000, 0x0000000083300000| Untracked 
|  52|0x0000000083400000, 0x0000000083400000, 0x0000000083500000|  0%| F|  |TAMS 0x0000000083400000, 0x0000000083400000| Untracked 
|  53|0x0000000083500000, 0x0000000083500000, 0x0000000083600000|  0%| F|  |TAMS 0x0000000083500000, 0x0000000083500000| Untracked 
|  54|0x0000000083600000, 0x0000000083600000, 0x0000000083700000|  0%| F|  |TAMS 0x0000000083600000, 0x0000000083600000| Untracked 
|  55|0x0000000083700000, 0x0000000083700000, 0x0000000083800000|  0%| F|  |TAMS 0x0000000083700000, 0x0000000083700000| Untracked 
|  56|0x0000000083800000, 0x0000000083800000, 0x0000000083900000|  0%| F|  |TAMS 0x0000000083800000, 0x0000000083800000| Untracked 
|  57|0x0000000083900000, 0x0000000083900000, 0x0000000083a00000|  0%| F|  |TAMS 0x0000000083900000, 0x0000000083900000| Untracked 
|  58|0x0000000083a00000, 0x0000000083a00000, 0x0000000083b00000|  0%| F|  |TAMS 0x0000000083a00000, 0x0000000083a00000| Untracked 
|  59|0x0000000083b00000, 0x0000000083b00000, 0x0000000083c00000|  0%| F|  |TAMS 0x0000000083b00000, 0x0000000083b00000| Untracked 
|  60|0x0000000083c00000, 0x0000000083c00000, 0x0000000083d00000|  0%| F|  |TAMS 0x0000000083c00000, 0x0000000083c00000| Untracked 
|  61|0x0000000083d00000, 0x0000000083d00000, 0x0000000083e00000|  0%| F|  |TAMS 0x0000000083d00000, 0x0000000083d00000| Untracked 
|  62|0x0000000083e00000, 0x0000000083e00000, 0x0000000083f00000|  0%| F|  |TAMS 0x0000000083e00000, 0x0000000083e00000| Untracked 
|  63|0x0000000083f00000, 0x0000000083f00000, 0x0000000084000000|  0%| F|  |TAMS 0x0000000083f00000, 0x0000000083f00000| Untracked 
|  64|0x0000000084000000, 0x0000000084000000, 0x0000000084100000|  0%| F|  |TAMS 0x0000000084000000, 0x0000000084000000| Untracked 
|  65|0x0000000084100000, 0x0000000084100000, 0x0000000084200000|  0%| F|  |TAMS 0x0000000084100000, 0x0000000084100000| Untracked 
|  66|0x0000000084200000, 0x0000000084200000, 0x0000000084300000|  0%| F|  |TAMS 0x0000000084200000, 0x0000000084200000| Untracked 
|  67|0x0000000084300000, 0x0000000084300000, 0x0000000084400000|  0%| F|  |TAMS 0x0000000084300000, 0x0000000084300000| Untracked 
|  68|0x0000000084400000, 0x0000000084400000, 0x0000000084500000|  0%| F|  |TAMS 0x0000000084400000, 0x0000000084400000| Untracked 
|  69|0x0000000084500000, 0x0000000084500000, 0x0000000084600000|  0%| F|  |TAMS 0x0000000084500000, 0x0000000084500000| Untracked 
|  70|0x0000000084600000, 0x0000000084600000, 0x0000000084700000|  0%| F|  |TAMS 0x0000000084600000, 0x0000000084600000| Untracked 
|  71|0x0000000084700000, 0x0000000084700000, 0x0000000084800000|  0%| F|  |TAMS 0x0000000084700000, 0x0000000084700000| Untracked 
|  72|0x0000000084800000, 0x0000000084800000, 0x0000000084900000|  0%| F|  |TAMS 0x0000000084800000, 0x0000000084800000| Untracked 
|  73|0x0000000084900000, 0x0000000084900000, 0x0000000084a00000|  0%| F|  |TAMS 0x0000000084900000, 0x0000000084900000| Untracked 
|  74|0x0000000084a00000, 0x0000000084a00000, 0x0000000084b00000|  0%| F|  |TAMS 0x0000000084a00000, 0x0000000084a00000| Untracked 
|  75|0x0000000084b00000, 0x0000000084b00000, 0x0000000084c00000|  0%| F|  |TAMS 0x0000000084b00000, 0x0000000084b00000| Untracked 
|  76|0x0000000084c00000, 0x0000000084c00000, 0x0000000084d00000|  0%| F|  |TAMS 0x0000000084c00000, 0x0000000084c00000| Untracked 
|  77|0x0000000084d00000, 0x0000000084d00000, 0x0000000084e00000|  0%| F|  |TAMS 0x0000000084d00000, 0x0000000084d00000| Untracked 
|  78|0x0000000084e00000, 0x0000000084e00000, 0x0000000084f00000|  0%| F|  |TAMS 0x0000000084e00000, 0x0000000084e00000| Untracked 
|  79|0x0000000084f00000, 0x0000000084f00000, 0x0000000085000000|  0%| F|  |TAMS 0x0000000084f00000, 0x0000000084f00000| Untracked 
|  80|0x0000000085000000, 0x0000000085000000, 0x0000000085100000|  0%| F|  |TAMS 0x0000000085000000, 0x0000000085000000| Untracked 
|  81|0x0000000085100000, 0x0000000085100000, 0x0000000085200000|  0%| F|  |TAMS 0x0000000085100000, 0x0000000085100000| Untracked 
|  82|0x0000000085200000, 0x0000000085200000, 0x0000000085300000|  0%| F|  |TAMS 0x0000000085200000, 0x0000000085200000| Untracked 
|  83|0x0000000085300000, 0x0000000085300000, 0x0000000085400000|  0%| F|  |TAMS 0x0000000085300000, 0x0000000085300000| Untracked 
|  84|0x0000000085400000, 0x0000000085400000, 0x0000000085500000|  0%| F|  |TAMS 0x0000000085400000, 0x0000000085400000| Untracked 
|  85|0x0000000085500000, 0x0000000085500000, 0x0000000085600000|  0%| F|  |TAMS 0x0000000085500000, 0x0000000085500000| Untracked 
|  86|0x0000000085600000, 0x0000000085600000, 0x0000000085700000|  0%| F|  |TAMS 0x0000000085600000, 0x0000000085600000| Untracked 
|  87|0x0000000085700000, 0x0000000085700000, 0x0000000085800000|  0%| F|  |TAMS 0x0000000085700000, 0x0000000085700000| Untracked 
|  88|0x0000000085800000, 0x0000000085800000, 0x0000000085900000|  0%| F|  |TAMS 0x0000000085800000, 0x0000000085800000| Untracked 
|  89|0x0000000085900000, 0x0000000085900000, 0x0000000085a00000|  0%| F|  |TAMS 0x0000000085900000, 0x0000000085900000| Untracked 
|  90|0x0000000085a00000, 0x0000000085a00000, 0x0000000085b00000|  0%| F|  |TAMS 0x0000000085a00000, 0x0000000085a00000| Untracked 
|  91|0x0000000085b00000, 0x0000000085b00000, 0x0000000085c00000|  0%| F|  |TAMS 0x0000000085b00000, 0x0000000085b00000| Untracked 
|  92|0x0000000085c00000, 0x0000000085c00000, 0x0000000085d00000|  0%| F|  |TAMS 0x0000000085c00000, 0x0000000085c00000| Untracked 
|  93|0x0000000085d00000, 0x0000000085d00000, 0x0000000085e00000|  0%| F|  |TAMS 0x0000000085d00000, 0x0000000085d00000| Untracked 
|  94|0x0000000085e00000, 0x0000000085e00000, 0x0000000085f00000|  0%| F|  |TAMS 0x0000000085e00000, 0x0000000085e00000| Untracked 
|  95|0x0000000085f00000, 0x0000000085f00000, 0x0000000086000000|  0%| F|  |TAMS 0x0000000085f00000, 0x0000000085f00000| Untracked 
|  96|0x0000000086000000, 0x0000000086000000, 0x0000000086100000|  0%| F|  |TAMS 0x0000000086000000, 0x0000000086000000| Untracked 
|  97|0x0000000086100000, 0x0000000086100000, 0x0000000086200000|  0%| F|  |TAMS 0x0000000086100000, 0x0000000086100000| Untracked 
|  98|0x0000000086200000, 0x0000000086200000, 0x0000000086300000|  0%| F|  |TAMS 0x0000000086200000, 0x0000000086200000| Untracked 
|  99|0x0000000086300000, 0x00000000863170f8, 0x0000000086400000|  9%| S|CS|TAMS 0x0000000086300000, 0x0000000086300000| Complete 
| 100|0x0000000086400000, 0x0000000086500000, 0x0000000086500000|100%| S|CS|TAMS 0x0000000086400000, 0x0000000086400000| Complete 
| 101|0x0000000086500000, 0x0000000086500000, 0x0000000086600000|  0%| F|  |TAMS 0x0000000086500000, 0x0000000086500000| Untracked 
| 102|0x0000000086600000, 0x0000000086600000, 0x0000000086700000|  0%| F|  |TAMS 0x0000000086600000, 0x0000000086600000| Untracked 
| 103|0x0000000086700000, 0x0000000086700000, 0x0000000086800000|  0%| F|  |TAMS 0x0000000086700000, 0x0000000086700000| Untracked 
| 104|0x0000000086800000, 0x0000000086800000, 0x0000000086900000|  0%| F|  |TAMS 0x0000000086800000, 0x0000000086800000| Untracked 
| 105|0x0000000086900000, 0x0000000086900000, 0x0000000086a00000|  0%| F|  |TAMS 0x0000000086900000, 0x0000000086900000| Untracked 
| 106|0x0000000086a00000, 0x0000000086a00000, 0x0000000086b00000|  0%| F|  |TAMS 0x0000000086a00000, 0x0000000086a00000| Untracked 
| 107|0x0000000086b00000, 0x0000000086b3ae78, 0x0000000086c00000| 23%| E|  |TAMS 0x0000000086b00000, 0x0000000086b00000| Complete 
| 108|0x0000000086c00000, 0x0000000086d00000, 0x0000000086d00000|100%| E|CS|TAMS 0x0000000086c00000, 0x0000000086c00000| Complete 
| 109|0x0000000086d00000, 0x0000000086e00000, 0x0000000086e00000|100%| E|CS|TAMS 0x0000000086d00000, 0x0000000086d00000| Complete 
| 110|0x0000000086e00000, 0x0000000086f00000, 0x0000000086f00000|100%| E|CS|TAMS 0x0000000086e00000, 0x0000000086e00000| Complete 
| 111|0x0000000086f00000, 0x0000000087000000, 0x0000000087000000|100%| E|CS|TAMS 0x0000000086f00000, 0x0000000086f00000| Complete 
| 112|0x0000000087000000, 0x0000000087100000, 0x0000000087100000|100%| E|CS|TAMS 0x0000000087000000, 0x0000000087000000| Complete 
| 113|0x0000000087100000, 0x0000000087200000, 0x0000000087200000|100%| E|CS|TAMS 0x0000000087100000, 0x0000000087100000| Complete 
| 114|0x0000000087200000, 0x0000000087300000, 0x0000000087300000|100%| E|CS|TAMS 0x0000000087200000, 0x0000000087200000| Complete 
| 115|0x0000000087300000, 0x0000000087400000, 0x0000000087400000|100%| E|CS|TAMS 0x0000000087300000, 0x0000000087300000| Complete 
| 116|0x0000000087400000, 0x0000000087500000, 0x0000000087500000|100%| E|CS|TAMS 0x0000000087400000, 0x0000000087400000| Complete 
| 117|0x0000000087500000, 0x0000000087600000, 0x0000000087600000|100%| E|CS|TAMS 0x0000000087500000, 0x0000000087500000| Complete 
| 118|0x0000000087600000, 0x0000000087700000, 0x0000000087700000|100%| E|CS|TAMS 0x0000000087600000, 0x0000000087600000| Complete 
| 119|0x0000000087700000, 0x0000000087800000, 0x0000000087800000|100%| E|CS|TAMS 0x0000000087700000, 0x0000000087700000| Complete 
| 120|0x0000000087800000, 0x0000000087900000, 0x0000000087900000|100%| E|CS|TAMS 0x0000000087800000, 0x0000000087800000| Complete 
| 121|0x0000000087900000, 0x0000000087a00000, 0x0000000087a00000|100%| E|CS|TAMS 0x0000000087900000, 0x0000000087900000| Complete 
| 122|0x0000000087a00000, 0x0000000087b00000, 0x0000000087b00000|100%| E|CS|TAMS 0x0000000087a00000, 0x0000000087a00000| Complete 
| 123|0x0000000087b00000, 0x0000000087c00000, 0x0000000087c00000|100%| E|CS|TAMS 0x0000000087b00000, 0x0000000087b00000| Complete 
| 124|0x0000000087c00000, 0x0000000087d00000, 0x0000000087d00000|100%| E|CS|TAMS 0x0000000087c00000, 0x0000000087c00000| Complete 
| 125|0x0000000087d00000, 0x0000000087e00000, 0x0000000087e00000|100%| E|CS|TAMS 0x0000000087d00000, 0x0000000087d00000| Complete 

Card table byte_map: [0x0000021e27de0000,0x0000021e281e0000] _byte_map_base: 0x0000021e279e0000

Marking Bits (Prev, Next): (CMBitMap*) 0x0000021e14c00420, (CMBitMap*) 0x0000021e14c003e8
 Prev Bits: [0x0000021e2a5e0000, 0x0000021e2c5e0000)
 Next Bits: [0x0000021e285e0000, 0x0000021e2a5e0000)

Polling page: 0x0000021e143a0000

Metaspace:

Usage:
  Non-class:     19.20 MB capacity,    18.87 MB ( 98%) used,   297.60 KB (  2%) free+waste,    41.25 KB ( <1%) overhead. 
      Class:      2.96 MB capacity,     2.74 MB ( 93%) used,   205.84 KB (  7%) free+waste,    21.06 KB ( <1%) overhead. 
       Both:     22.16 MB capacity,    21.61 MB ( 98%) used,   503.44 KB (  2%) free+waste,    62.31 KB ( <1%) overhead. 

Virtual space:
  Non-class space:       20.00 MB reserved,      19.25 MB ( 96%) committed 
      Class space:        1.00 GB reserved,       3.00 MB ( <1%) committed 
             Both:        1.02 GB reserved,      22.25 MB (  2%) committed 

Chunk freelists:
   Non-Class:  53.00 KB
       Class:  4.00 KB
        Both:  57.00 KB

MaxMetaspaceSize: 17179869184.00 GB
CompressedClassSpaceSize: 1.00 GB

CodeHeap 'non-profiled nmethods': size=120000Kb used=1035Kb max_used=1035Kb free=118964Kb
 bounds [0x0000021e20180000, 0x0000021e203f0000, 0x0000021e276b0000]
CodeHeap 'profiled nmethods': size=120000Kb used=4139Kb max_used=4139Kb free=115860Kb
 bounds [0x0000021e18c50000, 0x0000021e19060000, 0x0000021e20180000]
CodeHeap 'non-nmethods': size=5760Kb used=1143Kb max_used=1163Kb free=4616Kb
 bounds [0x0000021e186b0000, 0x0000021e18920000, 0x0000021e18c50000]
 total_blobs=2442 nmethods=1964 adapters=388
 compilation: enabled
              stopped_count=0, restarted_count=0
 full_count=0

Compilation events (20 events):
Event: 1.887 Thread 0x0000021e2f059000 1952       3       java.lang.reflect.Method::getGenericParameterTypes (5 bytes)
Event: 1.888 Thread 0x0000021e2f059000 nmethod 1952 0x0000021e19050590 code [0x0000021e19050860, 0x0000021e190518b8]
Event: 1.888 Thread 0x0000021e2f059000 1953       3       java.lang.reflect.Method::hasGenericInformation (13 bytes)
Event: 1.888 Thread 0x0000021e2f059000 nmethod 1953 0x0000021e19051d90 code [0x0000021e19051f40, 0x0000021e190520b8]
Event: 1.888 Thread 0x0000021e2f059000 1954       3       java.lang.reflect.Method::getGenericReturnType (20 bytes)
Event: 1.888 Thread 0x0000021e2f059000 nmethod 1954 0x0000021e19052190 code [0x0000021e19052440, 0x0000021e190534f8]
Event: 1.888 Thread 0x0000021e2f059000 1956       3       java.lang.Package$VersionInfo::<init> (44 bytes)
Event: 1.889 Thread 0x0000021e2f059000 nmethod 1956 0x0000021e19053a10 code [0x0000021e19053be0, 0x0000021e19053fd8]
Event: 1.891 Thread 0x0000021e2f059000 1957       3       sun.reflect.generics.parser.SignatureParser::parseFieldTypeSignature (6 bytes)
Event: 1.891 Thread 0x0000021e2f059000 nmethod 1957 0x0000021e19054090 code [0x0000021e19054240, 0x0000021e19054368]
Event: 1.891 Thread 0x0000021e2f059000 1958       3       sun.reflect.generics.parser.SignatureParser::parseFieldTypeSignature (73 bytes)
Event: 1.891 Thread 0x0000021e2f059000 nmethod 1958 0x0000021e19054410 code [0x0000021e19054660, 0x0000021e19054b18]
Event: 1.893 Thread 0x0000021e2f059000 1959       3       java.util.LinkedList$ListItr::<init> (47 bytes)
Event: 1.893 Thread 0x0000021e2f059000 nmethod 1959 0x0000021e19054d10 code [0x0000021e19054ee0, 0x0000021e190551c8]
Event: 1.895 Thread 0x0000021e2f059000 1960       1       java.util.Collections$1::hasNext (5 bytes)
Event: 1.895 Thread 0x0000021e2f059000 nmethod 1960 0x0000021e20282810 code [0x0000021e202829c0, 0x0000021e20282a78]
Event: 1.895 Thread 0x0000021e2f059000 1961       3       java.lang.reflect.ProxyGenerator::dotToSlash (9 bytes)
Event: 1.895 Thread 0x0000021e2f059000 nmethod 1961 0x0000021e19055310 code [0x0000021e190554c0, 0x0000021e190555e8]
Event: 1.895 Thread 0x0000021e2f059000 1962       3       java.io.OutputStream::<init> (5 bytes)
Event: 1.895 Thread 0x0000021e2f059000 nmethod 1962 0x0000021e19055690 code [0x0000021e19055840, 0x0000021e19055998]

GC Heap History (6 events):
Event: 0.592 GC heap before
{Heap before GC invocations=0 (full 0):
 garbage-first heap   total 129024K, used 29696K [0x0000000080000000, 0x0000000100000000)
  region size 1024K, 24 young (24576K), 0 survivors (0K)
 Metaspace       used 10207K, capacity 10427K, committed 10624K, reserved 1058816K
  class space    used 1064K, capacity 1141K, committed 1152K, reserved 1048576K
}
Event: 0.597 GC heap after
{Heap after GC invocations=1 (full 0):
 garbage-first heap   total 129024K, used 9200K [0x0000000080000000, 0x0000000100000000)
  region size 1024K, 3 young (3072K), 3 survivors (3072K)
 Metaspace       used 10207K, capacity 10427K, committed 10624K, reserved 1058816K
  class space    used 1064K, capacity 1141K, committed 1152K, reserved 1048576K
}
Event: 1.610 GC heap before
{Heap before GC invocations=1 (full 0):
 garbage-first heap   total 129024K, used 82928K [0x0000000080000000, 0x0000000100000000)
  region size 1024K, 75 young (76800K), 3 survivors (3072K)
 Metaspace       used 17650K, capacity 18092K, committed 18176K, reserved 1064960K
  class space    used 2078K, capacity 2238K, committed 2304K, reserved 1048576K
}
Event: 1.616 GC heap after
{Heap after GC invocations=2 (full 0):
 garbage-first heap   total 129024K, used 15996K [0x0000000080000000, 0x0000000100000000)
  region size 1024K, 10 young (10240K), 10 survivors (10240K)
 Metaspace       used 17650K, capacity 18092K, committed 18176K, reserved 1064960K
  class space    used 2078K, capacity 2238K, committed 2304K, reserved 1048576K
}
Event: 1.788 GC heap before
{Heap before GC invocations=2 (full 0):
 garbage-first heap   total 129024K, used 40572K [0x0000000080000000, 0x0000000100000000)
  region size 1024K, 35 young (35840K), 10 survivors (10240K)
 Metaspace       used 20620K, capacity 21124K, committed 21248K, reserved 1067008K
  class space    used 2520K, capacity 2722K, committed 2816K, reserved 1048576K
}
Event: 1.793 GC heap after
{Heap after GC invocations=3 (full 0):
 garbage-first heap   total 129024K, used 17004K [0x0000000080000000, 0x0000000100000000)
  region size 1024K, 2 young (2048K), 2 survivors (2048K)
 Metaspace       used 20620K, capacity 21124K, committed 21248K, reserved 1067008K
  class space    used 2520K, capacity 2722K, committed 2816K, reserved 1048576K
}

Deoptimization events (20 events):
Event: 1.826 Thread 0x0000021e317ef800 Uncommon trap: trap_request=0xffffffcc fr.pc=0x0000021e20272ef8 relative=0x00000000000002b8
Event: 1.826 Thread 0x0000021e317ef800 Uncommon trap: reason=intrinsic_or_type_checked_inlining action=make_not_entrant pc=0x0000021e20272ef8 method=java.util.Arrays.copyOf([Ljava/lang/Object;ILjava/lang/Class;)[Ljava/lang/Object; @ 35 c2
Event: 1.826 Thread 0x0000021e317ef800 DEOPT PACKING pc=0x0000021e20272ef8 sp=0x000000fd1a9fc7f0
Event: 1.826 Thread 0x0000021e317ef800 DEOPT UNPACKING pc=0x0000021e186d78af sp=0x000000fd1a9fc780 mode 2
Event: 1.826 Thread 0x0000021e317ef800 Uncommon trap: trap_request=0xffffff4d fr.pc=0x0000021e201e3db4 relative=0x0000000000000174
Event: 1.826 Thread 0x0000021e317ef800 Uncommon trap: reason=unstable_if action=reinterpret pc=0x0000021e201e3db4 method=java.util.HashMap.getNode(ILjava/lang/Object;)Ljava/util/HashMap$Node; @ 129 c2
Event: 1.826 Thread 0x0000021e317ef800 DEOPT PACKING pc=0x0000021e201e3db4 sp=0x000000fd1a9fc0e0
Event: 1.826 Thread 0x0000021e317ef800 DEOPT UNPACKING pc=0x0000021e186d78af sp=0x000000fd1a9fbfe0 mode 2
Event: 1.826 Thread 0x0000021e317ef800 Uncommon trap: trap_request=0xffffffc6 fr.pc=0x0000021e202638ec relative=0x00000000000007cc
Event: 1.826 Thread 0x0000021e317ef800 Uncommon trap: reason=bimorphic_or_optimized_type_check action=maybe_recompile pc=0x0000021e202638ec method=java.util.HashMap.putVal(ILjava/lang/Object;Ljava/lang/Object;ZZ)Ljava/lang/Object; @ 203 c2
Event: 1.826 Thread 0x0000021e317ef800 DEOPT PACKING pc=0x0000021e202638ec sp=0x000000fd1a9fc0a0
Event: 1.826 Thread 0x0000021e317ef800 DEOPT UNPACKING pc=0x0000021e186d78af sp=0x000000fd1a9fbfb0 mode 2
Event: 1.826 Thread 0x0000021e317ef800 Uncommon trap: trap_request=0xffffff4d fr.pc=0x0000021e201e0a2c relative=0x00000000000001ec
Event: 1.826 Thread 0x0000021e317ef800 Uncommon trap: reason=unstable_if action=reinterpret pc=0x0000021e201e0a2c method=java.util.HashMap.getNode(ILjava/lang/Object;)Ljava/util/HashMap$Node; @ 129 c2
Event: 1.826 Thread 0x0000021e317ef800 DEOPT PACKING pc=0x0000021e201e0a2c sp=0x000000fd1a9fc040
Event: 1.826 Thread 0x0000021e317ef800 DEOPT UNPACKING pc=0x0000021e186d78af sp=0x000000fd1a9fbfc8 mode 2
Event: 1.830 Thread 0x0000021e317ef800 Uncommon trap: trap_request=0xffffff4d fr.pc=0x0000021e201f67e0 relative=0x0000000000000b40
Event: 1.830 Thread 0x0000021e317ef800 Uncommon trap: reason=unstable_if action=reinterpret pc=0x0000021e201f67e0 method=java.util.Properties$LineReader.readLine()I @ 249 c2
Event: 1.830 Thread 0x0000021e317ef800 DEOPT PACKING pc=0x0000021e201f67e0 sp=0x000000fd1a9fc040
Event: 1.830 Thread 0x0000021e317ef800 DEOPT UNPACKING pc=0x0000021e186d78af sp=0x000000fd1a9fbfe0 mode 2

Classes redefined (0 events):
No events

Internal exceptions (20 events):
Event: 1.530 Thread 0x0000021e32190000 Exception <a 'java/lang/NoSuchMethodError'{0x0000000083b99960}: <clinit>> (0x0000000083b99960) thrown at [./src/hotspot/share/prims/jni.cpp, line 1362]
Event: 1.534 Thread 0x0000021e32190000 Exception <a 'java/lang/NoSuchMethodError'{0x0000000083bd56a8}: <clinit>> (0x0000000083bd56a8) thrown at [./src/hotspot/share/prims/jni.cpp, line 1362]
Event: 1.537 Thread 0x0000021e32190000 Exception <a 'java/lang/NoSuchMethodError'{0x0000000083a08840}: <clinit>> (0x0000000083a08840) thrown at [./src/hotspot/share/prims/jni.cpp, line 1362]
Event: 1.574 Thread 0x0000021e317ef800 Exception <a 'java/lang/NoSuchMethodError'{0x0000000083799938}: 'void java.lang.invoke.DirectMethodHandle$Holder.invokeVirtual(java.lang.Object, java.lang.Object, java.lang.Object, java.lang.Object)'> (0x0000000083799938) thrown at [./src/hotspot/share/interpreter/linkResolver.cpp, line 773]
Event: 1.575 Thread 0x0000021e317ef800 Exception <a 'java/lang/NoSuchMethodError'{0x00000000837a63a0}: 'void java.lang.invoke.DelegatingMethodHandle$Holder.reinvoke_L(java.lang.Object, java.lang.Object, java.lang.Object, java.lang.Object)'> (0x00000000837a63a0) thrown at [./src/hotspot/share/interpreter/linkResolver.cpp, line 773]
Event: 1.578 Thread 0x0000021e317ef800 Exception <a 'java/lang/NoSuchMethodError'{0x00000000837d70f0}: 'long java.lang.invoke.DirectMethodHandle$Holder.invokeInterface(java.lang.Object, java.lang.Object)'> (0x00000000837d70f0) thrown at [./src/hotspot/share/interpreter/linkResolver.cpp, line 773]
Event: 1.580 Thread 0x0000021e317ef800 Exception <a 'java/lang/NoSuchMethodError'{0x00000000837fa200}: 'void java.lang.invoke.DelegatingMethodHandle$Holder.reinvoke_L(java.lang.Object, java.lang.Object, java.lang.Object, java.lang.Object, java.lang.Object, java.lang.Object, java.lang.Object)'> (0x00000000837fa200) thrown at [./src/hotspot/share/interpreter/linkResolver.cpp, line 773]
Event: 1.691 Thread 0x0000021e317ef800 Exception <a 'java/lang/NoSuchMethodError'{0x0000000087167ff0}: 'java.lang.Object java.lang.invoke.DirectMethodHandle$Holder.invokeVirtual(java.lang.Object, java.lang.Object, java.lang.Object)'> (0x0000000087167ff0) thrown at [./src/hotspot/share/interpreter/linkResolver.cpp, line 773]
Event: 1.711 Thread 0x0000021e317ef800 Exception <a 'java/lang/NoSuchMethodError'{0x0000000086d108e0}: 'void java.lang.invoke.DirectMethodHandle$Holder.invokeInterface(java.lang.Object, java.lang.Object)'> (0x0000000086d108e0) thrown at [./src/hotspot/share/interpreter/linkResolver.cpp, line 773]
Event: 1.711 Thread 0x0000021e317ef800 Exception <a 'java/lang/IncompatibleClassChangeError'{0x0000000086d13a90}: Found class java.lang.Object, but interface was expected> (0x0000000086d13a90) thrown at [./src/hotspot/share/interpreter/linkResolver.cpp, line 839]
Event: 1.720 Thread 0x0000021e317ef800 Exception <a 'java/lang/NoSuchMethodError'{0x0000000086c8b368}: 'void java.lang.invoke.DirectMethodHandle$Holder.invokeStaticInit(java.lang.Object)'> (0x0000000086c8b368) thrown at [./src/hotspot/share/interpreter/linkResolver.cpp, line 773]
Event: 1.744 Thread 0x0000021e317ef800 Exception <a 'java/lang/NoSuchMethodError'{0x0000000086afb218}: 'java.lang.Object java.lang.invoke.DirectMethodHandle$Holder.invokeStatic(java.lang.Object, java.lang.Object, java.lang.Object, int)'> (0x0000000086afb218) thrown at [./src/hotspot/share/interpreter/linkResolver.cpp, line 773]
Event: 1.744 Thread 0x0000021e317ef800 Exception <a 'java/lang/NoSuchMethodError'{0x0000000086aff3e0}: 'java.lang.Object java.lang.invoke.DirectMethodHandle$Holder.invokeSpecial(java.lang.Object, java.lang.Object, java.lang.Object, java.lang.Object, int)'> (0x0000000086aff3e0) thrown at [./src/hotspot/share/interpreter/linkResolver.cpp, line 773]
Event: 1.745 Thread 0x0000021e317ef800 Exception <a 'java/lang/NoSuchMethodError'{0x0000000086903830}: 'java.lang.Object java.lang.invoke.Invokers$Holder.linkToTargetMethod(java.lang.Object, java.lang.Object, int, java.lang.Object)'> (0x0000000086903830) thrown at [./src/hotspot/share/interpreter/linkResolver.cpp, line 773]
Event: 1.795 Thread 0x0000021e317ef800 Exception <a 'java/lang/NoSuchMethodError'{0x0000000087d29bf0}: 'int java.lang.invoke.DirectMethodHandle$Holder.invokeSpecialIFC(java.lang.Object, java.lang.Object, java.lang.Object, java.lang.Object)'> (0x0000000087d29bf0) thrown at [./src/hotspot/share/interpreter/linkResolver.cpp, line 773]
Event: 1.796 Thread 0x0000021e317ef800 Exception <a 'java/lang/NoSuchMethodError'{0x0000000087d379b0}: 'java.lang.Object java.lang.invoke.DirectMethodHandle$Holder.invokeInterface(java.lang.Object, java.lang.Object, java.lang.Object)'> (0x0000000087d379b0) thrown at [./src/hotspot/share/interpreter/linkResolver.cpp, line 773]
Event: 1.796 Thread 0x0000021e317ef800 Exception <a 'java/lang/IncompatibleClassChangeError'{0x0000000087d6a2c0}: Found class java.lang.Object, but interface was expected> (0x0000000087d6a2c0) thrown at [./src/hotspot/share/interpreter/linkResolver.cpp, line 839]
Event: 1.804 Thread 0x0000021e317ef800 Exception <a 'java/lang/NoSuchMethodError'{0x0000000087c79fa8}: 'void java.lang.invoke.DirectMethodHandle$Holder.invokeStatic(java.lang.Object, java.lang.Object, java.lang.Object, java.lang.Object, java.lang.Object)'> (0x0000000087c79fa8) thrown at [./src/hotspot/share/interpreter/linkResolver.cpp, line 773]
Event: 1.844 Thread 0x0000021e317ef800 Exception <a 'java/lang/NoSuchMethodError'{0x000000008773c5a0}: 'void java.lang.invoke.DirectMethodHandle$Holder.invokeSpecial(java.lang.Object, java.lang.Object)'> (0x000000008773c5a0) thrown at [./src/hotspot/share/interpreter/linkResolver.cpp, line 773]
Event: 1.863 Thread 0x0000021e317ef800 Exception <a 'java/lang/NoSuchMethodError'{0x000000008757d7b0}: 'java.lang.Object java.lang.invoke.DirectMethodHandle$Holder.invokeSpecial(java.lang.Object, java.lang.Object, java.lang.Object, java.lang.Object, java.lang.Object, java.lang.Object, java.lang.Object, java.lang.Object, java.lang.Object)'> (0x000000008757d7b0) thrown at [./src/hotspot/share/interpreter/linkResolver.cpp, line 773]

Events (20 events):
Event: 1.893 loading class org/gradle/jvm/JvmLibrary
Event: 1.893 loading class org/gradle/jvm/JvmLibrary done
Event: 1.893 loading class org/gradle/platform/base/Library
Event: 1.893 loading class org/gradle/platform/base/Library done
Event: 1.893 loading class org/gradle/language/base/artifact/SourcesArtifact
Event: 1.893 loading class org/gradle/language/base/artifact/SourcesArtifact done
Event: 1.894 loading class org/gradle/jvm/toolchain/install/internal/JdkCacheDirectory
Event: 1.894 loading class org/gradle/jvm/toolchain/install/internal/JdkCacheDirectory done
Event: 1.894 loading class org/gradle/jvm/toolchain/internal/JavaInstallationRegistry
Event: 1.894 loading class org/gradle/jvm/toolchain/internal/JavaInstallationRegistry done
Event: 1.895 loading class java/lang/annotation/Target
Event: 1.895 loading class java/lang/annotation/Target done
Event: 1.895 loading class java/lang/annotation/Documented
Event: 1.895 loading class java/lang/annotation/Documented done
Event: 1.895 loading class org/gradle/jvm/toolchain/internal/AsdfInstallationSupplier
Event: 1.895 loading class org/gradle/jvm/toolchain/internal/AsdfInstallationSupplier done
Event: 1.896 loading class org/gradle/jvm/toolchain/internal/AutoDetectingInstallationSupplier
Event: 1.896 loading class org/gradle/jvm/toolchain/internal/AutoDetectingInstallationSupplier done
Event: 1.896 loading class org/gradle/jvm/toolchain/internal/InstallationSupplier
Event: 1.896 loading class org/gradle/jvm/toolchain/internal/InstallationSupplier done


Dynamic libraries:
0x00007ff693db0000 - 0x00007ff693dba000 	C:\Program Files\Android\Android Studio\jre\bin\java.exe
0x00007ffe254f0000 - 0x00007ffe256e5000 	C:\Windows\SYSTEM32\ntdll.dll
0x00007ffe24a20000 - 0x00007ffe24ade000 	C:\Windows\System32\KERNEL32.DLL
0x00007ffe22e90000 - 0x00007ffe23159000 	C:\Windows\System32\KERNELBASE.dll
0x00007ffe20100000 - 0x00007ffe20119000 	C:\Program Files\Android\Android Studio\jre\bin\jli.dll
0x00007ffe1e9c0000 - 0x00007ffe1e9d7000 	C:\Program Files\Android\Android Studio\jre\bin\VCRUNTIME140.dll
0x00007ffe22ce0000 - 0x00007ffe22de0000 	C:\Windows\System32\ucrtbase.dll
0x00007ffe23ef0000 - 0x00007ffe24091000 	C:\Windows\System32\USER32.dll
0x00007ffe07460000 - 0x00007ffe076fa000 	C:\Windows\WinSxS\amd64_microsoft.windows.common-controls_6595b64144ccf1df_6.0.19041.1110_none_60b5254171f9507e\COMCTL32.dll
0x00007ffe231c0000 - 0x00007ffe231e2000 	C:\Windows\System32\win32u.dll
0x00007ffe23e50000 - 0x00007ffe23eee000 	C:\Windows\System32\msvcrt.dll
0x00007ffe23610000 - 0x00007ffe2363b000 	C:\Windows\System32\GDI32.dll
0x00007ffe231f0000 - 0x00007ffe232fb000 	C:\Windows\System32\gdi32full.dll
0x00007ffe22c10000 - 0x00007ffe22cad000 	C:\Windows\System32\msvcp_win.dll
0x00007ffe23560000 - 0x00007ffe23590000 	C:\Windows\System32\IMM32.DLL
0x00007ffe1d5c0000 - 0x00007ffe1d65d000 	C:\Program Files\Android\Android Studio\jre\bin\msvcp140.dll
0x00007ffdf4230000 - 0x00007ffdf4cff000 	C:\Program Files\Android\Android Studio\jre\bin\server\jvm.dll
0x00007ffe245e0000 - 0x00007ffe2468c000 	C:\Windows\System32\ADVAPI32.dll
0x00007ffe24910000 - 0x00007ffe249ab000 	C:\Windows\System32\sechost.dll
0x00007ffe24bc0000 - 0x00007ffe24cea000 	C:\Windows\System32\RPCRT4.dll
0x00007ffe24cf0000 - 0x00007ffe24cf8000 	C:\Windows\System32\PSAPI.DLL
0x00007ffe1e9e0000 - 0x00007ffe1e9e9000 	C:\Windows\SYSTEM32\WSOCK32.dll
0x00007ffe086e0000 - 0x00007ffe08707000 	C:\Windows\SYSTEM32\WINMM.dll
0x00007ffe20bf0000 - 0x00007ffe20bfa000 	C:\Windows\SYSTEM32\VERSION.dll
0x00007ffe249b0000 - 0x00007ffe24a1b000 	C:\Windows\System32\WS2_32.dll
0x00007ffe21490000 - 0x00007ffe214a2000 	C:\Windows\SYSTEM32\kernel.appcore.dll
0x00007ffe1e9a0000 - 0x00007ffe1e9b1000 	C:\Program Files\Android\Android Studio\jre\bin\verify.dll
0x00007ffe0f4c0000 - 0x00007ffe0f6a4000 	C:\Windows\SYSTEM32\DBGHELP.DLL
0x00007ffe10f50000 - 0x00007ffe10f7c000 	C:\Windows\SYSTEM32\dbgcore.DLL
0x00007ffe234b0000 - 0x00007ffe23533000 	C:\Windows\System32\bcryptPrimitives.dll
0x00007ffe1e970000 - 0x00007ffe1e999000 	C:\Program Files\Android\Android Studio\jre\bin\java.dll
0x00007ffe1e960000 - 0x00007ffe1e96b000 	C:\Program Files\Android\Android Studio\jre\bin\jimage.dll
0x00007ffe1e940000 - 0x00007ffe1e958000 	C:\Program Files\Android\Android Studio\jre\bin\zip.dll
0x00007ffe24d70000 - 0x00007ffe254af000 	C:\Windows\System32\SHELL32.dll
0x00007ffe20cf0000 - 0x00007ffe21480000 	C:\Windows\SYSTEM32\windows.storage.dll
0x00007ffe241d0000 - 0x00007ffe24525000 	C:\Windows\System32\combase.dll
0x00007ffe22660000 - 0x00007ffe2268c000 	C:\Windows\SYSTEM32\Wldp.dll
0x00007ffe24530000 - 0x00007ffe245dd000 	C:\Windows\System32\SHCORE.dll
0x00007ffe24d10000 - 0x00007ffe24d65000 	C:\Windows\System32\shlwapi.dll
0x00007ffe22b50000 - 0x00007ffe22b6f000 	C:\Windows\SYSTEM32\profapi.dll
0x00007ffe1e920000 - 0x00007ffe1e93a000 	C:\Program Files\Android\Android Studio\jre\bin\net.dll
0x00007ffe1bad0000 - 0x00007ffe1bbd8000 	C:\Windows\SYSTEM32\WINHTTP.dll
0x00007ffe223c0000 - 0x00007ffe2242a000 	C:\Windows\system32\mswsock.dll
0x00007ffe1e900000 - 0x00007ffe1e914000 	C:\Program Files\Android\Android Studio\jre\bin\nio.dll
0x00007ffe1d8d0000 - 0x00007ffe1d8f7000 	C:\Users\Siddhi Anil Bairagi\.gradle\native\8bec1ad78214c89d9ad589b4d07fe93259594b29d510b10fafb7a158f7737e5d\windows-amd64\native-platform.dll
0x00007ffdf40f0000 - 0x00007ffdf422d000 	C:\Users\Siddhi Anil Bairagi\.gradle\native\53dbd7edfb1c66fb8903c78663c9afc45aea4f116125fa6feffd364cf09443e8\windows-amd64\native-platform-file-events.dll
0x00007ffe1e8f0000 - 0x00007ffe1e8fa000 	C:\Program Files\Android\Android Studio\jre\bin\management.dll
0x00007ffe1e1f0000 - 0x00007ffe1e1fc000 	C:\Program Files\Android\Android Studio\jre\bin\management_ext.dll
0x00007ffe225c0000 - 0x00007ffe225d8000 	C:\Windows\SYSTEM32\CRYPTSP.dll
0x00007ffe21cd0000 - 0x00007ffe21d04000 	C:\Windows\system32\rsaenh.dll
0x00007ffe22cb0000 - 0x00007ffe22cd7000 	C:\Windows\System32\bcrypt.dll
0x00007ffe22b10000 - 0x00007ffe22b3e000 	C:\Windows\SYSTEM32\USERENV.dll
0x00007ffe225b0000 - 0x00007ffe225bc000 	C:\Windows\SYSTEM32\CRYPTBASE.dll
0x00007ffe22060000 - 0x00007ffe2209b000 	C:\Windows\SYSTEM32\IPHLPAPI.DLL
0x00007ffe24d00000 - 0x00007ffe24d08000 	C:\Windows\System32\NSI.dll
0x00007ffe1d0b0000 - 0x00007ffe1d0c7000 	C:\Windows\SYSTEM32\dhcpcsvc6.DLL
0x00007ffe1d020000 - 0x00007ffe1d03d000 	C:\Windows\SYSTEM32\dhcpcsvc.DLL
0x00007ffe220a0000 - 0x00007ffe2216c000 	C:\Windows\SYSTEM32\DNSAPI.dll

dbghelp: loaded successfully - version: 4.0.5 - missing functions: none
symbol engine: initialized successfully - sym options: 0x614 - pdb path: .;C:\Program Files\Android\Android Studio\jre\bin;C:\Windows\SYSTEM32;C:\Windows\WinSxS\amd64_microsoft.windows.common-controls_6595b64144ccf1df_6.0.19041.1110_none_60b5254171f9507e;C:\Program Files\Android\Android Studio\jre\bin\server;C:\Users\Siddhi Anil Bairagi\.gradle\native\8bec1ad78214c89d9ad589b4d07fe93259594b29d510b10fafb7a158f7737e5d\windows-amd64;C:\Users\Siddhi Anil Bairagi\.gradle\native\53dbd7edfb1c66fb8903c78663c9afc45aea4f116125fa6feffd364cf09443e8\windows-amd64

VM Arguments:
jvm_args: --add-opens=java.base/java.util=ALL-UNNAMED --add-opens=java.base/java.lang=ALL-UNNAMED --add-opens=java.base/java.lang.invoke=ALL-UNNAMED --add-opens=java.base/java.util=ALL-UNNAMED --add-opens=java.prefs/java.util.prefs=ALL-UNNAMED --add-opens=java.prefs/java.util.prefs=ALL-UNNAMED --add-opens=java.base/java.nio.charset=ALL-UNNAMED --add-opens=java.base/java.net=ALL-UNNAMED --add-opens=java.base/java.util.concurrent.atomic=ALL-UNNAMED -Xmx2048m -Dfile.encoding=UTF-8 -Duser.country=IN -Duser.language=en -Duser.variant 
java_command: org.gradle.launcher.daemon.bootstrap.GradleDaemon 7.0.2
java_class_path (initial): C:\Users\Siddhi Anil Bairagi\.gradle\wrapper\dists\gradle-7.0.2-bin\857tjihv64xamwrf0h14cai3r\gradle-7.0.2\lib\gradle-launcher-7.0.2.jar
Launcher Type: SUN_STANDARD

[Global flags]
     intx CICompilerCount                          = 4                                         {product} {ergonomic}
     uint ConcGCThreads                            = 2                                         {product} {ergonomic}
     uint G1ConcRefinementThreads                  = 8                                         {product} {ergonomic}
   size_t G1HeapRegionSize                         = 1048576                                   {product} {ergonomic}
    uintx GCDrainStackTargetSize                   = 64                                        {product} {ergonomic}
   size_t InitialHeapSize                          = 132120576                                 {product} {ergonomic}
   size_t MarkStackSize                            = 4194304                                   {product} {ergonomic}
   size_t MaxHeapSize                              = 2147483648                                {product} {command line}
   size_t MaxNewSize                               = 1287651328                                {product} {ergonomic}
   size_t MinHeapDeltaBytes                        = 1048576                                   {product} {ergonomic}
    uintx NonNMethodCodeHeapSize                   = 5836300                                {pd product} {ergonomic}
    uintx NonProfiledCodeHeapSize                  = 122910970                              {pd product} {ergonomic}
    uintx ProfiledCodeHeapSize                     = 122910970                              {pd product} {ergonomic}
    uintx ReservedCodeCacheSize                    = 251658240                              {pd product} {ergonomic}
     bool SegmentedCodeCache                       = true                                      {product} {ergonomic}
     bool UseCompressedClassPointers               = true                                 {lp64_product} {ergonomic}
     bool UseCompressedOops                        = true                                 {lp64_product} {ergonomic}
     bool UseG1GC                                  = true                                      {product} {ergonomic}
     bool UseLargePagesIndividualAllocation        = false                                  {pd product} {ergonomic}

Logging:
Log output configuration:
 #0: stdout all=warning uptime,level,tags
 #1: stderr all=off uptime,level,tags

Environment Variables:
PATH=c:\windows\system32;c:\windows;c:\windows\system32\wbem;c:\windows\system32\windowspowershell\v1.0\;c:\windows\system32\openssh\;c:\program files\microsoft vs code\bin;c:\program files\dotnet\;d:\mingw\bin;c:\program files\git\cmd;C:\Program Files (x86)\NVIDIA Corporation\PhysX\Common;C:\Users\Siddhi Anil Bairagi\AppData\Local\Microsoft\WindowsApps;
USERNAME=Siddhi Anil Bairagi
OS=Windows_NT
PROCESSOR_IDENTIFIER=Intel64 Family 6 Model 158 Stepping 10, GenuineIntel



---------------  S Y S T E M  ---------------

OS: Windows 10 , 64 bit Build 19041 (10.0.19041.1202)
OS uptime: 0 days 0:42 hours

CPU:total 8 (initial active 8) (4 cores per cpu, 2 threads per core) family 6 model 158 stepping 10 microcode 0xb4, cmov, cx8, fxsr, mmx, sse, sse2, sse3, ssse3, sse4.1, sse4.2, popcnt, avx, avx2, aes, clmul, erms, 3dnowpref, lzcnt, ht, tsc, tscinvbit, bmi1, bmi2, adx, fma

Memory: 4k page, system-wide physical 8034M (2538M free)
TotalPageFile size 8034M (AvailPageFile size 6M)
current process WorkingSet (physical memory assigned to process): 207M, peak: 207M
current process commit charge ("private bytes"): 274M, peak: 275M

vm_info: OpenJDK 64-Bit Server VM (11.0.10+0-b96-7249189) for windows-amd64 JRE (11.0.10+0-b96-7249189), built on Mar 31 2021 21:44:00 by "builder" with MS VC++ 14.0 (VS2015)

END.
