#
# There is insufficient memory for the Java Runtime Environment to continue.
# Native memory allocation (malloc) failed to allocate 942096 bytes for Chunk::new
# Possible reasons:
#   The system is out of physical RAM or swap space
#   The process is running with CompressedOops enabled, and the Java Heap may be blocking the growth of the native heap
# Possible solutions:
#   Reduce memory load on the system
#   Increase physical memory or swap space
#   Check if swap backing store is full
#   Decrease Java heap size (-Xmx/-Xms)
#   Decrease number of Java threads
#   Decrease Java thread stack sizes (-Xss)
#   Set larger code cache with -XX:ReservedCodeCacheSize=
#   JVM is running with Unscaled Compressed Oops mode in which the Java heap is
#     placed in the first 4GB address space. The Java Heap base address is the
#     maximum limit for the native heap growth. Please use -XX:HeapBaseMinAddress
#     to set the Java Heap base and to place the Java Heap above 4GB virtual address.
# This output file may be truncated or incomplete.
#
#  Out of Memory Error (./src/hotspot/share/memory/arena.cpp:197), pid=772, tid=4908
#
# JRE version: OpenJDK Runtime Environment (11.0.10) (build 11.0.10+0-b96-7249189)
# Java VM: OpenJDK 64-Bit Server VM (11.0.10+0-b96-7249189, mixed mode, tiered, compressed oops, g1 gc, windows-amd64)
# No core dump will be written. Minidumps are not enabled by default on client versions of Windows
#

---------------  S U M M A R Y ------------

Command Line: --add-opens=java.base/java.util=ALL-UNNAMED --add-opens=java.base/java.lang=ALL-UNNAMED --add-opens=java.base/java.lang.invoke=ALL-UNNAMED --add-opens=java.base/java.util=ALL-UNNAMED --add-opens=java.prefs/java.util.prefs=ALL-UNNAMED --add-opens=java.prefs/java.util.prefs=ALL-UNNAMED --add-opens=java.base/java.nio.charset=ALL-UNNAMED --add-opens=java.base/java.net=ALL-UNNAMED --add-opens=java.base/java.util.concurrent.atomic=ALL-UNNAMED -Xmx2048m -Dfile.encoding=UTF-8 -Duser.country=IN -Duser.language=en -Duser.variant org.gradle.launcher.daemon.bootstrap.GradleDaemon 7.0.2

Host: Intel(R) Core(TM) i5-8300H CPU @ 2.30GHz, 8 cores, 7G,  Windows 10 , 64 bit Build 19041 (10.0.19041.1202)
Time: Sat Jan  1 06:11:51 2022 India Standard Time elapsed time: 1.840533 seconds (0d 0h 0m 1s)

---------------  T H R E A D  ---------------

Current thread (0x000001e76cacf000):  JavaThread "C2 CompilerThread0" daemon [_thread_in_native, id=4908, stack(0x000000c1c4800000,0x000000c1c4900000)]


Current CompileTask:
C2:   1840 2002   !   4       java.net.URLClassLoader$1::run (63 bytes)

Stack: [0x000000c1c4800000,0x000000c1c4900000]
Native frames: (J=compiled Java code, j=interpreted, Vv=VM code, C=native code)
V  [jvm.dll+0x5ecfaa]
V  [jvm.dll+0x722bd5]
V  [jvm.dll+0x72412d]
V  [jvm.dll+0x7247e3]
V  [jvm.dll+0x242928]
V  [jvm.dll+0xbc4fc]
V  [jvm.dll+0xbca0c]
V  [jvm.dll+0x2b4fd4]
V  [jvm.dll+0x506028]
V  [jvm.dll+0x203253]
V  [jvm.dll+0x1fd07c]
V  [jvm.dll+0x1fa77f]
V  [jvm.dll+0x18354c]
V  [jvm.dll+0x208ee7]
V  [jvm.dll+0x207731]
V  [jvm.dll+0x6eb1cf]
V  [jvm.dll+0x6e3d45]
V  [jvm.dll+0x5ebe96]
C  [ucrtbase.dll+0x21bb2]
C  [KERNEL32.DLL+0x17034]
C  [ntdll.dll+0x52651]


---------------  P R O C E S S  ---------------

Threads class SMR info:
_java_thread_list=0x000001e76fd205f0, length=24, elements={
0x000001e75064a800, 0x000001e76caae000, 0x000001e76cab2000, 0x000001e76cac5000,
0x000001e76cac6000, 0x000001e76cac8800, 0x000001e76cacf000, 0x000001e76cad4800,
0x000001e76cae2000, 0x000001e76d591800, 0x000001e76f7ac800, 0x000001e77089d800,
0x000001e77089c800, 0x000001e7708a0000, 0x000001e77089b000, 0x000001e77089f000,
0x000001e77089e800, 0x000001e7708a0800, 0x000001e770962000, 0x000001e7708a1800,
0x000001e77089c000, 0x000001e76fe8f800, 0x000001e76fe90800, 0x000001e76fe91800
}

Java Threads: ( => current thread )
  0x000001e75064a800 JavaThread "main" [_thread_blocked, id=4356, stack(0x000000c1c3c00000,0x000000c1c3d00000)]
  0x000001e76caae000 JavaThread "Reference Handler" daemon [_thread_blocked, id=1956, stack(0x000000c1c4300000,0x000000c1c4400000)]
  0x000001e76cab2000 JavaThread "Finalizer" daemon [_thread_blocked, id=7772, stack(0x000000c1c4400000,0x000000c1c4500000)]
  0x000001e76cac5000 JavaThread "Signal Dispatcher" daemon [_thread_blocked, id=8188, stack(0x000000c1c4500000,0x000000c1c4600000)]
  0x000001e76cac6000 JavaThread "Attach Listener" daemon [_thread_blocked, id=2148, stack(0x000000c1c4600000,0x000000c1c4700000)]
  0x000001e76cac8800 JavaThread "Service Thread" daemon [_thread_blocked, id=6356, stack(0x000000c1c4700000,0x000000c1c4800000)]
=>0x000001e76cacf000 JavaThread "C2 CompilerThread0" daemon [_thread_in_native, id=4908, stack(0x000000c1c4800000,0x000000c1c4900000)]
  0x000001e76cad4800 JavaThread "C1 CompilerThread0" daemon [_thread_blocked, id=520, stack(0x000000c1c4900000,0x000000c1c4a00000)]
  0x000001e76cae2000 JavaThread "Sweeper thread" daemon [_thread_blocked, id=3460, stack(0x000000c1c4a00000,0x000000c1c4b00000)]
  0x000001e76d591800 JavaThread "Common-Cleaner" daemon [_thread_blocked, id=1224, stack(0x000000c1c4b00000,0x000000c1c4c00000)]
  0x000001e76f7ac800 JavaThread "Daemon health stats" [_thread_blocked, id=5704, stack(0x000000c1c5100000,0x000000c1c5200000)]
  0x000001e77089d800 JavaThread "Incoming local TCP Connector on port 50522" [_thread_in_native, id=6864, stack(0x000000c1c4d00000,0x000000c1c4e00000)]
  0x000001e77089c800 JavaThread "Daemon periodic checks" [_thread_blocked, id=3336, stack(0x000000c1c4e00000,0x000000c1c4f00000)]
  0x000001e7708a0000 JavaThread "Daemon" [_thread_blocked, id=2256, stack(0x000000c1c5200000,0x000000c1c5300000)]
  0x000001e77089b000 JavaThread "Handler for socket connection from /127.0.0.1:50522 to /127.0.0.1:50523" [_thread_in_native, id=7112, stack(0x000000c1c5300000,0x000000c1c5400000)]
  0x000001e77089f000 JavaThread "Cancel handler" [_thread_blocked, id=7268, stack(0x000000c1c5400000,0x000000c1c5500000)]
  0x000001e77089e800 JavaThread "Daemon worker" [_thread_in_native, id=3260, stack(0x000000c1c5500000,0x000000c1c5600000)]
  0x000001e7708a0800 JavaThread "Asynchronous log dispatcher for DefaultDaemonConnection: socket connection from /127.0.0.1:50522 to /127.0.0.1:50523" [_thread_blocked, id=7540, stack(0x000000c1c5600000,0x000000c1c5700000)]
  0x000001e770962000 JavaThread "C2 CompilerThread1" daemon [_thread_blocked, id=1832, stack(0x000000c1c5700000,0x000000c1c5800000)]
  0x000001e7708a1800 JavaThread "Stdin handler" [_thread_blocked, id=3620, stack(0x000000c1c5800000,0x000000c1c5900000)]
  0x000001e77089c000 JavaThread "Daemon client event forwarder" [_thread_blocked, id=1304, stack(0x000000c1c5900000,0x000000c1c5a00000)]
  0x000001e76fe8f800 JavaThread "Cache worker for file hash cache (C:\Users\Siddhi Anil Bairagi\.gradle\caches\7.0.2\fileHashes)" [_thread_blocked, id=6808, stack(0x000000c1c5f00000,0x000000c1c6000000)]
  0x000001e76fe90800 JavaThread "File lock request listener" [_thread_in_native, id=8088, stack(0x000000c1c6000000,0x000000c1c6100000)]
  0x000001e76fe91800 JavaThread "Cache worker for journal cache (C:\Users\Siddhi Anil Bairagi\.gradle\caches\journal-1)" [_thread_blocked, id=3940, stack(0x000000c1c6200000,0x000000c1c6300000)]

Other Threads:
  0x000001e76caab800 VMThread "VM Thread" [stack: 0x000000c1c4200000,0x000000c1c4300000] [id=5820]
  0x000001e76d59a000 WatcherThread [stack: 0x000000c1c4c00000,0x000000c1c4d00000] [id=7372]
  0x000001e750664800 GCTaskThread "GC Thread#0" [stack: 0x000000c1c3d00000,0x000000c1c3e00000] [id=5164]
  0x000001e76e1c5000 GCTaskThread "GC Thread#1" [stack: 0x000000c1c4f00000,0x000000c1c5000000] [id=5372]
  0x000001e76e033800 GCTaskThread "GC Thread#2" [stack: 0x000000c1c5000000,0x000000c1c5100000] [id=1368]
  0x000001e76e7d6000 GCTaskThread "GC Thread#3" [stack: 0x000000c1c5a00000,0x000000c1c5b00000] [id=5584]
  0x000001e76e8bb000 GCTaskThread "GC Thread#4" [stack: 0x000000c1c5b00000,0x000000c1c5c00000] [id=868]
  0x000001e76fb75000 GCTaskThread "GC Thread#5" [stack: 0x000000c1c5c00000,0x000000c1c5d00000] [id=440]
  0x000001e76f484000 GCTaskThread "GC Thread#6" [stack: 0x000000c1c5d00000,0x000000c1c5e00000] [id=7952]
  0x000001e76f8b3000 GCTaskThread "GC Thread#7" [stack: 0x000000c1c5e00000,0x000000c1c5f00000] [id=6104]
  0x000001e750694800 ConcurrentGCThread "G1 Main Marker" [stack: 0x000000c1c3e00000,0x000000c1c3f00000] [id=7916]
  0x000001e750698000 ConcurrentGCThread "G1 Conc#0" [stack: 0x000000c1c3f00000,0x000000c1c4000000] [id=6220]
  0x000001e76fc7d800 ConcurrentGCThread "G1 Conc#1" [stack: 0x000000c1c6100000,0x000000c1c6200000] [id=6068]
  0x000001e76c900800 ConcurrentGCThread "G1 Refine#0" [stack: 0x000000c1c4000000,0x000000c1c4100000] [id=7468]
  0x000001e76c901800 ConcurrentGCThread "G1 Young RemSet Sampling" [stack: 0x000000c1c4100000,0x000000c1c4200000] [id=392]

Threads with active compile tasks:
C2 CompilerThread0   1849 2002   !   4       java.net.URLClassLoader$1::run (63 bytes)

VM state:not at safepoint (normal execution)

VM Mutex/Monitor currently owned by a thread: None

Heap address: 0x0000000080000000, size: 2048 MB, Compressed Oops mode: 32-bit
Narrow klass base: 0x0000000000000000, Narrow klass shift: 3
Compressed class space size: 1073741824 Address: 0x0000000100000000

Heap:
 garbage-first heap   total 129024K, used 48258K [0x0000000080000000, 0x0000000100000000)
  region size 1024K, 35 young (35840K), 2 survivors (2048K)
 Metaspace       used 23735K, capacity 24378K, committed 24576K, reserved 1071104K
  class space    used 3038K, capacity 3257K, committed 3328K, reserved 1048576K
Heap Regions: E=young(eden), S=young(survivor), O=old, HS=humongous(starts), HC=humongous(continues), CS=collection set, F=free, A=archive, TAMS=top-at-mark-start (previous, next)
|   0|0x0000000080000000, 0x0000000080100000, 0x0000000080100000|100%| O|  |TAMS 0x0000000080100000, 0x0000000080000000| Untracked 
|   1|0x0000000080100000, 0x0000000080200000, 0x0000000080200000|100%| O|  |TAMS 0x0000000080200000, 0x0000000080100000| Untracked 
|   2|0x0000000080200000, 0x0000000080300000, 0x0000000080300000|100%| O|  |TAMS 0x0000000080300000, 0x0000000080200000| Untracked 
|   3|0x0000000080300000, 0x0000000080400000, 0x0000000080400000|100%|HS|  |TAMS 0x0000000080400000, 0x0000000080300000| Complete 
|   4|0x0000000080400000, 0x0000000080500000, 0x0000000080500000|100%|HC|  |TAMS 0x0000000080500000, 0x0000000080400000| Complete 
|   5|0x0000000080500000, 0x0000000080600000, 0x0000000080600000|100%|HC|  |TAMS 0x0000000080600000, 0x0000000080500000| Complete 
|   6|0x0000000080600000, 0x0000000080700000, 0x0000000080700000|100%| O|  |TAMS 0x0000000080700000, 0x0000000080600000| Untracked 
|   7|0x0000000080700000, 0x0000000080800000, 0x0000000080800000|100%| O|  |TAMS 0x0000000080800000, 0x0000000080700000| Untracked 
|   8|0x0000000080800000, 0x0000000080900000, 0x0000000080900000|100%| O|  |TAMS 0x0000000080900000, 0x0000000080800000| Untracked 
|   9|0x0000000080900000, 0x0000000080a00000, 0x0000000080a00000|100%| O|  |TAMS 0x0000000080a00000, 0x0000000080900000| Untracked 
|  10|0x0000000080a00000, 0x0000000080b00000, 0x0000000080b00000|100%| O|  |TAMS 0x0000000080b00000, 0x0000000080a00000| Untracked 
|  11|0x0000000080b00000, 0x0000000080c00000, 0x0000000080c00000|100%| O|  |TAMS 0x0000000080c00000, 0x0000000080b00000| Untracked 
|  12|0x0000000080c00000, 0x0000000080d00000, 0x0000000080d00000|100%| O|  |TAMS 0x0000000080d00000, 0x0000000080c00000| Untracked 
|  13|0x0000000080d00000, 0x0000000080e00000, 0x0000000080e00000|100%| O|  |TAMS 0x0000000080e00000, 0x0000000080d00000| Untracked 
|  14|0x0000000080e00000, 0x0000000080f00000, 0x0000000080f00000|100%| O|  |TAMS 0x0000000080f00000, 0x0000000080e00000| Untracked 
|  15|0x0000000080f00000, 0x0000000080f0a000, 0x0000000081000000|  3%| O|  |TAMS 0x0000000080f0a000, 0x0000000080f00000| Untracked 
|  16|0x0000000081000000, 0x0000000081000000, 0x0000000081100000|  0%| F|  |TAMS 0x0000000081000000, 0x0000000081000000| Untracked 
|  17|0x0000000081100000, 0x0000000081100000, 0x0000000081200000|  0%| F|  |TAMS 0x0000000081100000, 0x0000000081100000| Untracked 
|  18|0x0000000081200000, 0x0000000081200000, 0x0000000081300000|  0%| F|  |TAMS 0x0000000081200000, 0x0000000081200000| Untracked 
|  19|0x0000000081300000, 0x0000000081300000, 0x0000000081400000|  0%| F|  |TAMS 0x0000000081300000, 0x0000000081300000| Untracked 
|  20|0x0000000081400000, 0x0000000081400000, 0x0000000081500000|  0%| F|  |TAMS 0x0000000081400000, 0x0000000081400000| Untracked 
|  21|0x0000000081500000, 0x0000000081500000, 0x0000000081600000|  0%| F|  |TAMS 0x0000000081500000, 0x0000000081500000| Untracked 
|  22|0x0000000081600000, 0x0000000081600000, 0x0000000081700000|  0%| F|  |TAMS 0x0000000081600000, 0x0000000081600000| Untracked 
|  23|0x0000000081700000, 0x0000000081700000, 0x0000000081800000|  0%| F|  |TAMS 0x0000000081700000, 0x0000000081700000| Untracked 
|  24|0x0000000081800000, 0x0000000081800000, 0x0000000081900000|  0%| F|  |TAMS 0x0000000081800000, 0x0000000081800000| Untracked 
|  25|0x0000000081900000, 0x0000000081900000, 0x0000000081a00000|  0%| F|  |TAMS 0x0000000081900000, 0x0000000081900000| Untracked 
|  26|0x0000000081a00000, 0x0000000081a00000, 0x0000000081b00000|  0%| F|  |TAMS 0x0000000081a00000, 0x0000000081a00000| Untracked 
|  27|0x0000000081b00000, 0x0000000081b00000, 0x0000000081c00000|  0%| F|  |TAMS 0x0000000081b00000, 0x0000000081b00000| Untracked 
|  28|0x0000000081c00000, 0x0000000081c00000, 0x0000000081d00000|  0%| F|  |TAMS 0x0000000081c00000, 0x0000000081c00000| Untracked 
|  29|0x0000000081d00000, 0x0000000081d00000, 0x0000000081e00000|  0%| F|  |TAMS 0x0000000081d00000, 0x0000000081d00000| Untracked 
|  30|0x0000000081e00000, 0x0000000081e00000, 0x0000000081f00000|  0%| F|  |TAMS 0x0000000081e00000, 0x0000000081e00000| Untracked 
|  31|0x0000000081f00000, 0x0000000081f00000, 0x0000000082000000|  0%| F|  |TAMS 0x0000000081f00000, 0x0000000081f00000| Untracked 
|  32|0x0000000082000000, 0x0000000082000000, 0x0000000082100000|  0%| F|  |TAMS 0x0000000082000000, 0x0000000082000000| Untracked 
|  33|0x0000000082100000, 0x0000000082100000, 0x0000000082200000|  0%| F|  |TAMS 0x0000000082100000, 0x0000000082100000| Untracked 
|  34|0x0000000082200000, 0x0000000082200000, 0x0000000082300000|  0%| F|  |TAMS 0x0000000082200000, 0x0000000082200000| Untracked 
|  35|0x0000000082300000, 0x0000000082300000, 0x0000000082400000|  0%| F|  |TAMS 0x0000000082300000, 0x0000000082300000| Untracked 
|  36|0x0000000082400000, 0x0000000082400000, 0x0000000082500000|  0%| F|  |TAMS 0x0000000082400000, 0x0000000082400000| Untracked 
|  37|0x0000000082500000, 0x0000000082500000, 0x0000000082600000|  0%| F|  |TAMS 0x0000000082500000, 0x0000000082500000| Untracked 
|  38|0x0000000082600000, 0x0000000082600000, 0x0000000082700000|  0%| F|  |TAMS 0x0000000082600000, 0x0000000082600000| Untracked 
|  39|0x0000000082700000, 0x0000000082700000, 0x0000000082800000|  0%| F|  |TAMS 0x0000000082700000, 0x0000000082700000| Untracked 
|  40|0x0000000082800000, 0x0000000082800000, 0x0000000082900000|  0%| F|  |TAMS 0x0000000082800000, 0x0000000082800000| Untracked 
|  41|0x0000000082900000, 0x0000000082900000, 0x0000000082a00000|  0%| F|  |TAMS 0x0000000082900000, 0x0000000082900000| Untracked 
|  42|0x0000000082a00000, 0x0000000082a00000, 0x0000000082b00000|  0%| F|  |TAMS 0x0000000082a00000, 0x0000000082a00000| Untracked 
|  43|0x0000000082b00000, 0x0000000082b00000, 0x0000000082c00000|  0%| F|  |TAMS 0x0000000082b00000, 0x0000000082b00000| Untracked 
|  44|0x0000000082c00000, 0x0000000082c00000, 0x0000000082d00000|  0%| F|  |TAMS 0x0000000082c00000, 0x0000000082c00000| Untracked 
|  45|0x0000000082d00000, 0x0000000082d00000, 0x0000000082e00000|  0%| F|  |TAMS 0x0000000082d00000, 0x0000000082d00000| Untracked 
|  46|0x0000000082e00000, 0x0000000082e00000, 0x0000000082f00000|  0%| F|  |TAMS 0x0000000082e00000, 0x0000000082e00000| Untracked 
|  47|0x0000000082f00000, 0x0000000082f00000, 0x0000000083000000|  0%| F|  |TAMS 0x0000000082f00000, 0x0000000082f00000| Untracked 
|  48|0x0000000083000000, 0x0000000083000000, 0x0000000083100000|  0%| F|  |TAMS 0x0000000083000000, 0x0000000083000000| Untracked 
|  49|0x0000000083100000, 0x0000000083100000, 0x0000000083200000|  0%| F|  |TAMS 0x0000000083100000, 0x0000000083100000| Untracked 
|  50|0x0000000083200000, 0x0000000083200000, 0x0000000083300000|  0%| F|  |TAMS 0x0000000083200000, 0x0000000083200000| Untracked 
|  51|0x0000000083300000, 0x0000000083300000, 0x0000000083400000|  0%| F|  |TAMS 0x0000000083300000, 0x0000000083300000| Untracked 
|  52|0x0000000083400000, 0x0000000083400000, 0x0000000083500000|  0%| F|  |TAMS 0x0000000083400000, 0x0000000083400000| Untracked 
|  53|0x0000000083500000, 0x0000000083500000, 0x0000000083600000|  0%| F|  |TAMS 0x0000000083500000, 0x0000000083500000| Untracked 
|  54|0x0000000083600000, 0x0000000083600000, 0x0000000083700000|  0%| F|  |TAMS 0x0000000083600000, 0x0000000083600000| Untracked 
|  55|0x0000000083700000, 0x0000000083700000, 0x0000000083800000|  0%| F|  |TAMS 0x0000000083700000, 0x0000000083700000| Untracked 
|  56|0x0000000083800000, 0x0000000083800000, 0x0000000083900000|  0%| F|  |TAMS 0x0000000083800000, 0x0000000083800000| Untracked 
|  57|0x0000000083900000, 0x0000000083900000, 0x0000000083a00000|  0%| F|  |TAMS 0x0000000083900000, 0x0000000083900000| Untracked 
|  58|0x0000000083a00000, 0x0000000083a00000, 0x0000000083b00000|  0%| F|  |TAMS 0x0000000083a00000, 0x0000000083a00000| Untracked 
|  59|0x0000000083b00000, 0x0000000083b00000, 0x0000000083c00000|  0%| F|  |TAMS 0x0000000083b00000, 0x0000000083b00000| Untracked 
|  60|0x0000000083c00000, 0x0000000083c00000, 0x0000000083d00000|  0%| F|  |TAMS 0x0000000083c00000, 0x0000000083c00000| Untracked 
|  61|0x0000000083d00000, 0x0000000083d00000, 0x0000000083e00000|  0%| F|  |TAMS 0x0000000083d00000, 0x0000000083d00000| Untracked 
|  62|0x0000000083e00000, 0x0000000083e00000, 0x0000000083f00000|  0%| F|  |TAMS 0x0000000083e00000, 0x0000000083e00000| Untracked 
|  63|0x0000000083f00000, 0x0000000083f00000, 0x0000000084000000|  0%| F|  |TAMS 0x0000000083f00000, 0x0000000083f00000| Untracked 
|  64|0x0000000084000000, 0x0000000084000000, 0x0000000084100000|  0%| F|  |TAMS 0x0000000084000000, 0x0000000084000000| Untracked 
|  65|0x0000000084100000, 0x0000000084100000, 0x0000000084200000|  0%| F|  |TAMS 0x0000000084100000, 0x0000000084100000| Untracked 
|  66|0x0000000084200000, 0x0000000084200000, 0x0000000084300000|  0%| F|  |TAMS 0x0000000084200000, 0x0000000084200000| Untracked 
|  67|0x0000000084300000, 0x0000000084300000, 0x0000000084400000|  0%| F|  |TAMS 0x0000000084300000, 0x0000000084300000| Untracked 
|  68|0x0000000084400000, 0x0000000084400000, 0x0000000084500000|  0%| F|  |TAMS 0x0000000084400000, 0x0000000084400000| Untracked 
|  69|0x0000000084500000, 0x0000000084500000, 0x0000000084600000|  0%| F|  |TAMS 0x0000000084500000, 0x0000000084500000| Untracked 
|  70|0x0000000084600000, 0x0000000084600000, 0x0000000084700000|  0%| F|  |TAMS 0x0000000084600000, 0x0000000084600000| Untracked 
|  71|0x0000000084700000, 0x0000000084700000, 0x0000000084800000|  0%| F|  |TAMS 0x0000000084700000, 0x0000000084700000| Untracked 
|  72|0x0000000084800000, 0x0000000084800000, 0x0000000084900000|  0%| F|  |TAMS 0x0000000084800000, 0x0000000084800000| Untracked 
|  73|0x0000000084900000, 0x0000000084900000, 0x0000000084a00000|  0%| F|  |TAMS 0x0000000084900000, 0x0000000084900000| Untracked 
|  74|0x0000000084a00000, 0x0000000084a00000, 0x0000000084b00000|  0%| F|  |TAMS 0x0000000084a00000, 0x0000000084a00000| Untracked 
|  75|0x0000000084b00000, 0x0000000084b00000, 0x0000000084c00000|  0%| F|  |TAMS 0x0000000084b00000, 0x0000000084b00000| Untracked 
|  76|0x0000000084c00000, 0x0000000084c00000, 0x0000000084d00000|  0%| F|  |TAMS 0x0000000084c00000, 0x0000000084c00000| Untracked 
|  77|0x0000000084d00000, 0x0000000084d00000, 0x0000000084e00000|  0%| F|  |TAMS 0x0000000084d00000, 0x0000000084d00000| Untracked 
|  78|0x0000000084e00000, 0x0000000084e00000, 0x0000000084f00000|  0%| F|  |TAMS 0x0000000084e00000, 0x0000000084e00000| Untracked 
|  79|0x0000000084f00000, 0x0000000084f00000, 0x0000000085000000|  0%| F|  |TAMS 0x0000000084f00000, 0x0000000084f00000| Untracked 
|  80|0x0000000085000000, 0x0000000085000000, 0x0000000085100000|  0%| F|  |TAMS 0x0000000085000000, 0x0000000085000000| Untracked 
|  81|0x0000000085100000, 0x0000000085100000, 0x0000000085200000|  0%| F|  |TAMS 0x0000000085100000, 0x0000000085100000| Untracked 
|  82|0x0000000085200000, 0x0000000085200000, 0x0000000085300000|  0%| F|  |TAMS 0x0000000085200000, 0x0000000085200000| Untracked 
|  83|0x0000000085300000, 0x0000000085300000, 0x0000000085400000|  0%| F|  |TAMS 0x0000000085300000, 0x0000000085300000| Untracked 
|  84|0x0000000085400000, 0x0000000085400000, 0x0000000085500000|  0%| F|  |TAMS 0x0000000085400000, 0x0000000085400000| Untracked 
|  85|0x0000000085500000, 0x0000000085500000, 0x0000000085600000|  0%| F|  |TAMS 0x0000000085500000, 0x0000000085500000| Untracked 
|  86|0x0000000085600000, 0x0000000085600000, 0x0000000085700000|  0%| F|  |TAMS 0x0000000085600000, 0x0000000085600000| Untracked 
|  87|0x0000000085700000, 0x0000000085700000, 0x0000000085800000|  0%| F|  |TAMS 0x0000000085700000, 0x0000000085700000| Untracked 
|  88|0x0000000085800000, 0x0000000085800000, 0x0000000085900000|  0%| F|  |TAMS 0x0000000085800000, 0x0000000085800000| Untracked 
|  89|0x0000000085900000, 0x0000000085900000, 0x0000000085a00000|  0%| F|  |TAMS 0x0000000085900000, 0x0000000085900000| Untracked 
|  90|0x0000000085a00000, 0x0000000085a00000, 0x0000000085b00000|  0%| F|  |TAMS 0x0000000085a00000, 0x0000000085a00000| Untracked 
|  91|0x0000000085b00000, 0x0000000085bc2d48, 0x0000000085c00000| 76%| E|  |TAMS 0x0000000085b00000, 0x0000000085b00000| Complete 
|  92|0x0000000085c00000, 0x0000000085d00000, 0x0000000085d00000|100%| E|  |TAMS 0x0000000085c00000, 0x0000000085c00000| Complete 
|  93|0x0000000085d00000, 0x0000000085e00000, 0x0000000085e00000|100%| E|CS|TAMS 0x0000000085d00000, 0x0000000085d00000| Complete 
|  94|0x0000000085e00000, 0x0000000085f00000, 0x0000000085f00000|100%| E|CS|TAMS 0x0000000085e00000, 0x0000000085e00000| Complete 
|  95|0x0000000085f00000, 0x0000000086000000, 0x0000000086000000|100%| E|CS|TAMS 0x0000000085f00000, 0x0000000085f00000| Complete 
|  96|0x0000000086000000, 0x0000000086100000, 0x0000000086100000|100%| E|CS|TAMS 0x0000000086000000, 0x0000000086000000| Complete 
|  97|0x0000000086100000, 0x0000000086200000, 0x0000000086200000|100%| E|CS|TAMS 0x0000000086100000, 0x0000000086100000| Complete 
|  98|0x0000000086200000, 0x0000000086216840, 0x0000000086300000|  8%| S|CS|TAMS 0x0000000086200000, 0x0000000086200000| Complete 
|  99|0x0000000086300000, 0x0000000086400000, 0x0000000086400000|100%| S|CS|TAMS 0x0000000086300000, 0x0000000086300000| Complete 
| 100|0x0000000086400000, 0x0000000086500000, 0x0000000086500000|100%| E|CS|TAMS 0x0000000086400000, 0x0000000086400000| Complete 
| 101|0x0000000086500000, 0x0000000086600000, 0x0000000086600000|100%| E|CS|TAMS 0x0000000086500000, 0x0000000086500000| Complete 
| 102|0x0000000086600000, 0x0000000086700000, 0x0000000086700000|100%| E|CS|TAMS 0x0000000086600000, 0x0000000086600000| Complete 
| 103|0x0000000086700000, 0x0000000086800000, 0x0000000086800000|100%| E|CS|TAMS 0x0000000086700000, 0x0000000086700000| Complete 
| 104|0x0000000086800000, 0x0000000086900000, 0x0000000086900000|100%| E|CS|TAMS 0x0000000086800000, 0x0000000086800000| Complete 
| 105|0x0000000086900000, 0x0000000086a00000, 0x0000000086a00000|100%| E|CS|TAMS 0x0000000086900000, 0x0000000086900000| Complete 
| 106|0x0000000086a00000, 0x0000000086b00000, 0x0000000086b00000|100%| E|CS|TAMS 0x0000000086a00000, 0x0000000086a00000| Complete 
| 107|0x0000000086b00000, 0x0000000086c00000, 0x0000000086c00000|100%| E|CS|TAMS 0x0000000086b00000, 0x0000000086b00000| Complete 
| 108|0x0000000086c00000, 0x0000000086d00000, 0x0000000086d00000|100%| E|CS|TAMS 0x0000000086c00000, 0x0000000086c00000| Complete 
| 109|0x0000000086d00000, 0x0000000086e00000, 0x0000000086e00000|100%| E|CS|TAMS 0x0000000086d00000, 0x0000000086d00000| Complete 
| 110|0x0000000086e00000, 0x0000000086f00000, 0x0000000086f00000|100%| E|CS|TAMS 0x0000000086e00000, 0x0000000086e00000| Complete 
| 111|0x0000000086f00000, 0x0000000087000000, 0x0000000087000000|100%| E|CS|TAMS 0x0000000086f00000, 0x0000000086f00000| Complete 
| 112|0x0000000087000000, 0x0000000087100000, 0x0000000087100000|100%| E|CS|TAMS 0x0000000087000000, 0x0000000087000000| Complete 
| 113|0x0000000087100000, 0x0000000087200000, 0x0000000087200000|100%| E|CS|TAMS 0x0000000087100000, 0x0000000087100000| Complete 
| 114|0x0000000087200000, 0x0000000087300000, 0x0000000087300000|100%| E|CS|TAMS 0x0000000087200000, 0x0000000087200000| Complete 
| 115|0x0000000087300000, 0x0000000087400000, 0x0000000087400000|100%| E|CS|TAMS 0x0000000087300000, 0x0000000087300000| Complete 
| 116|0x0000000087400000, 0x0000000087500000, 0x0000000087500000|100%| E|CS|TAMS 0x0000000087400000, 0x0000000087400000| Complete 
| 117|0x0000000087500000, 0x0000000087600000, 0x0000000087600000|100%| E|CS|TAMS 0x0000000087500000, 0x0000000087500000| Complete 
| 118|0x0000000087600000, 0x0000000087700000, 0x0000000087700000|100%| E|CS|TAMS 0x0000000087600000, 0x0000000087600000| Complete 
| 119|0x0000000087700000, 0x0000000087800000, 0x0000000087800000|100%| E|CS|TAMS 0x0000000087700000, 0x0000000087700000| Complete 
| 120|0x0000000087800000, 0x0000000087900000, 0x0000000087900000|100%| E|CS|TAMS 0x0000000087800000, 0x0000000087800000| Complete 
| 121|0x0000000087900000, 0x0000000087a00000, 0x0000000087a00000|100%| E|CS|TAMS 0x0000000087900000, 0x0000000087900000| Complete 
| 122|0x0000000087a00000, 0x0000000087b00000, 0x0000000087b00000|100%| E|CS|TAMS 0x0000000087a00000, 0x0000000087a00000| Complete 
| 123|0x0000000087b00000, 0x0000000087c00000, 0x0000000087c00000|100%| E|CS|TAMS 0x0000000087b00000, 0x0000000087b00000| Complete 
| 124|0x0000000087c00000, 0x0000000087d00000, 0x0000000087d00000|100%| E|CS|TAMS 0x0000000087c00000, 0x0000000087c00000| Complete 
| 125|0x0000000087d00000, 0x0000000087e00000, 0x0000000087e00000|100%| E|CS|TAMS 0x0000000087d00000, 0x0000000087d00000| Complete 

Card table byte_map: [0x000001e7657d0000,0x000001e765bd0000] _byte_map_base: 0x000001e7653d0000

Marking Bits (Prev, Next): (CMBitMap*) 0x000001e75068b9c0, (CMBitMap*) 0x000001e75068b988
 Prev Bits: [0x000001e767fd0000, 0x000001e769fd0000)
 Next Bits: [0x000001e765fd0000, 0x000001e767fd0000)

Polling page: 0x000001e750520000

Metaspace:

Usage:
  Non-class:     20.63 MB capacity,    20.25 MB ( 98%) used,   343.23 KB (  2%) free+waste,    45.81 KB ( <1%) overhead. 
      Class:      3.18 MB capacity,     2.97 MB ( 93%) used,   189.75 KB (  6%) free+waste,    23.25 KB ( <1%) overhead. 
       Both:     23.81 MB capacity,    23.22 MB ( 98%) used,   532.98 KB (  2%) free+waste,    69.06 KB ( <1%) overhead. 

Virtual space:
  Non-class space:       22.00 MB reserved,      20.75 MB ( 94%) committed 
      Class space:        1.00 GB reserved,       3.25 MB ( <1%) committed 
             Both:        1.02 GB reserved,      24.00 MB (  2%) committed 

Chunk freelists:
   Non-Class:  63.00 KB
       Class:  7.00 KB
        Both:  70.00 KB

MaxMetaspaceSize: 17179869184.00 GB
CompressedClassSpaceSize: 1.00 GB

CodeHeap 'non-profiled nmethods': size=120000Kb used=1063Kb max_used=1063Kb free=118936Kb
 bounds [0x000001e75d440000, 0x000001e75d6b0000, 0x000001e764970000]
CodeHeap 'profiled nmethods': size=120000Kb used=4347Kb max_used=4347Kb free=115652Kb
 bounds [0x000001e755f10000, 0x000001e756350000, 0x000001e75d440000]
CodeHeap 'non-nmethods': size=5760Kb used=1150Kb max_used=1188Kb free=4609Kb
 bounds [0x000001e755970000, 0x000001e755be0000, 0x000001e755f10000]
 total_blobs=2531 nmethods=2042 adapters=400
 compilation: enabled
              stopped_count=0, restarted_count=0
 full_count=0

Compilation events (20 events):
Event: 1.827 Thread 0x000001e76cad4800 nmethod 2028 0x000001e756344b90 code [0x000001e756344d40, 0x000001e756344e48]
Event: 1.827 Thread 0x000001e76cad4800 2029       2       java.lang.Exception::<init> (7 bytes)
Event: 1.827 Thread 0x000001e76cad4800 nmethod 2029 0x000001e756344f10 code [0x000001e7563450c0, 0x000001e7563451c8]
Event: 1.836 Thread 0x000001e76cad4800 2031       3       sun.reflect.generics.tree.SimpleClassTypeSignature::make (11 bytes)
Event: 1.836 Thread 0x000001e76cad4800 nmethod 2031 0x000001e756345290 code [0x000001e756345460, 0x000001e756345718]
Event: 1.836 Thread 0x000001e76cad4800 2033       3       sun.reflect.generics.parser.SignatureParser::parsePackageNameAndSimpleClassTypeSignature (119 bytes)
Event: 1.837 Thread 0x000001e76cad4800 nmethod 2033 0x000001e756345810 code [0x000001e756345b60, 0x000001e756346c08]
Event: 1.837 Thread 0x000001e76cad4800 2032       3       sun.reflect.generics.tree.SimpleClassTypeSignature::<init> (20 bytes)
Event: 1.837 Thread 0x000001e76cad4800 nmethod 2032 0x000001e756347210 code [0x000001e7563473c0, 0x000001e7563475d8]
Event: 1.837 Thread 0x000001e76cad4800 2034       3       sun.reflect.generics.parser.SignatureParser::parseClassTypeSignatureSuffix (29 bytes)
Event: 1.837 Thread 0x000001e76cad4800 nmethod 2034 0x000001e756347690 code [0x000001e756347880, 0x000001e756347b98]
Event: 1.837 Thread 0x000001e76cad4800 2035       3       sun.reflect.generics.tree.ClassTypeSignature::make (9 bytes)
Event: 1.837 Thread 0x000001e76cad4800 nmethod 2035 0x000001e756347d10 code [0x000001e756347ee0, 0x000001e756348138]
Event: 1.837 Thread 0x000001e76cad4800 2036       3       sun.reflect.generics.tree.ClassTypeSignature::<init> (10 bytes)
Event: 1.837 Thread 0x000001e76cad4800 nmethod 2036 0x000001e756348210 code [0x000001e7563483c0, 0x000001e756348578]
Event: 1.837 Thread 0x000001e76cad4800 2037       3       java.lang.invoke.VarHandleGuards::guard_LL_V (103 bytes)
Event: 1.839 Thread 0x000001e76cad4800 nmethod 2037 0x000001e756348610 code [0x000001e756348980, 0x000001e75634a428]
Event: 1.839 Thread 0x000001e76cad4800 2038       3       jdk.internal.jimage.ImageStringsReader::hashCode (8 bytes)
Event: 1.839 Thread 0x000001e76cad4800 nmethod 2038 0x000001e75634ad10 code [0x000001e75634af00, 0x000001e75634b118]
Event: 1.839 Thread 0x000001e76cad4800 2039       3       jdk.internal.module.SystemModuleFinders$SystemModuleReader::find (54 bytes)

GC Heap History (6 events):
Event: 0.480 GC heap before
{Heap before GC invocations=0 (full 0):
 garbage-first heap   total 129024K, used 29696K [0x0000000080000000, 0x0000000100000000)
  region size 1024K, 24 young (24576K), 0 survivors (0K)
 Metaspace       used 10165K, capacity 10329K, committed 10624K, reserved 1058816K
  class space    used 1060K, capacity 1108K, committed 1152K, reserved 1048576K
}
Event: 0.483 GC heap after
{Heap after GC invocations=1 (full 0):
 garbage-first heap   total 129024K, used 9080K [0x0000000080000000, 0x0000000100000000)
  region size 1024K, 3 young (3072K), 3 survivors (3072K)
 Metaspace       used 10165K, capacity 10329K, committed 10624K, reserved 1058816K
  class space    used 1060K, capacity 1108K, committed 1152K, reserved 1048576K
}
Event: 1.441 GC heap before
{Heap before GC invocations=1 (full 0):
 garbage-first heap   total 129024K, used 82808K [0x0000000080000000, 0x0000000100000000)
  region size 1024K, 75 young (76800K), 3 survivors (3072K)
 Metaspace       used 17588K, capacity 18060K, committed 18176K, reserved 1064960K
  class space    used 2068K, capacity 2206K, committed 2304K, reserved 1048576K
}
Event: 1.446 GC heap after
{Heap after GC invocations=2 (full 0):
 garbage-first heap   total 129024K, used 15699K [0x0000000080000000, 0x0000000100000000)
  region size 1024K, 10 young (10240K), 10 survivors (10240K)
 Metaspace       used 17588K, capacity 18060K, committed 18176K, reserved 1064960K
  class space    used 2068K, capacity 2206K, committed 2304K, reserved 1048576K
}
Event: 1.623 GC heap before
{Heap before GC invocations=2 (full 0):
 garbage-first heap   total 129024K, used 41299K [0x0000000080000000, 0x0000000100000000)
  region size 1024K, 36 young (36864K), 10 survivors (10240K)
 Metaspace       used 20616K, capacity 21124K, committed 21248K, reserved 1067008K
  class space    used 2520K, capacity 2722K, committed 2816K, reserved 1048576K
}
Event: 1.630 GC heap after
{Heap after GC invocations=3 (full 0):
 garbage-first heap   total 129024K, used 16514K [0x0000000080000000, 0x0000000100000000)
  region size 1024K, 2 young (2048K), 2 survivors (2048K)
 Metaspace       used 20616K, capacity 21124K, committed 21248K, reserved 1067008K
  class space    used 2520K, capacity 2722K, committed 2816K, reserved 1048576K
}

Deoptimization events (20 events):
Event: 1.663 Thread 0x000001e77089e800 Uncommon trap: trap_request=0xffffff4d fr.pc=0x000001e75d4b472c relative=0x00000000000001ec
Event: 1.663 Thread 0x000001e77089e800 Uncommon trap: reason=unstable_if action=reinterpret pc=0x000001e75d4b472c method=java.util.HashMap.getNode(ILjava/lang/Object;)Ljava/util/HashMap$Node; @ 129 c2
Event: 1.663 Thread 0x000001e77089e800 DEOPT PACKING pc=0x000001e75d4b472c sp=0x000000c1c55fc090
Event: 1.663 Thread 0x000001e77089e800 DEOPT UNPACKING pc=0x000001e7559978af sp=0x000000c1c55fc018 mode 2
Event: 1.667 Thread 0x000001e77089e800 Uncommon trap: trap_request=0xffffff4d fr.pc=0x000001e75d4c22b4 relative=0x0000000000000b14
Event: 1.667 Thread 0x000001e77089e800 Uncommon trap: reason=unstable_if action=reinterpret pc=0x000001e75d4c22b4 method=java.util.Properties$LineReader.readLine()I @ 249 c2
Event: 1.667 Thread 0x000001e77089e800 DEOPT PACKING pc=0x000001e75d4c22b4 sp=0x000000c1c55fc0a0
Event: 1.667 Thread 0x000001e77089e800 DEOPT UNPACKING pc=0x000001e7559978af sp=0x000000c1c55fc030 mode 2
Event: 1.771 Thread 0x000001e77089e800 Uncommon trap: trap_request=0xffffff4d fr.pc=0x000001e75d533c68 relative=0x00000000000001a8
Event: 1.771 Thread 0x000001e77089e800 Uncommon trap: reason=unstable_if action=reinterpret pc=0x000001e75d533c68 method=java.util.HashMap.getNode(ILjava/lang/Object;)Ljava/util/HashMap$Node; @ 129 c2
Event: 1.771 Thread 0x000001e77089e800 DEOPT PACKING pc=0x000001e75d533c68 sp=0x000000c1c55fcec0
Event: 1.771 Thread 0x000001e77089e800 DEOPT UNPACKING pc=0x000001e7559978af sp=0x000000c1c55fcdd0 mode 2
Event: 1.777 Thread 0x000001e77089e800 Uncommon trap: trap_request=0xffffff4d fr.pc=0x000001e75d4a9654 relative=0x0000000000000094
Event: 1.777 Thread 0x000001e77089e800 Uncommon trap: reason=unstable_if action=reinterpret pc=0x000001e75d4a9654 method=java.util.LinkedHashMap.afterNodeInsertion(Z)V @ 1 c2
Event: 1.777 Thread 0x000001e77089e800 DEOPT PACKING pc=0x000001e75d4a9654 sp=0x000000c1c55fcae0
Event: 1.777 Thread 0x000001e77089e800 DEOPT UNPACKING pc=0x000001e7559978af sp=0x000000c1c55fca60 mode 2
Event: 1.779 Thread 0x000001e77089e800 Uncommon trap: trap_request=0xffffff4d fr.pc=0x000001e75d48f57c relative=0x000000000000023c
Event: 1.779 Thread 0x000001e77089e800 Uncommon trap: reason=unstable_if action=reinterpret pc=0x000001e75d48f57c method=java.util.concurrent.ConcurrentHashMap.get(Ljava/lang/Object;)Ljava/lang/Object; @ 76 c2
Event: 1.779 Thread 0x000001e77089e800 DEOPT PACKING pc=0x000001e75d48f57c sp=0x000000c1c55fabf0
Event: 1.779 Thread 0x000001e77089e800 DEOPT UNPACKING pc=0x000001e7559978af sp=0x000000c1c55fab58 mode 2

Classes redefined (0 events):
No events

Internal exceptions (20 events):
Event: 1.414 Thread 0x000001e77089e800 Exception <a 'java/lang/NoSuchMethodError'{0x00000000836d70f0}: 'long java.lang.invoke.DirectMethodHandle$Holder.invokeInterface(java.lang.Object, java.lang.Object)'> (0x00000000836d70f0) thrown at [./src/hotspot/share/interpreter/linkResolver.cpp, line 773]
Event: 1.416 Thread 0x000001e77089e800 Exception <a 'java/lang/NoSuchMethodError'{0x00000000836fa200}: 'void java.lang.invoke.DelegatingMethodHandle$Holder.reinvoke_L(java.lang.Object, java.lang.Object, java.lang.Object, java.lang.Object, java.lang.Object, java.lang.Object, java.lang.Object)'> (0x00000000836fa200) thrown at [./src/hotspot/share/interpreter/linkResolver.cpp, line 773]
Event: 1.526 Thread 0x000001e77089e800 Exception <a 'java/lang/NoSuchMethodError'{0x000000008706b030}: 'java.lang.Object java.lang.invoke.DirectMethodHandle$Holder.invokeVirtual(java.lang.Object, java.lang.Object, java.lang.Object)'> (0x000000008706b030) thrown at [./src/hotspot/share/interpreter/linkResolver.cpp, line 773]
Event: 1.545 Thread 0x000001e77089e800 Exception <a 'java/lang/NoSuchMethodError'{0x0000000086c135f0}: 'void java.lang.invoke.DirectMethodHandle$Holder.invokeInterface(java.lang.Object, java.lang.Object)'> (0x0000000086c135f0) thrown at [./src/hotspot/share/interpreter/linkResolver.cpp, line 773]
Event: 1.546 Thread 0x000001e77089e800 Exception <a 'java/lang/IncompatibleClassChangeError'{0x0000000086c167a0}: Found class java.lang.Object, but interface was expected> (0x0000000086c167a0) thrown at [./src/hotspot/share/interpreter/linkResolver.cpp, line 839]
Event: 1.555 Thread 0x000001e77089e800 Exception <a 'java/lang/NoSuchMethodError'{0x0000000086b8dd88}: 'void java.lang.invoke.DirectMethodHandle$Holder.invokeStaticInit(java.lang.Object)'> (0x0000000086b8dd88) thrown at [./src/hotspot/share/interpreter/linkResolver.cpp, line 773]
Event: 1.579 Thread 0x000001e77089e800 Exception <a 'java/lang/NoSuchMethodError'{0x00000000869fe260}: 'java.lang.Object java.lang.invoke.DirectMethodHandle$Holder.invokeStatic(java.lang.Object, java.lang.Object, java.lang.Object, int)'> (0x00000000869fe260) thrown at [./src/hotspot/share/interpreter/linkResolver.cpp, line 773]
Event: 1.579 Thread 0x000001e77089e800 Exception <a 'java/lang/NoSuchMethodError'{0x0000000086802e78}: 'java.lang.Object java.lang.invoke.DirectMethodHandle$Holder.invokeSpecial(java.lang.Object, java.lang.Object, java.lang.Object, java.lang.Object, int)'> (0x0000000086802e78) thrown at [./src/hotspot/share/interpreter/linkResolver.cpp, line 773]
Event: 1.580 Thread 0x000001e77089e800 Exception <a 'java/lang/NoSuchMethodError'{0x0000000086806860}: 'java.lang.Object java.lang.invoke.Invokers$Holder.linkToTargetMethod(java.lang.Object, java.lang.Object, int, java.lang.Object)'> (0x0000000086806860) thrown at [./src/hotspot/share/interpreter/linkResolver.cpp, line 773]
Event: 1.631 Thread 0x000001e77089e800 Exception <a 'java/lang/NoSuchMethodError'{0x0000000087d29bf0}: 'int java.lang.invoke.DirectMethodHandle$Holder.invokeSpecialIFC(java.lang.Object, java.lang.Object, java.lang.Object, java.lang.Object)'> (0x0000000087d29bf0) thrown at [./src/hotspot/share/interpreter/linkResolver.cpp, line 773]
Event: 1.633 Thread 0x000001e77089e800 Exception <a 'java/lang/NoSuchMethodError'{0x0000000087d379b0}: 'java.lang.Object java.lang.invoke.DirectMethodHandle$Holder.invokeInterface(java.lang.Object, java.lang.Object, java.lang.Object)'> (0x0000000087d379b0) thrown at [./src/hotspot/share/interpreter/linkResolver.cpp, line 773]
Event: 1.633 Thread 0x000001e77089e800 Exception <a 'java/lang/IncompatibleClassChangeError'{0x0000000087d3ae88}: Found class java.lang.Object, but interface was expected> (0x0000000087d3ae88) thrown at [./src/hotspot/share/interpreter/linkResolver.cpp, line 839]
Event: 1.641 Thread 0x000001e77089e800 Exception <a 'java/lang/NoSuchMethodError'{0x0000000087c88ee0}: 'void java.lang.invoke.DirectMethodHandle$Holder.invokeStatic(java.lang.Object, java.lang.Object, java.lang.Object, java.lang.Object, java.lang.Object)'> (0x0000000087c88ee0) thrown at [./src/hotspot/share/interpreter/linkResolver.cpp, line 773]
Event: 1.681 Thread 0x000001e77089e800 Exception <a 'java/lang/NoSuchMethodError'{0x000000008774fdb8}: 'void java.lang.invoke.DirectMethodHandle$Holder.invokeSpecial(java.lang.Object, java.lang.Object)'> (0x000000008774fdb8) thrown at [./src/hotspot/share/interpreter/linkResolver.cpp, line 773]
Event: 1.700 Thread 0x000001e77089e800 Exception <a 'java/lang/NoSuchMethodError'{0x00000000875897c8}: 'java.lang.Object java.lang.invoke.DirectMethodHandle$Holder.invokeSpecial(java.lang.Object, java.lang.Object, java.lang.Object, java.lang.Object, java.lang.Object, java.lang.Object, java.lang.Object, java.lang.Object, java.lang.Object)'> (0x00000000875897c8) thrown at [./src/hotspot/share/interpreter/linkResolver.cpp, line 773]
Event: 1.744 Thread 0x000001e77089e800 Exception <a 'java/lang/NoSuchMethodError'{0x0000000086b121e8}: 'java.lang.Object java.lang.invoke.DirectMethodHandle$Holder.invokeVirtual(java.lang.Object, java.lang.Object, java.lang.Object, java.lang.Object)'> (0x0000000086b121e8) thrown at [./src/hotspot/share/interpreter/linkResolver.cpp, line 773]
Event: 1.756 Thread 0x000001e77089e800 Exception <a 'java/lang/NoSuchMethodError'{0x00000000869de198}: 'java.lang.Object java.lang.invoke.Invokers$Holder.invoker(java.lang.Object, java.lang.Object, java.lang.Object, java.lang.Object, java.lang.Object)'> (0x00000000869de198) thrown at [./src/hotspot/share/interpreter/linkResolver.cpp, line 773]
Event: 1.800 Thread 0x000001e77089e800 Exception <a 'java/lang/NoSuchMethodError'{0x0000000086434830}: 'void java.lang.invoke.DirectMethodHandle$Holder.invokeSpecial(java.lang.Object, java.lang.Object, java.lang.Object, java.lang.Object, java.lang.Object, java.lang.Object)'> (0x0000000086434830) thrown at [./src/hotspot/share/interpreter/linkResolver.cpp, line 773]
Event: 1.807 Thread 0x000001e77089e800 Exception <a 'java/lang/NoSuchMethodError'{0x000000008649a798}: 'void java.lang.invoke.DirectMethodHandle$Holder.invokeSpecial(java.lang.Object, java.lang.Object, java.lang.Object, java.lang.Object, java.lang.Object, java.lang.Object, java.lang.Object)'> (0x000000008649a798) thrown at [./src/hotspot/share/interpreter/linkResolver.cpp, line 773]
Event: 1.808 Thread 0x000001e77089e800 Exception <a 'java/lang/NoSuchMethodError'{0x00000000864a29e0}: 'java.lang.Object java.lang.invoke.Invokers$Holder.linkToTargetMethod(java.lang.Object, java.lang.Object, java.lang.Object, java.lang.Object, java.lang.Object, java.lang.Object)'> (0x00000000864a29e0) thrown at [./src/hotspot/share/interpreter/linkResolver.cpp, line 773]

Events (20 events):
Event: 1.838 loading class org/gradle/initialization/buildsrc/BuildBuildSrcBuildOperationType$Result
Event: 1.838 loading class org/gradle/initialization/buildsrc/BuildBuildSrcBuildOperationType$Result done
Event: 1.838 loading class org/gradle/initialization/buildsrc/BuildSourceBuilder$1
Event: 1.838 loading class org/gradle/initialization/buildsrc/BuildSourceBuilder$1 done
Event: 1.838 loading class org/gradle/initialization/buildsrc/BuildSrcBuildListenerFactory
Event: 1.838 loading class org/gradle/initialization/buildsrc/BuildSrcBuildListenerFactory done
Event: 1.838 loading class org/gradle/initialization/buildsrc/BuildSrcProjectConfigurationAction
Event: 1.838 loading class org/gradle/initialization/buildsrc/BuildSrcProjectConfigurationAction done
Event: 1.838 loading class org/gradle/configuration/project/PluginsProjectConfigureActions
Event: 1.838 loading class org/gradle/configuration/project/PluginsProjectConfigureActions done
Event: 1.839 loading class org/gradle/configuration/project/ProjectConfigureAction
Event: 1.839 loading class org/gradle/configuration/project/ProjectConfigureAction done
Event: 1.839 loading class org/gradle/api/internal/InternalAction
Event: 1.839 loading class org/gradle/api/internal/InternalAction done
Event: 1.839 Executing VM operation: RevokeBias
Event: 1.839 Executing VM operation: RevokeBias done
Event: 1.839 Executing VM operation: RevokeBias
Event: 1.839 Executing VM operation: RevokeBias done
Event: 1.839 Executing VM operation: RevokeBias
Event: 1.839 Executing VM operation: RevokeBias done


Dynamic libraries:
0x00007ff693db0000 - 0x00007ff693dba000 	C:\Program Files\Android\Android Studio\jre\bin\java.exe
0x00007ffe254f0000 - 0x00007ffe256e5000 	C:\Windows\SYSTEM32\ntdll.dll
0x00007ffe24a20000 - 0x00007ffe24ade000 	C:\Windows\System32\KERNEL32.DLL
0x00007ffe22e90000 - 0x00007ffe23159000 	C:\Windows\System32\KERNELBASE.dll
0x00007ffe1e9c0000 - 0x00007ffe1e9d7000 	C:\Program Files\Android\Android Studio\jre\bin\VCRUNTIME140.dll
0x00007ffe22ce0000 - 0x00007ffe22de0000 	C:\Windows\System32\ucrtbase.dll
0x00007ffe20100000 - 0x00007ffe20119000 	C:\Program Files\Android\Android Studio\jre\bin\jli.dll
0x00007ffe23ef0000 - 0x00007ffe24091000 	C:\Windows\System32\USER32.dll
0x00007ffe07460000 - 0x00007ffe076fa000 	C:\Windows\WinSxS\amd64_microsoft.windows.common-controls_6595b64144ccf1df_6.0.19041.1110_none_60b5254171f9507e\COMCTL32.dll
0x00007ffe231c0000 - 0x00007ffe231e2000 	C:\Windows\System32\win32u.dll
0x00007ffe23e50000 - 0x00007ffe23eee000 	C:\Windows\System32\msvcrt.dll
0x00007ffe23610000 - 0x00007ffe2363b000 	C:\Windows\System32\GDI32.dll
0x00007ffe231f0000 - 0x00007ffe232fb000 	C:\Windows\System32\gdi32full.dll
0x00007ffe22c10000 - 0x00007ffe22cad000 	C:\Windows\System32\msvcp_win.dll
0x00007ffe23560000 - 0x00007ffe23590000 	C:\Windows\System32\IMM32.DLL
0x00007ffe1d5c0000 - 0x00007ffe1d65d000 	C:\Program Files\Android\Android Studio\jre\bin\msvcp140.dll
0x00007ffdf4230000 - 0x00007ffdf4cff000 	C:\Program Files\Android\Android Studio\jre\bin\server\jvm.dll
0x00007ffe245e0000 - 0x00007ffe2468c000 	C:\Windows\System32\ADVAPI32.dll
0x00007ffe24910000 - 0x00007ffe249ab000 	C:\Windows\System32\sechost.dll
0x00007ffe24bc0000 - 0x00007ffe24cea000 	C:\Windows\System32\RPCRT4.dll
0x00007ffe24cf0000 - 0x00007ffe24cf8000 	C:\Windows\System32\PSAPI.DLL
0x00007ffe086e0000 - 0x00007ffe08707000 	C:\Windows\SYSTEM32\WINMM.dll
0x00007ffe1e9e0000 - 0x00007ffe1e9e9000 	C:\Windows\SYSTEM32\WSOCK32.dll
0x00007ffe20bf0000 - 0x00007ffe20bfa000 	C:\Windows\SYSTEM32\VERSION.dll
0x00007ffe249b0000 - 0x00007ffe24a1b000 	C:\Windows\System32\WS2_32.dll
0x00007ffe21490000 - 0x00007ffe214a2000 	C:\Windows\SYSTEM32\kernel.appcore.dll
0x00007ffe1e9a0000 - 0x00007ffe1e9b1000 	C:\Program Files\Android\Android Studio\jre\bin\verify.dll
0x00007ffe0f4c0000 - 0x00007ffe0f6a4000 	C:\Windows\SYSTEM32\DBGHELP.DLL
0x00007ffe10f50000 - 0x00007ffe10f7c000 	C:\Windows\SYSTEM32\dbgcore.DLL
0x00007ffe234b0000 - 0x00007ffe23533000 	C:\Windows\System32\bcryptPrimitives.dll
0x00007ffe1e970000 - 0x00007ffe1e999000 	C:\Program Files\Android\Android Studio\jre\bin\java.dll
0x00007ffe1e960000 - 0x00007ffe1e96b000 	C:\Program Files\Android\Android Studio\jre\bin\jimage.dll
0x00007ffe1e940000 - 0x00007ffe1e958000 	C:\Program Files\Android\Android Studio\jre\bin\zip.dll
0x00007ffe24d70000 - 0x00007ffe254af000 	C:\Windows\System32\SHELL32.dll
0x00007ffe20cf0000 - 0x00007ffe21480000 	C:\Windows\SYSTEM32\windows.storage.dll
0x00007ffe241d0000 - 0x00007ffe24525000 	C:\Windows\System32\combase.dll
0x00007ffe22660000 - 0x00007ffe2268c000 	C:\Windows\SYSTEM32\Wldp.dll
0x00007ffe24530000 - 0x00007ffe245dd000 	C:\Windows\System32\SHCORE.dll
0x00007ffe24d10000 - 0x00007ffe24d65000 	C:\Windows\System32\shlwapi.dll
0x00007ffe22b50000 - 0x00007ffe22b6f000 	C:\Windows\SYSTEM32\profapi.dll
0x00007ffe1e920000 - 0x00007ffe1e93a000 	C:\Program Files\Android\Android Studio\jre\bin\net.dll
0x00007ffe1bad0000 - 0x00007ffe1bbd8000 	C:\Windows\SYSTEM32\WINHTTP.dll
0x00007ffe223c0000 - 0x00007ffe2242a000 	C:\Windows\system32\mswsock.dll
0x00007ffe1e900000 - 0x00007ffe1e914000 	C:\Program Files\Android\Android Studio\jre\bin\nio.dll
0x00007ffe1d8d0000 - 0x00007ffe1d8f7000 	C:\Users\Siddhi Anil Bairagi\.gradle\native\8bec1ad78214c89d9ad589b4d07fe93259594b29d510b10fafb7a158f7737e5d\windows-amd64\native-platform.dll
0x00007ffdf40f0000 - 0x00007ffdf422d000 	C:\Users\Siddhi Anil Bairagi\.gradle\native\53dbd7edfb1c66fb8903c78663c9afc45aea4f116125fa6feffd364cf09443e8\windows-amd64\native-platform-file-events.dll
0x00007ffe1e8f0000 - 0x00007ffe1e8fa000 	C:\Program Files\Android\Android Studio\jre\bin\management.dll
0x00007ffe1e1f0000 - 0x00007ffe1e1fc000 	C:\Program Files\Android\Android Studio\jre\bin\management_ext.dll
0x00007ffe225c0000 - 0x00007ffe225d8000 	C:\Windows\SYSTEM32\CRYPTSP.dll
0x00007ffe21cd0000 - 0x00007ffe21d04000 	C:\Windows\system32\rsaenh.dll
0x00007ffe22cb0000 - 0x00007ffe22cd7000 	C:\Windows\System32\bcrypt.dll
0x00007ffe22b10000 - 0x00007ffe22b3e000 	C:\Windows\SYSTEM32\USERENV.dll
0x00007ffe225b0000 - 0x00007ffe225bc000 	C:\Windows\SYSTEM32\CRYPTBASE.dll
0x00007ffe22060000 - 0x00007ffe2209b000 	C:\Windows\SYSTEM32\IPHLPAPI.DLL
0x00007ffe24d00000 - 0x00007ffe24d08000 	C:\Windows\System32\NSI.dll
0x00007ffe1d0b0000 - 0x00007ffe1d0c7000 	C:\Windows\SYSTEM32\dhcpcsvc6.DLL
0x00007ffe1d020000 - 0x00007ffe1d03d000 	C:\Windows\SYSTEM32\dhcpcsvc.DLL
0x00007ffe220a0000 - 0x00007ffe2216c000 	C:\Windows\SYSTEM32\DNSAPI.dll

dbghelp: loaded successfully - version: 4.0.5 - missing functions: none
symbol engine: initialized successfully - sym options: 0x614 - pdb path: .;C:\Program Files\Android\Android Studio\jre\bin;C:\Windows\SYSTEM32;C:\Windows\WinSxS\amd64_microsoft.windows.common-controls_6595b64144ccf1df_6.0.19041.1110_none_60b5254171f9507e;C:\Program Files\Android\Android Studio\jre\bin\server;C:\Users\Siddhi Anil Bairagi\.gradle\native\8bec1ad78214c89d9ad589b4d07fe93259594b29d510b10fafb7a158f7737e5d\windows-amd64;C:\Users\Siddhi Anil Bairagi\.gradle\native\53dbd7edfb1c66fb8903c78663c9afc45aea4f116125fa6feffd364cf09443e8\windows-amd64

VM Arguments:
jvm_args: --add-opens=java.base/java.util=ALL-UNNAMED --add-opens=java.base/java.lang=ALL-UNNAMED --add-opens=java.base/java.lang.invoke=ALL-UNNAMED --add-opens=java.base/java.util=ALL-UNNAMED --add-opens=java.prefs/java.util.prefs=ALL-UNNAMED --add-opens=java.prefs/java.util.prefs=ALL-UNNAMED --add-opens=java.base/java.nio.charset=ALL-UNNAMED --add-opens=java.base/java.net=ALL-UNNAMED --add-opens=java.base/java.util.concurrent.atomic=ALL-UNNAMED -Xmx2048m -Dfile.encoding=UTF-8 -Duser.country=IN -Duser.language=en -Duser.variant 
java_command: org.gradle.launcher.daemon.bootstrap.GradleDaemon 7.0.2
java_class_path (initial): C:\Users\Siddhi Anil Bairagi\.gradle\wrapper\dists\gradle-7.0.2-bin\857tjihv64xamwrf0h14cai3r\gradle-7.0.2\lib\gradle-launcher-7.0.2.jar
Launcher Type: SUN_STANDARD

[Global flags]
     intx CICompilerCount                          = 4                                         {product} {ergonomic}
     uint ConcGCThreads                            = 2                                         {product} {ergonomic}
     uint G1ConcRefinementThreads                  = 8                                         {product} {ergonomic}
   size_t G1HeapRegionSize                         = 1048576                                   {product} {ergonomic}
    uintx GCDrainStackTargetSize                   = 64                                        {product} {ergonomic}
   size_t InitialHeapSize                          = 132120576                                 {product} {ergonomic}
   size_t MarkStackSize                            = 4194304                                   {product} {ergonomic}
   size_t MaxHeapSize                              = 2147483648                                {product} {command line}
   size_t MaxNewSize                               = 1287651328                                {product} {ergonomic}
   size_t MinHeapDeltaBytes                        = 1048576                                   {product} {ergonomic}
    uintx NonNMethodCodeHeapSize                   = 5836300                                {pd product} {ergonomic}
    uintx NonProfiledCodeHeapSize                  = 122910970                              {pd product} {ergonomic}
    uintx ProfiledCodeHeapSize                     = 122910970                              {pd product} {ergonomic}
    uintx ReservedCodeCacheSize                    = 251658240                              {pd product} {ergonomic}
     bool SegmentedCodeCache                       = true                                      {product} {ergonomic}
     bool UseCompressedClassPointers               = true                                 {lp64_product} {ergonomic}
     bool UseCompressedOops                        = true                                 {lp64_product} {ergonomic}
     bool UseG1GC                                  = true                                      {product} {ergonomic}
     bool UseLargePagesIndividualAllocation        = false                                  {pd product} {ergonomic}

Logging:
Log output configuration:
 #0: stdout all=warning uptime,level,tags
 #1: stderr all=off uptime,level,tags

Environment Variables:
PATH=c:\windows\system32;c:\windows;c:\windows\system32\wbem;c:\windows\system32\windowspowershell\v1.0\;c:\windows\system32\openssh\;c:\program files\microsoft vs code\bin;c:\program files\dotnet\;d:\mingw\bin;c:\program files\git\cmd;C:\Program Files (x86)\NVIDIA Corporation\PhysX\Common;C:\Users\Siddhi Anil Bairagi\AppData\Local\Microsoft\WindowsApps;
USERNAME=Siddhi Anil Bairagi
OS=Windows_NT
PROCESSOR_IDENTIFIER=Intel64 Family 6 Model 158 Stepping 10, GenuineIntel



---------------  S Y S T E M  ---------------

OS: Windows 10 , 64 bit Build 19041 (10.0.19041.1202)
OS uptime: 0 days 0:42 hours

CPU:total 8 (initial active 8) (4 cores per cpu, 2 threads per core) family 6 model 158 stepping 10 microcode 0xb4, cmov, cx8, fxsr, mmx, sse, sse2, sse3, ssse3, sse4.1, sse4.2, popcnt, avx, avx2, aes, clmul, erms, 3dnowpref, lzcnt, ht, tsc, tscinvbit, bmi1, bmi2, adx, fma

Memory: 4k page, system-wide physical 8034M (2523M free)
TotalPageFile size 8034M (AvailPageFile size 6M)
current process WorkingSet (physical memory assigned to process): 210M, peak: 211M
current process commit charge ("private bytes"): 277M, peak: 280M

vm_info: OpenJDK 64-Bit Server VM (11.0.10+0-b96-7249189) for windows-amd64 JRE (11.0.10+0-b96-7249189), built on Mar 31 2021 21:44:00 by "builder" with MS VC++ 14.0 (VS2015)

END.
