#
# There is insufficient memory for the Java Runtime Environment to continue.
# Native memory allocation (malloc) failed to allocate 1261376 bytes for Chunk::new
# Possible reasons:
#   The system is out of physical RAM or swap space
#   The process is running with CompressedOops enabled, and the Java Heap may be blocking the growth of the native heap
# Possible solutions:
#   Reduce memory load on the system
#   Increase physical memory or swap space
#   Check if swap backing store is full
#   Decrease Java heap size (-Xmx/-Xms)
#   Decrease number of Java threads
#   Decrease Java thread stack sizes (-Xss)
#   Set larger code cache with -XX:ReservedCodeCacheSize=
#   JVM is running with Unscaled Compressed Oops mode in which the Java heap is
#     placed in the first 4GB address space. The Java Heap base address is the
#     maximum limit for the native heap growth. Please use -XX:HeapBaseMinAddress
#     to set the Java Heap base and to place the Java Heap above 4GB virtual address.
# This output file may be truncated or incomplete.
#
#  Out of Memory Error (./src/hotspot/share/memory/arena.cpp:197), pid=5760, tid=5948
#
# JRE version: OpenJDK Runtime Environment (11.0.10) (build 11.0.10+0-b96-7249189)
# Java VM: OpenJDK 64-Bit Server VM (11.0.10+0-b96-7249189, mixed mode, tiered, compressed oops, g1 gc, windows-amd64)
# No core dump will be written. Minidumps are not enabled by default on client versions of Windows
#

---------------  S U M M A R Y ------------

Command Line: org.jetbrains.kotlin.cli.jvm.K2JVMCompiler @C:\Users\Siddhi Anil Bairagi\StudioProjects\BSRDigiCoin\app\build\20220101_8232419674914887155.compiler.options

Host: Intel(R) Core(TM) i5-8300H CPU @ 2.30GHz, 8 cores, 7G,  Windows 10 , 64 bit Build 19041 (10.0.19041.1202)
Time: Sat Jan  1 05:23:00 2022 India Standard Time elapsed time: 2.367836 seconds (0d 0h 0m 2s)

---------------  T H R E A D  ---------------

Current thread (0x000001cac7e00800):  JavaThread "C2 CompilerThread1" daemon [_thread_in_native, id=5948, stack(0x0000000e32700000,0x0000000e32800000)]


Current CompileTask:
C2:   2367 3261   !   4       jdk.internal.loader.BuiltinClassLoader::findClassOnClassPathOrNull (64 bytes)

Stack: [0x0000000e32700000,0x0000000e32800000]
Native frames: (J=compiled Java code, j=interpreted, Vv=VM code, C=native code)
V  [jvm.dll+0x5ecfaa]
V  [jvm.dll+0x722bd5]
V  [jvm.dll+0x72412d]
V  [jvm.dll+0x7247e3]
V  [jvm.dll+0x242928]
V  [jvm.dll+0xbc4fc]
V  [jvm.dll+0xbca0c]
V  [jvm.dll+0x2b4fd4]
V  [jvm.dll+0x506028]
V  [jvm.dll+0x203253]
V  [jvm.dll+0x1fd07c]
V  [jvm.dll+0x1fa77f]
V  [jvm.dll+0x18354c]
V  [jvm.dll+0x208ee7]
V  [jvm.dll+0x207731]
V  [jvm.dll+0x6eb1cf]
V  [jvm.dll+0x6e3d45]
V  [jvm.dll+0x5ebe96]
C  [ucrtbase.dll+0x21bb2]
C  [KERNEL32.DLL+0x17034]
C  [ntdll.dll+0x52651]


---------------  P R O C E S S  ---------------

Threads class SMR info:
_java_thread_list=0x000001cac7dd30d0, length=12, elements={
0x000001caac7e9800, 0x000001cac72e9800, 0x000001cac72f3000, 0x000001cac7c77800,
0x000001cac7c79800, 0x000001cac7c7b000, 0x000001cac7c81800, 0x000001cac730e800,
0x000001cac7313800, 0x000001cac7dde000, 0x000001cac7e00800, 0x000001cac7dd6000
}

Java Threads: ( => current thread )
  0x000001caac7e9800 JavaThread "main" [_thread_in_Java, id=1644, stack(0x0000000e31600000,0x0000000e31700000)]
  0x000001cac72e9800 JavaThread "Reference Handler" daemon [_thread_blocked, id=8988, stack(0x0000000e31d00000,0x0000000e31e00000)]
  0x000001cac72f3000 JavaThread "Finalizer" daemon [_thread_blocked, id=1396, stack(0x0000000e31e00000,0x0000000e31f00000)]
  0x000001cac7c77800 JavaThread "Signal Dispatcher" daemon [_thread_blocked, id=4660, stack(0x0000000e31f00000,0x0000000e32000000)]
  0x000001cac7c79800 JavaThread "Attach Listener" daemon [_thread_blocked, id=3996, stack(0x0000000e32000000,0x0000000e32100000)]
  0x000001cac7c7b000 JavaThread "Service Thread" daemon [_thread_blocked, id=5700, stack(0x0000000e32100000,0x0000000e32200000)]
  0x000001cac7c81800 JavaThread "C2 CompilerThread0" daemon [_thread_in_native, id=8848, stack(0x0000000e32200000,0x0000000e32300000)]
  0x000001cac730e800 JavaThread "C1 CompilerThread0" daemon [_thread_in_native, id=1804, stack(0x0000000e32300000,0x0000000e32400000)]
  0x000001cac7313800 JavaThread "Sweeper thread" daemon [_thread_blocked, id=8720, stack(0x0000000e32400000,0x0000000e32500000)]
  0x000001cac7dde000 JavaThread "Common-Cleaner" daemon [_thread_blocked, id=7180, stack(0x0000000e32600000,0x0000000e32700000)]
=>0x000001cac7e00800 JavaThread "C2 CompilerThread1" daemon [_thread_in_native, id=5948, stack(0x0000000e32700000,0x0000000e32800000)]
  0x000001cac7dd6000 JavaThread "C2 CompilerThread2" daemon [_thread_in_native, id=8868, stack(0x0000000e32800000,0x0000000e32900000)]

Other Threads:
  0x000001cac72e4800 VMThread "VM Thread" [stack: 0x0000000e31c00000,0x0000000e31d00000] [id=1416]
  0x000001cac7ddf800 WatcherThread [stack: 0x0000000e32500000,0x0000000e32600000] [id=3700]
  0x000001caac801000 GCTaskThread "GC Thread#0" [stack: 0x0000000e31700000,0x0000000e31800000] [id=6072]
  0x000001cac8403800 GCTaskThread "GC Thread#1" [stack: 0x0000000e32900000,0x0000000e32a00000] [id=2148]
  0x000001cac8435000 GCTaskThread "GC Thread#2" [stack: 0x0000000e32a00000,0x0000000e32b00000] [id=7664]
  0x000001caac832800 ConcurrentGCThread "G1 Main Marker" [stack: 0x0000000e31800000,0x0000000e31900000] [id=6004]
  0x000001caac834000 ConcurrentGCThread "G1 Conc#0" [stack: 0x0000000e31900000,0x0000000e31a00000] [id=5220]
  0x000001cac90f1800 ConcurrentGCThread "G1 Conc#1" [stack: 0x0000000e32b00000,0x0000000e32c00000] [id=4212]
  0x000001cac7130800 ConcurrentGCThread "G1 Refine#0" [stack: 0x0000000e31a00000,0x0000000e31b00000] [id=1120]
  0x000001cacd8a6800 ConcurrentGCThread "G1 Refine#1" [stack: 0x0000000e32c00000,0x0000000e32d00000] [id=8544]
  0x000001cac8773800 ConcurrentGCThread "G1 Refine#2" [stack: 0x0000000e32d00000,0x0000000e32e00000] [id=2388]
  0x000001cacb8c6000 ConcurrentGCThread "G1 Refine#3" [stack: 0x0000000e32e00000,0x0000000e32f00000] [id=8568]
  0x000001cac7131000 ConcurrentGCThread "G1 Young RemSet Sampling" [stack: 0x0000000e31b00000,0x0000000e31c00000] [id=1116]

Threads with active compile tasks:
C2 CompilerThread0   2374 3415       4       sun.nio.fs.WindowsPathParser::normalize (233 bytes)
C1 CompilerThread0   2374 3450       3       org.jetbrains.kotlin.storage.StorageKt::getValue (19 bytes)
C2 CompilerThread1   2374 3261   !   4       jdk.internal.loader.BuiltinClassLoader::findClassOnClassPathOrNull (64 bytes)
C2 CompilerThread2   2374 3430   !   4       java.util.zip.ZipFile$ZipFileInflaterInputStream::close (67 bytes)

VM state:not at safepoint (normal execution)

VM Mutex/Monitor currently owned by a thread: None

Heap address: 0x0000000082600000, size: 2010 MB, Compressed Oops mode: 32-bit
Narrow klass base: 0x0000000000000000, Narrow klass shift: 3
Compressed class space size: 1073741824 Address: 0x0000000100000000

Heap:
 garbage-first heap   total 160768K, used 77777K [0x0000000082600000, 0x0000000100000000)
  region size 1024K, 55 young (56320K), 2 survivors (2048K)
 Metaspace       used 45837K, capacity 46464K, committed 46640K, reserved 1089536K
  class space    used 5461K, capacity 5703K, committed 5760K, reserved 1048576K
Heap Regions: E=young(eden), S=young(survivor), O=old, HS=humongous(starts), HC=humongous(continues), CS=collection set, F=free, A=archive, TAMS=top-at-mark-start (previous, next)
|   0|0x0000000082600000, 0x0000000082700000, 0x0000000082700000|100%|HS|  |TAMS 0x0000000082700000, 0x0000000082600000| Complete 
|   1|0x0000000082700000, 0x0000000082800000, 0x0000000082800000|100%|HC|  |TAMS 0x0000000082800000, 0x0000000082700000| Complete 
|   2|0x0000000082800000, 0x0000000082900000, 0x0000000082900000|100%|HC|  |TAMS 0x0000000082900000, 0x0000000082800000| Complete 
|   3|0x0000000082900000, 0x0000000082a00000, 0x0000000082a00000|100%|HS|  |TAMS 0x0000000082a00000, 0x0000000082900000| Complete 
|   4|0x0000000082a00000, 0x0000000082b00000, 0x0000000082b00000|100%|HC|  |TAMS 0x0000000082b00000, 0x0000000082a00000| Complete 
|   5|0x0000000082b00000, 0x0000000082c00000, 0x0000000082c00000|100%|HC|  |TAMS 0x0000000082c00000, 0x0000000082b00000| Complete 
|   6|0x0000000082c00000, 0x0000000082d00000, 0x0000000082d00000|100%|HS|  |TAMS 0x0000000082d00000, 0x0000000082c00000| Complete 
|   7|0x0000000082d00000, 0x0000000082e00000, 0x0000000082e00000|100%|HC|  |TAMS 0x0000000082e00000, 0x0000000082d00000| Complete 
|   8|0x0000000082e00000, 0x0000000082f00000, 0x0000000082f00000|100%| O|  |TAMS 0x0000000082f00000, 0x0000000082e00000| Untracked 
|   9|0x0000000082f00000, 0x0000000083000000, 0x0000000083000000|100%| O|  |TAMS 0x0000000083000000, 0x0000000082f00000| Untracked 
|  10|0x0000000083000000, 0x0000000083100000, 0x0000000083100000|100%| O|  |TAMS 0x0000000083100000, 0x0000000083000000| Untracked 
|  11|0x0000000083100000, 0x0000000083200000, 0x0000000083200000|100%| O|  |TAMS 0x0000000083200000, 0x0000000083100000| Untracked 
|  12|0x0000000083200000, 0x0000000083300000, 0x0000000083300000|100%| O|  |TAMS 0x0000000083300000, 0x0000000083200000| Untracked 
|  13|0x0000000083300000, 0x0000000083400000, 0x0000000083400000|100%| O|  |TAMS 0x0000000083400000, 0x0000000083300000| Untracked 
|  14|0x0000000083400000, 0x0000000083500000, 0x0000000083500000|100%| O|  |TAMS 0x0000000083500000, 0x0000000083400000| Untracked 
|  15|0x0000000083500000, 0x0000000083600000, 0x0000000083600000|100%| O|  |TAMS 0x0000000083600000, 0x0000000083500000| Untracked 
|  16|0x0000000083600000, 0x0000000083700000, 0x0000000083700000|100%| O|  |TAMS 0x0000000083700000, 0x0000000083600000| Untracked 
|  17|0x0000000083700000, 0x0000000083800000, 0x0000000083800000|100%| O|  |TAMS 0x0000000083800000, 0x0000000083700000| Untracked 
|  18|0x0000000083800000, 0x0000000083900000, 0x0000000083900000|100%| O|  |TAMS 0x0000000083900000, 0x0000000083800000| Untracked 
|  19|0x0000000083900000, 0x0000000083a00000, 0x0000000083a00000|100%| O|  |TAMS 0x0000000083a00000, 0x0000000083900000| Untracked 
|  20|0x0000000083a00000, 0x0000000083ad7600, 0x0000000083b00000| 84%| O|  |TAMS 0x0000000083ad7600, 0x0000000083a00000| Untracked 
|  21|0x0000000083b00000, 0x0000000083c00000, 0x0000000083c00000|100%|HS|  |TAMS 0x0000000083b00000, 0x0000000083b00000| Complete 
|  22|0x0000000083c00000, 0x0000000083d00000, 0x0000000083d00000|100%|HC|  |TAMS 0x0000000083c00000, 0x0000000083c00000| Complete 
|  23|0x0000000083d00000, 0x0000000083d00000, 0x0000000083e00000|  0%| F|  |TAMS 0x0000000083d00000, 0x0000000083d00000| Untracked 
|  24|0x0000000083e00000, 0x0000000083e00000, 0x0000000083f00000|  0%| F|  |TAMS 0x0000000083e00000, 0x0000000083e00000| Untracked 
|  25|0x0000000083f00000, 0x0000000083f00000, 0x0000000084000000|  0%| F|  |TAMS 0x0000000083f00000, 0x0000000083f00000| Untracked 
|  26|0x0000000084000000, 0x0000000084000000, 0x0000000084100000|  0%| F|  |TAMS 0x0000000084000000, 0x0000000084000000| Untracked 
|  27|0x0000000084100000, 0x0000000084100000, 0x0000000084200000|  0%| F|  |TAMS 0x0000000084100000, 0x0000000084100000| Untracked 
|  28|0x0000000084200000, 0x0000000084200000, 0x0000000084300000|  0%| F|  |TAMS 0x0000000084200000, 0x0000000084200000| Untracked 
|  29|0x0000000084300000, 0x0000000084300000, 0x0000000084400000|  0%| F|  |TAMS 0x0000000084300000, 0x0000000084300000| Untracked 
|  30|0x0000000084400000, 0x0000000084400000, 0x0000000084500000|  0%| F|  |TAMS 0x0000000084400000, 0x0000000084400000| Untracked 
|  31|0x0000000084500000, 0x0000000084500000, 0x0000000084600000|  0%| F|  |TAMS 0x0000000084500000, 0x0000000084500000| Untracked 
|  32|0x0000000084600000, 0x0000000084600000, 0x0000000084700000|  0%| F|  |TAMS 0x0000000084600000, 0x0000000084600000| Untracked 
|  33|0x0000000084700000, 0x0000000084700000, 0x0000000084800000|  0%| F|  |TAMS 0x0000000084700000, 0x0000000084700000| Untracked 
|  34|0x0000000084800000, 0x0000000084800000, 0x0000000084900000|  0%| F|  |TAMS 0x0000000084800000, 0x0000000084800000| Untracked 
|  35|0x0000000084900000, 0x0000000084900000, 0x0000000084a00000|  0%| F|  |TAMS 0x0000000084900000, 0x0000000084900000| Untracked 
|  36|0x0000000084a00000, 0x0000000084a00000, 0x0000000084b00000|  0%| F|  |TAMS 0x0000000084a00000, 0x0000000084a00000| Untracked 
|  37|0x0000000084b00000, 0x0000000084b00000, 0x0000000084c00000|  0%| F|  |TAMS 0x0000000084b00000, 0x0000000084b00000| Untracked 
|  38|0x0000000084c00000, 0x0000000084c00000, 0x0000000084d00000|  0%| F|  |TAMS 0x0000000084c00000, 0x0000000084c00000| Untracked 
|  39|0x0000000084d00000, 0x0000000084d00000, 0x0000000084e00000|  0%| F|  |TAMS 0x0000000084d00000, 0x0000000084d00000| Untracked 
|  40|0x0000000084e00000, 0x0000000084e00000, 0x0000000084f00000|  0%| F|  |TAMS 0x0000000084e00000, 0x0000000084e00000| Untracked 
|  41|0x0000000084f00000, 0x0000000084f00000, 0x0000000085000000|  0%| F|  |TAMS 0x0000000084f00000, 0x0000000084f00000| Untracked 
|  42|0x0000000085000000, 0x0000000085000000, 0x0000000085100000|  0%| F|  |TAMS 0x0000000085000000, 0x0000000085000000| Untracked 
|  43|0x0000000085100000, 0x0000000085100000, 0x0000000085200000|  0%| F|  |TAMS 0x0000000085100000, 0x0000000085100000| Untracked 
|  44|0x0000000085200000, 0x0000000085200000, 0x0000000085300000|  0%| F|  |TAMS 0x0000000085200000, 0x0000000085200000| Untracked 
|  45|0x0000000085300000, 0x0000000085300000, 0x0000000085400000|  0%| F|  |TAMS 0x0000000085300000, 0x0000000085300000| Untracked 
|  46|0x0000000085400000, 0x0000000085400000, 0x0000000085500000|  0%| F|  |TAMS 0x0000000085400000, 0x0000000085400000| Untracked 
|  47|0x0000000085500000, 0x0000000085500000, 0x0000000085600000|  0%| F|  |TAMS 0x0000000085500000, 0x0000000085500000| Untracked 
|  48|0x0000000085600000, 0x0000000085600000, 0x0000000085700000|  0%| F|  |TAMS 0x0000000085600000, 0x0000000085600000| Untracked 
|  49|0x0000000085700000, 0x0000000085700000, 0x0000000085800000|  0%| F|  |TAMS 0x0000000085700000, 0x0000000085700000| Untracked 
|  50|0x0000000085800000, 0x0000000085800000, 0x0000000085900000|  0%| F|  |TAMS 0x0000000085800000, 0x0000000085800000| Untracked 
|  51|0x0000000085900000, 0x0000000085900000, 0x0000000085a00000|  0%| F|  |TAMS 0x0000000085900000, 0x0000000085900000| Untracked 
|  52|0x0000000085a00000, 0x0000000085a00000, 0x0000000085b00000|  0%| F|  |TAMS 0x0000000085a00000, 0x0000000085a00000| Untracked 
|  53|0x0000000085b00000, 0x0000000085b00000, 0x0000000085c00000|  0%| F|  |TAMS 0x0000000085b00000, 0x0000000085b00000| Untracked 
|  54|0x0000000085c00000, 0x0000000085c00000, 0x0000000085d00000|  0%| F|  |TAMS 0x0000000085c00000, 0x0000000085c00000| Untracked 
|  55|0x0000000085d00000, 0x0000000085d00000, 0x0000000085e00000|  0%| F|  |TAMS 0x0000000085d00000, 0x0000000085d00000| Untracked 
|  56|0x0000000085e00000, 0x0000000085e00000, 0x0000000085f00000|  0%| F|  |TAMS 0x0000000085e00000, 0x0000000085e00000| Untracked 
|  57|0x0000000085f00000, 0x0000000085f00000, 0x0000000086000000|  0%| F|  |TAMS 0x0000000085f00000, 0x0000000085f00000| Untracked 
|  58|0x0000000086000000, 0x0000000086000000, 0x0000000086100000|  0%| F|  |TAMS 0x0000000086000000, 0x0000000086000000| Untracked 
|  59|0x0000000086100000, 0x0000000086100000, 0x0000000086200000|  0%| F|  |TAMS 0x0000000086100000, 0x0000000086100000| Untracked 
|  60|0x0000000086200000, 0x0000000086200000, 0x0000000086300000|  0%| F|  |TAMS 0x0000000086200000, 0x0000000086200000| Untracked 
|  61|0x0000000086300000, 0x0000000086300000, 0x0000000086400000|  0%| F|  |TAMS 0x0000000086300000, 0x0000000086300000| Untracked 
|  62|0x0000000086400000, 0x0000000086400000, 0x0000000086500000|  0%| F|  |TAMS 0x0000000086400000, 0x0000000086400000| Untracked 
|  63|0x0000000086500000, 0x0000000086500000, 0x0000000086600000|  0%| F|  |TAMS 0x0000000086500000, 0x0000000086500000| Untracked 
|  64|0x0000000086600000, 0x0000000086600000, 0x0000000086700000|  0%| F|  |TAMS 0x0000000086600000, 0x0000000086600000| Untracked 
|  65|0x0000000086700000, 0x0000000086700000, 0x0000000086800000|  0%| F|  |TAMS 0x0000000086700000, 0x0000000086700000| Untracked 
|  66|0x0000000086800000, 0x0000000086800000, 0x0000000086900000|  0%| F|  |TAMS 0x0000000086800000, 0x0000000086800000| Untracked 
|  67|0x0000000086900000, 0x0000000086900000, 0x0000000086a00000|  0%| F|  |TAMS 0x0000000086900000, 0x0000000086900000| Untracked 
|  68|0x0000000086a00000, 0x0000000086a00000, 0x0000000086b00000|  0%| F|  |TAMS 0x0000000086a00000, 0x0000000086a00000| Untracked 
|  69|0x0000000086b00000, 0x0000000086b00000, 0x0000000086c00000|  0%| F|  |TAMS 0x0000000086b00000, 0x0000000086b00000| Untracked 
|  70|0x0000000086c00000, 0x0000000086c00000, 0x0000000086d00000|  0%| F|  |TAMS 0x0000000086c00000, 0x0000000086c00000| Untracked 
|  71|0x0000000086d00000, 0x0000000086d00000, 0x0000000086e00000|  0%| F|  |TAMS 0x0000000086d00000, 0x0000000086d00000| Untracked 
|  72|0x0000000086e00000, 0x0000000086e00000, 0x0000000086f00000|  0%| F|  |TAMS 0x0000000086e00000, 0x0000000086e00000| Untracked 
|  73|0x0000000086f00000, 0x0000000086f00000, 0x0000000087000000|  0%| F|  |TAMS 0x0000000086f00000, 0x0000000086f00000| Untracked 
|  74|0x0000000087000000, 0x0000000087000000, 0x0000000087100000|  0%| F|  |TAMS 0x0000000087000000, 0x0000000087000000| Untracked 
|  75|0x0000000087100000, 0x0000000087100000, 0x0000000087200000|  0%| F|  |TAMS 0x0000000087100000, 0x0000000087100000| Untracked 
|  76|0x0000000087200000, 0x0000000087200000, 0x0000000087300000|  0%| F|  |TAMS 0x0000000087200000, 0x0000000087200000| Untracked 
|  77|0x0000000087300000, 0x0000000087300000, 0x0000000087400000|  0%| F|  |TAMS 0x0000000087300000, 0x0000000087300000| Untracked 
|  78|0x0000000087400000, 0x0000000087400000, 0x0000000087500000|  0%| F|  |TAMS 0x0000000087400000, 0x0000000087400000| Untracked 
|  79|0x0000000087500000, 0x0000000087500000, 0x0000000087600000|  0%| F|  |TAMS 0x0000000087500000, 0x0000000087500000| Untracked 
|  80|0x0000000087600000, 0x0000000087600000, 0x0000000087700000|  0%| F|  |TAMS 0x0000000087600000, 0x0000000087600000| Untracked 
|  81|0x0000000087700000, 0x0000000087700000, 0x0000000087800000|  0%| F|  |TAMS 0x0000000087700000, 0x0000000087700000| Untracked 
|  82|0x0000000087800000, 0x0000000087800000, 0x0000000087900000|  0%| F|  |TAMS 0x0000000087800000, 0x0000000087800000| Untracked 
|  83|0x0000000087900000, 0x0000000087900000, 0x0000000087a00000|  0%| F|  |TAMS 0x0000000087900000, 0x0000000087900000| Untracked 
|  84|0x0000000087a00000, 0x0000000087a00000, 0x0000000087b00000|  0%| F|  |TAMS 0x0000000087a00000, 0x0000000087a00000| Untracked 
|  85|0x0000000087b00000, 0x0000000087b00000, 0x0000000087c00000|  0%| F|  |TAMS 0x0000000087b00000, 0x0000000087b00000| Untracked 
|  86|0x0000000087c00000, 0x0000000087c00000, 0x0000000087d00000|  0%| F|  |TAMS 0x0000000087c00000, 0x0000000087c00000| Untracked 
|  87|0x0000000087d00000, 0x0000000087d00000, 0x0000000087e00000|  0%| F|  |TAMS 0x0000000087d00000, 0x0000000087d00000| Untracked 
|  88|0x0000000087e00000, 0x0000000087e00000, 0x0000000087f00000|  0%| F|  |TAMS 0x0000000087e00000, 0x0000000087e00000| Untracked 
|  89|0x0000000087f00000, 0x0000000087f00000, 0x0000000088000000|  0%| F|  |TAMS 0x0000000087f00000, 0x0000000087f00000| Untracked 
|  90|0x0000000088000000, 0x0000000088000000, 0x0000000088100000|  0%| F|  |TAMS 0x0000000088000000, 0x0000000088000000| Untracked 
|  91|0x0000000088100000, 0x0000000088100000, 0x0000000088200000|  0%| F|  |TAMS 0x0000000088100000, 0x0000000088100000| Untracked 
|  92|0x0000000088200000, 0x0000000088200000, 0x0000000088300000|  0%| F|  |TAMS 0x0000000088200000, 0x0000000088200000| Untracked 
|  93|0x0000000088300000, 0x0000000088300000, 0x0000000088400000|  0%| F|  |TAMS 0x0000000088300000, 0x0000000088300000| Untracked 
|  94|0x0000000088400000, 0x0000000088400000, 0x0000000088500000|  0%| F|  |TAMS 0x0000000088400000, 0x0000000088400000| Untracked 
|  95|0x0000000088500000, 0x0000000088500000, 0x0000000088600000|  0%| F|  |TAMS 0x0000000088500000, 0x0000000088500000| Untracked 
|  96|0x0000000088600000, 0x0000000088600000, 0x0000000088700000|  0%| F|  |TAMS 0x0000000088600000, 0x0000000088600000| Untracked 
|  97|0x0000000088700000, 0x0000000088700000, 0x0000000088800000|  0%| F|  |TAMS 0x0000000088700000, 0x0000000088700000| Untracked 
|  98|0x0000000088800000, 0x0000000088800000, 0x0000000088900000|  0%| F|  |TAMS 0x0000000088800000, 0x0000000088800000| Untracked 
|  99|0x0000000088900000, 0x0000000088900000, 0x0000000088a00000|  0%| F|  |TAMS 0x0000000088900000, 0x0000000088900000| Untracked 
| 100|0x0000000088a00000, 0x0000000088a00000, 0x0000000088b00000|  0%| F|  |TAMS 0x0000000088a00000, 0x0000000088a00000| Untracked 
| 101|0x0000000088b00000, 0x0000000088b00000, 0x0000000088c00000|  0%| F|  |TAMS 0x0000000088b00000, 0x0000000088b00000| Untracked 
| 102|0x0000000088c00000, 0x0000000088c80800, 0x0000000088d00000| 50%| E|  |TAMS 0x0000000088c00000, 0x0000000088c00000| Complete 
| 103|0x0000000088d00000, 0x0000000088e00000, 0x0000000088e00000|100%| E|CS|TAMS 0x0000000088d00000, 0x0000000088d00000| Complete 
| 104|0x0000000088e00000, 0x0000000088f00000, 0x0000000088f00000|100%| E|CS|TAMS 0x0000000088e00000, 0x0000000088e00000| Complete 
| 105|0x0000000088f00000, 0x0000000089000000, 0x0000000089000000|100%| E|CS|TAMS 0x0000000088f00000, 0x0000000088f00000| Complete 
| 106|0x0000000089000000, 0x0000000089100000, 0x0000000089100000|100%| E|CS|TAMS 0x0000000089000000, 0x0000000089000000| Complete 
| 107|0x0000000089100000, 0x0000000089200000, 0x0000000089200000|100%| E|CS|TAMS 0x0000000089100000, 0x0000000089100000| Complete 
| 108|0x0000000089200000, 0x0000000089300000, 0x0000000089300000|100%| E|CS|TAMS 0x0000000089200000, 0x0000000089200000| Complete 
| 109|0x0000000089300000, 0x0000000089400000, 0x0000000089400000|100%| E|CS|TAMS 0x0000000089300000, 0x0000000089300000| Complete 
| 110|0x0000000089400000, 0x0000000089500000, 0x0000000089500000|100%| E|CS|TAMS 0x0000000089400000, 0x0000000089400000| Complete 
| 111|0x0000000089500000, 0x0000000089600000, 0x0000000089600000|100%| E|CS|TAMS 0x0000000089500000, 0x0000000089500000| Complete 
| 112|0x0000000089600000, 0x000000008961d170, 0x0000000089700000| 11%| S|CS|TAMS 0x0000000089600000, 0x0000000089600000| Complete 
| 113|0x0000000089700000, 0x0000000089800000, 0x0000000089800000|100%| S|CS|TAMS 0x0000000089700000, 0x0000000089700000| Complete 
| 114|0x0000000089800000, 0x0000000089900000, 0x0000000089900000|100%| E|CS|TAMS 0x0000000089800000, 0x0000000089800000| Complete 
| 115|0x0000000089900000, 0x0000000089a00000, 0x0000000089a00000|100%| E|CS|TAMS 0x0000000089900000, 0x0000000089900000| Complete 
| 116|0x0000000089a00000, 0x0000000089b00000, 0x0000000089b00000|100%| E|CS|TAMS 0x0000000089a00000, 0x0000000089a00000| Complete 
| 117|0x0000000089b00000, 0x0000000089c00000, 0x0000000089c00000|100%| E|CS|TAMS 0x0000000089b00000, 0x0000000089b00000| Complete 
| 118|0x0000000089c00000, 0x0000000089d00000, 0x0000000089d00000|100%| E|CS|TAMS 0x0000000089c00000, 0x0000000089c00000| Complete 
| 119|0x0000000089d00000, 0x0000000089e00000, 0x0000000089e00000|100%| E|CS|TAMS 0x0000000089d00000, 0x0000000089d00000| Complete 
| 120|0x0000000089e00000, 0x0000000089f00000, 0x0000000089f00000|100%| E|CS|TAMS 0x0000000089e00000, 0x0000000089e00000| Complete 
| 121|0x0000000089f00000, 0x000000008a000000, 0x000000008a000000|100%| E|CS|TAMS 0x0000000089f00000, 0x0000000089f00000| Complete 
| 122|0x000000008a000000, 0x000000008a100000, 0x000000008a100000|100%| E|CS|TAMS 0x000000008a000000, 0x000000008a000000| Complete 
| 123|0x000000008a100000, 0x000000008a200000, 0x000000008a200000|100%| E|CS|TAMS 0x000000008a100000, 0x000000008a100000| Complete 
| 124|0x000000008a200000, 0x000000008a300000, 0x000000008a300000|100%| E|CS|TAMS 0x000000008a200000, 0x000000008a200000| Complete 
| 125|0x000000008a300000, 0x000000008a400000, 0x000000008a400000|100%| E|CS|TAMS 0x000000008a300000, 0x000000008a300000| Complete 
| 126|0x000000008a400000, 0x000000008a500000, 0x000000008a500000|100%| E|CS|TAMS 0x000000008a400000, 0x000000008a400000| Complete 
| 127|0x000000008a500000, 0x000000008a600000, 0x000000008a600000|100%| E|CS|TAMS 0x000000008a500000, 0x000000008a500000| Complete 
| 128|0x000000008a600000, 0x000000008a700000, 0x000000008a700000|100%| E|CS|TAMS 0x000000008a600000, 0x000000008a600000| Complete 
| 129|0x000000008a700000, 0x000000008a800000, 0x000000008a800000|100%| E|CS|TAMS 0x000000008a700000, 0x000000008a700000| Complete 
| 130|0x000000008a800000, 0x000000008a900000, 0x000000008a900000|100%| E|CS|TAMS 0x000000008a800000, 0x000000008a800000| Complete 
| 131|0x000000008a900000, 0x000000008aa00000, 0x000000008aa00000|100%| E|CS|TAMS 0x000000008a900000, 0x000000008a900000| Complete 
| 132|0x000000008aa00000, 0x000000008ab00000, 0x000000008ab00000|100%| E|CS|TAMS 0x000000008aa00000, 0x000000008aa00000| Complete 
| 133|0x000000008ab00000, 0x000000008ac00000, 0x000000008ac00000|100%| E|CS|TAMS 0x000000008ab00000, 0x000000008ab00000| Complete 
| 134|0x000000008ac00000, 0x000000008ad00000, 0x000000008ad00000|100%| E|CS|TAMS 0x000000008ac00000, 0x000000008ac00000| Complete 
| 135|0x000000008ad00000, 0x000000008ae00000, 0x000000008ae00000|100%| E|CS|TAMS 0x000000008ad00000, 0x000000008ad00000| Complete 
| 136|0x000000008ae00000, 0x000000008af00000, 0x000000008af00000|100%| E|CS|TAMS 0x000000008ae00000, 0x000000008ae00000| Complete 
| 137|0x000000008af00000, 0x000000008b000000, 0x000000008b000000|100%| E|CS|TAMS 0x000000008af00000, 0x000000008af00000| Complete 
| 138|0x000000008b000000, 0x000000008b100000, 0x000000008b100000|100%| E|CS|TAMS 0x000000008b000000, 0x000000008b000000| Complete 
| 139|0x000000008b100000, 0x000000008b200000, 0x000000008b200000|100%| E|CS|TAMS 0x000000008b100000, 0x000000008b100000| Complete 
| 140|0x000000008b200000, 0x000000008b300000, 0x000000008b300000|100%| E|CS|TAMS 0x000000008b200000, 0x000000008b200000| Complete 
| 141|0x000000008b300000, 0x000000008b400000, 0x000000008b400000|100%| E|CS|TAMS 0x000000008b300000, 0x000000008b300000| Complete 
| 142|0x000000008b400000, 0x000000008b500000, 0x000000008b500000|100%| E|CS|TAMS 0x000000008b400000, 0x000000008b400000| Complete 
| 143|0x000000008b500000, 0x000000008b600000, 0x000000008b600000|100%| E|CS|TAMS 0x000000008b500000, 0x000000008b500000| Complete 
| 144|0x000000008b600000, 0x000000008b700000, 0x000000008b700000|100%| E|CS|TAMS 0x000000008b600000, 0x000000008b600000| Complete 
| 145|0x000000008b700000, 0x000000008b800000, 0x000000008b800000|100%| E|CS|TAMS 0x000000008b700000, 0x000000008b700000| Complete 
| 146|0x000000008b800000, 0x000000008b900000, 0x000000008b900000|100%| E|CS|TAMS 0x000000008b800000, 0x000000008b800000| Complete 
| 147|0x000000008b900000, 0x000000008ba00000, 0x000000008ba00000|100%| E|CS|TAMS 0x000000008b900000, 0x000000008b900000| Complete 
| 148|0x000000008ba00000, 0x000000008bb00000, 0x000000008bb00000|100%| E|CS|TAMS 0x000000008ba00000, 0x000000008ba00000| Complete 
| 149|0x000000008bb00000, 0x000000008bc00000, 0x000000008bc00000|100%| E|CS|TAMS 0x000000008bb00000, 0x000000008bb00000| Complete 
| 150|0x000000008bc00000, 0x000000008bd00000, 0x000000008bd00000|100%| E|CS|TAMS 0x000000008bc00000, 0x000000008bc00000| Complete 
| 151|0x000000008bd00000, 0x000000008be00000, 0x000000008be00000|100%| E|CS|TAMS 0x000000008bd00000, 0x000000008bd00000| Complete 
| 152|0x000000008be00000, 0x000000008bf00000, 0x000000008bf00000|100%| E|CS|TAMS 0x000000008be00000, 0x000000008be00000| Complete 
| 153|0x000000008bf00000, 0x000000008c000000, 0x000000008c000000|100%| E|CS|TAMS 0x000000008bf00000, 0x000000008bf00000| Complete 
| 154|0x000000008c000000, 0x000000008c100000, 0x000000008c100000|100%| E|CS|TAMS 0x000000008c000000, 0x000000008c000000| Complete 
| 155|0x000000008c100000, 0x000000008c200000, 0x000000008c200000|100%| E|CS|TAMS 0x000000008c100000, 0x000000008c100000| Complete 
| 156|0x000000008c200000, 0x000000008c300000, 0x000000008c300000|100%| E|CS|TAMS 0x000000008c200000, 0x000000008c200000| Complete 

Card table byte_map: [0x000001cac0140000,0x000001cac0530000] _byte_map_base: 0x000001cabfd2d000

Marking Bits (Prev, Next): (CMBitMap*) 0x000001caac829ea8, (CMBitMap*) 0x000001caac829ee0
 Prev Bits: [0x000001cac0920000, 0x000001cac2888000)
 Next Bits: [0x000001cac2890000, 0x000001cac47f8000)

Polling page: 0x000001caab000000

Metaspace:

Usage:
  Non-class:     39.81 MB capacity,    39.43 MB (>99%) used,   313.49 KB ( <1%) free+waste,    66.25 KB ( <1%) overhead. 
      Class:      5.57 MB capacity,     5.33 MB ( 96%) used,   211.52 KB (  4%) free+waste,    29.25 KB ( <1%) overhead. 
       Both:     45.38 MB capacity,    44.77 MB ( 99%) used,   525.02 KB (  1%) free+waste,    95.50 KB ( <1%) overhead. 

Virtual space:
  Non-class space:       40.00 MB reserved,      39.92 MB (>99%) committed 
      Class space:        1.00 GB reserved,       5.63 MB ( <1%) committed 
             Both:        1.04 GB reserved,      45.55 MB (  4%) committed 

Chunk freelists:
   Non-Class:  55.00 KB
       Class:  25.00 KB
        Both:  80.00 KB

MaxMetaspaceSize: 17179869184.00 GB
CompressedClassSpaceSize: 1.00 GB

CodeHeap 'non-profiled nmethods': size=120000Kb used=1471Kb max_used=1471Kb free=118528Kb
 bounds [0x000001cab7db0000, 0x000001cab8020000, 0x000001cabf2e0000]
CodeHeap 'profiled nmethods': size=120000Kb used=6708Kb max_used=6708Kb free=113291Kb
 bounds [0x000001cab0880000, 0x000001cab0f10000, 0x000001cab7db0000]
CodeHeap 'non-nmethods': size=5760Kb used=1186Kb max_used=1224Kb free=4573Kb
 bounds [0x000001cab02e0000, 0x000001cab0550000, 0x000001cab0880000]
 total_blobs=3994 nmethods=3454 adapters=451
 compilation: enabled
              stopped_count=0, restarted_count=0
 full_count=0

Compilation events (20 events):
Event: 2.358 Thread 0x000001cac730e800 nmethod 3420 0x000001cab0ef6210 code [0x000001cab0ef6560, 0x000001cab0ef78a8]
Event: 2.358 Thread 0x000001cac730e800 3421       3       org.jetbrains.kotlin.protobuf.GeneratedMessageLite$Builder::setUnknownFields (7 bytes)
Event: 2.358 Thread 0x000001cac730e800 nmethod 3421 0x000001cab0ef7d90 code [0x000001cab0ef7f40, 0x000001cab0ef8098]
Event: 2.360 Thread 0x000001cac730e800 3422       3       org.jetbrains.kotlin.com.intellij.psi.impl.source.PsiFileImpl::getViewProvider (14 bytes)
Event: 2.361 Thread 0x000001cac730e800 nmethod 3422 0x000001cab0ef8110 code [0x000001cab0ef82c0, 0x000001cab0ef8448]
Event: 2.363 Thread 0x000001cac730e800 3423       3       org.jetbrains.kotlin.com.intellij.openapi.vfs.VirtualFile::getNameSequence (13 bytes)
Event: 2.364 Thread 0x000001cac730e800 nmethod 3423 0x000001cab0ef8510 code [0x000001cab0ef86e0, 0x000001cab0ef88f8]
Event: 2.364 Thread 0x000001cac730e800 3424       3       org.jetbrains.kotlin.name.FqNameUnsafe$1::invoke (9 bytes)
Event: 2.364 Thread 0x000001cac730e800 nmethod 3424 0x000001cab0ef8990 code [0x000001cab0ef8be0, 0x000001cab0ef9308]
Event: 2.364 Thread 0x000001cac730e800 3425       3       org.jetbrains.kotlin.name.FqNameUnsafe$1::invoke (5 bytes)
Event: 2.364 Thread 0x000001cac730e800 nmethod 3425 0x000001cab0ef9590 code [0x000001cab0ef97c0, 0x000001cab0ef9d88]
Event: 2.364 Thread 0x000001cac730e800 3426       3       org.jetbrains.kotlin.name.FqNameUnsafe::compute (76 bytes)
Event: 2.365 Thread 0x000001cac7dd6000 3430   !   4       java.util.zip.ZipFile$ZipFileInflaterInputStream::close (67 bytes)
Event: 2.366 Thread 0x000001cac730e800 nmethod 3426 0x000001cab0ef9f90 code [0x000001cab0efa300, 0x000001cab0efb678]
Event: 2.366 Thread 0x000001cac730e800 3429       3       org.jetbrains.kotlin.metadata.jvm.deserialization.ModuleMapping::findPackageParts (20 bytes)
Event: 2.366 Thread 0x000001cac730e800 nmethod 3429 0x000001cab0efbd10 code [0x000001cab0efbf60, 0x000001cab0efc6a8]
Event: 2.366 Thread 0x000001cac730e800 3427       3       org.jetbrains.kotlin.storage.LockBasedStorageManager$MapBasedMemoizedFunctionToNotNull::<init> (32 bytes)
Event: 2.366 Thread 0x000001cac730e800 nmethod 3427 0x000001cab0efc910 code [0x000001cab0efcb00, 0x000001cab0efcd98]
Event: 2.366 Thread 0x000001cac730e800 3428       3       org.jetbrains.kotlin.storage.LockBasedStorageManager::createMemoizedFunction (27 bytes)
Event: 2.367 Thread 0x000001cac730e800 nmethod 3428 0x000001cab0efce90 code [0x000001cab0efd0c0, 0x000001cab0efd558]

GC Heap History (10 events):
Event: 0.404 GC heap before
{Heap before GC invocations=0 (full 0):
 garbage-first heap   total 129024K, used 27648K [0x0000000082600000, 0x0000000100000000)
  region size 1024K, 24 young (24576K), 0 survivors (0K)
 Metaspace       used 12331K, capacity 12440K, committed 12544K, reserved 1060864K
  class space    used 1161K, capacity 1207K, committed 1280K, reserved 1048576K
}
Event: 0.407 GC heap after
{Heap after GC invocations=1 (full 0):
 garbage-first heap   total 129024K, used 5726K [0x0000000082600000, 0x0000000100000000)
  region size 1024K, 3 young (3072K), 3 survivors (3072K)
 Metaspace       used 12331K, capacity 12440K, committed 12544K, reserved 1060864K
  class space    used 1161K, capacity 1207K, committed 1280K, reserved 1048576K
}
Event: 0.855 GC heap before
{Heap before GC invocations=1 (full 0):
 garbage-first heap   total 129024K, used 41566K [0x0000000082600000, 0x0000000100000000)
  region size 1024K, 39 young (39936K), 3 survivors (3072K)
 Metaspace       used 20917K, capacity 21208K, committed 21296K, reserved 1069056K
  class space    used 2276K, capacity 2412K, committed 2432K, reserved 1048576K
}
Event: 0.864 GC heap after
{Heap after GC invocations=2 (full 0):
 garbage-first heap   total 129024K, used 9216K [0x0000000082600000, 0x0000000100000000)
  region size 1024K, 6 young (6144K), 6 survivors (6144K)
 Metaspace       used 20917K, capacity 21208K, committed 21296K, reserved 1069056K
  class space    used 2276K, capacity 2412K, committed 2432K, reserved 1048576K
}
Event: 1.513 GC heap before
{Heap before GC invocations=3 (full 0):
 garbage-first heap   total 129024K, used 64512K [0x0000000082600000, 0x0000000100000000)
  region size 1024K, 55 young (56320K), 6 survivors (6144K)
 Metaspace       used 31867K, capacity 32348K, committed 32560K, reserved 1077248K
  class space    used 3957K, capacity 4165K, committed 4224K, reserved 1048576K
}
Event: 1.529 GC heap after
{Heap after GC invocations=4 (full 0):
 garbage-first heap   total 129024K, used 20979K [0x0000000082600000, 0x0000000100000000)
  region size 1024K, 7 young (7168K), 7 survivors (7168K)
 Metaspace       used 31867K, capacity 32348K, committed 32560K, reserved 1077248K
  class space    used 3957K, capacity 4165K, committed 4224K, reserved 1048576K
}
Event: 1.577 GC heap before
{Heap before GC invocations=4 (full 0):
 garbage-first heap   total 129024K, used 25075K [0x0000000082600000, 0x0000000100000000)
  region size 1024K, 11 young (11264K), 7 survivors (7168K)
 Metaspace       used 32789K, capacity 33313K, committed 33584K, reserved 1079296K
  class space    used 4142K, capacity 4359K, committed 4480K, reserved 1048576K
}
Event: 1.586 GC heap after
{Heap after GC invocations=5 (full 0):
 garbage-first heap   total 129024K, used 22365K [0x0000000082600000, 0x0000000100000000)
  region size 1024K, 1 young (1024K), 1 survivors (1024K)
 Metaspace       used 32789K, capacity 33313K, committed 33584K, reserved 1079296K
  class space    used 4142K, capacity 4359K, committed 4480K, reserved 1048576K
}
Event: 1.707 GC heap before
{Heap before GC invocations=5 (full 0):
 garbage-first heap   total 129024K, used 32605K [0x0000000082600000, 0x0000000100000000)
  region size 1024K, 12 young (12288K), 1 survivors (1024K)
 Metaspace       used 35233K, capacity 35745K, committed 35888K, reserved 1081344K
  class space    used 4414K, capacity 4615K, committed 4736K, reserved 1048576K
}
Event: 1.709 GC heap after
{Heap after GC invocations=6 (full 0):
 garbage-first heap   total 160768K, used 22481K [0x0000000082600000, 0x0000000100000000)
  region size 1024K, 2 young (2048K), 2 survivors (2048K)
 Metaspace       used 35233K, capacity 35745K, committed 35888K, reserved 1081344K
  class space    used 4414K, capacity 4615K, committed 4736K, reserved 1048576K
}

Deoptimization events (20 events):
Event: 2.315 Thread 0x000001caac7e9800 Uncommon trap: trap_request=0xffffffc6 fr.pc=0x000001cab7ebd7e8 relative=0x0000000000000568
Event: 2.315 Thread 0x000001caac7e9800 Uncommon trap: reason=bimorphic_or_optimized_type_check action=maybe_recompile pc=0x000001cab7ebd7e8 method=org.jetbrains.kotlin.protobuf.CodedInputStream.tryRefillBuffer(I)Z @ 177 c2
Event: 2.315 Thread 0x000001caac7e9800 DEOPT PACKING pc=0x000001cab7ebd7e8 sp=0x0000000e316fd340
Event: 2.315 Thread 0x000001caac7e9800 DEOPT UNPACKING pc=0x000001cab03078af sp=0x0000000e316fd228 mode 2
Event: 2.315 Thread 0x000001caac7e9800 Uncommon trap: trap_request=0xffffffc6 fr.pc=0x000001cab7ebd7e8 relative=0x0000000000000568
Event: 2.315 Thread 0x000001caac7e9800 Uncommon trap: reason=bimorphic_or_optimized_type_check action=maybe_recompile pc=0x000001cab7ebd7e8 method=org.jetbrains.kotlin.protobuf.CodedInputStream.tryRefillBuffer(I)Z @ 177 c2
Event: 2.315 Thread 0x000001caac7e9800 DEOPT PACKING pc=0x000001cab7ebd7e8 sp=0x0000000e316fd340
Event: 2.315 Thread 0x000001caac7e9800 DEOPT UNPACKING pc=0x000001cab03078af sp=0x0000000e316fd228 mode 2
Event: 2.318 Thread 0x000001caac7e9800 Uncommon trap: trap_request=0xffffffc6 fr.pc=0x000001cab7ebe200 relative=0x00000000000002a0
Event: 2.318 Thread 0x000001caac7e9800 Uncommon trap: reason=bimorphic_or_optimized_type_check action=maybe_recompile pc=0x000001cab7ebe200 method=org.jetbrains.kotlin.protobuf.CodedInputStream.tryRefillBuffer(I)Z @ 177 c2
Event: 2.318 Thread 0x000001caac7e9800 DEOPT PACKING pc=0x000001cab7ebe200 sp=0x0000000e316fd1e0
Event: 2.318 Thread 0x000001caac7e9800 DEOPT UNPACKING pc=0x000001cab03078af sp=0x0000000e316fd118 mode 2
Event: 2.349 Thread 0x000001caac7e9800 DEOPT PACKING pc=0x000001cab0dcde7f sp=0x0000000e316fce80
Event: 2.349 Thread 0x000001caac7e9800 DEOPT UNPACKING pc=0x000001cab03076ce sp=0x0000000e316fc2d0 mode 0
Event: 2.349 Thread 0x000001caac7e9800 DEOPT PACKING pc=0x000001cab0c55774 sp=0x0000000e316fc890
Event: 2.349 Thread 0x000001caac7e9800 DEOPT UNPACKING pc=0x000001cab03076ce sp=0x0000000e316fbe30 mode 0
Event: 2.364 Thread 0x000001caac7e9800 Uncommon trap: trap_request=0xffffff4d fr.pc=0x000001cab7f130bc relative=0x000000000000159c
Event: 2.364 Thread 0x000001caac7e9800 Uncommon trap: reason=unstable_if action=reinterpret pc=0x000001cab7f130bc method=java.util.zip.ZipFile.getInputStream(Ljava/util/zip/ZipEntry;)Ljava/io/InputStream; @ 150 c2
Event: 2.364 Thread 0x000001caac7e9800 DEOPT PACKING pc=0x000001cab7f130bc sp=0x0000000e316fd500
Event: 2.364 Thread 0x000001caac7e9800 DEOPT UNPACKING pc=0x000001cab03078af sp=0x0000000e316fd4c8 mode 2

Classes redefined (0 events):
No events

Internal exceptions (20 events):
Event: 0.923 Thread 0x000001caac7e9800 Exception <a 'java/lang/NoSuchMethodError'{0x0000000089ef3900}: 'int java.lang.invoke.DirectMethodHandle$Holder.invokeStaticInit(java.lang.Object, java.lang.Object, java.lang.Object)'> (0x0000000089ef3900) thrown at [./src/hotspot/share/interpreter/linkResolver.cpp, line 773]
Event: 0.926 Thread 0x000001caac7e9800 Exception <a 'java/lang/NoSuchMethodError'{0x0000000089d1f260}: 'int java.lang.invoke.DirectMethodHandle$Holder.invokeStaticInit(java.lang.Object, java.lang.Object)'> (0x0000000089d1f260) thrown at [./src/hotspot/share/interpreter/linkResolver.cpp, line 773]
Event: 0.957 Thread 0x000001caac7e9800 Exception <a 'java/lang/NoSuchMethodError'{0x0000000089b37808}: 'void java.lang.invoke.DirectMethodHandle$Holder.invokeSpecial(java.lang.Object, java.lang.Object)'> (0x0000000089b37808) thrown at [./src/hotspot/share/interpreter/linkResolver.cpp, line 773]
Event: 1.070 Thread 0x000001caac7e9800 Exception <a 'java/lang/NoSuchMethodError'{0x000000008935e5e0}: 'java.lang.Object java.lang.invoke.DirectMethodHandle$Holder.invokeStatic(java.lang.Object, java.lang.Object, java.lang.Object, java.lang.Object, java.lang.Object, java.lang.Object, java.lang.Object, java.lang.Object, java.lang.Object, java.lang.Object, java.lang.Object, java.lang.Object, java.lang.Object, java.lang.Object, java.lang.Object)'> (0x000000008935e5e0) thrown at [./src/hotspot/share/interpreter/linkResolver.cpp, line 773]
Event: 1.071 Thread 0x000001caac7e9800 Exception <a 'java/lang/NoSuchMethodError'{0x000000008936c5e8}: 'java.lang.Object java.lang.invoke.DirectMethodHandle$Holder.invokeStatic(java.lang.Object, java.lang.Object, java.lang.Object, java.lang.Object, java.lang.Object, java.lang.Object, java.lang.Object, java.lang.Object, java.lang.Object, java.lang.Object, java.lang.Object, java.lang.Object, java.lang.Object, java.lang.Object, java.lang.Object, java.lang.Object)'> (0x000000008936c5e8) thrown at [./src/hotspot/share/interpreter/linkResolver.cpp, l
Event: 1.072 Thread 0x000001caac7e9800 Exception <a 'java/lang/NoSuchMethodError'{0x000000008937a500}: 'java.lang.Object java.lang.invoke.DirectMethodHandle$Holder.invokeSpecial(java.lang.Object, java.lang.Object, int, int, java.lang.Object, java.lang.Object, java.lang.Object)'> (0x000000008937a500) thrown at [./src/hotspot/share/interpreter/linkResolver.cpp, line 773]
Event: 1.072 Thread 0x000001caac7e9800 Exception <a 'java/lang/NoSuchMethodError'{0x000000008937dd38}: 'java.lang.Object java.lang.invoke.DelegatingMethodHandle$Holder.reinvoke_L(java.lang.Object, int, int, java.lang.Object, java.lang.Object, java.lang.Object)'> (0x000000008937dd38) thrown at [./src/hotspot/share/interpreter/linkResolver.cpp, line 773]
Event: 1.073 Thread 0x000001caac7e9800 Exception <a 'java/lang/NoSuchMethodError'{0x0000000089382300}: 'java.lang.Object java.lang.invoke.DirectMethodHandle$Holder.invokeStatic(java.lang.Object, java.lang.Object, java.lang.Object, java.lang.Object, int)'> (0x0000000089382300) thrown at [./src/hotspot/share/interpreter/linkResolver.cpp, line 773]
Event: 1.105 Thread 0x000001caac7e9800 Exception <a 'sun/nio/fs/WindowsException'{0x00000000892c35b0}> (0x00000000892c35b0) thrown at [./src/hotspot/share/prims/jni.cpp, line 615]
Event: 1.105 Thread 0x000001caac7e9800 Exception <a 'sun/nio/fs/WindowsException'{0x00000000892c3e78}> (0x00000000892c3e78) thrown at [./src/hotspot/share/prims/jni.cpp, line 615]
Event: 1.105 Thread 0x000001caac7e9800 Exception <a 'sun/nio/fs/WindowsException'{0x00000000892c4750}> (0x00000000892c4750) thrown at [./src/hotspot/share/prims/jni.cpp, line 615]
Event: 1.105 Thread 0x000001caac7e9800 Exception <a 'sun/nio/fs/WindowsException'{0x00000000892c51a8}> (0x00000000892c51a8) thrown at [./src/hotspot/share/prims/jni.cpp, line 615]
Event: 1.105 Thread 0x000001caac7e9800 Exception <a 'sun/nio/fs/WindowsException'{0x00000000892c5b00}> (0x00000000892c5b00) thrown at [./src/hotspot/share/prims/jni.cpp, line 615]
Event: 1.105 Thread 0x000001caac7e9800 Exception <a 'sun/nio/fs/WindowsException'{0x00000000892c6488}> (0x00000000892c6488) thrown at [./src/hotspot/share/prims/jni.cpp, line 615]
Event: 1.107 Thread 0x000001caac7e9800 Exception <a 'java/lang/NoSuchMethodError'{0x00000000892cd108}: 'void java.lang.invoke.DirectMethodHandle$Holder.invokeStatic(java.lang.Object, java.lang.Object, java.lang.Object, java.lang.Object)'> (0x00000000892cd108) thrown at [./src/hotspot/share/interpreter/linkResolver.cpp, line 773]
Event: 1.153 Thread 0x000001caac7e9800 Exception <a 'java/lang/NoSuchMethodError'{0x0000000088eaf100}: 'void java.lang.invoke.DirectMethodHandle$Holder.invokeStaticInit(java.lang.Object, java.lang.Object)'> (0x0000000088eaf100) thrown at [./src/hotspot/share/interpreter/linkResolver.cpp, line 773]
Event: 1.207 Thread 0x000001caac7e9800 Exception <a 'java/lang/NoSuchMethodError'{0x0000000088958b40}: 'void java.lang.invoke.DirectMethodHandle$Holder.invokeVirtual(java.lang.Object, java.lang.Object)'> (0x0000000088958b40) thrown at [./src/hotspot/share/interpreter/linkResolver.cpp, line 773]
Event: 1.212 Thread 0x000001caac7e9800 Exception <a 'java/lang/NoSuchMethodError'{0x00000000889ced28}: 'int java.lang.invoke.DirectMethodHandle$Holder.invokeVirtual(java.lang.Object, java.lang.Object)'> (0x00000000889ced28) thrown at [./src/hotspot/share/interpreter/linkResolver.cpp, line 773]
Event: 1.710 Thread 0x000001caac7e9800 Exception <a 'java/lang/NoSuchMethodError'{0x000000008c20cab8}: 'java.lang.Object java.lang.invoke.DirectMethodHandle$Holder.invokeVirtual(java.lang.Object, java.lang.Object, java.lang.Object)'> (0x000000008c20cab8) thrown at [./src/hotspot/share/interpreter/linkResolver.cpp, line 773]
Event: 2.129 Thread 0x000001caac7e9800 Exception <a 'java/lang/NoSuchMethodError'{0x0000000089bf8b48}: 'java.lang.Object java.lang.invoke.Invokers$Holder.linkToTargetMethod(java.lang.Object, int, java.lang.Object)'> (0x0000000089bf8b48) thrown at [./src/hotspot/share/interpreter/linkResolver.cpp, line 773]

Events (20 events):
Event: 2.361 loading class org/jetbrains/kotlin/resolve/lazy/data/KtObjectInfo
Event: 2.361 loading class org/jetbrains/kotlin/resolve/lazy/data/KtObjectInfo done
Event: 2.362 loading class java/util/ArrayList$ListItr
Event: 2.362 loading class java/util/ArrayList$ListItr done
Event: 2.362 Executing VM operation: Deoptimize
Event: 2.362 Executing VM operation: Deoptimize done
Event: 2.364 Executing VM operation: RevokeBias
Event: 2.364 Executing VM operation: RevokeBias done
Event: 2.365 loading class org/jetbrains/kotlin/com/google/common/collect/AbstractMapBasedMultimap$2
Event: 2.365 loading class org/jetbrains/kotlin/com/google/common/collect/AbstractMapBasedMultimap$2 done
Event: 2.365 loading class org/jetbrains/kotlin/com/google/common/collect/AbstractMapBasedMultimap$Itr
Event: 2.365 loading class org/jetbrains/kotlin/com/google/common/collect/AbstractMapBasedMultimap$Itr done
Event: 2.365 loading class org/jetbrains/kotlin/com/google/common/collect/Iterators
Event: 2.365 loading class org/jetbrains/kotlin/com/google/common/collect/Iterators done
Event: 2.366 loading class org/jetbrains/kotlin/com/google/common/collect/Iterators$5
Event: 2.366 loading class org/jetbrains/kotlin/com/google/common/collect/Iterators$5 done
Event: 2.367 loading class org/jetbrains/kotlin/com/google/common/collect/AbstractIterator
Event: 2.367 loading class org/jetbrains/kotlin/com/google/common/collect/AbstractIterator done
Event: 2.367 loading class org/jetbrains/kotlin/com/google/common/collect/UnmodifiableListIterator
Event: 2.367 loading class org/jetbrains/kotlin/com/google/common/collect/UnmodifiableListIterator done


Dynamic libraries:
0x00007ff656740000 - 0x00007ff65674a000 	C:\Program Files\Android\Android Studio\jre\bin\java.exe
0x00007ffbe4b30000 - 0x00007ffbe4d25000 	C:\Windows\SYSTEM32\ntdll.dll
0x00007ffbe2d40000 - 0x00007ffbe2dfe000 	C:\Windows\System32\KERNEL32.DLL
0x00007ffbe24c0000 - 0x00007ffbe2789000 	C:\Windows\System32\KERNELBASE.dll
0x00007ffbdaa60000 - 0x00007ffbdaa79000 	C:\Program Files\Android\Android Studio\jre\bin\jli.dll
0x00007ffbe2980000 - 0x00007ffbe2a80000 	C:\Windows\System32\ucrtbase.dll
0x00007ffbdd6f0000 - 0x00007ffbdd707000 	C:\Program Files\Android\Android Studio\jre\bin\VCRUNTIME140.dll
0x00007ffbe3f10000 - 0x00007ffbe40b1000 	C:\Windows\System32\USER32.dll
0x00007ffbc6210000 - 0x00007ffbc64aa000 	C:\Windows\WinSxS\amd64_microsoft.windows.common-controls_6595b64144ccf1df_6.0.19041.1110_none_60b5254171f9507e\COMCTL32.dll
0x00007ffbe2790000 - 0x00007ffbe27b2000 	C:\Windows\System32\win32u.dll
0x00007ffbe47c0000 - 0x00007ffbe485e000 	C:\Windows\System32\msvcrt.dll
0x00007ffbe4310000 - 0x00007ffbe433b000 	C:\Windows\System32\GDI32.dll
0x00007ffbe27c0000 - 0x00007ffbe28cb000 	C:\Windows\System32\gdi32full.dll
0x00007ffbe2ae0000 - 0x00007ffbe2b7d000 	C:\Windows\System32\msvcp_win.dll
0x00007ffbe4ac0000 - 0x00007ffbe4af0000 	C:\Windows\System32\IMM32.DLL
0x00007ffbcdc70000 - 0x00007ffbcdd0d000 	C:\Program Files\Android\Android Studio\jre\bin\msvcp140.dll
0x00007ffbb3d60000 - 0x00007ffbb482f000 	C:\Program Files\Android\Android Studio\jre\bin\server\jvm.dll
0x00007ffbe4130000 - 0x00007ffbe41dc000 	C:\Windows\System32\ADVAPI32.dll
0x00007ffbe4260000 - 0x00007ffbe42fb000 	C:\Windows\System32\sechost.dll
0x00007ffbe2b80000 - 0x00007ffbe2caa000 	C:\Windows\System32\RPCRT4.dll
0x00007ffbe4300000 - 0x00007ffbe4308000 	C:\Windows\System32\PSAPI.DLL
0x00007ffbc7420000 - 0x00007ffbc7447000 	C:\Windows\SYSTEM32\WINMM.dll
0x00007ffbdd6a0000 - 0x00007ffbdd6a9000 	C:\Windows\SYSTEM32\WSOCK32.dll
0x00007ffbe0230000 - 0x00007ffbe023a000 	C:\Windows\SYSTEM32\VERSION.dll
0x00007ffbe40c0000 - 0x00007ffbe412b000 	C:\Windows\System32\WS2_32.dll
0x00007ffbe0ad0000 - 0x00007ffbe0ae2000 	C:\Windows\SYSTEM32\kernel.appcore.dll
0x00007ffbdd670000 - 0x00007ffbdd681000 	C:\Program Files\Android\Android Studio\jre\bin\verify.dll
0x00007ffbca510000 - 0x00007ffbca6f4000 	C:\Windows\SYSTEM32\DBGHELP.DLL
0x00007ffbc9850000 - 0x00007ffbc987c000 	C:\Windows\SYSTEM32\dbgcore.DLL
0x00007ffbe2250000 - 0x00007ffbe22d3000 	C:\Windows\System32\bcryptPrimitives.dll
0x00007ffbdd630000 - 0x00007ffbdd659000 	C:\Program Files\Android\Android Studio\jre\bin\java.dll
0x00007ffbdd6e0000 - 0x00007ffbdd6eb000 	C:\Program Files\Android\Android Studio\jre\bin\jimage.dll
0x00007ffbdd4d0000 - 0x00007ffbdd4e8000 	C:\Program Files\Android\Android Studio\jre\bin\zip.dll
0x00007ffbe3220000 - 0x00007ffbe395f000 	C:\Windows\System32\SHELL32.dll
0x00007ffbe0330000 - 0x00007ffbe0ac0000 	C:\Windows\SYSTEM32\windows.storage.dll
0x00007ffbe2e60000 - 0x00007ffbe31b5000 	C:\Windows\System32\combase.dll
0x00007ffbe1ca0000 - 0x00007ffbe1ccc000 	C:\Windows\SYSTEM32\Wldp.dll
0x00007ffbe46b0000 - 0x00007ffbe475d000 	C:\Windows\System32\SHCORE.dll
0x00007ffbe4760000 - 0x00007ffbe47b5000 	C:\Windows\System32\shlwapi.dll
0x00007ffbe2190000 - 0x00007ffbe21af000 	C:\Windows\SYSTEM32\profapi.dll
0x00007ffbdd450000 - 0x00007ffbdd46a000 	C:\Program Files\Android\Android Studio\jre\bin\net.dll
0x00007ffbda930000 - 0x00007ffbdaa38000 	C:\Windows\SYSTEM32\WINHTTP.dll
0x00007ffbe1a00000 - 0x00007ffbe1a6a000 	C:\Windows\system32\mswsock.dll
0x00007ffbdd430000 - 0x00007ffbdd444000 	C:\Program Files\Android\Android Studio\jre\bin\nio.dll

dbghelp: loaded successfully - version: 4.0.5 - missing functions: none
symbol engine: initialized successfully - sym options: 0x614 - pdb path: .;C:\Program Files\Android\Android Studio\jre\bin;C:\Windows\SYSTEM32;C:\Windows\WinSxS\amd64_microsoft.windows.common-controls_6595b64144ccf1df_6.0.19041.1110_none_60b5254171f9507e;C:\Program Files\Android\Android Studio\jre\bin\server

VM Arguments:
java_command: org.jetbrains.kotlin.cli.jvm.K2JVMCompiler @C:\Users\Siddhi Anil Bairagi\StudioProjects\BSRDigiCoin\app\build\20220101_8232419674914887155.compiler.options
java_class_path (initial): C:\Users\Siddhi Anil Bairagi\.gradle\caches\modules-2\files-2.1\org.jetbrains.kotlin\kotlin-compiler-embeddable\1.6.10\88f2073f4020cdb83132cfe940ceb9a60aba54ea\kotlin-compiler-embeddable-1.6.10.jar;C:\Users\Siddhi Anil Bairagi\.gradle\caches\modules-2\files-2.1\org.jetbrains.kotlin\kotlin-reflect\1.6.10\1cbe9c92c12a94eea200d23c2bbaedaf3daf5132\kotlin-reflect-1.6.10.jar;C:\Users\Siddhi Anil Bairagi\.gradle\caches\modules-2\files-2.1\org.jetbrains.kotlin\kotlin-stdlib\1.6.10\b8af3fe6f1ca88526914929add63cf5e7c5049af\kotlin-stdlib-1.6.10.jar;C:\Users\Siddhi Anil Bairagi\.gradle\caches\modules-2\files-2.1\org.jetbrains.kotlin\kotlin-script-runtime\1.6.10\d0a7ff2e2500ef497ed0214ae40ad3c8387a6164\kotlin-script-runtime-1.6.10.jar;C:\Users\Siddhi Anil Bairagi\.gradle\caches\modules-2\files-2.1\org.jetbrains.kotlin\kotlin-daemon-embeddable\1.6.10\a56d79bcbea411fa6058e4ecffc2de73e742bd2a\kotlin-daemon-embeddable-1.6.10.jar;C:\Users\Siddhi Anil Bairagi\.gradle\caches\modules-2\files-2.1\org.jetbrains.intellij.deps\trove4j\1.0.20181211\216c2e14b070f334479d800987affe4054cd563f\trove4j-1.0.20181211.jar;C:\Users\Siddhi Anil Bairagi\.gradle\caches\modules-2\files-2.1\net.java.dev.jna\jna\5.6.0\330f2244e9030119ab3030fc3fededc86713d9cc\jna-5.6.0.jar;C:\Users\Siddhi Anil Bairagi\.gradle\caches\modules-2\files-2.1\org.jetbrains\annotations\13.0\919f0dfe192fb4e063e7dacadee7f8bb9a2672a9\annotations-13.0.jar;C:\Users\Siddhi Anil Bairagi\.gradle\caches\modules-2\files-2.1\org.jetbrains.kotlin\kotlin-stdlib-common\1.6.10\c118700e3a33c8a0d9adc920e9dec0831171925\kotlin-stdlib-common-1.6.10.jar
Launcher Type: SUN_STANDARD

[Global flags]
     intx CICompilerCount                          = 4                                         {product} {ergonomic}
     uint ConcGCThreads                            = 2                                         {product} {ergonomic}
     uint G1ConcRefinementThreads                  = 8                                         {product} {ergonomic}
   size_t G1HeapRegionSize                         = 1048576                                   {product} {ergonomic}
    uintx GCDrainStackTargetSize                   = 64                                        {product} {ergonomic}
   size_t InitialHeapSize                          = 132120576                                 {product} {ergonomic}
   size_t MarkStackSize                            = 4194304                                   {product} {ergonomic}
   size_t MaxHeapSize                              = 2107637760                                {product} {ergonomic}
   size_t MaxNewSize                               = 1264582656                                {product} {ergonomic}
   size_t MinHeapDeltaBytes                        = 1048576                                   {product} {ergonomic}
    uintx NonNMethodCodeHeapSize                   = 5836300                                {pd product} {ergonomic}
    uintx NonProfiledCodeHeapSize                  = 122910970                              {pd product} {ergonomic}
    uintx ProfiledCodeHeapSize                     = 122910970                              {pd product} {ergonomic}
    uintx ReservedCodeCacheSize                    = 251658240                              {pd product} {ergonomic}
     bool SegmentedCodeCache                       = true                                      {product} {ergonomic}
     bool UseCompressedClassPointers               = true                                 {lp64_product} {ergonomic}
     bool UseCompressedOops                        = true                                 {lp64_product} {ergonomic}
     bool UseG1GC                                  = true                                      {product} {ergonomic}
     bool UseLargePagesIndividualAllocation        = false                                  {pd product} {ergonomic}

Logging:
Log output configuration:
 #0: stdout all=warning uptime,level,tags
 #1: stderr all=off uptime,level,tags

Environment Variables:
PATH=c:\windows\system32;c:\windows;c:\windows\system32\wbem;c:\windows\system32\windowspowershell\v1.0\;c:\windows\system32\openssh\;c:\program files\microsoft vs code\bin;c:\program files\dotnet\;d:\mingw\bin;c:\program files\git\cmd;C:\Program Files (x86)\NVIDIA Corporation\PhysX\Common;C:\Users\Siddhi Anil Bairagi\AppData\Local\Microsoft\WindowsApps;
USERNAME=Siddhi Anil Bairagi
OS=Windows_NT
PROCESSOR_IDENTIFIER=Intel64 Family 6 Model 158 Stepping 10, GenuineIntel



---------------  S Y S T E M  ---------------

OS: Windows 10 , 64 bit Build 19041 (10.0.19041.1202)
OS uptime: 0 days 0:32 hours

CPU:total 8 (initial active 8) (4 cores per cpu, 2 threads per core) family 6 model 158 stepping 10 microcode 0xb4, cmov, cx8, fxsr, mmx, sse, sse2, sse3, ssse3, sse4.1, sse4.2, popcnt, avx, avx2, aes, clmul, erms, 3dnowpref, lzcnt, ht, tsc, tscinvbit, bmi1, bmi2, adx, fma

Memory: 4k page, system-wide physical 8034M (2354M free)
TotalPageFile size 8034M (AvailPageFile size 5M)
current process WorkingSet (physical memory assigned to process): 265M, peak: 265M
current process commit charge ("private bytes"): 344M, peak: 345M

vm_info: OpenJDK 64-Bit Server VM (11.0.10+0-b96-7249189) for windows-amd64 JRE (11.0.10+0-b96-7249189), built on Mar 31 2021 21:44:00 by "builder" with MS VC++ 14.0 (VS2015)

END.
