#
# There is insufficient memory for the Java Runtime Environment to continue.
# Native memory allocation (malloc) failed to allocate 417776 bytes for Chunk::new
# Possible reasons:
#   The system is out of physical RAM or swap space
#   The process is running with CompressedOops enabled, and the Java Heap may be blocking the growth of the native heap
# Possible solutions:
#   Reduce memory load on the system
#   Increase physical memory or swap space
#   Check if swap backing store is full
#   Decrease Java heap size (-Xmx/-Xms)
#   Decrease number of Java threads
#   Decrease Java thread stack sizes (-Xss)
#   Set larger code cache with -XX:ReservedCodeCacheSize=
#   JVM is running with Unscaled Compressed Oops mode in which the Java heap is
#     placed in the first 4GB address space. The Java Heap base address is the
#     maximum limit for the native heap growth. Please use -XX:HeapBaseMinAddress
#     to set the Java Heap base and to place the Java Heap above 4GB virtual address.
# This output file may be truncated or incomplete.
#
#  Out of Memory Error (./src/hotspot/share/memory/arena.cpp:197), pid=7540, tid=1884
#
# JRE version: OpenJDK Runtime Environment (11.0.10) (build 11.0.10+0-b96-7249189)
# Java VM: OpenJDK 64-Bit Server VM (11.0.10+0-b96-7249189, mixed mode, tiered, compressed oops, g1 gc, windows-amd64)
# No core dump will be written. Minidumps are not enabled by default on client versions of Windows
#

---------------  S U M M A R Y ------------

Command Line: --add-opens=java.base/java.util=ALL-UNNAMED --add-opens=java.base/java.lang=ALL-UNNAMED --add-opens=java.base/java.lang.invoke=ALL-UNNAMED --add-opens=java.base/java.util=ALL-UNNAMED --add-opens=java.prefs/java.util.prefs=ALL-UNNAMED --add-opens=java.prefs/java.util.prefs=ALL-UNNAMED --add-opens=java.base/java.nio.charset=ALL-UNNAMED --add-opens=java.base/java.net=ALL-UNNAMED --add-opens=java.base/java.util.concurrent.atomic=ALL-UNNAMED -Xmx2048m -Dfile.encoding=UTF-8 -Duser.country=IN -Duser.language=en -Duser.variant org.gradle.launcher.daemon.bootstrap.GradleDaemon 7.0.2

Host: Intel(R) Core(TM) i5-8300H CPU @ 2.30GHz, 8 cores, 7G,  Windows 10 , 64 bit Build 19041 (10.0.19041.1202)
Time: Sat Jan  1 06:09:53 2022 India Standard Time elapsed time: 2.459522 seconds (0d 0h 0m 2s)

---------------  T H R E A D  ---------------

Current thread (0x0000023bbeeee000):  JavaThread "C2 CompilerThread2" daemon [_thread_in_native, id=1884, stack(0x000000bc4e200000,0x000000bc4e300000)]


Current CompileTask:
C2:   2459 2486       4       java.io.DataInputStream::readUTF (501 bytes)

Stack: [0x000000bc4e200000,0x000000bc4e300000]
Native frames: (J=compiled Java code, j=interpreted, Vv=VM code, C=native code)
V  [jvm.dll+0x5ecfaa]
V  [jvm.dll+0x722bd5]
V  [jvm.dll+0x72412d]
V  [jvm.dll+0x7247e3]
V  [jvm.dll+0x242928]
V  [jvm.dll+0xbc4fc]
V  [jvm.dll+0xbca0c]
V  [jvm.dll+0x352d3b]
V  [jvm.dll+0x320ad3]
V  [jvm.dll+0x31ffca]
V  [jvm.dll+0x1fb602]
V  [jvm.dll+0x1fa7f4]
V  [jvm.dll+0x18354c]
V  [jvm.dll+0x208ee7]
V  [jvm.dll+0x207731]
V  [jvm.dll+0x6eb1cf]
V  [jvm.dll+0x6e3d45]
V  [jvm.dll+0x5ebe96]
C  [ucrtbase.dll+0x21bb2]
C  [KERNEL32.DLL+0x17034]
C  [ntdll.dll+0x52651]


---------------  P R O C E S S  ---------------

Threads class SMR info:
_java_thread_list=0x0000023bbf0e4490, length=32, elements={
0x0000023ba016a000, 0x0000023bbadbf000, 0x0000023bbadc2000, 0x0000023bbadd8800,
0x0000023bbadd9800, 0x0000023bbaddb000, 0x0000023bbade6000, 0x0000023bbadf0000,
0x0000023bbadf8000, 0x0000023bbb8b8800, 0x0000023bbcbd5800, 0x0000023bbd22c000,
0x0000023bbdc8f800, 0x0000023bbd730800, 0x0000023bbde9b000, 0x0000023bbec61800,
0x0000023bbd61a000, 0x0000023bbd0c6000, 0x0000023bbe9de800, 0x0000023bbdc98800,
0x0000023bbdadd000, 0x0000023bbdadd800, 0x0000023bbdadf800, 0x0000023bbdadb800,
0x0000023bbdae0000, 0x0000023bbdade800, 0x0000023bbdae1000, 0x0000023bbdae2000,
0x0000023bbdadc000, 0x0000023bbeeee000, 0x0000023bbf2dc800, 0x0000023bbf2de800
}

Java Threads: ( => current thread )
  0x0000023ba016a000 JavaThread "main" [_thread_blocked, id=4728, stack(0x000000bc4b600000,0x000000bc4b700000)]
  0x0000023bbadbf000 JavaThread "Reference Handler" daemon [_thread_blocked, id=7936, stack(0x000000bc4bd00000,0x000000bc4be00000)]
  0x0000023bbadc2000 JavaThread "Finalizer" daemon [_thread_blocked, id=5840, stack(0x000000bc4be00000,0x000000bc4bf00000)]
  0x0000023bbadd8800 JavaThread "Signal Dispatcher" daemon [_thread_blocked, id=7736, stack(0x000000bc4bf00000,0x000000bc4c000000)]
  0x0000023bbadd9800 JavaThread "Attach Listener" daemon [_thread_blocked, id=5820, stack(0x000000bc4c000000,0x000000bc4c100000)]
  0x0000023bbaddb000 JavaThread "Service Thread" daemon [_thread_blocked, id=7044, stack(0x000000bc4c100000,0x000000bc4c200000)]
  0x0000023bbade6000 JavaThread "C2 CompilerThread0" daemon [_thread_in_native, id=1596, stack(0x000000bc4c200000,0x000000bc4c300000)]
  0x0000023bbadf0000 JavaThread "C1 CompilerThread0" daemon [_thread_blocked, id=540, stack(0x000000bc4c300000,0x000000bc4c400000)]
  0x0000023bbadf8000 JavaThread "Sweeper thread" daemon [_thread_blocked, id=5160, stack(0x000000bc4c400000,0x000000bc4c500000)]
  0x0000023bbb8b8800 JavaThread "Common-Cleaner" daemon [_thread_blocked, id=1160, stack(0x000000bc4c500000,0x000000bc4c600000)]
  0x0000023bbcbd5800 JavaThread "Daemon health stats" [_thread_blocked, id=7100, stack(0x000000bc4cb00000,0x000000bc4cc00000)]
  0x0000023bbd22c000 JavaThread "Incoming local TCP Connector on port 50492" [_thread_in_native, id=6556, stack(0x000000bc4c700000,0x000000bc4c800000)]
  0x0000023bbdc8f800 JavaThread "Daemon periodic checks" [_thread_blocked, id=7148, stack(0x000000bc4c800000,0x000000bc4c900000)]
  0x0000023bbd730800 JavaThread "Daemon" [_thread_blocked, id=2116, stack(0x000000bc4cc00000,0x000000bc4cd00000)]
  0x0000023bbde9b000 JavaThread "Handler for socket connection from /127.0.0.1:50492 to /127.0.0.1:50493" [_thread_in_native, id=1244, stack(0x000000bc4cd00000,0x000000bc4ce00000)]
  0x0000023bbec61800 JavaThread "Cancel handler" [_thread_blocked, id=8008, stack(0x000000bc4ce00000,0x000000bc4cf00000)]
  0x0000023bbd61a000 JavaThread "Daemon worker" [_thread_in_vm, id=6380, stack(0x000000bc4cf00000,0x000000bc4d000000)]
  0x0000023bbd0c6000 JavaThread "C2 CompilerThread1" daemon [_thread_in_native, id=4872, stack(0x000000bc4d000000,0x000000bc4d100000)]
  0x0000023bbe9de800 JavaThread "Asynchronous log dispatcher for DefaultDaemonConnection: socket connection from /127.0.0.1:50492 to /127.0.0.1:50493" [_thread_blocked, id=7564, stack(0x000000bc4d100000,0x000000bc4d200000)]
  0x0000023bbdc98800 JavaThread "Stdin handler" [_thread_blocked, id=448, stack(0x000000bc4d200000,0x000000bc4d300000)]
  0x0000023bbdadd000 JavaThread "Daemon client event forwarder" [_thread_blocked, id=5008, stack(0x000000bc4d300000,0x000000bc4d400000)]
  0x0000023bbdadd800 JavaThread "Cache worker for file hash cache (C:\Users\Siddhi Anil Bairagi\.gradle\caches\7.0.2\fileHashes)" [_thread_blocked, id=4152, stack(0x000000bc4d900000,0x000000bc4da00000)]
  0x0000023bbdadf800 JavaThread "File lock request listener" [_thread_in_native, id=7312, stack(0x000000bc4da00000,0x000000bc4db00000)]
  0x0000023bbdadb800 JavaThread "Cache worker for journal cache (C:\Users\Siddhi Anil Bairagi\.gradle\caches\journal-1)" [_thread_blocked, id=7764, stack(0x000000bc4dc00000,0x000000bc4dd00000)]
  0x0000023bbdae0000 JavaThread "Cache worker for file hash cache (C:\Users\Siddhi Anil Bairagi\StudioProjects\BSRDigiCoin\.gradle\7.0.2\fileHashes)" [_thread_blocked, id=7756, stack(0x000000bc4dd00000,0x000000bc4de00000)]
  0x0000023bbdade800 JavaThread "File watcher server" daemon [_thread_in_native, id=684, stack(0x000000bc4de00000,0x000000bc4df00000)]
  0x0000023bbdae1000 JavaThread "File watcher consumer" daemon [_thread_blocked, id=4116, stack(0x000000bc4df00000,0x000000bc4e000000)]
  0x0000023bbdae2000 JavaThread "Cache worker for checksums cache (C:\Users\Siddhi Anil Bairagi\StudioProjects\BSRDigiCoin\.gradle\checksums)" [_thread_blocked, id=6028, stack(0x000000bc4e000000,0x000000bc4e100000)]
  0x0000023bbdadc000 JavaThread "Cache worker for cache directory md-supplier (C:\Users\Siddhi Anil Bairagi\.gradle\caches\7.0.2\md-supplier)" [_thread_blocked, id=7404, stack(0x000000bc4e100000,0x000000bc4e200000)]
=>0x0000023bbeeee000 JavaThread "C2 CompilerThread2" daemon [_thread_in_native, id=1884, stack(0x000000bc4e200000,0x000000bc4e300000)]
  0x0000023bbf2dc800 JavaThread "Cache worker for cache directory md-rule (C:\Users\Siddhi Anil Bairagi\.gradle\caches\7.0.2\md-rule)" [_thread_blocked, id=8112, stack(0x000000bc4e300000,0x000000bc4e400000)]
  0x0000023bbf2de800 JavaThread "Cache worker for execution history cache (C:\Users\Siddhi Anil Bairagi\.gradle\caches\7.0.2\executionHistory)" [_thread_blocked, id=5004, stack(0x000000bc4e400000,0x000000bc4e500000)]

Other Threads:
  0x0000023bbadbd000 VMThread "VM Thread" [stack: 0x000000bc4bc00000,0x000000bc4bd00000] [id=2784]
  0x0000023bbb8bc800 WatcherThread [stack: 0x000000bc4c600000,0x000000bc4c700000] [id=3488]
  0x0000023ba0181000 GCTaskThread "GC Thread#0" [stack: 0x000000bc4b700000,0x000000bc4b800000] [id=6352]
  0x0000023bbc6e4800 GCTaskThread "GC Thread#1" [stack: 0x000000bc4c900000,0x000000bc4ca00000] [id=7164]
  0x0000023bbcb06800 GCTaskThread "GC Thread#2" [stack: 0x000000bc4ca00000,0x000000bc4cb00000] [id=2764]
  0x0000023bbe17f800 GCTaskThread "GC Thread#3" [stack: 0x000000bc4d400000,0x000000bc4d500000] [id=5952]
  0x0000023bbeb7b000 GCTaskThread "GC Thread#4" [stack: 0x000000bc4d500000,0x000000bc4d600000] [id=7572]
  0x0000023bbcb24000 GCTaskThread "GC Thread#5" [stack: 0x000000bc4d600000,0x000000bc4d700000] [id=4776]
  0x0000023bbcf54800 GCTaskThread "GC Thread#6" [stack: 0x000000bc4d700000,0x000000bc4d800000] [id=1136]
  0x0000023bbcf59000 GCTaskThread "GC Thread#7" [stack: 0x000000bc4d800000,0x000000bc4d900000] [id=7948]
  0x0000023ba01b6800 ConcurrentGCThread "G1 Main Marker" [stack: 0x000000bc4b800000,0x000000bc4b900000] [id=6024]
  0x0000023ba01b7800 ConcurrentGCThread "G1 Conc#0" [stack: 0x000000bc4b900000,0x000000bc4ba00000] [id=1456]
  0x0000023bbe19c800 ConcurrentGCThread "G1 Conc#1" [stack: 0x000000bc4db00000,0x000000bc4dc00000] [id=552]
  0x0000023ba0248800 ConcurrentGCThread "G1 Refine#0" [stack: 0x000000bc4ba00000,0x000000bc4bb00000] [id=6096]
  0x0000023bbac10800 ConcurrentGCThread "G1 Young RemSet Sampling" [stack: 0x000000bc4bb00000,0x000000bc4bc00000] [id=7336]

Threads with active compile tasks:
C2 CompilerThread0   2468 2235       4       java.net.URLClassLoader$1::run (5 bytes)
C2 CompilerThread1   2468 2236   !   4       java.net.URLClassLoader$1::run (63 bytes)
C2 CompilerThread2   2468 2486       4       java.io.DataInputStream::readUTF (501 bytes)

VM state:not at safepoint (normal execution)

VM Mutex/Monitor currently owned by a thread: None

Heap address: 0x0000000080000000, size: 2048 MB, Compressed Oops mode: 32-bit
Narrow klass base: 0x0000000000000000, Narrow klass shift: 3
Compressed class space size: 1073741824 Address: 0x0000000100000000

Heap:
 garbage-first heap   total 129024K, used 56971K [0x0000000080000000, 0x0000000100000000)
  region size 1024K, 41 young (41984K), 3 survivors (3072K)
 Metaspace       used 30590K, capacity 31227K, committed 31232K, reserved 1077248K
  class space    used 4110K, capacity 4352K, committed 4352K, reserved 1048576K
Heap Regions: E=young(eden), S=young(survivor), O=old, HS=humongous(starts), HC=humongous(continues), CS=collection set, F=free, A=archive, TAMS=top-at-mark-start (previous, next)
|   0|0x0000000080000000, 0x0000000080100000, 0x0000000080100000|100%| O|  |TAMS 0x0000000080100000, 0x0000000080000000| Untracked 
|   1|0x0000000080100000, 0x0000000080200000, 0x0000000080200000|100%| O|  |TAMS 0x0000000080200000, 0x0000000080100000| Untracked 
|   2|0x0000000080200000, 0x0000000080300000, 0x0000000080300000|100%| O|  |TAMS 0x0000000080300000, 0x0000000080200000| Untracked 
|   3|0x0000000080300000, 0x0000000080400000, 0x0000000080400000|100%|HS|  |TAMS 0x0000000080400000, 0x0000000080300000| Complete 
|   4|0x0000000080400000, 0x0000000080500000, 0x0000000080500000|100%|HC|  |TAMS 0x0000000080500000, 0x0000000080400000| Complete 
|   5|0x0000000080500000, 0x0000000080600000, 0x0000000080600000|100%|HC|  |TAMS 0x0000000080600000, 0x0000000080500000| Complete 
|   6|0x0000000080600000, 0x0000000080700000, 0x0000000080700000|100%| O|  |TAMS 0x0000000080700000, 0x0000000080600000| Untracked 
|   7|0x0000000080700000, 0x0000000080800000, 0x0000000080800000|100%| O|  |TAMS 0x0000000080800000, 0x0000000080700000| Untracked 
|   8|0x0000000080800000, 0x0000000080900000, 0x0000000080900000|100%| O|  |TAMS 0x0000000080900000, 0x0000000080800000| Untracked 
|   9|0x0000000080900000, 0x0000000080a00000, 0x0000000080a00000|100%| O|  |TAMS 0x0000000080a00000, 0x0000000080900000| Untracked 
|  10|0x0000000080a00000, 0x0000000080b00000, 0x0000000080b00000|100%| O|  |TAMS 0x0000000080b00000, 0x0000000080a00000| Untracked 
|  11|0x0000000080b00000, 0x0000000080c00000, 0x0000000080c00000|100%| O|  |TAMS 0x0000000080c00000, 0x0000000080b00000| Untracked 
|  12|0x0000000080c00000, 0x0000000080d00000, 0x0000000080d00000|100%| O|  |TAMS 0x0000000080d00000, 0x0000000080c00000| Untracked 
|  13|0x0000000080d00000, 0x0000000080e00000, 0x0000000080e00000|100%| O|  |TAMS 0x0000000080e00000, 0x0000000080d00000| Untracked 
|  14|0x0000000080e00000, 0x0000000080f00000, 0x0000000080f00000|100%| O|  |TAMS 0x0000000080f00000, 0x0000000080e00000| Untracked 
|  15|0x0000000080f00000, 0x0000000080ff5400, 0x0000000081000000| 95%| O|  |TAMS 0x0000000080ff5400, 0x0000000080f00000| Untracked 
|  16|0x0000000081000000, 0x0000000081000000, 0x0000000081100000|  0%| F|  |TAMS 0x0000000081000000, 0x0000000081000000| Untracked 
|  17|0x0000000081100000, 0x0000000081100000, 0x0000000081200000|  0%| F|  |TAMS 0x0000000081100000, 0x0000000081100000| Untracked 
|  18|0x0000000081200000, 0x0000000081200000, 0x0000000081300000|  0%| F|  |TAMS 0x0000000081200000, 0x0000000081200000| Untracked 
|  19|0x0000000081300000, 0x0000000081300000, 0x0000000081400000|  0%| F|  |TAMS 0x0000000081300000, 0x0000000081300000| Untracked 
|  20|0x0000000081400000, 0x0000000081400000, 0x0000000081500000|  0%| F|  |TAMS 0x0000000081400000, 0x0000000081400000| Untracked 
|  21|0x0000000081500000, 0x0000000081500000, 0x0000000081600000|  0%| F|  |TAMS 0x0000000081500000, 0x0000000081500000| Untracked 
|  22|0x0000000081600000, 0x0000000081600000, 0x0000000081700000|  0%| F|  |TAMS 0x0000000081600000, 0x0000000081600000| Untracked 
|  23|0x0000000081700000, 0x0000000081700000, 0x0000000081800000|  0%| F|  |TAMS 0x0000000081700000, 0x0000000081700000| Untracked 
|  24|0x0000000081800000, 0x0000000081800000, 0x0000000081900000|  0%| F|  |TAMS 0x0000000081800000, 0x0000000081800000| Untracked 
|  25|0x0000000081900000, 0x0000000081900000, 0x0000000081a00000|  0%| F|  |TAMS 0x0000000081900000, 0x0000000081900000| Untracked 
|  26|0x0000000081a00000, 0x0000000081a00000, 0x0000000081b00000|  0%| F|  |TAMS 0x0000000081a00000, 0x0000000081a00000| Untracked 
|  27|0x0000000081b00000, 0x0000000081b00000, 0x0000000081c00000|  0%| F|  |TAMS 0x0000000081b00000, 0x0000000081b00000| Untracked 
|  28|0x0000000081c00000, 0x0000000081c00000, 0x0000000081d00000|  0%| F|  |TAMS 0x0000000081c00000, 0x0000000081c00000| Untracked 
|  29|0x0000000081d00000, 0x0000000081d00000, 0x0000000081e00000|  0%| F|  |TAMS 0x0000000081d00000, 0x0000000081d00000| Untracked 
|  30|0x0000000081e00000, 0x0000000081e00000, 0x0000000081f00000|  0%| F|  |TAMS 0x0000000081e00000, 0x0000000081e00000| Untracked 
|  31|0x0000000081f00000, 0x0000000081f00000, 0x0000000082000000|  0%| F|  |TAMS 0x0000000081f00000, 0x0000000081f00000| Untracked 
|  32|0x0000000082000000, 0x0000000082000000, 0x0000000082100000|  0%| F|  |TAMS 0x0000000082000000, 0x0000000082000000| Untracked 
|  33|0x0000000082100000, 0x0000000082100000, 0x0000000082200000|  0%| F|  |TAMS 0x0000000082100000, 0x0000000082100000| Untracked 
|  34|0x0000000082200000, 0x0000000082200000, 0x0000000082300000|  0%| F|  |TAMS 0x0000000082200000, 0x0000000082200000| Untracked 
|  35|0x0000000082300000, 0x0000000082300000, 0x0000000082400000|  0%| F|  |TAMS 0x0000000082300000, 0x0000000082300000| Untracked 
|  36|0x0000000082400000, 0x0000000082400000, 0x0000000082500000|  0%| F|  |TAMS 0x0000000082400000, 0x0000000082400000| Untracked 
|  37|0x0000000082500000, 0x0000000082500000, 0x0000000082600000|  0%| F|  |TAMS 0x0000000082500000, 0x0000000082500000| Untracked 
|  38|0x0000000082600000, 0x0000000082600000, 0x0000000082700000|  0%| F|  |TAMS 0x0000000082600000, 0x0000000082600000| Untracked 
|  39|0x0000000082700000, 0x0000000082700000, 0x0000000082800000|  0%| F|  |TAMS 0x0000000082700000, 0x0000000082700000| Untracked 
|  40|0x0000000082800000, 0x0000000082800000, 0x0000000082900000|  0%| F|  |TAMS 0x0000000082800000, 0x0000000082800000| Untracked 
|  41|0x0000000082900000, 0x0000000082900000, 0x0000000082a00000|  0%| F|  |TAMS 0x0000000082900000, 0x0000000082900000| Untracked 
|  42|0x0000000082a00000, 0x0000000082a00000, 0x0000000082b00000|  0%| F|  |TAMS 0x0000000082a00000, 0x0000000082a00000| Untracked 
|  43|0x0000000082b00000, 0x0000000082b00000, 0x0000000082c00000|  0%| F|  |TAMS 0x0000000082b00000, 0x0000000082b00000| Untracked 
|  44|0x0000000082c00000, 0x0000000082c00000, 0x0000000082d00000|  0%| F|  |TAMS 0x0000000082c00000, 0x0000000082c00000| Untracked 
|  45|0x0000000082d00000, 0x0000000082d00000, 0x0000000082e00000|  0%| F|  |TAMS 0x0000000082d00000, 0x0000000082d00000| Untracked 
|  46|0x0000000082e00000, 0x0000000082e00000, 0x0000000082f00000|  0%| F|  |TAMS 0x0000000082e00000, 0x0000000082e00000| Untracked 
|  47|0x0000000082f00000, 0x0000000082f00000, 0x0000000083000000|  0%| F|  |TAMS 0x0000000082f00000, 0x0000000082f00000| Untracked 
|  48|0x0000000083000000, 0x0000000083000000, 0x0000000083100000|  0%| F|  |TAMS 0x0000000083000000, 0x0000000083000000| Untracked 
|  49|0x0000000083100000, 0x0000000083100000, 0x0000000083200000|  0%| F|  |TAMS 0x0000000083100000, 0x0000000083100000| Untracked 
|  50|0x0000000083200000, 0x0000000083200000, 0x0000000083300000|  0%| F|  |TAMS 0x0000000083200000, 0x0000000083200000| Untracked 
|  51|0x0000000083300000, 0x0000000083300000, 0x0000000083400000|  0%| F|  |TAMS 0x0000000083300000, 0x0000000083300000| Untracked 
|  52|0x0000000083400000, 0x0000000083400000, 0x0000000083500000|  0%| F|  |TAMS 0x0000000083400000, 0x0000000083400000| Untracked 
|  53|0x0000000083500000, 0x0000000083500000, 0x0000000083600000|  0%| F|  |TAMS 0x0000000083500000, 0x0000000083500000| Untracked 
|  54|0x0000000083600000, 0x0000000083600000, 0x0000000083700000|  0%| F|  |TAMS 0x0000000083600000, 0x0000000083600000| Untracked 
|  55|0x0000000083700000, 0x0000000083700000, 0x0000000083800000|  0%| F|  |TAMS 0x0000000083700000, 0x0000000083700000| Untracked 
|  56|0x0000000083800000, 0x0000000083800000, 0x0000000083900000|  0%| F|  |TAMS 0x0000000083800000, 0x0000000083800000| Untracked 
|  57|0x0000000083900000, 0x0000000083900000, 0x0000000083a00000|  0%| F|  |TAMS 0x0000000083900000, 0x0000000083900000| Untracked 
|  58|0x0000000083a00000, 0x0000000083a00000, 0x0000000083b00000|  0%| F|  |TAMS 0x0000000083a00000, 0x0000000083a00000| Untracked 
|  59|0x0000000083b00000, 0x0000000083b00000, 0x0000000083c00000|  0%| F|  |TAMS 0x0000000083b00000, 0x0000000083b00000| Untracked 
|  60|0x0000000083c00000, 0x0000000083c00000, 0x0000000083d00000|  0%| F|  |TAMS 0x0000000083c00000, 0x0000000083c00000| Untracked 
|  61|0x0000000083d00000, 0x0000000083d00000, 0x0000000083e00000|  0%| F|  |TAMS 0x0000000083d00000, 0x0000000083d00000| Untracked 
|  62|0x0000000083e00000, 0x0000000083e00000, 0x0000000083f00000|  0%| F|  |TAMS 0x0000000083e00000, 0x0000000083e00000| Untracked 
|  63|0x0000000083f00000, 0x0000000083f00000, 0x0000000084000000|  0%| F|  |TAMS 0x0000000083f00000, 0x0000000083f00000| Untracked 
|  64|0x0000000084000000, 0x00000000840ad950, 0x0000000084100000| 67%| S|CS|TAMS 0x0000000084000000, 0x0000000084000000| Complete 
|  65|0x0000000084100000, 0x0000000084200000, 0x0000000084200000|100%| S|CS|TAMS 0x0000000084100000, 0x0000000084100000| Complete 
|  66|0x0000000084200000, 0x0000000084300000, 0x0000000084300000|100%| S|CS|TAMS 0x0000000084200000, 0x0000000084200000| Complete 
|  67|0x0000000084300000, 0x0000000084300000, 0x0000000084400000|  0%| F|  |TAMS 0x0000000084300000, 0x0000000084300000| Untracked 
|  68|0x0000000084400000, 0x0000000084400000, 0x0000000084500000|  0%| F|  |TAMS 0x0000000084400000, 0x0000000084400000| Untracked 
|  69|0x0000000084500000, 0x0000000084500000, 0x0000000084600000|  0%| F|  |TAMS 0x0000000084500000, 0x0000000084500000| Untracked 
|  70|0x0000000084600000, 0x0000000084600000, 0x0000000084700000|  0%| F|  |TAMS 0x0000000084600000, 0x0000000084600000| Untracked 
|  71|0x0000000084700000, 0x0000000084700000, 0x0000000084800000|  0%| F|  |TAMS 0x0000000084700000, 0x0000000084700000| Untracked 
|  72|0x0000000084800000, 0x0000000084800000, 0x0000000084900000|  0%| F|  |TAMS 0x0000000084800000, 0x0000000084800000| Untracked 
|  73|0x0000000084900000, 0x0000000084900000, 0x0000000084a00000|  0%| F|  |TAMS 0x0000000084900000, 0x0000000084900000| Untracked 
|  74|0x0000000084a00000, 0x0000000084a00000, 0x0000000084b00000|  0%| F|  |TAMS 0x0000000084a00000, 0x0000000084a00000| Untracked 
|  75|0x0000000084b00000, 0x0000000084b00000, 0x0000000084c00000|  0%| F|  |TAMS 0x0000000084b00000, 0x0000000084b00000| Untracked 
|  76|0x0000000084c00000, 0x0000000084c00000, 0x0000000084d00000|  0%| F|  |TAMS 0x0000000084c00000, 0x0000000084c00000| Untracked 
|  77|0x0000000084d00000, 0x0000000084d00000, 0x0000000084e00000|  0%| F|  |TAMS 0x0000000084d00000, 0x0000000084d00000| Untracked 
|  78|0x0000000084e00000, 0x0000000084e00000, 0x0000000084f00000|  0%| F|  |TAMS 0x0000000084e00000, 0x0000000084e00000| Untracked 
|  79|0x0000000084f00000, 0x0000000084f00000, 0x0000000085000000|  0%| F|  |TAMS 0x0000000084f00000, 0x0000000084f00000| Untracked 
|  80|0x0000000085000000, 0x0000000085000000, 0x0000000085100000|  0%| F|  |TAMS 0x0000000085000000, 0x0000000085000000| Untracked 
|  81|0x0000000085100000, 0x0000000085100000, 0x0000000085200000|  0%| F|  |TAMS 0x0000000085100000, 0x0000000085100000| Untracked 
|  82|0x0000000085200000, 0x0000000085200000, 0x0000000085300000|  0%| F|  |TAMS 0x0000000085200000, 0x0000000085200000| Untracked 
|  83|0x0000000085300000, 0x0000000085300000, 0x0000000085400000|  0%| F|  |TAMS 0x0000000085300000, 0x0000000085300000| Untracked 
|  84|0x0000000085400000, 0x0000000085400000, 0x0000000085500000|  0%| F|  |TAMS 0x0000000085400000, 0x0000000085400000| Untracked 
|  85|0x0000000085500000, 0x0000000085500000, 0x0000000085600000|  0%| F|  |TAMS 0x0000000085500000, 0x0000000085500000| Untracked 
|  86|0x0000000085600000, 0x0000000085600000, 0x0000000085700000|  0%| F|  |TAMS 0x0000000085600000, 0x0000000085600000| Untracked 
|  87|0x0000000085700000, 0x0000000085700000, 0x0000000085800000|  0%| F|  |TAMS 0x0000000085700000, 0x0000000085700000| Untracked 
|  88|0x0000000085800000, 0x0000000085900000, 0x0000000085900000|100%| E|  |TAMS 0x0000000085800000, 0x0000000085800000| Complete 
|  89|0x0000000085900000, 0x0000000085a00000, 0x0000000085a00000|100%| E|CS|TAMS 0x0000000085900000, 0x0000000085900000| Complete 
|  90|0x0000000085a00000, 0x0000000085b00000, 0x0000000085b00000|100%| E|CS|TAMS 0x0000000085a00000, 0x0000000085a00000| Complete 
|  91|0x0000000085b00000, 0x0000000085c00000, 0x0000000085c00000|100%| E|CS|TAMS 0x0000000085b00000, 0x0000000085b00000| Complete 
|  92|0x0000000085c00000, 0x0000000085d00000, 0x0000000085d00000|100%| E|CS|TAMS 0x0000000085c00000, 0x0000000085c00000| Complete 
|  93|0x0000000085d00000, 0x0000000085e00000, 0x0000000085e00000|100%| E|CS|TAMS 0x0000000085d00000, 0x0000000085d00000| Complete 
|  94|0x0000000085e00000, 0x0000000085f00000, 0x0000000085f00000|100%| E|CS|TAMS 0x0000000085e00000, 0x0000000085e00000| Complete 
|  95|0x0000000085f00000, 0x0000000086000000, 0x0000000086000000|100%| E|CS|TAMS 0x0000000085f00000, 0x0000000085f00000| Complete 
|  96|0x0000000086000000, 0x0000000086100000, 0x0000000086100000|100%| E|CS|TAMS 0x0000000086000000, 0x0000000086000000| Complete 
|  97|0x0000000086100000, 0x0000000086200000, 0x0000000086200000|100%| E|CS|TAMS 0x0000000086100000, 0x0000000086100000| Complete 
|  98|0x0000000086200000, 0x0000000086300000, 0x0000000086300000|100%| E|CS|TAMS 0x0000000086200000, 0x0000000086200000| Complete 
|  99|0x0000000086300000, 0x0000000086400000, 0x0000000086400000|100%| E|CS|TAMS 0x0000000086300000, 0x0000000086300000| Complete 
| 100|0x0000000086400000, 0x0000000086500000, 0x0000000086500000|100%| E|CS|TAMS 0x0000000086400000, 0x0000000086400000| Complete 
| 101|0x0000000086500000, 0x0000000086600000, 0x0000000086600000|100%| E|CS|TAMS 0x0000000086500000, 0x0000000086500000| Complete 
| 102|0x0000000086600000, 0x0000000086700000, 0x0000000086700000|100%| E|CS|TAMS 0x0000000086600000, 0x0000000086600000| Complete 
| 103|0x0000000086700000, 0x0000000086800000, 0x0000000086800000|100%| E|CS|TAMS 0x0000000086700000, 0x0000000086700000| Complete 
| 104|0x0000000086800000, 0x0000000086900000, 0x0000000086900000|100%| E|CS|TAMS 0x0000000086800000, 0x0000000086800000| Complete 
| 105|0x0000000086900000, 0x0000000086a00000, 0x0000000086a00000|100%| E|CS|TAMS 0x0000000086900000, 0x0000000086900000| Complete 
| 106|0x0000000086a00000, 0x0000000086b00000, 0x0000000086b00000|100%| E|CS|TAMS 0x0000000086a00000, 0x0000000086a00000| Complete 
| 107|0x0000000086b00000, 0x0000000086c00000, 0x0000000086c00000|100%| E|CS|TAMS 0x0000000086b00000, 0x0000000086b00000| Complete 
| 108|0x0000000086c00000, 0x0000000086d00000, 0x0000000086d00000|100%| E|CS|TAMS 0x0000000086c00000, 0x0000000086c00000| Complete 
| 109|0x0000000086d00000, 0x0000000086e00000, 0x0000000086e00000|100%| E|CS|TAMS 0x0000000086d00000, 0x0000000086d00000| Complete 
| 110|0x0000000086e00000, 0x0000000086f00000, 0x0000000086f00000|100%| E|CS|TAMS 0x0000000086e00000, 0x0000000086e00000| Complete 
| 111|0x0000000086f00000, 0x0000000087000000, 0x0000000087000000|100%| E|CS|TAMS 0x0000000086f00000, 0x0000000086f00000| Complete 
| 112|0x0000000087000000, 0x0000000087100000, 0x0000000087100000|100%| E|CS|TAMS 0x0000000087000000, 0x0000000087000000| Complete 
| 113|0x0000000087100000, 0x0000000087200000, 0x0000000087200000|100%| E|CS|TAMS 0x0000000087100000, 0x0000000087100000| Complete 
| 114|0x0000000087200000, 0x0000000087300000, 0x0000000087300000|100%| E|CS|TAMS 0x0000000087200000, 0x0000000087200000| Complete 
| 115|0x0000000087300000, 0x0000000087400000, 0x0000000087400000|100%| E|CS|TAMS 0x0000000087300000, 0x0000000087300000| Complete 
| 116|0x0000000087400000, 0x0000000087500000, 0x0000000087500000|100%| E|CS|TAMS 0x0000000087400000, 0x0000000087400000| Complete 
| 117|0x0000000087500000, 0x0000000087600000, 0x0000000087600000|100%| E|CS|TAMS 0x0000000087500000, 0x0000000087500000| Complete 
| 118|0x0000000087600000, 0x0000000087700000, 0x0000000087700000|100%| E|CS|TAMS 0x0000000087600000, 0x0000000087600000| Complete 
| 119|0x0000000087700000, 0x0000000087800000, 0x0000000087800000|100%| E|CS|TAMS 0x0000000087700000, 0x0000000087700000| Complete 
| 120|0x0000000087800000, 0x0000000087900000, 0x0000000087900000|100%| E|CS|TAMS 0x0000000087800000, 0x0000000087800000| Complete 
| 121|0x0000000087900000, 0x0000000087a00000, 0x0000000087a00000|100%| E|CS|TAMS 0x0000000087900000, 0x0000000087900000| Complete 
| 122|0x0000000087a00000, 0x0000000087b00000, 0x0000000087b00000|100%| E|CS|TAMS 0x0000000087a00000, 0x0000000087a00000| Complete 
| 123|0x0000000087b00000, 0x0000000087c00000, 0x0000000087c00000|100%| E|CS|TAMS 0x0000000087b00000, 0x0000000087b00000| Complete 
| 124|0x0000000087c00000, 0x0000000087d00000, 0x0000000087d00000|100%| E|CS|TAMS 0x0000000087c00000, 0x0000000087c00000| Complete 
| 125|0x0000000087d00000, 0x0000000087e00000, 0x0000000087e00000|100%| E|CS|TAMS 0x0000000087d00000, 0x0000000087d00000| Complete 

Card table byte_map: [0x0000023bb3af0000,0x0000023bb3ef0000] _byte_map_base: 0x0000023bb36f0000

Marking Bits (Prev, Next): (CMBitMap*) 0x0000023ba01ade20, (CMBitMap*) 0x0000023ba01adde8
 Prev Bits: [0x0000023bb62f0000, 0x0000023bb82f0000)
 Next Bits: [0x0000023bb42f0000, 0x0000023bb62f0000)

Polling page: 0x0000023b9e8f0000

Metaspace:

Usage:
  Non-class:     26.31 MB capacity,    25.89 MB ( 98%) used,   369.98 KB (  1%) free+waste,    62.56 KB ( <1%) overhead. 
      Class:      4.25 MB capacity,     4.02 MB ( 95%) used,   203.29 KB (  5%) free+waste,    31.63 KB ( <1%) overhead. 
       Both:     30.56 MB capacity,    29.91 MB ( 98%) used,   573.27 KB (  2%) free+waste,    94.19 KB ( <1%) overhead. 

Virtual space:
  Non-class space:       28.00 MB reserved,      26.50 MB ( 95%) committed 
      Class space:        1.00 GB reserved,       4.25 MB ( <1%) committed 
             Both:        1.03 GB reserved,      30.75 MB (  3%) committed 

Chunk freelists:
   Non-Class:  5.00 KB
       Class:  0 bytes
        Both:  5.00 KB

MaxMetaspaceSize: 17179869184.00 GB
CompressedClassSpaceSize: 1.00 GB

CodeHeap 'non-profiled nmethods': size=120000Kb used=1297Kb max_used=1297Kb free=118702Kb
 bounds [0x0000023bab730000, 0x0000023bab9a0000, 0x0000023bb2c60000]
CodeHeap 'profiled nmethods': size=120000Kb used=5406Kb max_used=5406Kb free=114593Kb
 bounds [0x0000023ba4200000, 0x0000023ba4750000, 0x0000023bab730000]
CodeHeap 'non-nmethods': size=5760Kb used=1202Kb max_used=1202Kb free=4557Kb
 bounds [0x0000023ba3c60000, 0x0000023ba3ed0000, 0x0000023ba4200000]
 total_blobs=3012 nmethods=2500 adapters=421
 compilation: enabled
              stopped_count=0, restarted_count=0
 full_count=0

Compilation events (20 events):
Event: 2.441 Thread 0x0000023bbeeee000 2486       4       java.io.DataInputStream::readUTF (501 bytes)
Event: 2.450 Thread 0x0000023bbadf0000 2489       3       java.util.concurrent.atomic.AtomicInteger::incrementAndGet (14 bytes)
Event: 2.450 Thread 0x0000023bbadf0000 nmethod 2489 0x0000023ba4740790 code [0x0000023ba4740940, 0x0000023ba4740a58]
Event: 2.454 Thread 0x0000023bbadf0000 2491       3       java.lang.PublicMethods$MethodList::merge (192 bytes)
Event: 2.455 Thread 0x0000023bbadf0000 nmethod 2491 0x0000023ba4740b10 code [0x0000023ba4740d80, 0x0000023ba4741808]
Event: 2.455 Thread 0x0000023bbadf0000 2492       3       java.lang.PublicMethods$MethodList::length (24 bytes)
Event: 2.455 Thread 0x0000023bbadf0000 nmethod 2492 0x0000023ba4741c10 code [0x0000023ba4741dc0, 0x0000023ba4741f78]
Event: 2.455 Thread 0x0000023bbadf0000 2493       3       java.lang.PublicMethods::merge (81 bytes)
Event: 2.456 Thread 0x0000023bbadf0000 nmethod 2493 0x0000023ba4742090 code [0x0000023ba4742300, 0x0000023ba4742e08]
Event: 2.456 Thread 0x0000023bbadf0000 2494       3       org.codehaus.groovy.util.LockableObject::<init> (5 bytes)
Event: 2.456 Thread 0x0000023bbadf0000 nmethod 2494 0x0000023ba4743210 code [0x0000023ba47433e0, 0x0000023ba47435f8]
Event: 2.456 Thread 0x0000023bbadf0000 2495       3       org.codehaus.groovy.util.LazyReference::<init> (17 bytes)
Event: 2.456 Thread 0x0000023bbadf0000 nmethod 2495 0x0000023ba4743710 code [0x0000023ba47438e0, 0x0000023ba4743c18]
Event: 2.457 Thread 0x0000023bbadf0000 2496       3       org.codehaus.groovy.util.LazyReference::get (44 bytes)
Event: 2.457 Thread 0x0000023bbadf0000 nmethod 2496 0x0000023ba4743d90 code [0x0000023ba4743f80, 0x0000023ba4744328]
Event: 2.458 Thread 0x0000023bbadf0000 2497       3       java.lang.invoke.LambdaForm::editor (5 bytes)
Event: 2.458 Thread 0x0000023bbadf0000 nmethod 2497 0x0000023ba4744490 code [0x0000023ba4744660, 0x0000023ba4744988]
Event: 2.458 Thread 0x0000023bbadf0000 2498       3       java.lang.invoke.LambdaFormEditor::lambdaFormEditor (12 bytes)
Event: 2.458 Thread 0x0000023bbadf0000 nmethod 2498 0x0000023ba4744b10 code [0x0000023ba4744ce0, 0x0000023ba4744f88]
Event: 2.458 Thread 0x0000023bbadf0000 2499       3       java.lang.invoke.LambdaFormEditor::getInCache (186 bytes)

GC Heap History (8 events):
Event: 0.483 GC heap before
{Heap before GC invocations=0 (full 0):
 garbage-first heap   total 129024K, used 29696K [0x0000000080000000, 0x0000000100000000)
  region size 1024K, 24 young (24576K), 0 survivors (0K)
 Metaspace       used 10202K, capacity 10427K, committed 10624K, reserved 1058816K
  class space    used 1064K, capacity 1141K, committed 1152K, reserved 1048576K
}
Event: 0.486 GC heap after
{Heap after GC invocations=1 (full 0):
 garbage-first heap   total 129024K, used 9291K [0x0000000080000000, 0x0000000100000000)
  region size 1024K, 3 young (3072K), 3 survivors (3072K)
 Metaspace       used 10202K, capacity 10427K, committed 10624K, reserved 1058816K
  class space    used 1064K, capacity 1141K, committed 1152K, reserved 1048576K
}
Event: 1.483 GC heap before
{Heap before GC invocations=1 (full 0):
 garbage-first heap   total 129024K, used 83019K [0x0000000080000000, 0x0000000100000000)
  region size 1024K, 75 young (76800K), 3 survivors (3072K)
 Metaspace       used 17633K, capacity 18092K, committed 18176K, reserved 1064960K
  class space    used 2078K, capacity 2238K, committed 2304K, reserved 1048576K
}
Event: 1.488 GC heap after
{Heap after GC invocations=2 (full 0):
 garbage-first heap   total 129024K, used 15960K [0x0000000080000000, 0x0000000100000000)
  region size 1024K, 10 young (10240K), 10 survivors (10240K)
 Metaspace       used 17633K, capacity 18092K, committed 18176K, reserved 1064960K
  class space    used 2078K, capacity 2238K, committed 2304K, reserved 1048576K
}
Event: 1.664 GC heap before
{Heap before GC invocations=2 (full 0):
 garbage-first heap   total 129024K, used 40536K [0x0000000080000000, 0x0000000100000000)
  region size 1024K, 35 young (35840K), 10 survivors (10240K)
 Metaspace       used 20608K, capacity 21124K, committed 21248K, reserved 1067008K
  class space    used 2520K, capacity 2722K, committed 2816K, reserved 1048576K
}
Event: 1.670 GC heap after
{Heap after GC invocations=3 (full 0):
 garbage-first heap   total 129024K, used 17365K [0x0000000080000000, 0x0000000100000000)
  region size 1024K, 1 young (1024K), 1 survivors (1024K)
 Metaspace       used 20608K, capacity 21124K, committed 21248K, reserved 1067008K
  class space    used 2520K, capacity 2722K, committed 2816K, reserved 1048576K
}
Event: 2.100 GC heap before
{Heap before GC invocations=4 (full 0):
 garbage-first heap   total 129024K, used 75733K [0x0000000080000000, 0x0000000100000000)
  region size 1024K, 59 young (60416K), 1 survivors (1024K)
 Metaspace       used 26316K, capacity 26936K, committed 27008K, reserved 1073152K
  class space    used 3462K, capacity 3708K, committed 3712K, reserved 1048576K
}
Event: 2.103 GC heap after
{Heap after GC invocations=5 (full 0):
 garbage-first heap   total 129024K, used 19083K [0x0000000080000000, 0x0000000100000000)
  region size 1024K, 3 young (3072K), 3 survivors (3072K)
 Metaspace       used 26316K, capacity 26936K, committed 27008K, reserved 1073152K
  class space    used 3462K, capacity 3708K, committed 3712K, reserved 1048576K
}

Deoptimization events (20 events):
Event: 2.027 Thread 0x0000023bbd61a000 Uncommon trap: trap_request=0xffffffde fr.pc=0x0000023bab8268e0 relative=0x0000000000000320
Event: 2.027 Thread 0x0000023bbd61a000 Uncommon trap: reason=class_check action=maybe_recompile pc=0x0000023bab8268e0 method=java.util.Collections$SetFromMap.remove(Ljava/lang/Object;)Z @ 5 c2
Event: 2.027 Thread 0x0000023bbd61a000 DEOPT PACKING pc=0x0000023bab8268e0 sp=0x000000bc4cffc7b0
Event: 2.027 Thread 0x0000023bbd61a000 DEOPT UNPACKING pc=0x0000023ba3c878af sp=0x000000bc4cffc798 mode 2
Event: 2.171 Thread 0x0000023bbd61a000 Uncommon trap: trap_request=0xffffff4d fr.pc=0x0000023bab84484c relative=0x000000000000020c
Event: 2.171 Thread 0x0000023bbd61a000 Uncommon trap: reason=unstable_if action=reinterpret pc=0x0000023bab84484c method=java.util.HashMap.hash(Ljava/lang/Object;)I @ 1 c2
Event: 2.171 Thread 0x0000023bbd61a000 DEOPT PACKING pc=0x0000023bab84484c sp=0x000000bc4cff95b0
Event: 2.171 Thread 0x0000023bbd61a000 DEOPT UNPACKING pc=0x0000023ba3c878af sp=0x000000bc4cff94e8 mode 2
Event: 2.171 Thread 0x0000023bbd61a000 Uncommon trap: trap_request=0xffffff4d fr.pc=0x0000023bab7de0ac relative=0x000000000000008c
Event: 2.171 Thread 0x0000023bbd61a000 Uncommon trap: reason=unstable_if action=reinterpret pc=0x0000023bab7de0ac method=java.util.HashMap.hash(Ljava/lang/Object;)I @ 1 c2
Event: 2.171 Thread 0x0000023bbd61a000 DEOPT PACKING pc=0x0000023bab7de0ac sp=0x000000bc4cff9330
Event: 2.171 Thread 0x0000023bbd61a000 DEOPT UNPACKING pc=0x0000023ba3c878af sp=0x000000bc4cff92c8 mode 2
Event: 2.335 Thread 0x0000023bbd61a000 Uncommon trap: trap_request=0xffffff4d fr.pc=0x0000023bab866f64 relative=0x00000000000001a4
Event: 2.335 Thread 0x0000023bbd61a000 Uncommon trap: reason=unstable_if action=reinterpret pc=0x0000023bab866f64 method=java.util.regex.Pattern$BmpCharProperty.match(Ljava/util/regex/Matcher;ILjava/lang/CharSequence;)Z @ 39 c2
Event: 2.335 Thread 0x0000023bbd61a000 DEOPT PACKING pc=0x0000023bab866f64 sp=0x000000bc4cff9f40
Event: 2.335 Thread 0x0000023bbd61a000 DEOPT UNPACKING pc=0x0000023ba3c878af sp=0x000000bc4cff9ef0 mode 2
Event: 2.375 Thread 0x0000023bbd61a000 Uncommon trap: trap_request=0xffffff4d fr.pc=0x0000023bab8344e0 relative=0x00000000000006e0
Event: 2.375 Thread 0x0000023bbd61a000 Uncommon trap: reason=unstable_if action=reinterpret pc=0x0000023bab8344e0 method=java.util.HashMap.putVal(ILjava/lang/Object;Ljava/lang/Object;ZZ)Ljava/lang/Object; @ 162 c2
Event: 2.375 Thread 0x0000023bbd61a000 DEOPT PACKING pc=0x0000023bab8344e0 sp=0x000000bc4cffaff0
Event: 2.375 Thread 0x0000023bbd61a000 DEOPT UNPACKING pc=0x0000023ba3c878af sp=0x000000bc4cffaf00 mode 2

Classes redefined (0 events):
No events

Internal exceptions (20 events):
Event: 1.685 Thread 0x0000023bbd61a000 Exception <a 'java/lang/NoSuchMethodError'{0x0000000087c868a0}: 'void java.lang.invoke.DirectMethodHandle$Holder.invokeStatic(java.lang.Object, java.lang.Object, java.lang.Object, java.lang.Object, java.lang.Object)'> (0x0000000087c868a0) thrown at [./src/hotspot/share/interpreter/linkResolver.cpp, line 773]
Event: 1.728 Thread 0x0000023bbd61a000 Exception <a 'java/lang/NoSuchMethodError'{0x000000008774b498}: 'void java.lang.invoke.DirectMethodHandle$Holder.invokeSpecial(java.lang.Object, java.lang.Object)'> (0x000000008774b498) thrown at [./src/hotspot/share/interpreter/linkResolver.cpp, line 773]
Event: 1.748 Thread 0x0000023bbd61a000 Exception <a 'java/lang/NoSuchMethodError'{0x000000008758c0f0}: 'java.lang.Object java.lang.invoke.DirectMethodHandle$Holder.invokeSpecial(java.lang.Object, java.lang.Object, java.lang.Object, java.lang.Object, java.lang.Object, java.lang.Object, java.lang.Object, java.lang.Object, java.lang.Object)'> (0x000000008758c0f0) thrown at [./src/hotspot/share/interpreter/linkResolver.cpp, line 773]
Event: 1.801 Thread 0x0000023bbd61a000 Exception <a 'java/lang/NoSuchMethodError'{0x0000000086b0b538}: 'java.lang.Object java.lang.invoke.DirectMethodHandle$Holder.invokeVirtual(java.lang.Object, java.lang.Object, java.lang.Object, java.lang.Object)'> (0x0000000086b0b538) thrown at [./src/hotspot/share/interpreter/linkResolver.cpp, line 773]
Event: 1.816 Thread 0x0000023bbd61a000 Exception <a 'java/lang/NoSuchMethodError'{0x00000000869d6628}: 'java.lang.Object java.lang.invoke.Invokers$Holder.invoker(java.lang.Object, java.lang.Object, java.lang.Object, java.lang.Object, java.lang.Object)'> (0x00000000869d6628) thrown at [./src/hotspot/share/interpreter/linkResolver.cpp, line 773]
Event: 1.866 Thread 0x0000023bbd61a000 Exception <a 'java/lang/NoSuchMethodError'{0x000000008632b600}: 'void java.lang.invoke.DirectMethodHandle$Holder.invokeSpecial(java.lang.Object, java.lang.Object, java.lang.Object, java.lang.Object, java.lang.Object, java.lang.Object)'> (0x000000008632b600) thrown at [./src/hotspot/share/interpreter/linkResolver.cpp, line 773]
Event: 1.873 Thread 0x0000023bbd61a000 Exception <a 'java/lang/NoSuchMethodError'{0x0000000086392310}: 'void java.lang.invoke.DirectMethodHandle$Holder.invokeSpecial(java.lang.Object, java.lang.Object, java.lang.Object, java.lang.Object, java.lang.Object, java.lang.Object, java.lang.Object)'> (0x0000000086392310) thrown at [./src/hotspot/share/interpreter/linkResolver.cpp, line 773]
Event: 1.873 Thread 0x0000023bbd61a000 Exception <a 'java/lang/NoSuchMethodError'{0x000000008639a558}: 'java.lang.Object java.lang.invoke.Invokers$Holder.linkToTargetMethod(java.lang.Object, java.lang.Object, java.lang.Object, java.lang.Object, java.lang.Object, java.lang.Object)'> (0x000000008639a558) thrown at [./src/hotspot/share/interpreter/linkResolver.cpp, line 773]
Event: 1.963 Thread 0x0000023bbd61a000 Exception <a 'java/lang/NoSuchMethodError'{0x000000008551e2a8}: 'void java.lang.invoke.DirectMethodHandle$Holder.invokeStaticInit(java.lang.Object, java.lang.Object)'> (0x000000008551e2a8) thrown at [./src/hotspot/share/interpreter/linkResolver.cpp, line 773]
Event: 2.022 Thread 0x0000023bbd61a000 Exception <a 'java/lang/NoSuchMethodError'{0x0000000084f32168}: 'void java.lang.invoke.DirectMethodHandle$Holder.invokeStatic(java.lang.Object, java.lang.Object, java.lang.Object, java.lang.Object)'> (0x0000000084f32168) thrown at [./src/hotspot/share/interpreter/linkResolver.cpp, line 773]
Event: 2.023 Thread 0x0000023bbd61a000 Exception <a 'java/lang/NoSuchMethodError'{0x0000000084fe8668}: 'int java.lang.invoke.DirectMethodHandle$Holder.invokeInterface(java.lang.Object, java.lang.Object)'> (0x0000000084fe8668) thrown at [./src/hotspot/share/interpreter/linkResolver.cpp, line 773]
Event: 2.096 Thread 0x0000023bbd61a000 Exception <a 'java/lang/NoSuchMethodError'{0x0000000084339c00}: 'java.lang.Object java.lang.invoke.DirectMethodHandle$Holder.invokeSpecialIFC(java.lang.Object, java.lang.Object, java.lang.Object, java.lang.Object)'> (0x0000000084339c00) thrown at [./src/hotspot/share/interpreter/linkResolver.cpp, line 773]
Event: 2.104 Thread 0x0000023bbd61a000 Exception <a 'java/lang/NoSuchMethodError'{0x0000000087d194d8}: 'java.lang.Object java.lang.invoke.DirectMethodHandle$Holder.invokeSpecial(java.lang.Object, java.lang.Object, java.lang.Object, java.lang.Object, java.lang.Object, java.lang.Object, java.lang.Object, java.lang.Object, java.lang.Object, java.lang.Object, java.lang.Object, java.lang.Object, java.lang.Object)'> (0x0000000087d194d8) thrown at [./src/hotspot/share/interpreter/linkResolver.cpp, line 773]
Event: 2.104 Thread 0x0000023bbd61a000 Exception <a 'java/lang/NoSuchMethodError'{0x0000000087d2a760}: 'java.lang.Object java.lang.invoke.DirectMethodHandle$Holder.invokeSpecial(java.lang.Object, java.lang.Object, java.lang.Object, java.lang.Object, java.lang.Object, java.lang.Object, java.lang.Object, java.lang.Object, java.lang.Object, java.lang.Object, java.lang.Object, java.lang.Object)'> (0x0000000087d2a760) thrown at [./src/hotspot/share/interpreter/linkResolver.cpp, line 773]
Event: 2.105 Thread 0x0000023bbd61a000 Exception <a 'java/lang/NoSuchMethodError'{0x0000000087d2f888}: 'java.lang.Object java.lang.invoke.Invokers$Holder.linkToTargetMethod(java.lang.Object, java.lang.Object, java.lang.Object, java.lang.Object, java.lang.Object, java.lang.Object, java.lang.Object, java.lang.Object, java.lang.Object, java.lang.Object, java.lang.Object)'> (0x0000000087d2f888) thrown at [./src/hotspot/share/interpreter/linkResolver.cpp, line 773]
Event: 2.111 Thread 0x0000023bbd61a000 Exception <a 'java/lang/NoSuchMethodError'{0x0000000087c94a10}: 'java.lang.Object java.lang.invoke.DirectMethodHandle$Holder.invokeSpecial(java.lang.Object, java.lang.Object, java.lang.Object, java.lang.Object, java.lang.Object, java.lang.Object, java.lang.Object, java.lang.Object, java.lang.Object, java.lang.Object, java.lang.Object, java.lang.Object, java.lang.Object, java.lang.Object)'> (0x0000000087c94a10) thrown at [./src/hotspot/share/interpreter/linkResolver.cpp, line 773]
Event: 2.111 Thread 0x0000023bbd61a000 Exception <a 'java/lang/NoSuchMethodError'{0x0000000087ca6008}: 'java.lang.Object java.lang.invoke.Invokers$Holder.linkToTargetMethod(java.lang.Object, java.lang.Object, java.lang.Object, java.lang.Object, java.lang.Object, java.lang.Object, java.lang.Object, java.lang.Object, java.lang.Object, java.lang.Object, java.lang.Object, java.lang.Object)'> (0x0000000087ca6008) thrown at [./src/hotspot/share/interpreter/linkResolver.cpp, line 773]
Event: 2.115 Thread 0x0000023bbd61a000 Exception <a 'java/lang/NoSuchMethodError'{0x0000000087b380c0}: 'java.lang.Object java.lang.invoke.DirectMethodHandle$Holder.invokeStaticInit(java.lang.Object, java.lang.Object, java.lang.Object, java.lang.Object)'> (0x0000000087b380c0) thrown at [./src/hotspot/share/interpreter/linkResolver.cpp, line 773]
Event: 2.171 Thread 0x0000023bbd61a000 Implicit null exception at 0x0000023bab844675 to 0x0000023bab84483c
Event: 2.171 Thread 0x0000023bbd61a000 Implicit null exception at 0x0000023bab7de02f to 0x0000023bab7de09d

Events (20 events):
Event: 2.448 loading class java/security/AccessControlException
Event: 2.448 loading class java/security/AccessControlException done
Event: 2.448 Executing VM operation: Deoptimize
Event: 2.448 Executing VM operation: Deoptimize done
Event: 2.449 loading class org/codehaus/groovy/util/ReferenceType$SoftRef
Event: 2.449 loading class org/codehaus/groovy/util/ReferenceType$SoftRef done
Event: 2.450 loading class org/codehaus/groovy/transform/trait/Traits$Implemented
Event: 2.450 loading class org/codehaus/groovy/transform/trait/Traits$Implemented done
Event: 2.450 loading class java/util/stream/IntStream
Event: 2.450 loading class java/util/stream/IntStream done
Event: 2.451 Executing VM operation: RevokeBias
Event: 2.451 Executing VM operation: RevokeBias done
Event: 2.451 loading class org/codehaus/groovy/reflection/CachedClass
Event: 2.451 loading class org/codehaus/groovy/reflection/CachedClass done
Event: 2.451 loading class org/codehaus/groovy/reflection/CachedClass
Event: 2.451 loading class org/codehaus/groovy/reflection/CachedClass done
Event: 2.457 loading class java/lang/invoke/MethodHandleImpl$BindCaller
Event: 2.458 loading class java/lang/invoke/MethodHandleImpl$BindCaller done
Event: 2.458 loading class java/lang/invoke/MethodHandleImpl$BindCaller$1
Event: 2.458 loading class java/lang/invoke/MethodHandleImpl$BindCaller$1 done


Dynamic libraries:
0x00007ff693db0000 - 0x00007ff693dba000 	C:\Program Files\Android\Android Studio\jre\bin\java.exe
0x00007ffe254f0000 - 0x00007ffe256e5000 	C:\Windows\SYSTEM32\ntdll.dll
0x00007ffe24a20000 - 0x00007ffe24ade000 	C:\Windows\System32\KERNEL32.DLL
0x00007ffe22e90000 - 0x00007ffe23159000 	C:\Windows\System32\KERNELBASE.dll
0x00007ffe22ce0000 - 0x00007ffe22de0000 	C:\Windows\System32\ucrtbase.dll
0x00007ffe20100000 - 0x00007ffe20119000 	C:\Program Files\Android\Android Studio\jre\bin\jli.dll
0x00007ffe1e9c0000 - 0x00007ffe1e9d7000 	C:\Program Files\Android\Android Studio\jre\bin\VCRUNTIME140.dll
0x00007ffe23ef0000 - 0x00007ffe24091000 	C:\Windows\System32\USER32.dll
0x00007ffe07460000 - 0x00007ffe076fa000 	C:\Windows\WinSxS\amd64_microsoft.windows.common-controls_6595b64144ccf1df_6.0.19041.1110_none_60b5254171f9507e\COMCTL32.dll
0x00007ffe231c0000 - 0x00007ffe231e2000 	C:\Windows\System32\win32u.dll
0x00007ffe23e50000 - 0x00007ffe23eee000 	C:\Windows\System32\msvcrt.dll
0x00007ffe23610000 - 0x00007ffe2363b000 	C:\Windows\System32\GDI32.dll
0x00007ffe231f0000 - 0x00007ffe232fb000 	C:\Windows\System32\gdi32full.dll
0x00007ffe22c10000 - 0x00007ffe22cad000 	C:\Windows\System32\msvcp_win.dll
0x00007ffe23560000 - 0x00007ffe23590000 	C:\Windows\System32\IMM32.DLL
0x00007ffe1d5c0000 - 0x00007ffe1d65d000 	C:\Program Files\Android\Android Studio\jre\bin\msvcp140.dll
0x00007ffdf4230000 - 0x00007ffdf4cff000 	C:\Program Files\Android\Android Studio\jre\bin\server\jvm.dll
0x00007ffe245e0000 - 0x00007ffe2468c000 	C:\Windows\System32\ADVAPI32.dll
0x00007ffe24910000 - 0x00007ffe249ab000 	C:\Windows\System32\sechost.dll
0x00007ffe24bc0000 - 0x00007ffe24cea000 	C:\Windows\System32\RPCRT4.dll
0x00007ffe24cf0000 - 0x00007ffe24cf8000 	C:\Windows\System32\PSAPI.DLL
0x00007ffe1e9e0000 - 0x00007ffe1e9e9000 	C:\Windows\SYSTEM32\WSOCK32.dll
0x00007ffe086e0000 - 0x00007ffe08707000 	C:\Windows\SYSTEM32\WINMM.dll
0x00007ffe20bf0000 - 0x00007ffe20bfa000 	C:\Windows\SYSTEM32\VERSION.dll
0x00007ffe249b0000 - 0x00007ffe24a1b000 	C:\Windows\System32\WS2_32.dll
0x00007ffe21490000 - 0x00007ffe214a2000 	C:\Windows\SYSTEM32\kernel.appcore.dll
0x00007ffe1e9a0000 - 0x00007ffe1e9b1000 	C:\Program Files\Android\Android Studio\jre\bin\verify.dll
0x00007ffe0f4c0000 - 0x00007ffe0f6a4000 	C:\Windows\SYSTEM32\DBGHELP.DLL
0x00007ffe10f50000 - 0x00007ffe10f7c000 	C:\Windows\SYSTEM32\dbgcore.DLL
0x00007ffe234b0000 - 0x00007ffe23533000 	C:\Windows\System32\bcryptPrimitives.dll
0x00007ffe1e970000 - 0x00007ffe1e999000 	C:\Program Files\Android\Android Studio\jre\bin\java.dll
0x00007ffe1e960000 - 0x00007ffe1e96b000 	C:\Program Files\Android\Android Studio\jre\bin\jimage.dll
0x00007ffe1e940000 - 0x00007ffe1e958000 	C:\Program Files\Android\Android Studio\jre\bin\zip.dll
0x00007ffe24d70000 - 0x00007ffe254af000 	C:\Windows\System32\SHELL32.dll
0x00007ffe20cf0000 - 0x00007ffe21480000 	C:\Windows\SYSTEM32\windows.storage.dll
0x00007ffe241d0000 - 0x00007ffe24525000 	C:\Windows\System32\combase.dll
0x00007ffe22660000 - 0x00007ffe2268c000 	C:\Windows\SYSTEM32\Wldp.dll
0x00007ffe24530000 - 0x00007ffe245dd000 	C:\Windows\System32\SHCORE.dll
0x00007ffe24d10000 - 0x00007ffe24d65000 	C:\Windows\System32\shlwapi.dll
0x00007ffe22b50000 - 0x00007ffe22b6f000 	C:\Windows\SYSTEM32\profapi.dll
0x00007ffe1e920000 - 0x00007ffe1e93a000 	C:\Program Files\Android\Android Studio\jre\bin\net.dll
0x00007ffe1bad0000 - 0x00007ffe1bbd8000 	C:\Windows\SYSTEM32\WINHTTP.dll
0x00007ffe223c0000 - 0x00007ffe2242a000 	C:\Windows\system32\mswsock.dll
0x00007ffe1e900000 - 0x00007ffe1e914000 	C:\Program Files\Android\Android Studio\jre\bin\nio.dll
0x00007ffe1d8d0000 - 0x00007ffe1d8f7000 	C:\Users\Siddhi Anil Bairagi\.gradle\native\8bec1ad78214c89d9ad589b4d07fe93259594b29d510b10fafb7a158f7737e5d\windows-amd64\native-platform.dll
0x00007ffdf40f0000 - 0x00007ffdf422d000 	C:\Users\Siddhi Anil Bairagi\.gradle\native\53dbd7edfb1c66fb8903c78663c9afc45aea4f116125fa6feffd364cf09443e8\windows-amd64\native-platform-file-events.dll
0x00007ffe1e8f0000 - 0x00007ffe1e8fa000 	C:\Program Files\Android\Android Studio\jre\bin\management.dll
0x00007ffe1e1f0000 - 0x00007ffe1e1fc000 	C:\Program Files\Android\Android Studio\jre\bin\management_ext.dll
0x00007ffe225c0000 - 0x00007ffe225d8000 	C:\Windows\SYSTEM32\CRYPTSP.dll
0x00007ffe21cd0000 - 0x00007ffe21d04000 	C:\Windows\system32\rsaenh.dll
0x00007ffe22cb0000 - 0x00007ffe22cd7000 	C:\Windows\System32\bcrypt.dll
0x00007ffe22b10000 - 0x00007ffe22b3e000 	C:\Windows\SYSTEM32\USERENV.dll
0x00007ffe225b0000 - 0x00007ffe225bc000 	C:\Windows\SYSTEM32\CRYPTBASE.dll
0x00007ffe22060000 - 0x00007ffe2209b000 	C:\Windows\SYSTEM32\IPHLPAPI.DLL
0x00007ffe24d00000 - 0x00007ffe24d08000 	C:\Windows\System32\NSI.dll
0x00007ffe1d0b0000 - 0x00007ffe1d0c7000 	C:\Windows\SYSTEM32\dhcpcsvc6.DLL
0x00007ffe1d020000 - 0x00007ffe1d03d000 	C:\Windows\SYSTEM32\dhcpcsvc.DLL
0x00007ffe220a0000 - 0x00007ffe2216c000 	C:\Windows\SYSTEM32\DNSAPI.dll

dbghelp: loaded successfully - version: 4.0.5 - missing functions: none
symbol engine: initialized successfully - sym options: 0x614 - pdb path: .;C:\Program Files\Android\Android Studio\jre\bin;C:\Windows\SYSTEM32;C:\Windows\WinSxS\amd64_microsoft.windows.common-controls_6595b64144ccf1df_6.0.19041.1110_none_60b5254171f9507e;C:\Program Files\Android\Android Studio\jre\bin\server;C:\Users\Siddhi Anil Bairagi\.gradle\native\8bec1ad78214c89d9ad589b4d07fe93259594b29d510b10fafb7a158f7737e5d\windows-amd64;C:\Users\Siddhi Anil Bairagi\.gradle\native\53dbd7edfb1c66fb8903c78663c9afc45aea4f116125fa6feffd364cf09443e8\windows-amd64

VM Arguments:
jvm_args: --add-opens=java.base/java.util=ALL-UNNAMED --add-opens=java.base/java.lang=ALL-UNNAMED --add-opens=java.base/java.lang.invoke=ALL-UNNAMED --add-opens=java.base/java.util=ALL-UNNAMED --add-opens=java.prefs/java.util.prefs=ALL-UNNAMED --add-opens=java.prefs/java.util.prefs=ALL-UNNAMED --add-opens=java.base/java.nio.charset=ALL-UNNAMED --add-opens=java.base/java.net=ALL-UNNAMED --add-opens=java.base/java.util.concurrent.atomic=ALL-UNNAMED -Xmx2048m -Dfile.encoding=UTF-8 -Duser.country=IN -Duser.language=en -Duser.variant 
java_command: org.gradle.launcher.daemon.bootstrap.GradleDaemon 7.0.2
java_class_path (initial): C:\Users\Siddhi Anil Bairagi\.gradle\wrapper\dists\gradle-7.0.2-bin\857tjihv64xamwrf0h14cai3r\gradle-7.0.2\lib\gradle-launcher-7.0.2.jar
Launcher Type: SUN_STANDARD

[Global flags]
     intx CICompilerCount                          = 4                                         {product} {ergonomic}
     uint ConcGCThreads                            = 2                                         {product} {ergonomic}
     uint G1ConcRefinementThreads                  = 8                                         {product} {ergonomic}
   size_t G1HeapRegionSize                         = 1048576                                   {product} {ergonomic}
    uintx GCDrainStackTargetSize                   = 64                                        {product} {ergonomic}
   size_t InitialHeapSize                          = 132120576                                 {product} {ergonomic}
   size_t MarkStackSize                            = 4194304                                   {product} {ergonomic}
   size_t MaxHeapSize                              = 2147483648                                {product} {command line}
   size_t MaxNewSize                               = 1287651328                                {product} {ergonomic}
   size_t MinHeapDeltaBytes                        = 1048576                                   {product} {ergonomic}
    uintx NonNMethodCodeHeapSize                   = 5836300                                {pd product} {ergonomic}
    uintx NonProfiledCodeHeapSize                  = 122910970                              {pd product} {ergonomic}
    uintx ProfiledCodeHeapSize                     = 122910970                              {pd product} {ergonomic}
    uintx ReservedCodeCacheSize                    = 251658240                              {pd product} {ergonomic}
     bool SegmentedCodeCache                       = true                                      {product} {ergonomic}
     bool UseCompressedClassPointers               = true                                 {lp64_product} {ergonomic}
     bool UseCompressedOops                        = true                                 {lp64_product} {ergonomic}
     bool UseG1GC                                  = true                                      {product} {ergonomic}
     bool UseLargePagesIndividualAllocation        = false                                  {pd product} {ergonomic}

Logging:
Log output configuration:
 #0: stdout all=warning uptime,level,tags
 #1: stderr all=off uptime,level,tags

Environment Variables:
PATH=c:\windows\system32;c:\windows;c:\windows\system32\wbem;c:\windows\system32\windowspowershell\v1.0\;c:\windows\system32\openssh\;c:\program files\microsoft vs code\bin;c:\program files\dotnet\;d:\mingw\bin;c:\program files\git\cmd;C:\Program Files (x86)\NVIDIA Corporation\PhysX\Common;C:\Users\Siddhi Anil Bairagi\AppData\Local\Microsoft\WindowsApps;
USERNAME=Siddhi Anil Bairagi
OS=Windows_NT
PROCESSOR_IDENTIFIER=Intel64 Family 6 Model 158 Stepping 10, GenuineIntel



---------------  S Y S T E M  ---------------

OS: Windows 10 , 64 bit Build 19041 (10.0.19041.1202)
OS uptime: 0 days 0:40 hours

CPU:total 8 (initial active 8) (4 cores per cpu, 2 threads per core) family 6 model 158 stepping 10 microcode 0xb4, cmov, cx8, fxsr, mmx, sse, sse2, sse3, ssse3, sse4.1, sse4.2, popcnt, avx, avx2, aes, clmul, erms, 3dnowpref, lzcnt, ht, tsc, tscinvbit, bmi1, bmi2, adx, fma

Memory: 4k page, system-wide physical 8034M (2583M free)
TotalPageFile size 8034M (AvailPageFile size 6M)
current process WorkingSet (physical memory assigned to process): 243M, peak: 246M
current process commit charge ("private bytes"): 309M, peak: 313M

vm_info: OpenJDK 64-Bit Server VM (11.0.10+0-b96-7249189) for windows-amd64 JRE (11.0.10+0-b96-7249189), built on Mar 31 2021 21:44:00 by "builder" with MS VC++ 14.0 (VS2015)

END.
