#
# There is insufficient memory for the Java Runtime Environment to continue.
# Native memory allocation (malloc) failed to allocate 824976 bytes for Chunk::new
# Possible reasons:
#   The system is out of physical RAM or swap space
#   The process is running with CompressedOops enabled, and the Java Heap may be blocking the growth of the native heap
# Possible solutions:
#   Reduce memory load on the system
#   Increase physical memory or swap space
#   Check if swap backing store is full
#   Decrease Java heap size (-Xmx/-Xms)
#   Decrease number of Java threads
#   Decrease Java thread stack sizes (-Xss)
#   Set larger code cache with -XX:ReservedCodeCacheSize=
#   JVM is running with Unscaled Compressed Oops mode in which the Java heap is
#     placed in the first 4GB address space. The Java Heap base address is the
#     maximum limit for the native heap growth. Please use -XX:HeapBaseMinAddress
#     to set the Java Heap base and to place the Java Heap above 4GB virtual address.
# This output file may be truncated or incomplete.
#
#  Out of Memory Error (./src/hotspot/share/memory/arena.cpp:197), pid=7380, tid=9192
#
# JRE version: OpenJDK Runtime Environment (11.0.10) (build 11.0.10+0-b96-7249189)
# Java VM: OpenJDK 64-Bit Server VM (11.0.10+0-b96-7249189, mixed mode, tiered, compressed oops, g1 gc, windows-amd64)
# No core dump will be written. Minidumps are not enabled by default on client versions of Windows
#

---------------  S U M M A R Y ------------

Command Line: --add-opens=java.base/java.util=ALL-UNNAMED --add-opens=java.base/java.lang=ALL-UNNAMED --add-opens=java.base/java.lang.invoke=ALL-UNNAMED --add-opens=java.base/java.util=ALL-UNNAMED --add-opens=java.prefs/java.util.prefs=ALL-UNNAMED --add-opens=java.prefs/java.util.prefs=ALL-UNNAMED --add-opens=java.base/java.nio.charset=ALL-UNNAMED --add-opens=java.base/java.net=ALL-UNNAMED --add-opens=java.base/java.util.concurrent.atomic=ALL-UNNAMED -Xmx2048m -Dfile.encoding=UTF-8 -Duser.country=IN -Duser.language=en -Duser.variant org.gradle.launcher.daemon.bootstrap.GradleDaemon 7.0.2

Host: Intel(R) Core(TM) i5-8300H CPU @ 2.30GHz, 8 cores, 7G,  Windows 10 , 64 bit Build 19041 (10.0.19041.1202)
Time: Sat Jan  1 04:40:01 2022 India Standard Time elapsed time: 22.003409 seconds (0d 0h 0m 22s)

---------------  T H R E A D  ---------------

Current thread (0x0000024582414000):  JavaThread "C2 CompilerThread0" daemon [_thread_in_native, id=9192, stack(0x0000004f6ee00000,0x0000004f6ef00000)]


Current CompileTask:
C2:  22003 13025       4       com.google.common.collect.ImmutableSortedMap$Builder::build (229 bytes)

Stack: [0x0000004f6ee00000,0x0000004f6ef00000]
Native frames: (J=compiled Java code, j=interpreted, Vv=VM code, C=native code)
V  [jvm.dll+0x5ecfaa]
V  [jvm.dll+0x722bd5]
V  [jvm.dll+0x72412d]
V  [jvm.dll+0x7247e3]
V  [jvm.dll+0x242928]
V  [jvm.dll+0xbc4fc]
V  [jvm.dll+0xbca0c]
V  [jvm.dll+0x352d3b]
V  [jvm.dll+0x320ad3]
V  [jvm.dll+0x31ffca]
V  [jvm.dll+0x1fb602]
V  [jvm.dll+0x1fa7f4]
V  [jvm.dll+0x18354c]
V  [jvm.dll+0x208ee7]
V  [jvm.dll+0x207731]
V  [jvm.dll+0x6eb1cf]
V  [jvm.dll+0x6e3d45]
V  [jvm.dll+0x5ebe96]
C  [ucrtbase.dll+0x21bb2]
C  [KERNEL32.DLL+0x17034]
C  [ntdll.dll+0x52651]


---------------  P R O C E S S  ---------------

Threads class SMR info:
_java_thread_list=0x00000245855eaec0, length=69, elements={
0x00000245e7ebb000, 0x00000245823e4800, 0x00000245823e6000, 0x00000245823fc000,
0x00000245823fe800, 0x0000024582404000, 0x0000024582414000, 0x000002458241b000,
0x0000024582405000, 0x0000024582406800, 0x0000024582403800, 0x0000024582401000,
0x0000024582405800, 0x0000024582401800, 0x0000024582407800, 0x0000024582402800,
0x00000245844d9800, 0x00000245844da800, 0x00000245844d8000, 0x00000245844d6800,
0x00000245844d9000, 0x00000245844dc000, 0x00000245844db800, 0x00000245844dd000,
0x00000245844d7800, 0x0000024586861800, 0x0000024586862800, 0x000002458685c800,
0x0000024586863000, 0x000002458685d800, 0x000002458685e800, 0x000002458685f000,
0x0000024586865000, 0x0000024586869800, 0x000002458686a800, 0x000002458686b800,
0x0000024586868000, 0x0000024586869000, 0x0000024586867800, 0x0000024586866800,
0x0000024585e22800, 0x0000024585e23800, 0x0000024585e21000, 0x0000024585e22000,
0x0000024585e24800, 0x0000024585e25000, 0x0000024585e26000, 0x0000024585e20000,
0x0000024585e2b800, 0x0000024585e29000, 0x0000024585e2b000, 0x0000024585e2a000,
0x0000024585e2d800, 0x0000024585e27800, 0x0000024585e2e000, 0x0000024585e28800,
0x0000024585e2f000, 0x000002458a8dc000, 0x000002458a8de000, 0x000002458a8e2000,
0x000002458a8e2800, 0x000002458a8de800, 0x000002458a8dd000, 0x000002458a8e1000,
0x000002458a8e9800, 0x000002458a8e4800, 0x000002458a8e5000, 0x00000245844e9000,
0x0000024583386800
}

Java Threads: ( => current thread )
  0x00000245e7ebb000 JavaThread "main" [_thread_blocked, id=9052, stack(0x0000004f6e200000,0x0000004f6e300000)]
  0x00000245823e4800 JavaThread "Reference Handler" daemon [_thread_blocked, id=9132, stack(0x0000004f6e900000,0x0000004f6ea00000)]
  0x00000245823e6000 JavaThread "Finalizer" daemon [_thread_blocked, id=9136, stack(0x0000004f6ea00000,0x0000004f6eb00000)]
  0x00000245823fc000 JavaThread "Signal Dispatcher" daemon [_thread_blocked, id=9128, stack(0x0000004f6eb00000,0x0000004f6ec00000)]
  0x00000245823fe800 JavaThread "Attach Listener" daemon [_thread_blocked, id=9212, stack(0x0000004f6ec00000,0x0000004f6ed00000)]
  0x0000024582404000 JavaThread "Service Thread" daemon [_thread_blocked, id=9208, stack(0x0000004f6ed00000,0x0000004f6ee00000)]
=>0x0000024582414000 JavaThread "C2 CompilerThread0" daemon [_thread_in_native, id=9192, stack(0x0000004f6ee00000,0x0000004f6ef00000)]
  0x000002458241b000 JavaThread "C1 CompilerThread0" daemon [_thread_blocked, id=9204, stack(0x0000004f6ef00000,0x0000004f6f000000)]
  0x0000024582405000 JavaThread "Sweeper thread" daemon [_thread_blocked, id=8112, stack(0x0000004f6f000000,0x0000004f6f100000)]
  0x0000024582406800 JavaThread "Common-Cleaner" daemon [_thread_blocked, id=7984, stack(0x0000004f6f100000,0x0000004f6f200000)]
  0x0000024582403800 JavaThread "Daemon health stats" [_thread_blocked, id=9044, stack(0x0000004f6f700000,0x0000004f6f800000)]
  0x0000024582401000 JavaThread "Incoming local TCP Connector on port 50536" [_thread_in_native, id=9084, stack(0x0000004f6f300000,0x0000004f6f400000)]
  0x0000024582405800 JavaThread "Daemon periodic checks" [_thread_blocked, id=9112, stack(0x0000004f6f400000,0x0000004f6f500000)]
  0x0000024582401800 JavaThread "Daemon" [_thread_blocked, id=8820, stack(0x0000004f6f800000,0x0000004f6f900000)]
  0x0000024582407800 JavaThread "Handler for socket connection from /127.0.0.1:50536 to /127.0.0.1:50537" [_thread_in_native, id=9072, stack(0x0000004f6f900000,0x0000004f6fa00000)]
  0x0000024582402800 JavaThread "Cancel handler" [_thread_blocked, id=9060, stack(0x0000004f6fa00000,0x0000004f6fb00000)]
  0x00000245844d9800 JavaThread "Daemon worker" [_thread_blocked, id=9076, stack(0x0000004f6fb00000,0x0000004f6fc00000)]
  0x00000245844da800 JavaThread "Asynchronous log dispatcher for DefaultDaemonConnection: socket connection from /127.0.0.1:50536 to /127.0.0.1:50537" [_thread_blocked, id=7756, stack(0x0000004f6fd00000,0x0000004f6fe00000)]
  0x00000245844d8000 JavaThread "Stdin handler" [_thread_blocked, id=3124, stack(0x0000004f6fe00000,0x0000004f6ff00000)]
  0x00000245844d6800 JavaThread "Daemon client event forwarder" [_thread_blocked, id=8188, stack(0x0000004f6ff00000,0x0000004f70000000)]
  0x00000245844d9000 JavaThread "Cache worker for file hash cache (C:\Users\Siddhi Anil Bairagi\.gradle\caches\7.0.2\fileHashes)" [_thread_blocked, id=8508, stack(0x0000004f70500000,0x0000004f70600000)]
  0x00000245844dc000 JavaThread "File lock request listener" [_thread_in_native, id=8912, stack(0x0000004f70600000,0x0000004f70700000)]
  0x00000245844db800 JavaThread "Cache worker for journal cache (C:\Users\Siddhi Anil Bairagi\.gradle\caches\journal-1)" [_thread_blocked, id=6956, stack(0x0000004f70800000,0x0000004f70900000)]
  0x00000245844dd000 JavaThread "Cache worker for file hash cache (C:\Users\Siddhi Anil Bairagi\StudioProjects\BSRDigiCoin\.gradle\7.0.2\fileHashes)" [_thread_blocked, id=1484, stack(0x0000004f70900000,0x0000004f70a00000)]
  0x00000245844d7800 JavaThread "File watcher server" daemon [_thread_in_native, id=7996, stack(0x0000004f70a00000,0x0000004f70b00000)]
  0x0000024586861800 JavaThread "File watcher consumer" daemon [_thread_blocked, id=6856, stack(0x0000004f70b00000,0x0000004f70c00000)]
  0x0000024586862800 JavaThread "Cache worker for checksums cache (C:\Users\Siddhi Anil Bairagi\StudioProjects\BSRDigiCoin\.gradle\checksums)" [_thread_blocked, id=6772, stack(0x0000004f70c00000,0x0000004f70d00000)]
  0x000002458685c800 JavaThread "Cache worker for cache directory md-supplier (C:\Users\Siddhi Anil Bairagi\.gradle\caches\7.0.2\md-supplier)" [_thread_blocked, id=7572, stack(0x0000004f70d00000,0x0000004f70e00000)]
  0x0000024586863000 JavaThread "Cache worker for cache directory md-rule (C:\Users\Siddhi Anil Bairagi\.gradle\caches\7.0.2\md-rule)" [_thread_blocked, id=1692, stack(0x0000004f70e00000,0x0000004f70f00000)]
  0x000002458685d800 JavaThread "Cache worker for execution history cache (C:\Users\Siddhi Anil Bairagi\.gradle\caches\7.0.2\executionHistory)" [_thread_blocked, id=2480, stack(0x0000004f70f00000,0x0000004f71000000)]
  0x000002458685e800 JavaThread "jar transforms" [_thread_blocked, id=9164, stack(0x0000004f71100000,0x0000004f71200000)]
  0x000002458685f000 JavaThread "jar transforms Thread 2" [_thread_blocked, id=9160, stack(0x0000004f71200000,0x0000004f71300000)]
  0x0000024586865000 JavaThread "Cache worker for file content cache (C:\Users\Siddhi Anil Bairagi\.gradle\caches\7.0.2\fileContent)" [_thread_blocked, id=7772, stack(0x0000004f71300000,0x0000004f71400000)]
  0x0000024586869800 JavaThread "Cache worker for dependencies-accessors (C:\Users\Siddhi Anil Bairagi\StudioProjects\BSRDigiCoin\.gradle\7.0.2\dependencies-accessors)" [_thread_blocked, id=3168, stack(0x0000004f71400000,0x0000004f71500000)]
  0x000002458686a800 JavaThread "jar transforms Thread 3" [_thread_blocked, id=9188, stack(0x0000004f71500000,0x0000004f71600000)]
  0x000002458686b800 JavaThread "Cache worker for Build Output Cleanup Cache (C:\Users\Siddhi Anil Bairagi\StudioProjects\BSRDigiCoin\.gradle\buildOutputCleanup)" [_thread_blocked, id=9180, stack(0x0000004f71600000,0x0000004f71700000)]
  0x0000024586868000 JavaThread "Build operations" [_thread_blocked, id=1472, stack(0x0000004f71700000,0x0000004f71800000)]
  0x0000024586869000 JavaThread "Build operations Thread 2" [_thread_blocked, id=7624, stack(0x0000004f71800000,0x0000004f71900000)]
  0x0000024586867800 JavaThread "Build operations Thread 3" [_thread_blocked, id=1828, stack(0x0000004f71900000,0x0000004f71a00000)]
  0x0000024586866800 JavaThread "Build operations Thread 4" [_thread_blocked, id=4648, stack(0x0000004f71a00000,0x0000004f71b00000)]
  0x0000024585e22800 JavaThread "Build operations Thread 5" [_thread_blocked, id=524, stack(0x0000004f71b00000,0x0000004f71c00000)]
  0x0000024585e23800 JavaThread "Build operations Thread 6" [_thread_in_Java, id=6448, stack(0x0000004f71c00000,0x0000004f71d00000)]
  0x0000024585e21000 JavaThread "Build operations Thread 7" [_thread_in_Java, id=8276, stack(0x0000004f71d00000,0x0000004f71e00000)]
  0x0000024585e22000 JavaThread "Build operations Thread 8" [_thread_in_Java, id=8280, stack(0x0000004f71e00000,0x0000004f71f00000)]
  0x0000024585e24800 JavaThread "jar transforms Thread 4" [_thread_blocked, id=8064, stack(0x0000004f71f00000,0x0000004f72000000)]
  0x0000024585e25000 JavaThread "jar transforms Thread 5" [_thread_blocked, id=8348, stack(0x0000004f72000000,0x0000004f72100000)]
  0x0000024585e26000 JavaThread "jar transforms Thread 6" [_thread_blocked, id=2660, stack(0x0000004f72100000,0x0000004f72200000)]
  0x0000024585e20000 JavaThread "jar transforms Thread 7" [_thread_blocked, id=7012, stack(0x0000004f72200000,0x0000004f72300000)]
  0x0000024585e2b800 JavaThread "jar transforms Thread 8" [_thread_blocked, id=2380, stack(0x0000004f72300000,0x0000004f72400000)]
  0x0000024585e29000 JavaThread "Memory manager" [_thread_blocked, id=7732, stack(0x0000004f72500000,0x0000004f72600000)]
  0x0000024585e2b000 JavaThread "build event listener" [_thread_blocked, id=1304, stack(0x0000004f72600000,0x0000004f72700000)]
  0x0000024585e2a000 JavaThread "build event listener" [_thread_blocked, id=7408, stack(0x0000004f72700000,0x0000004f72800000)]
  0x0000024585e2d800 JavaThread "Execution worker for ':'" [_thread_blocked, id=5956, stack(0x0000004f72800000,0x0000004f72900000)]
  0x0000024585e27800 JavaThread "Execution worker for ':' Thread 2" [_thread_blocked, id=4800, stack(0x0000004f72900000,0x0000004f72a00000)]
  0x0000024585e2e000 JavaThread "Execution worker for ':' Thread 3" [_thread_blocked, id=132, stack(0x0000004f72a00000,0x0000004f72b00000)]
  0x0000024585e28800 JavaThread "Execution worker for ':' Thread 4" [_thread_blocked, id=4280, stack(0x0000004f72b00000,0x0000004f72c00000)]
  0x0000024585e2f000 JavaThread "Execution worker for ':' Thread 5" [_thread_blocked, id=7720, stack(0x0000004f72c00000,0x0000004f72d00000)]
  0x000002458a8dc000 JavaThread "Execution worker for ':' Thread 6" [_thread_blocked, id=9032, stack(0x0000004f72d00000,0x0000004f72e00000)]
  0x000002458a8de000 JavaThread "Execution worker for ':' Thread 7" [_thread_blocked, id=7444, stack(0x0000004f72e00000,0x0000004f72f00000)]
  0x000002458a8e2000 JavaThread "Cache worker for execution history cache (C:\Users\Siddhi Anil Bairagi\StudioProjects\BSRDigiCoin\.gradle\7.0.2\executionHistory)" [_thread_blocked, id=8068, stack(0x0000004f72f00000,0x0000004f73000000)]
  0x000002458a8e2800 JavaThread "RMI Scheduler(0)" daemon [_thread_blocked, id=8180, stack(0x0000004f6fc00000,0x0000004f6fd00000)]
  0x000002458a8de800 JavaThread "RMI GC Daemon" daemon [_thread_blocked, id=4316, stack(0x0000004f73000000,0x0000004f73100000)]
  0x000002458a8dd000 JavaThread "RMI TCP Accept-0" daemon [_thread_in_native, id=3784, stack(0x0000004f73200000,0x0000004f73300000)]
  0x000002458a8e1000 JavaThread "RMI Reaper" [_thread_blocked, id=5160, stack(0x0000004f73300000,0x0000004f73400000)]
  0x000002458a8e9800 JavaThread "RMI TCP Connection(1)-127.0.0.1" daemon [_thread_in_native, id=4236, stack(0x0000004f73400000,0x0000004f73500000)]
  0x000002458a8e4800 JavaThread "RMI RenewClean-[127.0.0.1:17165,org.jetbrains.kotlin.daemon.common.LoopbackNetworkInterface$ClientLoopbackSocketFactory@33ddd191]" daemon [_thread_blocked, id=4260, stack(0x0000004f73500000,0x0000004f73600000)]
  0x000002458a8e5000 JavaThread "RMI TCP Connection(2)-127.0.0.1" daemon [_thread_in_native, id=8672, stack(0x0000004f73600000,0x0000004f73700000)]
  0x00000245844e9000 JavaThread "C2 CompilerThread1" daemon [_thread_in_vm, id=2580, stack(0x0000004f71000000,0x0000004f71100000)]
  0x0000024583386800 JavaThread "C2 CompilerThread2" daemon [_thread_in_native, id=6260, stack(0x0000004f73100000,0x0000004f73200000)]

Other Threads:
  0x00000245823dd800 VMThread "VM Thread" [stack: 0x0000004f6e800000,0x0000004f6e900000] [id=9140]
  0x0000024582eee000 WatcherThread [stack: 0x0000004f6f200000,0x0000004f6f300000] [id=7384]
  0x00000245e7ed4000 GCTaskThread "GC Thread#0" [stack: 0x0000004f6e300000,0x0000004f6e400000] [id=9048]
  0x00000245835b2000 GCTaskThread "GC Thread#1" [stack: 0x0000004f6f500000,0x0000004f6f600000] [id=9068]
  0x0000024584143000 GCTaskThread "GC Thread#2" [stack: 0x0000004f6f600000,0x0000004f6f700000] [id=9088]
  0x0000024584b6b800 GCTaskThread "GC Thread#3" [stack: 0x0000004f70000000,0x0000004f70100000] [id=2156]
  0x0000024583ea2000 GCTaskThread "GC Thread#4" [stack: 0x0000004f70100000,0x0000004f70200000] [id=3760]
  0x0000024583b60000 GCTaskThread "GC Thread#5" [stack: 0x0000004f70200000,0x0000004f70300000] [id=6364]
  0x0000024585900800 GCTaskThread "GC Thread#6" [stack: 0x0000004f70300000,0x0000004f70400000] [id=7836]
  0x0000024584308800 GCTaskThread "GC Thread#7" [stack: 0x0000004f70400000,0x0000004f70500000] [id=2016]
  0x00000245e7f07800 ConcurrentGCThread "G1 Main Marker" [stack: 0x0000004f6e400000,0x0000004f6e500000] [id=9096]
  0x00000245e7f08800 ConcurrentGCThread "G1 Conc#0" [stack: 0x0000004f6e500000,0x0000004f6e600000] [id=9056]
  0x0000024584854800 ConcurrentGCThread "G1 Conc#1" [stack: 0x0000004f70700000,0x0000004f70800000] [id=8832]
  0x0000024582230800 ConcurrentGCThread "G1 Refine#0" [stack: 0x0000004f6e600000,0x0000004f6e700000] [id=9024]
  0x0000024586b56800 ConcurrentGCThread "G1 Refine#1" [stack: 0x0000004f72400000,0x0000004f72500000] [id=2512]
  0x0000024582231800 ConcurrentGCThread "G1 Young RemSet Sampling" [stack: 0x0000004f6e700000,0x0000004f6e800000] [id=4352]

Threads with active compile tasks:
C2 CompilerThread0  22033 13025       4       com.google.common.collect.ImmutableSortedMap$Builder::build (229 bytes)
C2 CompilerThread1  22033 13063       4       org.gradle.api.internal.changedetection.state.IgnoringResourceHasher::hash (33 bytes)
C2 CompilerThread2  22033 12996       4       org.gradle.internal.fingerprint.classpath.impl.ClasspathFingerprintingStrategy$ClasspathFingerprintingVisitor::hashContent (96 bytes)

VM state:not at safepoint (normal execution)

VM Mutex/Monitor currently owned by a thread: None

Heap address: 0x0000000080000000, size: 2048 MB, Compressed Oops mode: 32-bit
Narrow klass base: 0x0000000000000000, Narrow klass shift: 3
Compressed class space size: 1073741824 Address: 0x0000000100000000

Heap:
 garbage-first heap   total 187392K, used 151517K [0x0000000080000000, 0x0000000100000000)
  region size 1024K, 68 young (69632K), 7 survivors (7168K)
 Metaspace       used 99812K, capacity 102467K, committed 102604K, reserved 1138688K
  class space    used 13019K, capacity 14035K, committed 14104K, reserved 1048576K
Heap Regions: E=young(eden), S=young(survivor), O=old, HS=humongous(starts), HC=humongous(continues), CS=collection set, F=free, A=archive, TAMS=top-at-mark-start (previous, next)
|   0|0x0000000080000000, 0x0000000080100000, 0x0000000080100000|100%| O|  |TAMS 0x0000000080100000, 0x0000000080000000| Untracked 
|   1|0x0000000080100000, 0x0000000080200000, 0x0000000080200000|100%| O|  |TAMS 0x0000000080200000, 0x0000000080100000| Untracked 
|   2|0x0000000080200000, 0x0000000080300000, 0x0000000080300000|100%| O|  |TAMS 0x0000000080300000, 0x0000000080200000| Untracked 
|   3|0x0000000080300000, 0x0000000080400000, 0x0000000080400000|100%|HS|  |TAMS 0x0000000080400000, 0x0000000080300000| Complete 
|   4|0x0000000080400000, 0x0000000080500000, 0x0000000080500000|100%|HC|  |TAMS 0x0000000080500000, 0x0000000080400000| Complete 
|   5|0x0000000080500000, 0x0000000080600000, 0x0000000080600000|100%|HC|  |TAMS 0x0000000080600000, 0x0000000080500000| Complete 
|   6|0x0000000080600000, 0x0000000080700000, 0x0000000080700000|100%| O|  |TAMS 0x0000000080700000, 0x0000000080600000| Untracked 
|   7|0x0000000080700000, 0x0000000080800000, 0x0000000080800000|100%| O|  |TAMS 0x0000000080800000, 0x0000000080700000| Untracked 
|   8|0x0000000080800000, 0x0000000080900000, 0x0000000080900000|100%| O|  |TAMS 0x0000000080900000, 0x0000000080800000| Untracked 
|   9|0x0000000080900000, 0x0000000080a00000, 0x0000000080a00000|100%| O|  |TAMS 0x0000000080a00000, 0x0000000080900000| Untracked 
|  10|0x0000000080a00000, 0x0000000080b00000, 0x0000000080b00000|100%| O|  |TAMS 0x0000000080b00000, 0x0000000080a00000| Untracked 
|  11|0x0000000080b00000, 0x0000000080c00000, 0x0000000080c00000|100%| O|  |TAMS 0x0000000080c00000, 0x0000000080b00000| Untracked 
|  12|0x0000000080c00000, 0x0000000080d00000, 0x0000000080d00000|100%| O|  |TAMS 0x0000000080d00000, 0x0000000080c00000| Untracked 
|  13|0x0000000080d00000, 0x0000000080e00000, 0x0000000080e00000|100%| O|  |TAMS 0x0000000080e00000, 0x0000000080d00000| Untracked 
|  14|0x0000000080e00000, 0x0000000080f00000, 0x0000000080f00000|100%| O|  |TAMS 0x0000000080f00000, 0x0000000080e00000| Untracked 
|  15|0x0000000080f00000, 0x0000000081000000, 0x0000000081000000|100%| O|  |TAMS 0x0000000081000000, 0x0000000080f00000| Untracked 
|  16|0x0000000081000000, 0x0000000081100000, 0x0000000081100000|100%|HS|  |TAMS 0x0000000081100000, 0x0000000081000000| Complete 
|  17|0x0000000081100000, 0x0000000081200000, 0x0000000081200000|100%| O|  |TAMS 0x0000000081200000, 0x0000000081100000| Untracked 
|  18|0x0000000081200000, 0x0000000081300000, 0x0000000081300000|100%| O|  |TAMS 0x0000000081300000, 0x0000000081200000| Untracked 
|  19|0x0000000081300000, 0x0000000081400000, 0x0000000081400000|100%| O|  |TAMS 0x0000000081400000, 0x0000000081300000| Untracked 
|  20|0x0000000081400000, 0x0000000081500000, 0x0000000081500000|100%| O|  |TAMS 0x0000000081500000, 0x0000000081400000| Untracked 
|  21|0x0000000081500000, 0x0000000081600000, 0x0000000081600000|100%| O|  |TAMS 0x0000000081600000, 0x0000000081500000| Untracked 
|  22|0x0000000081600000, 0x0000000081700000, 0x0000000081700000|100%| O|  |TAMS 0x0000000081700000, 0x0000000081600000| Untracked 
|  23|0x0000000081700000, 0x0000000081800000, 0x0000000081800000|100%|HS|  |TAMS 0x0000000081800000, 0x0000000081700000| Complete 
|  24|0x0000000081800000, 0x0000000081900000, 0x0000000081900000|100%|HS|  |TAMS 0x0000000081900000, 0x0000000081800000| Complete 
|  25|0x0000000081900000, 0x0000000081a00000, 0x0000000081a00000|100%|HS|  |TAMS 0x0000000081a00000, 0x0000000081900000| Complete 
|  26|0x0000000081a00000, 0x0000000081b00000, 0x0000000081b00000|100%|HC|  |TAMS 0x0000000081b00000, 0x0000000081a00000| Complete 
|  27|0x0000000081b00000, 0x0000000081c00000, 0x0000000081c00000|100%|HC|  |TAMS 0x0000000081c00000, 0x0000000081b00000| Complete 
|  28|0x0000000081c00000, 0x0000000081d00000, 0x0000000081d00000|100%|HS|  |TAMS 0x0000000081d00000, 0x0000000081c00000| Complete 
|  29|0x0000000081d00000, 0x0000000081e00000, 0x0000000081e00000|100%|HC|  |TAMS 0x0000000081e00000, 0x0000000081d00000| Complete 
|  30|0x0000000081e00000, 0x0000000081f00000, 0x0000000081f00000|100%| O|  |TAMS 0x0000000081f00000, 0x0000000081e00000| Untracked 
|  31|0x0000000081f00000, 0x0000000082000000, 0x0000000082000000|100%| O|  |TAMS 0x0000000082000000, 0x0000000081f00000| Untracked 
|  32|0x0000000082000000, 0x0000000082100000, 0x0000000082100000|100%| O|  |TAMS 0x0000000082100000, 0x0000000082000000| Untracked 
|  33|0x0000000082100000, 0x0000000082200000, 0x0000000082200000|100%| O|  |TAMS 0x0000000082200000, 0x0000000082100000| Untracked 
|  34|0x0000000082200000, 0x0000000082300000, 0x0000000082300000|100%| O|  |TAMS 0x0000000082300000, 0x0000000082200000| Untracked 
|  35|0x0000000082300000, 0x0000000082400000, 0x0000000082400000|100%| O|  |TAMS 0x0000000082400000, 0x0000000082300000| Untracked 
|  36|0x0000000082400000, 0x0000000082500000, 0x0000000082500000|100%| O|  |TAMS 0x0000000082500000, 0x0000000082400000| Untracked 
|  37|0x0000000082500000, 0x0000000082600000, 0x0000000082600000|100%| O|  |TAMS 0x0000000082600000, 0x0000000082500000| Untracked 
|  38|0x0000000082600000, 0x0000000082700000, 0x0000000082700000|100%| O|  |TAMS 0x0000000082700000, 0x0000000082600000| Untracked 
|  39|0x0000000082700000, 0x0000000082800000, 0x0000000082800000|100%| O|  |TAMS 0x0000000082800000, 0x0000000082700000| Untracked 
|  40|0x0000000082800000, 0x0000000082900000, 0x0000000082900000|100%| O|  |TAMS 0x0000000082900000, 0x0000000082800000| Untracked 
|  41|0x0000000082900000, 0x0000000082a00000, 0x0000000082a00000|100%| O|  |TAMS 0x0000000082a00000, 0x0000000082900000| Untracked 
|  42|0x0000000082a00000, 0x0000000082b00000, 0x0000000082b00000|100%| O|  |TAMS 0x0000000082b00000, 0x0000000082a00000| Untracked 
|  43|0x0000000082b00000, 0x0000000082c00000, 0x0000000082c00000|100%| O|  |TAMS 0x0000000082c00000, 0x0000000082b00000| Untracked 
|  44|0x0000000082c00000, 0x0000000082d00000, 0x0000000082d00000|100%| O|  |TAMS 0x0000000082d00000, 0x0000000082c00000| Untracked 
|  45|0x0000000082d00000, 0x0000000082e00000, 0x0000000082e00000|100%| O|  |TAMS 0x0000000082e00000, 0x0000000082d00000| Untracked 
|  46|0x0000000082e00000, 0x0000000082f00000, 0x0000000082f00000|100%| O|  |TAMS 0x0000000082e80e00, 0x0000000082e00000| Untracked 
|  47|0x0000000082f00000, 0x0000000083000000, 0x0000000083000000|100%| O|  |TAMS 0x0000000082f00000, 0x0000000082f00000| Untracked 
|  48|0x0000000083000000, 0x0000000083100000, 0x0000000083100000|100%| O|  |TAMS 0x0000000083000000, 0x0000000083000000| Untracked 
|  49|0x0000000083100000, 0x0000000083200000, 0x0000000083200000|100%| O|  |TAMS 0x0000000083100000, 0x0000000083100000| Untracked 
|  50|0x0000000083200000, 0x0000000083300000, 0x0000000083300000|100%| O|  |TAMS 0x0000000083200000, 0x0000000083200000| Untracked 
|  51|0x0000000083300000, 0x0000000083400000, 0x0000000083400000|100%| O|  |TAMS 0x0000000083300000, 0x0000000083300000| Untracked 
|  52|0x0000000083400000, 0x0000000083500000, 0x0000000083500000|100%| O|  |TAMS 0x0000000083400000, 0x0000000083400000| Untracked 
|  53|0x0000000083500000, 0x0000000083600000, 0x0000000083600000|100%| O|  |TAMS 0x0000000083500000, 0x0000000083500000| Untracked 
|  54|0x0000000083600000, 0x0000000083700000, 0x0000000083700000|100%| O|  |TAMS 0x0000000083600000, 0x0000000083600000| Untracked 
|  55|0x0000000083700000, 0x0000000083800000, 0x0000000083800000|100%| O|  |TAMS 0x0000000083700000, 0x0000000083700000| Untracked 
|  56|0x0000000083800000, 0x0000000083900000, 0x0000000083900000|100%| O|  |TAMS 0x0000000083800000, 0x0000000083800000| Untracked 
|  57|0x0000000083900000, 0x0000000083a00000, 0x0000000083a00000|100%| O|  |TAMS 0x0000000083900000, 0x0000000083900000| Untracked 
|  58|0x0000000083a00000, 0x0000000083b00000, 0x0000000083b00000|100%| O|  |TAMS 0x0000000083a00000, 0x0000000083a00000| Untracked 
|  59|0x0000000083b00000, 0x0000000083c00000, 0x0000000083c00000|100%| O|  |TAMS 0x0000000083b00000, 0x0000000083b00000| Untracked 
|  60|0x0000000083c00000, 0x0000000083d00000, 0x0000000083d00000|100%| O|  |TAMS 0x0000000083c00000, 0x0000000083c00000| Untracked 
|  61|0x0000000083d00000, 0x0000000083e00000, 0x0000000083e00000|100%| O|  |TAMS 0x0000000083d00000, 0x0000000083d00000| Untracked 
|  62|0x0000000083e00000, 0x0000000083f00000, 0x0000000083f00000|100%| O|  |TAMS 0x0000000083e00000, 0x0000000083e00000| Untracked 
|  63|0x0000000083f00000, 0x0000000084000000, 0x0000000084000000|100%| O|  |TAMS 0x0000000083f00000, 0x0000000083f00000| Untracked 
|  64|0x0000000084000000, 0x0000000084100000, 0x0000000084100000|100%| O|  |TAMS 0x0000000084000000, 0x0000000084000000| Untracked 
|  65|0x0000000084100000, 0x0000000084200000, 0x0000000084200000|100%| O|  |TAMS 0x0000000084100000, 0x0000000084100000| Untracked 
|  66|0x0000000084200000, 0x0000000084300000, 0x0000000084300000|100%| O|  |TAMS 0x0000000084200000, 0x0000000084200000| Untracked 
|  67|0x0000000084300000, 0x0000000084400000, 0x0000000084400000|100%| O|  |TAMS 0x0000000084300000, 0x0000000084300000| Untracked 
|  68|0x0000000084400000, 0x0000000084500000, 0x0000000084500000|100%| O|  |TAMS 0x0000000084400000, 0x0000000084400000| Untracked 
|  69|0x0000000084500000, 0x0000000084600000, 0x0000000084600000|100%| O|  |TAMS 0x0000000084500000, 0x0000000084500000| Untracked 
|  70|0x0000000084600000, 0x0000000084700000, 0x0000000084700000|100%| O|  |TAMS 0x0000000084600000, 0x0000000084600000| Untracked 
|  71|0x0000000084700000, 0x0000000084800000, 0x0000000084800000|100%| O|  |TAMS 0x0000000084700000, 0x0000000084700000| Untracked 
|  72|0x0000000084800000, 0x0000000084900000, 0x0000000084900000|100%| O|  |TAMS 0x0000000084800000, 0x0000000084800000| Untracked 
|  73|0x0000000084900000, 0x0000000084a00000, 0x0000000084a00000|100%| O|  |TAMS 0x0000000084900000, 0x0000000084900000| Untracked 
|  74|0x0000000084a00000, 0x0000000084b00000, 0x0000000084b00000|100%| O|  |TAMS 0x0000000084a00000, 0x0000000084a00000| Untracked 
|  75|0x0000000084b00000, 0x0000000084c00000, 0x0000000084c00000|100%| O|  |TAMS 0x0000000084b00000, 0x0000000084b00000| Untracked 
|  76|0x0000000084c00000, 0x0000000084d00000, 0x0000000084d00000|100%| O|  |TAMS 0x0000000084c00000, 0x0000000084c00000| Untracked 
|  77|0x0000000084d00000, 0x0000000084e00000, 0x0000000084e00000|100%| O|  |TAMS 0x0000000084d00000, 0x0000000084d00000| Untracked 
|  78|0x0000000084e00000, 0x0000000084f00000, 0x0000000084f00000|100%| O|  |TAMS 0x0000000084e00000, 0x0000000084e00000| Untracked 
|  79|0x0000000084f00000, 0x0000000085000000, 0x0000000085000000|100%| O|  |TAMS 0x0000000084f00000, 0x0000000084f00000| Untracked 
|  80|0x0000000085000000, 0x0000000085100000, 0x0000000085100000|100%| O|  |TAMS 0x0000000085000000, 0x0000000085000000| Untracked 
|  81|0x0000000085100000, 0x0000000085200000, 0x0000000085200000|100%| O|  |TAMS 0x0000000085100000, 0x0000000085100000| Untracked 
|  82|0x0000000085200000, 0x0000000085250800, 0x0000000085300000| 31%| O|  |TAMS 0x0000000085200000, 0x0000000085200000| Untracked 
|  83|0x0000000085300000, 0x0000000085300000, 0x0000000085400000|  0%| F|  |TAMS 0x0000000085300000, 0x0000000085300000| Untracked 
|  84|0x0000000085400000, 0x0000000085400000, 0x0000000085500000|  0%| F|  |TAMS 0x0000000085400000, 0x0000000085400000| Untracked 
|  85|0x0000000085500000, 0x0000000085500000, 0x0000000085600000|  0%| F|  |TAMS 0x0000000085500000, 0x0000000085500000| Untracked 
|  86|0x0000000085600000, 0x0000000085600000, 0x0000000085700000|  0%| F|  |TAMS 0x0000000085600000, 0x0000000085600000| Untracked 
|  87|0x0000000085700000, 0x0000000085700000, 0x0000000085800000|  0%| F|  |TAMS 0x0000000085700000, 0x0000000085700000| Untracked 
|  88|0x0000000085800000, 0x0000000085800000, 0x0000000085900000|  0%| F|  |TAMS 0x0000000085800000, 0x0000000085800000| Untracked 
|  89|0x0000000085900000, 0x0000000085900000, 0x0000000085a00000|  0%| F|  |TAMS 0x0000000085900000, 0x0000000085900000| Untracked 
|  90|0x0000000085a00000, 0x0000000085a00000, 0x0000000085b00000|  0%| F|  |TAMS 0x0000000085a00000, 0x0000000085a00000| Untracked 
|  91|0x0000000085b00000, 0x0000000085b00000, 0x0000000085c00000|  0%| F|  |TAMS 0x0000000085b00000, 0x0000000085b00000| Untracked 
|  92|0x0000000085c00000, 0x0000000085c00000, 0x0000000085d00000|  0%| F|  |TAMS 0x0000000085c00000, 0x0000000085c00000| Untracked 
|  93|0x0000000085d00000, 0x0000000085d00000, 0x0000000085e00000|  0%| F|  |TAMS 0x0000000085d00000, 0x0000000085d00000| Untracked 
|  94|0x0000000085e00000, 0x0000000085e00000, 0x0000000085f00000|  0%| F|  |TAMS 0x0000000085e00000, 0x0000000085e00000| Untracked 
|  95|0x0000000085f00000, 0x0000000085f00000, 0x0000000086000000|  0%| F|  |TAMS 0x0000000085f00000, 0x0000000085f00000| Untracked 
|  96|0x0000000086000000, 0x0000000086000000, 0x0000000086100000|  0%| F|  |TAMS 0x0000000086000000, 0x0000000086000000| Untracked 
|  97|0x0000000086100000, 0x0000000086100000, 0x0000000086200000|  0%| F|  |TAMS 0x0000000086100000, 0x0000000086100000| Untracked 
|  98|0x0000000086200000, 0x0000000086200000, 0x0000000086300000|  0%| F|  |TAMS 0x0000000086200000, 0x0000000086200000| Untracked 
|  99|0x0000000086300000, 0x0000000086300000, 0x0000000086400000|  0%| F|  |TAMS 0x0000000086300000, 0x0000000086300000| Untracked 
| 100|0x0000000086400000, 0x0000000086400000, 0x0000000086500000|  0%| F|  |TAMS 0x0000000086400000, 0x0000000086400000| Untracked 
| 101|0x0000000086500000, 0x0000000086500000, 0x0000000086600000|  0%| F|  |TAMS 0x0000000086500000, 0x0000000086500000| Untracked 
| 102|0x0000000086600000, 0x0000000086600000, 0x0000000086700000|  0%| F|  |TAMS 0x0000000086600000, 0x0000000086600000| Untracked 
| 103|0x0000000086700000, 0x0000000086700000, 0x0000000086800000|  0%| F|  |TAMS 0x0000000086700000, 0x0000000086700000| Untracked 
| 104|0x0000000086800000, 0x00000000868a6d60, 0x0000000086900000| 65%| S|CS|TAMS 0x0000000086800000, 0x0000000086800000| Complete 
| 105|0x0000000086900000, 0x0000000086a00000, 0x0000000086a00000|100%| S|CS|TAMS 0x0000000086900000, 0x0000000086900000| Complete 
| 106|0x0000000086a00000, 0x0000000086b00000, 0x0000000086b00000|100%| S|CS|TAMS 0x0000000086a00000, 0x0000000086a00000| Complete 
| 107|0x0000000086b00000, 0x0000000086b00000, 0x0000000086c00000|  0%| F|  |TAMS 0x0000000086b00000, 0x0000000086b00000| Untracked 
| 108|0x0000000086c00000, 0x0000000086c00000, 0x0000000086d00000|  0%| F|  |TAMS 0x0000000086c00000, 0x0000000086c00000| Untracked 
| 109|0x0000000086d00000, 0x0000000086d00000, 0x0000000086e00000|  0%| F|  |TAMS 0x0000000086d00000, 0x0000000086d00000| Untracked 
| 110|0x0000000086e00000, 0x0000000086f00000, 0x0000000086f00000|100%| S|CS|TAMS 0x0000000086e00000, 0x0000000086e00000| Complete 
| 111|0x0000000086f00000, 0x0000000086f00000, 0x0000000087000000|  0%| F|  |TAMS 0x0000000086f00000, 0x0000000086f00000| Untracked 
| 112|0x0000000087000000, 0x0000000087000000, 0x0000000087100000|  0%| F|  |TAMS 0x0000000087000000, 0x0000000087000000| Untracked 
| 113|0x0000000087100000, 0x0000000087200000, 0x0000000087200000|100%| S|CS|TAMS 0x0000000087100000, 0x0000000087100000| Complete 
| 114|0x0000000087200000, 0x0000000087300000, 0x0000000087300000|100%| S|CS|TAMS 0x0000000087200000, 0x0000000087200000| Complete 
| 115|0x0000000087300000, 0x0000000087300000, 0x0000000087400000|  0%| F|  |TAMS 0x0000000087300000, 0x0000000087300000| Untracked 
| 116|0x0000000087400000, 0x0000000087400000, 0x0000000087500000|  0%| F|  |TAMS 0x0000000087400000, 0x0000000087400000| Untracked 
| 117|0x0000000087500000, 0x0000000087600000, 0x0000000087600000|100%| S|CS|TAMS 0x0000000087500000, 0x0000000087500000| Complete 
| 118|0x0000000087600000, 0x0000000087600000, 0x0000000087700000|  0%| F|  |TAMS 0x0000000087600000, 0x0000000087600000| Untracked 
| 119|0x0000000087700000, 0x0000000087700000, 0x0000000087800000|  0%| F|  |TAMS 0x0000000087700000, 0x0000000087700000| Untracked 
| 120|0x0000000087800000, 0x0000000087800000, 0x0000000087900000|  0%| F|  |TAMS 0x0000000087800000, 0x0000000087800000| Untracked 
| 121|0x0000000087900000, 0x00000000879b8900, 0x0000000087a00000| 72%| E|  |TAMS 0x0000000087900000, 0x0000000087900000| Complete 
| 122|0x0000000087a00000, 0x0000000087b00000, 0x0000000087b00000|100%| E|CS|TAMS 0x0000000087a00000, 0x0000000087a00000| Complete 
| 123|0x0000000087b00000, 0x0000000087c00000, 0x0000000087c00000|100%| E|CS|TAMS 0x0000000087b00000, 0x0000000087b00000| Complete 
| 124|0x0000000087c00000, 0x0000000087d00000, 0x0000000087d00000|100%| E|CS|TAMS 0x0000000087c00000, 0x0000000087c00000| Complete 
| 125|0x0000000087d00000, 0x0000000087e00000, 0x0000000087e00000|100%| E|CS|TAMS 0x0000000087d00000, 0x0000000087d00000| Complete 
| 126|0x0000000087e00000, 0x0000000087f00000, 0x0000000087f00000|100%| E|CS|TAMS 0x0000000087e00000, 0x0000000087e00000| Complete 
| 127|0x0000000087f00000, 0x0000000088000000, 0x0000000088000000|100%| E|CS|TAMS 0x0000000087f00000, 0x0000000087f00000| Complete 
| 128|0x0000000088000000, 0x0000000088100000, 0x0000000088100000|100%| E|CS|TAMS 0x0000000088000000, 0x0000000088000000| Complete 
| 129|0x0000000088100000, 0x0000000088200000, 0x0000000088200000|100%| E|CS|TAMS 0x0000000088100000, 0x0000000088100000| Complete 
| 130|0x0000000088200000, 0x0000000088300000, 0x0000000088300000|100%| E|CS|TAMS 0x0000000088200000, 0x0000000088200000| Complete 
| 131|0x0000000088300000, 0x0000000088400000, 0x0000000088400000|100%| E|CS|TAMS 0x0000000088300000, 0x0000000088300000| Complete 
| 132|0x0000000088400000, 0x0000000088500000, 0x0000000088500000|100%| E|CS|TAMS 0x0000000088400000, 0x0000000088400000| Complete 
| 133|0x0000000088500000, 0x0000000088600000, 0x0000000088600000|100%| E|CS|TAMS 0x0000000088500000, 0x0000000088500000| Complete 
| 134|0x0000000088600000, 0x0000000088700000, 0x0000000088700000|100%| E|CS|TAMS 0x0000000088600000, 0x0000000088600000| Complete 
| 135|0x0000000088700000, 0x0000000088800000, 0x0000000088800000|100%| E|CS|TAMS 0x0000000088700000, 0x0000000088700000| Complete 
| 136|0x0000000088800000, 0x0000000088900000, 0x0000000088900000|100%| E|CS|TAMS 0x0000000088800000, 0x0000000088800000| Complete 
| 137|0x0000000088900000, 0x0000000088a00000, 0x0000000088a00000|100%| E|CS|TAMS 0x0000000088900000, 0x0000000088900000| Complete 
| 138|0x0000000088a00000, 0x0000000088b00000, 0x0000000088b00000|100%| E|CS|TAMS 0x0000000088a00000, 0x0000000088a00000| Complete 
| 139|0x0000000088b00000, 0x0000000088c00000, 0x0000000088c00000|100%| E|CS|TAMS 0x0000000088b00000, 0x0000000088b00000| Complete 
| 140|0x0000000088c00000, 0x0000000088d00000, 0x0000000088d00000|100%| E|CS|TAMS 0x0000000088c00000, 0x0000000088c00000| Complete 
| 141|0x0000000088d00000, 0x0000000088e00000, 0x0000000088e00000|100%| E|CS|TAMS 0x0000000088d00000, 0x0000000088d00000| Complete 
| 142|0x0000000088e00000, 0x0000000088f00000, 0x0000000088f00000|100%| E|CS|TAMS 0x0000000088e00000, 0x0000000088e00000| Complete 
| 143|0x0000000088f00000, 0x0000000089000000, 0x0000000089000000|100%| E|CS|TAMS 0x0000000088f00000, 0x0000000088f00000| Complete 
| 144|0x0000000089000000, 0x0000000089100000, 0x0000000089100000|100%| E|CS|TAMS 0x0000000089000000, 0x0000000089000000| Complete 
| 145|0x0000000089100000, 0x0000000089200000, 0x0000000089200000|100%| E|CS|TAMS 0x0000000089100000, 0x0000000089100000| Complete 
| 146|0x0000000089200000, 0x0000000089300000, 0x0000000089300000|100%| E|CS|TAMS 0x0000000089200000, 0x0000000089200000| Complete 
| 147|0x0000000089300000, 0x0000000089400000, 0x0000000089400000|100%| E|CS|TAMS 0x0000000089300000, 0x0000000089300000| Complete 
| 148|0x0000000089400000, 0x0000000089500000, 0x0000000089500000|100%| E|CS|TAMS 0x0000000089400000, 0x0000000089400000| Complete 
| 149|0x0000000089500000, 0x0000000089600000, 0x0000000089600000|100%| E|CS|TAMS 0x0000000089500000, 0x0000000089500000| Complete 
| 150|0x0000000089600000, 0x0000000089700000, 0x0000000089700000|100%| E|CS|TAMS 0x0000000089600000, 0x0000000089600000| Complete 
| 151|0x0000000089700000, 0x0000000089800000, 0x0000000089800000|100%| E|CS|TAMS 0x0000000089700000, 0x0000000089700000| Complete 
| 152|0x0000000089800000, 0x0000000089900000, 0x0000000089900000|100%| E|CS|TAMS 0x0000000089800000, 0x0000000089800000| Complete 
| 153|0x0000000089900000, 0x0000000089a00000, 0x0000000089a00000|100%| E|CS|TAMS 0x0000000089900000, 0x0000000089900000| Complete 
| 154|0x0000000089a00000, 0x0000000089b00000, 0x0000000089b00000|100%| E|CS|TAMS 0x0000000089a00000, 0x0000000089a00000| Complete 
| 155|0x0000000089b00000, 0x0000000089c00000, 0x0000000089c00000|100%| E|CS|TAMS 0x0000000089b00000, 0x0000000089b00000| Complete 
| 156|0x0000000089c00000, 0x0000000089d00000, 0x0000000089d00000|100%| E|CS|TAMS 0x0000000089c00000, 0x0000000089c00000| Complete 
| 157|0x0000000089d00000, 0x0000000089e00000, 0x0000000089e00000|100%| E|CS|TAMS 0x0000000089d00000, 0x0000000089d00000| Complete 
| 158|0x0000000089e00000, 0x0000000089f00000, 0x0000000089f00000|100%| E|CS|TAMS 0x0000000089e00000, 0x0000000089e00000| Complete 
| 159|0x0000000089f00000, 0x000000008a000000, 0x000000008a000000|100%| E|CS|TAMS 0x0000000089f00000, 0x0000000089f00000| Complete 
| 160|0x000000008a000000, 0x000000008a100000, 0x000000008a100000|100%| E|CS|TAMS 0x000000008a000000, 0x000000008a000000| Complete 
| 161|0x000000008a100000, 0x000000008a200000, 0x000000008a200000|100%| E|CS|TAMS 0x000000008a100000, 0x000000008a100000| Complete 
| 162|0x000000008a200000, 0x000000008a300000, 0x000000008a300000|100%| E|CS|TAMS 0x000000008a200000, 0x000000008a200000| Complete 
| 163|0x000000008a300000, 0x000000008a400000, 0x000000008a400000|100%| E|CS|TAMS 0x000000008a300000, 0x000000008a300000| Complete 
| 164|0x000000008a400000, 0x000000008a500000, 0x000000008a500000|100%| E|CS|TAMS 0x000000008a400000, 0x000000008a400000| Complete 
| 165|0x000000008a500000, 0x000000008a600000, 0x000000008a600000|100%| E|CS|TAMS 0x000000008a500000, 0x000000008a500000| Complete 
| 166|0x000000008a600000, 0x000000008a700000, 0x000000008a700000|100%| E|CS|TAMS 0x000000008a600000, 0x000000008a600000| Complete 
| 167|0x000000008a700000, 0x000000008a800000, 0x000000008a800000|100%| E|CS|TAMS 0x000000008a700000, 0x000000008a700000| Complete 
| 168|0x000000008a800000, 0x000000008a900000, 0x000000008a900000|100%| E|CS|TAMS 0x000000008a800000, 0x000000008a800000| Complete 
| 169|0x000000008a900000, 0x000000008aa00000, 0x000000008aa00000|100%| E|CS|TAMS 0x000000008a900000, 0x000000008a900000| Complete 
| 170|0x000000008aa00000, 0x000000008ab00000, 0x000000008ab00000|100%| E|CS|TAMS 0x000000008aa00000, 0x000000008aa00000| Complete 
| 171|0x000000008ab00000, 0x000000008ac00000, 0x000000008ac00000|100%| E|CS|TAMS 0x000000008ab00000, 0x000000008ab00000| Complete 
| 172|0x000000008ac00000, 0x000000008ad00000, 0x000000008ad00000|100%| E|CS|TAMS 0x000000008ac00000, 0x000000008ac00000| Complete 
| 173|0x000000008ad00000, 0x000000008ae00000, 0x000000008ae00000|100%| E|CS|TAMS 0x000000008ad00000, 0x000000008ad00000| Complete 
| 174|0x000000008ae00000, 0x000000008af00000, 0x000000008af00000|100%| E|CS|TAMS 0x000000008ae00000, 0x000000008ae00000| Complete 
| 175|0x000000008af00000, 0x000000008b000000, 0x000000008b000000|100%| E|CS|TAMS 0x000000008af00000, 0x000000008af00000| Complete 
| 176|0x000000008b000000, 0x000000008b100000, 0x000000008b100000|100%| E|CS|TAMS 0x000000008b000000, 0x000000008b000000| Complete 
| 177|0x000000008b100000, 0x000000008b200000, 0x000000008b200000|100%| E|CS|TAMS 0x000000008b100000, 0x000000008b100000| Complete 
| 178|0x000000008b200000, 0x000000008b300000, 0x000000008b300000|100%| E|CS|TAMS 0x000000008b200000, 0x000000008b200000| Complete 
| 179|0x000000008b300000, 0x000000008b400000, 0x000000008b400000|100%| E|CS|TAMS 0x000000008b300000, 0x000000008b300000| Complete 
| 180|0x000000008b400000, 0x000000008b500000, 0x000000008b500000|100%| E|  |TAMS 0x000000008b400000, 0x000000008b400000| Complete 
| 181|0x000000008b500000, 0x000000008b600000, 0x000000008b600000|100%| E|CS|TAMS 0x000000008b500000, 0x000000008b500000| Complete 
| 182|0x000000008b600000, 0x000000008b700000, 0x000000008b700000|100%| E|CS|TAMS 0x000000008b600000, 0x000000008b600000| Complete 

Card table byte_map: [0x00000245fb0f0000,0x00000245fb4f0000] _byte_map_base: 0x00000245facf0000

Marking Bits (Prev, Next): (CMBitMap*) 0x00000245e7efc8e8, (CMBitMap*) 0x00000245e7efc920
 Prev Bits: [0x00000245fb8f0000, 0x00000245fd8f0000)
 Next Bits: [0x00000245fd8f0000, 0x00000245ff8f0000)

Polling page: 0x00000245e5e40000

Metaspace:

Usage:
  Non-class:     86.36 MB capacity,    84.76 MB ( 98%) used,     1.30 MB (  2%) free+waste,   309.63 KB ( <1%) overhead. 
      Class:     13.71 MB capacity,    12.71 MB ( 93%) used,   874.50 KB (  6%) free+waste,   140.75 KB (  1%) overhead. 
       Both:    100.07 MB capacity,    97.47 MB ( 97%) used,     2.15 MB (  2%) free+waste,   450.38 KB ( <1%) overhead. 

Virtual space:
  Non-class space:       88.00 MB reserved,      86.43 MB ( 98%) committed 
      Class space:        1.00 GB reserved,      13.77 MB (  1%) committed 
             Both:        1.09 GB reserved,     100.20 MB (  9%) committed 

Chunk freelists:
   Non-Class:  4.00 KB
       Class:  13.00 KB
        Both:  17.00 KB

MaxMetaspaceSize: 17179869184.00 GB
CompressedClassSpaceSize: 1.00 GB

CodeHeap 'non-profiled nmethods': size=120000Kb used=8391Kb max_used=8391Kb free=111608Kb
 bounds [0x00000245f3480000, 0x00000245f3cc0000, 0x00000245fa9b0000]
CodeHeap 'profiled nmethods': size=120000Kb used=28083Kb max_used=28083Kb free=91916Kb
 bounds [0x00000245ebf50000, 0x00000245edac0000, 0x00000245f3480000]
CodeHeap 'non-nmethods': size=5760Kb used=2327Kb max_used=2397Kb free=3432Kb
 bounds [0x00000245eb9b0000, 0x00000245ebc20000, 0x00000245ebf50000]
 total_blobs=13936 nmethods=12986 adapters=861
 compilation: enabled
              stopped_count=0, restarted_count=0
 full_count=0

Compilation events (20 events):
Event: 21.987 Thread 0x00000245844e9000 nmethod 13031 0x00000245f3cad390 code [0x00000245f3cad540, 0x00000245f3cad858]
Event: 21.987 Thread 0x00000245844e9000 13032       4       com.google.common.collect.RegularImmutableMap$EntrySet::iterator (5 bytes)
Event: 21.988 Thread 0x000002458241b000 13049       3       org.gradle.internal.snapshot.impl.EnumValueSnapshot::equals (63 bytes)
Event: 21.989 Thread 0x000002458241b000 nmethod 13049 0x00000245edabaf10 code [0x00000245edabb100, 0x00000245edabb538]
Event: 21.993 Thread 0x00000245844e9000 nmethod 13032 0x00000245f3cad990 code [0x00000245f3cadb40, 0x00000245f3cade38]
Event: 21.993 Thread 0x00000245844e9000 13023       4       com.google.common.collect.SingletonImmutableSet::iterator (5 bytes)
Event: 21.993 Thread 0x000002458241b000 13050       3       com.android.build.gradle.internal.dependency.VariantDependencies$Companion$getComponentFilter$1::isSatisfiedBy (9 bytes)
Event: 21.994 Thread 0x000002458241b000 nmethod 13050 0x00000245edabb690 code [0x00000245edabb860, 0x00000245edabbc18]
Event: 21.994 Thread 0x00000245844e9000 nmethod 13023 0x00000245f3cae090 code [0x00000245f3cae220, 0x00000245f3cae2f8]
Event: 21.994 Thread 0x00000245844e9000 13029       4       java.util.Spliterators$IteratorSpliterator::<init> (39 bytes)
Event: 21.996 Thread 0x00000245844e9000 nmethod 13029 0x00000245f3cae410 code [0x00000245f3cae5a0, 0x00000245f3cae738]
Event: 21.996 Thread 0x00000245844e9000 13030       4       java.util.Spliterators$IteratorSpliterator::estimateSize (41 bytes)
Event: 21.998 Thread 0x000002458241b000 13053       3       com.google.common.cache.LocalCache$Segment::drainValueReferenceQueue (43 bytes)
Event: 21.999 Thread 0x000002458241b000 nmethod 13053 0x00000245edabbd10 code [0x00000245edabbf60, 0x00000245edabc968]
Event: 21.999 Thread 0x00000245844e9000 nmethod 13030 0x00000245f3cae810 code [0x00000245f3cae9a0, 0x00000245f3caeb18]
Event: 21.999 Thread 0x00000245844e9000 13052       4       org.gradle.internal.fingerprint.impl.DefaultFileNormalizationSpec::hashCode (22 bytes)
Event: 22.000 Thread 0x000002458241b000 13055       1       org.gradle.internal.operations.DefaultBuildOperationQueue::access$500 (5 bytes)
Event: 22.000 Thread 0x000002458241b000 nmethod 13055 0x00000245f3caec10 code [0x00000245f3caedc0, 0x00000245f3caee58]
Event: 22.000 Thread 0x000002458241b000 13056       1       org.gradle.internal.operations.DefaultBuildOperationQueue::access$1100 (5 bytes)
Event: 22.001 Thread 0x000002458241b000 nmethod 13056 0x00000245f3caef10 code [0x00000245f3caf0c0, 0x00000245f3caf158]

GC Heap History (20 events):
Event: 5.420 GC heap before
{Heap before GC invocations=11 (full 0):
 garbage-first heap   total 155648K, used 78251K [0x0000000080000000, 0x0000000100000000)
  region size 1024K, 31 young (31744K), 3 survivors (3072K)
 Metaspace       used 58616K, capacity 60168K, committed 60288K, reserved 1101824K
  class space    used 7530K, capacity 8106K, committed 8140K, reserved 1048576K
}
Event: 5.426 GC heap after
{Heap after GC invocations=12 (full 0):
 garbage-first heap   total 187392K, used 51117K [0x0000000080000000, 0x0000000100000000)
  region size 1024K, 4 young (4096K), 4 survivors (4096K)
 Metaspace       used 58616K, capacity 60168K, committed 60288K, reserved 1101824K
  class space    used 7530K, capacity 8106K, committed 8140K, reserved 1048576K
}
Event: 6.652 GC heap before
{Heap before GC invocations=13 (full 0):
 garbage-first heap   total 187392K, used 125869K [0x0000000080000000, 0x0000000100000000)
  region size 1024K, 77 young (78848K), 4 survivors (4096K)
 Metaspace       used 67418K, capacity 69031K, committed 69324K, reserved 1110016K
  class space    used 8609K, capacity 9169K, committed 9240K, reserved 1048576K
}
Event: 6.663 GC heap after
{Heap after GC invocations=14 (full 0):
 garbage-first heap   total 187392K, used 56275K [0x0000000080000000, 0x0000000100000000)
  region size 1024K, 9 young (9216K), 9 survivors (9216K)
 Metaspace       used 67418K, capacity 69031K, committed 69324K, reserved 1110016K
  class space    used 8609K, capacity 9169K, committed 9240K, reserved 1048576K
}
Event: 7.583 GC heap before
{Heap before GC invocations=15 (full 0):
 garbage-first heap   total 187392K, used 131027K [0x0000000080000000, 0x0000000100000000)
  region size 1024K, 82 young (83968K), 9 survivors (9216K)
 Metaspace       used 71167K, capacity 73021K, committed 73164K, reserved 1112064K
  class space    used 9068K, capacity 9699K, committed 9752K, reserved 1048576K
}
Event: 7.605 GC heap after
{Heap after GC invocations=16 (full 0):
 garbage-first heap   total 187392K, used 60097K [0x0000000080000000, 0x0000000100000000)
  region size 1024K, 10 young (10240K), 10 survivors (10240K)
 Metaspace       used 71167K, capacity 73021K, committed 73164K, reserved 1112064K
  class space    used 9068K, capacity 9699K, committed 9752K, reserved 1048576K
}
Event: 8.557 GC heap before
{Heap before GC invocations=16 (full 0):
 garbage-first heap   total 187392K, used 135873K [0x0000000080000000, 0x0000000100000000)
  region size 1024K, 84 young (86016K), 10 survivors (10240K)
 Metaspace       used 78224K, capacity 80078K, committed 80204K, reserved 1118208K
  class space    used 10128K, capacity 10807K, committed 10904K, reserved 1048576K
}
Event: 8.568 GC heap after
{Heap after GC invocations=17 (full 0):
 garbage-first heap   total 187392K, used 65258K [0x0000000080000000, 0x0000000100000000)
  region size 1024K, 10 young (10240K), 10 survivors (10240K)
 Metaspace       used 78224K, capacity 80078K, committed 80204K, reserved 1118208K
  class space    used 10128K, capacity 10807K, committed 10904K, reserved 1048576K
}
Event: 9.532 GC heap before
{Heap before GC invocations=17 (full 0):
 garbage-first heap   total 187392K, used 140010K [0x0000000080000000, 0x0000000100000000)
  region size 1024K, 83 young (84992K), 10 survivors (10240K)
 Metaspace       used 85899K, capacity 87771K, committed 87884K, reserved 1126400K
  class space    used 11170K, capacity 11874K, committed 11928K, reserved 1048576K
}
Event: 9.541 GC heap after
{Heap after GC invocations=18 (full 0):
 garbage-first heap   total 187392K, used 70167K [0x0000000080000000, 0x0000000100000000)
  region size 1024K, 11 young (11264K), 11 survivors (11264K)
 Metaspace       used 85899K, capacity 87771K, committed 87884K, reserved 1126400K
  class space    used 11170K, capacity 11874K, committed 11928K, reserved 1048576K
}
Event: 10.254 GC heap before
{Heap before GC invocations=18 (full 0):
 garbage-first heap   total 187392K, used 142871K [0x0000000080000000, 0x0000000100000000)
  region size 1024K, 83 young (84992K), 11 survivors (11264K)
 Metaspace       used 89216K, capacity 91564K, committed 91724K, reserved 1128448K
  class space    used 11680K, capacity 12579K, committed 12696K, reserved 1048576K
}
Event: 10.264 GC heap after
{Heap after GC invocations=19 (full 0):
 garbage-first heap   total 187392K, used 75920K [0x0000000080000000, 0x0000000100000000)
  region size 1024K, 11 young (11264K), 11 survivors (11264K)
 Metaspace       used 89216K, capacity 91564K, committed 91724K, reserved 1128448K
  class space    used 11680K, capacity 12579K, committed 12696K, reserved 1048576K
}
Event: 11.212 GC heap before
{Heap before GC invocations=19 (full 0):
 garbage-first heap   total 187392K, used 146576K [0x0000000080000000, 0x0000000100000000)
  region size 1024K, 81 young (82944K), 11 survivors (11264K)
 Metaspace       used 90337K, capacity 92812K, committed 93132K, reserved 1130496K
  class space    used 11761K, capacity 12709K, committed 12824K, reserved 1048576K
}
Event: 11.222 GC heap after
{Heap after GC invocations=20 (full 0):
 garbage-first heap   total 187392K, used 79938K [0x0000000080000000, 0x0000000100000000)
  region size 1024K, 10 young (10240K), 10 survivors (10240K)
 Metaspace       used 90337K, capacity 92812K, committed 93132K, reserved 1130496K
  class space    used 11761K, capacity 12709K, committed 12824K, reserved 1048576K
}
Event: 11.565 GC heap before
{Heap before GC invocations=20 (full 0):
 garbage-first heap   total 187392K, used 148546K [0x0000000080000000, 0x0000000100000000)
  region size 1024K, 78 young (79872K), 10 survivors (10240K)
 Metaspace       used 90914K, capacity 93374K, committed 93644K, reserved 1130496K
  class space    used 11835K, capacity 12754K, committed 12824K, reserved 1048576K
}
Event: 11.574 GC heap after
{Heap after GC invocations=21 (full 0):
 garbage-first heap   total 187392K, used 84444K [0x0000000080000000, 0x0000000100000000)
  region size 1024K, 9 young (9216K), 9 survivors (9216K)
 Metaspace       used 90914K, capacity 93374K, committed 93644K, reserved 1130496K
  class space    used 11835K, capacity 12754K, committed 12824K, reserved 1048576K
}
Event: 12.035 GC heap before
{Heap before GC invocations=21 (full 0):
 garbage-first heap   total 187392K, used 151004K [0x0000000080000000, 0x0000000100000000)
  region size 1024K, 75 young (76800K), 9 survivors (9216K)
 Metaspace       used 94589K, capacity 97026K, committed 97228K, reserved 1132544K
  class space    used 12303K, capacity 13202K, committed 13336K, reserved 1048576K
}
Event: 12.042 GC heap after
{Heap after GC invocations=22 (full 0):
 garbage-first heap   total 187392K, used 87108K [0x0000000080000000, 0x0000000100000000)
  region size 1024K, 7 young (7168K), 7 survivors (7168K)
 Metaspace       used 94589K, capacity 97026K, committed 97228K, reserved 1132544K
  class space    used 12303K, capacity 13202K, committed 13336K, reserved 1048576K
}
Event: 17.868 GC heap before
{Heap before GC invocations=22 (full 0):
 garbage-first heap   total 187392K, used 152644K [0x0000000080000000, 0x0000000100000000)
  region size 1024K, 72 young (73728K), 7 survivors (7168K)
 Metaspace       used 99305K, capacity 102069K, committed 102348K, reserved 1138688K
  class space    used 12981K, capacity 13994K, committed 14104K, reserved 1048576K
}
Event: 17.875 GC heap after
{Heap after GC invocations=23 (full 0):
 garbage-first heap   total 187392K, used 91101K [0x0000000080000000, 0x0000000100000000)
  region size 1024K, 7 young (7168K), 7 survivors (7168K)
 Metaspace       used 99305K, capacity 102069K, committed 102348K, reserved 1138688K
  class space    used 12981K, capacity 13994K, committed 14104K, reserved 1048576K
}

Deoptimization events (20 events):
Event: 21.868 Thread 0x0000024585e27800 Uncommon trap: trap_request=0xffffff4d fr.pc=0x00000245f3982cf8 relative=0x00000000000019f8
Event: 21.868 Thread 0x0000024585e27800 Uncommon trap: reason=unstable_if action=reinterpret pc=0x00000245f3982cf8 method=org.objectweb.asm.MethodWriter.putMethodInfo(Lorg/objectweb/asm/ByteVector;)V @ 170 c2
Event: 21.868 Thread 0x0000024585e27800 DEOPT PACKING pc=0x00000245f3982cf8 sp=0x0000004f729fbc20
Event: 21.868 Thread 0x0000024585e27800 DEOPT UNPACKING pc=0x00000245eb9d78af sp=0x0000004f729fbbd8 mode 2
Event: 21.868 Thread 0x0000024585e27800 Uncommon trap: trap_request=0xffffff4d fr.pc=0x00000245f3951fe0 relative=0x00000000000000a0
Event: 21.868 Thread 0x0000024585e27800 Uncommon trap: reason=unstable_if action=reinterpret pc=0x00000245f3951fe0 method=org.objectweb.asm.AnnotationWriter.putAnnotations(Lorg/objectweb/asm/SymbolTable;Lorg/objectweb/asm/AnnotationWriter;Lorg/objectweb/asm/AnnotationWriter;Lorg/objectweb/asm/A
Event: 21.868 Thread 0x0000024585e27800 DEOPT PACKING pc=0x00000245f3951fe0 sp=0x0000004f729fbb80
Event: 21.868 Thread 0x0000024585e27800 DEOPT UNPACKING pc=0x00000245eb9d78af sp=0x0000004f729fbb40 mode 2
Event: 21.873 Thread 0x0000024585e27800 Uncommon trap: trap_request=0xffffffdc fr.pc=0x00000245f3c99094 relative=0x0000000000000254
Event: 21.873 Thread 0x0000024585e27800 Uncommon trap: reason=class_check action=make_not_entrant pc=0x00000245f3c99094 method=java.util.ArrayDeque.toArray(Ljava/lang/Class;)[Ljava/lang/Object; @ 45 c2
Event: 21.873 Thread 0x0000024585e27800 DEOPT PACKING pc=0x00000245f3c99094 sp=0x0000004f729f9e80
Event: 21.873 Thread 0x0000024585e27800 DEOPT UNPACKING pc=0x00000245eb9d78af sp=0x0000004f729f9e30 mode 2
Event: 21.904 Thread 0x0000024585e27800 Uncommon trap: trap_request=0xffffff4d fr.pc=0x00000245f3ca5024 relative=0x0000000000001ac4
Event: 21.904 Thread 0x0000024585e27800 Uncommon trap: reason=unstable_if action=reinterpret pc=0x00000245f3ca5024 method=org.gradle.cache.internal.InMemoryDecoratedCache.lambda$get$0(Ljava/lang/Object;)Ljava/lang/Object; @ 12 c2
Event: 21.904 Thread 0x0000024585e27800 DEOPT PACKING pc=0x00000245f3ca5024 sp=0x0000004f729fdab0
Event: 21.904 Thread 0x0000024585e27800 DEOPT UNPACKING pc=0x00000245eb9d78af sp=0x0000004f729fd9f0 mode 2
Event: 21.927 Thread 0x0000024585e22800 Uncommon trap: trap_request=0xffffff4d fr.pc=0x00000245f3b84148 relative=0x00000000000021e8
Event: 21.927 Thread 0x0000024585e22800 Uncommon trap: reason=unstable_if action=reinterpret pc=0x00000245f3b84148 method=java.util.concurrent.ConcurrentHashMap.computeIfAbsent(Ljava/lang/Object;Ljava/util/function/Function;)Ljava/lang/Object; @ 104 c2
Event: 21.927 Thread 0x0000024585e22800 DEOPT PACKING pc=0x00000245f3b84148 sp=0x0000004f71bfdf60
Event: 21.927 Thread 0x0000024585e22800 DEOPT UNPACKING pc=0x00000245eb9d78af sp=0x0000004f71bfdf18 mode 2

Classes redefined (0 events):
No events

Internal exceptions (20 events):
Event: 13.402 Thread 0x0000024585e27800 Exception <a 'java/lang/NoSuchMethodError'{0x0000000087f142c8}: 'java.lang.Object java.lang.invoke.DirectMethodHandle$Holder.invokeStatic(java.lang.Object, java.lang.Object, java.lang.Object, java.lang.Object, java.lang.Object, java.lang.Object, java.lang.Object, java.lang.Object, int, int)'> (0x0000000087f142c8) thrown at [./src/hotspot/share/interpreter/linkResolver.cpp, line 773]
Event: 13.404 Thread 0x0000024585e27800 Exception <a 'java/lang/NoSuchMethodError'{0x0000000087f30468}: 'java.lang.Object java.lang.invoke.DirectMethodHandle$Holder.invokeStatic(java.lang.Object, java.lang.Object, java.lang.Object, java.lang.Object, java.lang.Object, java.lang.Object, java.lang.Object, java.lang.Object, int, int, java.lang.Object)'> (0x0000000087f30468) thrown at [./src/hotspot/share/interpreter/linkResolver.cpp, line 773]
Event: 13.405 Thread 0x0000024585e27800 Exception <a 'java/lang/NoSuchMethodError'{0x0000000087f4d9e0}: 'java.lang.Object java.lang.invoke.DirectMethodHandle$Holder.invokeStatic(java.lang.Object, java.lang.Object, java.lang.Object, java.lang.Object, java.lang.Object, java.lang.Object, java.lang.Object, java.lang.Object, int, int, java.lang.Object, java.lang.Object)'> (0x0000000087f4d9e0) thrown at [./src/hotspot/share/interpreter/linkResolver.cpp, line 773]
Event: 13.412 Thread 0x0000024585e27800 Exception <a 'java/lang/NoSuchMethodError'{0x0000000087f8e630}: <clinit>> (0x0000000087f8e630) thrown at [./src/hotspot/share/prims/jni.cpp, line 1362]
Event: 13.415 Thread 0x0000024585e27800 Exception <a 'java/lang/NoSuchMethodError'{0x0000000087fc0db0}: <clinit>> (0x0000000087fc0db0) thrown at [./src/hotspot/share/prims/jni.cpp, line 1362]
Event: 13.425 Thread 0x000002458a8df800 Exception <a 'java/lang/InterruptedException'{0x0000000087e00000}> (0x0000000087e00000) thrown at [./src/hotspot/share/runtime/objectMonitor.cpp, line 1635]
Event: 13.426 Thread 0x000002458a8df800 Exception <a 'java/lang/NoSuchMethodError'{0x0000000087e08060}: 'java.lang.Object java.lang.invoke.DirectMethodHandle$Holder.invokeStatic(java.lang.Object, java.lang.Object, int, java.lang.Object, long)'> (0x0000000087e08060) thrown at [./src/hotspot/share/interpreter/linkResolver.cpp, line 773]
Event: 13.444 Thread 0x0000024585e27800 Exception <a 'java/lang/NoSuchMethodError'{0x0000000087e251f8}: <clinit>> (0x0000000087e251f8) thrown at [./src/hotspot/share/prims/jni.cpp, line 1362]
Event: 13.445 Thread 0x0000024585e27800 Exception <a 'java/lang/NoSuchMethodError'{0x0000000087e36ff0}: <clinit>> (0x0000000087e36ff0) thrown at [./src/hotspot/share/prims/jni.cpp, line 1362]
Event: 13.446 Thread 0x0000024585e27800 Exception <a 'java/lang/NoSuchMethodError'{0x0000000087e48dc0}: <clinit>> (0x0000000087e48dc0) thrown at [./src/hotspot/share/prims/jni.cpp, line 1362]
Event: 13.451 Thread 0x0000024585e27800 Exception <a 'java/lang/NoSuchMethodError'{0x0000000087e6de88}: <clinit>> (0x0000000087e6de88) thrown at [./src/hotspot/share/prims/jni.cpp, line 1362]
Event: 13.478 Thread 0x0000024585e27800 Exception <a 'java/lang/NoSuchMethodError'{0x0000000087c27628}: <clinit>> (0x0000000087c27628) thrown at [./src/hotspot/share/prims/jni.cpp, line 1362]
Event: 13.481 Thread 0x0000024585e27800 Exception <a 'java/lang/NoSuchMethodError'{0x0000000087c6e8b8}: <clinit>> (0x0000000087c6e8b8) thrown at [./src/hotspot/share/prims/jni.cpp, line 1362]
Event: 13.482 Thread 0x0000024585e27800 Exception <a 'java/lang/NoSuchMethodError'{0x0000000087c8b428}: <clinit>> (0x0000000087c8b428) thrown at [./src/hotspot/share/prims/jni.cpp, line 1362]
Event: 13.482 Thread 0x0000024585e27800 Exception <a 'java/lang/NoSuchMethodError'{0x0000000087ca8018}: <clinit>> (0x0000000087ca8018) thrown at [./src/hotspot/share/prims/jni.cpp, line 1362]
Event: 13.563 Thread 0x000002458a8e9800 Exception <a 'java/lang/NoSuchMethodError'{0x0000000087ad6388}: 'java.lang.Object java.lang.invoke.DirectMethodHandle$Holder.invokeStatic(java.lang.Object, java.lang.Object, java.lang.Object, java.lang.Object, java.lang.Object, java.lang.Object, java.lang.Object, java.lang.Object, java.lang.Object, java.lang.Object, java.lang.Object, java.lang.Object, java.lang.Object, int)'> (0x0000000087ad6388) thrown at [./src/hotspot/share/interpreter/linkResolver.cpp, line 773]
Event: 13.565 Thread 0x000002458a8e9800 Exception <a 'java/lang/NoSuchMethodError'{0x0000000087ae2e00}: 'java.lang.Object java.lang.invoke.DirectMethodHandle$Holder.invokeStatic(java.lang.Object, java.lang.Object, java.lang.Object, java.lang.Object, java.lang.Object, java.lang.Object, java.lang.Object, java.lang.Object, java.lang.Object, java.lang.Object, java.lang.Object, java.lang.Object, java.lang.Object, int, int)'> (0x0000000087ae2e00) thrown at [./src/hotspot/share/interpreter/linkResolver.cpp, line 773]
Event: 17.835 Thread 0x0000024585e27800 Exception <a 'java/lang/NoSuchMethodError'{0x000000008784e7a8}: 'void java.lang.invoke.DirectMethodHandle$Holder.invokeStatic(java.lang.Object, java.lang.Object, java.lang.Object, java.lang.Object, java.lang.Object, java.lang.Object, java.lang.Object)'> (0x000000008784e7a8) thrown at [./src/hotspot/share/interpreter/linkResolver.cpp, line 773]
Event: 17.844 Thread 0x00000245844d6800 Exception <a 'java/lang/NoSuchMethodError'{0x00000000877ffb38}: <clinit>> (0x00000000877ffb38) thrown at [./src/hotspot/share/prims/jni.cpp, line 1362]
Event: 18.257 Thread 0x000002458a8e4800 Exception <a 'java/lang/InterruptedException'{0x0000000089980800}> (0x0000000089980800) thrown at [./src/hotspot/share/runtime/objectMonitor.cpp, line 1635]

Events (20 events):
Event: 21.862 loading class com/google/common/collect/Ordering$ArbitraryOrdering
Event: 21.862 loading class com/google/common/collect/Ordering$ArbitraryOrdering done
Event: 21.863 loading class com/google/common/collect/MapMakerInternalMap$WeakKeyStrongValueEntry$Helper
Event: 21.863 loading class com/google/common/collect/MapMakerInternalMap$WeakKeyStrongValueEntry$Helper done
Event: 21.863 loading class com/google/common/collect/MapMakerInternalMap$WeakKeyStrongValueSegment
Event: 21.863 loading class com/google/common/collect/MapMakerInternalMap$WeakKeyStrongValueSegment done
Event: 21.864 loading class org/gradle/internal/normalization/java/impl/MethodMember
Event: 21.864 loading class org/gradle/internal/normalization/java/impl/MethodMember done
Event: 21.865 loading class org/gradle/internal/normalization/java/impl/ParameterAnnotationMember
Event: 21.865 loading class org/gradle/internal/normalization/java/impl/ParameterAnnotationMember done
Event: 21.867 loading class org/gradle/internal/normalization/java/impl/EnumAnnotationValue
Event: 21.867 loading class org/gradle/internal/normalization/java/impl/EnumAnnotationValue done
Event: 21.868 loading class org/gradle/internal/hash/HashCode
Event: 21.868 loading class org/gradle/internal/hash/HashCode done
Event: 21.868 loading class org/gradle/internal/hash/HashCode
Event: 21.868 loading class org/gradle/internal/hash/HashCode done
Event: 21.875 loading class org/gradle/internal/execution/history/changes/ClasspathCompareStrategy$TrackingVisitor
Event: 21.875 loading class org/gradle/internal/execution/history/changes/ClasspathCompareStrategy$TrackingVisitor done
Event: 21.875 loading class org/gradle/internal/execution/history/changes/ClasspathCompareStrategy$ChangeState
Event: 21.875 loading class org/gradle/internal/execution/history/changes/ClasspathCompareStrategy$ChangeState done


Dynamic libraries:
0x00007ff7f3920000 - 0x00007ff7f392a000 	C:\Program Files\Android\Android Studio\jre\bin\java.exe
0x00007ffd190b0000 - 0x00007ffd192a5000 	C:\Windows\SYSTEM32\ntdll.dll
0x00007ffd17460000 - 0x00007ffd1751e000 	C:\Windows\System32\KERNEL32.DLL
0x00007ffd16980000 - 0x00007ffd16c49000 	C:\Windows\System32\KERNELBASE.dll
0x00007ffd0f700000 - 0x00007ffd0f717000 	C:\Program Files\Android\Android Studio\jre\bin\VCRUNTIME140.dll
0x00007ffd16880000 - 0x00007ffd16980000 	C:\Windows\System32\ucrtbase.dll
0x00007ffd10630000 - 0x00007ffd10649000 	C:\Program Files\Android\Android Studio\jre\bin\jli.dll
0x00007ffd184f0000 - 0x00007ffd18691000 	C:\Windows\System32\USER32.dll
0x00007ffcfe7a0000 - 0x00007ffcfea3a000 	C:\Windows\WinSxS\amd64_microsoft.windows.common-controls_6595b64144ccf1df_6.0.19041.1110_none_60b5254171f9507e\COMCTL32.dll
0x00007ffd167d0000 - 0x00007ffd167f2000 	C:\Windows\System32\win32u.dll
0x00007ffd19040000 - 0x00007ffd1906b000 	C:\Windows\System32\GDI32.dll
0x00007ffd186c0000 - 0x00007ffd1875e000 	C:\Windows\System32\msvcrt.dll
0x00007ffd16db0000 - 0x00007ffd16ebb000 	C:\Windows\System32\gdi32full.dll
0x00007ffd16ec0000 - 0x00007ffd16f5d000 	C:\Windows\System32\msvcp_win.dll
0x00007ffd17e00000 - 0x00007ffd17e30000 	C:\Windows\System32\IMM32.DLL
0x00007ffce0870000 - 0x00007ffce090d000 	C:\Program Files\Android\Android Studio\jre\bin\msvcp140.dll
0x00007ffcd8ed0000 - 0x00007ffcd999f000 	C:\Program Files\Android\Android Studio\jre\bin\server\jvm.dll
0x00007ffd18760000 - 0x00007ffd1880c000 	C:\Windows\System32\ADVAPI32.dll
0x00007ffd18d10000 - 0x00007ffd18dab000 	C:\Windows\System32\sechost.dll
0x00007ffd18e20000 - 0x00007ffd18f4a000 	C:\Windows\System32\RPCRT4.dll
0x00007ffd17d80000 - 0x00007ffd17d88000 	C:\Windows\System32\PSAPI.DLL
0x00007ffcf9430000 - 0x00007ffcf9457000 	C:\Windows\SYSTEM32\WINMM.dll
0x00007ffd10ee0000 - 0x00007ffd10eea000 	C:\Windows\SYSTEM32\VERSION.dll
0x00007ffd024f0000 - 0x00007ffd024f9000 	C:\Windows\SYSTEM32\WSOCK32.dll
0x00007ffd18220000 - 0x00007ffd1828b000 	C:\Windows\System32\WS2_32.dll
0x00007ffd146d0000 - 0x00007ffd146e2000 	C:\Windows\SYSTEM32\kernel.appcore.dll
0x00007ffd0d120000 - 0x00007ffd0d131000 	C:\Program Files\Android\Android Studio\jre\bin\verify.dll
0x00007ffd01490000 - 0x00007ffd01674000 	C:\Windows\SYSTEM32\DBGHELP.DLL
0x00007ffd01460000 - 0x00007ffd0148c000 	C:\Windows\SYSTEM32\dbgcore.DLL
0x00007ffd16fc0000 - 0x00007ffd17043000 	C:\Windows\System32\bcryptPrimitives.dll
0x00007ffd0cfa0000 - 0x00007ffd0cfc9000 	C:\Program Files\Android\Android Studio\jre\bin\java.dll
0x00007ffd0f6f0000 - 0x00007ffd0f6fb000 	C:\Program Files\Android\Android Studio\jre\bin\jimage.dll
0x00007ffd0cfe0000 - 0x00007ffd0cff8000 	C:\Program Files\Android\Android Studio\jre\bin\zip.dll
0x00007ffd17520000 - 0x00007ffd17c5f000 	C:\Windows\System32\SHELL32.dll
0x00007ffd148d0000 - 0x00007ffd15060000 	C:\Windows\SYSTEM32\windows.storage.dll
0x00007ffd17100000 - 0x00007ffd17455000 	C:\Windows\System32\combase.dll
0x00007ffd16220000 - 0x00007ffd1624c000 	C:\Windows\SYSTEM32\Wldp.dll
0x00007ffd18440000 - 0x00007ffd184ed000 	C:\Windows\System32\SHCORE.dll
0x00007ffd18dc0000 - 0x00007ffd18e15000 	C:\Windows\System32\shlwapi.dll
0x00007ffd16710000 - 0x00007ffd1672f000 	C:\Windows\SYSTEM32\profapi.dll
0x00007ffd03dd0000 - 0x00007ffd03dea000 	C:\Program Files\Android\Android Studio\jre\bin\net.dll
0x00007ffd0fda0000 - 0x00007ffd0fea8000 	C:\Windows\SYSTEM32\WINHTTP.dll
0x00007ffd15f80000 - 0x00007ffd15fea000 	C:\Windows\system32\mswsock.dll
0x00007ffcff490000 - 0x00007ffcff4a4000 	C:\Program Files\Android\Android Studio\jre\bin\nio.dll
0x00007ffd11030000 - 0x00007ffd11057000 	C:\Users\Siddhi Anil Bairagi\.gradle\native\8bec1ad78214c89d9ad589b4d07fe93259594b29d510b10fafb7a158f7737e5d\windows-amd64\native-platform.dll
0x00007ffcfa630000 - 0x00007ffcfa76d000 	C:\Users\Siddhi Anil Bairagi\.gradle\native\53dbd7edfb1c66fb8903c78663c9afc45aea4f116125fa6feffd364cf09443e8\windows-amd64\native-platform-file-events.dll
0x00007ffd0ef70000 - 0x00007ffd0ef7a000 	C:\Program Files\Android\Android Studio\jre\bin\management.dll
0x00007ffd0d110000 - 0x00007ffd0d11c000 	C:\Program Files\Android\Android Studio\jre\bin\management_ext.dll
0x00007ffd16180000 - 0x00007ffd16198000 	C:\Windows\SYSTEM32\CRYPTSP.dll
0x00007ffd15890000 - 0x00007ffd158c4000 	C:\Windows\system32\rsaenh.dll
0x00007ffd16800000 - 0x00007ffd16827000 	C:\Windows\System32\bcrypt.dll
0x00007ffd166d0000 - 0x00007ffd166fe000 	C:\Windows\SYSTEM32\USERENV.dll
0x00007ffd16170000 - 0x00007ffd1617c000 	C:\Windows\SYSTEM32\CRYPTBASE.dll
0x00007ffd15c20000 - 0x00007ffd15c5b000 	C:\Windows\SYSTEM32\IPHLPAPI.DLL
0x00007ffd18db0000 - 0x00007ffd18db8000 	C:\Windows\System32\NSI.dll
0x00007ffd10f10000 - 0x00007ffd10f27000 	C:\Windows\SYSTEM32\dhcpcsvc6.DLL
0x00007ffd10ef0000 - 0x00007ffd10f0d000 	C:\Windows\SYSTEM32\dhcpcsvc.DLL
0x00007ffd15c60000 - 0x00007ffd15d2c000 	C:\Windows\SYSTEM32\DNSAPI.dll
0x00007ffd10440000 - 0x00007ffd1045e000 	C:\Users\Siddhi Anil Bairagi\AppData\Local\Temp\native-platform11265267353705028908dir\native-platform.dll
0x00007ffd12ce0000 - 0x00007ffd12ce8000 	C:\Program Files\Android\Android Studio\jre\bin\rmi.dll
0x00007ffcfe640000 - 0x00007ffcfe657000 	C:\Windows\system32\napinsp.dll
0x00007ffcfe620000 - 0x00007ffcfe63b000 	C:\Windows\system32\pnrpnsp.dll
0x00007ffcf8ff0000 - 0x00007ffcf9005000 	C:\Windows\system32\wshbth.dll
0x00007ffd13e60000 - 0x00007ffd13e7d000 	C:\Windows\system32\NLAapi.dll
0x00007ffcfe500000 - 0x00007ffcfe512000 	C:\Windows\System32\winrnr.dll
0x00007ffd0fcf0000 - 0x00007ffd0fcfa000 	C:\Windows\System32\rasadhlp.dll
0x00007ffd0efb0000 - 0x00007ffd0f02f000 	C:\Windows\System32\fwpuclnt.dll

dbghelp: loaded successfully - version: 4.0.5 - missing functions: none
symbol engine: initialized successfully - sym options: 0x614 - pdb path: .;C:\Program Files\Android\Android Studio\jre\bin;C:\Windows\SYSTEM32;C:\Windows\WinSxS\amd64_microsoft.windows.common-controls_6595b64144ccf1df_6.0.19041.1110_none_60b5254171f9507e;C:\Program Files\Android\Android Studio\jre\bin\server;C:\Users\Siddhi Anil Bairagi\.gradle\native\8bec1ad78214c89d9ad589b4d07fe93259594b29d510b10fafb7a158f7737e5d\windows-amd64;C:\Users\Siddhi Anil Bairagi\.gradle\native\53dbd7edfb1c66fb8903c78663c9afc45aea4f116125fa6feffd364cf09443e8\windows-amd64;C:\Users\Siddhi Anil Bairagi\AppData\Local\Temp\native-platform11265267353705028908dir

VM Arguments:
jvm_args: --add-opens=java.base/java.util=ALL-UNNAMED --add-opens=java.base/java.lang=ALL-UNNAMED --add-opens=java.base/java.lang.invoke=ALL-UNNAMED --add-opens=java.base/java.util=ALL-UNNAMED --add-opens=java.prefs/java.util.prefs=ALL-UNNAMED --add-opens=java.prefs/java.util.prefs=ALL-UNNAMED --add-opens=java.base/java.nio.charset=ALL-UNNAMED --add-opens=java.base/java.net=ALL-UNNAMED --add-opens=java.base/java.util.concurrent.atomic=ALL-UNNAMED -Xmx2048m -Dfile.encoding=UTF-8 -Duser.country=IN -Duser.language=en -Duser.variant 
java_command: org.gradle.launcher.daemon.bootstrap.GradleDaemon 7.0.2
java_class_path (initial): C:\Users\Siddhi Anil Bairagi\.gradle\wrapper\dists\gradle-7.0.2-bin\857tjihv64xamwrf0h14cai3r\gradle-7.0.2\lib\gradle-launcher-7.0.2.jar
Launcher Type: SUN_STANDARD

[Global flags]
     intx CICompilerCount                          = 4                                         {product} {ergonomic}
     uint ConcGCThreads                            = 2                                         {product} {ergonomic}
     uint G1ConcRefinementThreads                  = 8                                         {product} {ergonomic}
   size_t G1HeapRegionSize                         = 1048576                                   {product} {ergonomic}
    uintx GCDrainStackTargetSize                   = 64                                        {product} {ergonomic}
   size_t InitialHeapSize                          = 132120576                                 {product} {ergonomic}
   size_t MarkStackSize                            = 4194304                                   {product} {ergonomic}
   size_t MaxHeapSize                              = 2147483648                                {product} {command line}
   size_t MaxNewSize                               = 1287651328                                {product} {ergonomic}
   size_t MinHeapDeltaBytes                        = 1048576                                   {product} {ergonomic}
    uintx NonNMethodCodeHeapSize                   = 5836300                                {pd product} {ergonomic}
    uintx NonProfiledCodeHeapSize                  = 122910970                              {pd product} {ergonomic}
    uintx ProfiledCodeHeapSize                     = 122910970                              {pd product} {ergonomic}
    uintx ReservedCodeCacheSize                    = 251658240                              {pd product} {ergonomic}
     bool SegmentedCodeCache                       = true                                      {product} {ergonomic}
     bool UseCompressedClassPointers               = true                                 {lp64_product} {ergonomic}
     bool UseCompressedOops                        = true                                 {lp64_product} {ergonomic}
     bool UseG1GC                                  = true                                      {product} {ergonomic}
     bool UseLargePagesIndividualAllocation        = false                                  {pd product} {ergonomic}

Logging:
Log output configuration:
 #0: stdout all=warning uptime,level,tags
 #1: stderr all=off uptime,level,tags

Environment Variables:
PATH=c:\windows\system32;c:\windows;c:\windows\system32\wbem;c:\windows\system32\windowspowershell\v1.0\;c:\windows\system32\openssh\;c:\program files\microsoft vs code\bin;c:\program files\dotnet\;d:\mingw\bin;c:\program files\git\cmd;C:\Program Files (x86)\NVIDIA Corporation\PhysX\Common;C:\Users\Siddhi Anil Bairagi\AppData\Local\Microsoft\WindowsApps;
USERNAME=Siddhi Anil Bairagi
OS=Windows_NT
PROCESSOR_IDENTIFIER=Intel64 Family 6 Model 158 Stepping 10, GenuineIntel



---------------  S Y S T E M  ---------------

OS: Windows 10 , 64 bit Build 19041 (10.0.19041.1202)
OS uptime: 0 days 0:48 hours

CPU:total 8 (initial active 8) (4 cores per cpu, 2 threads per core) family 6 model 158 stepping 10 microcode 0xb4, cmov, cx8, fxsr, mmx, sse, sse2, sse3, ssse3, sse4.1, sse4.2, popcnt, avx, avx2, aes, clmul, erms, 3dnowpref, lzcnt, ht, tsc, tscinvbit, bmi1, bmi2, adx, fma

Memory: 4k page, system-wide physical 8034M (2012M free)
TotalPageFile size 8034M (AvailPageFile size 4M)
current process WorkingSet (physical memory assigned to process): 455M, peak: 482M
current process commit charge ("private bytes"): 490M, peak: 518M

vm_info: OpenJDK 64-Bit Server VM (11.0.10+0-b96-7249189) for windows-amd64 JRE (11.0.10+0-b96-7249189), built on Mar 31 2021 21:44:00 by "builder" with MS VC++ 14.0 (VS2015)

END.
