#
# There is insufficient memory for the Java Runtime Environment to continue.
# Native memory allocation (malloc) failed to allocate 681376 bytes for Chunk::new
# Possible reasons:
#   The system is out of physical RAM or swap space
#   The process is running with CompressedOops enabled, and the Java Heap may be blocking the growth of the native heap
# Possible solutions:
#   Reduce memory load on the system
#   Increase physical memory or swap space
#   Check if swap backing store is full
#   Decrease Java heap size (-Xmx/-Xms)
#   Decrease number of Java threads
#   Decrease Java thread stack sizes (-Xss)
#   Set larger code cache with -XX:ReservedCodeCacheSize=
#   JVM is running with Unscaled Compressed Oops mode in which the Java heap is
#     placed in the first 4GB address space. The Java Heap base address is the
#     maximum limit for the native heap growth. Please use -XX:HeapBaseMinAddress
#     to set the Java Heap base and to place the Java Heap above 4GB virtual address.
# This output file may be truncated or incomplete.
#
#  Out of Memory Error (./src/hotspot/share/memory/arena.cpp:197), pid=1224, tid=4992
#
# JRE version: OpenJDK Runtime Environment (11.0.10) (build 11.0.10+0-b96-7249189)
# Java VM: OpenJDK 64-Bit Server VM (11.0.10+0-b96-7249189, mixed mode, tiered, compressed oops, g1 gc, windows-amd64)
# No core dump will be written. Minidumps are not enabled by default on client versions of Windows
#

---------------  S U M M A R Y ------------

Command Line: --add-opens=java.base/java.util=ALL-UNNAMED --add-opens=java.base/java.lang=ALL-UNNAMED --add-opens=java.base/java.lang.invoke=ALL-UNNAMED --add-opens=java.base/java.util=ALL-UNNAMED --add-opens=java.prefs/java.util.prefs=ALL-UNNAMED --add-opens=java.prefs/java.util.prefs=ALL-UNNAMED --add-opens=java.base/java.nio.charset=ALL-UNNAMED --add-opens=java.base/java.net=ALL-UNNAMED --add-opens=java.base/java.util.concurrent.atomic=ALL-UNNAMED -Xmx2048m -Dfile.encoding=UTF-8 -Duser.country=IN -Duser.language=en -Duser.variant org.gradle.launcher.daemon.bootstrap.GradleDaemon 7.0.2

Host: Intel(R) Core(TM) i5-8300H CPU @ 2.30GHz, 8 cores, 7G,  Windows 10 , 64 bit Build 19041 (10.0.19041.1202)
Time: Sat Jan  1 06:10:52 2022 India Standard Time elapsed time: 1.878014 seconds (0d 0h 0m 1s)

---------------  T H R E A D  ---------------

Current thread (0x0000021d13b8f800):  JavaThread "C2 CompilerThread2" daemon [_thread_in_native, id=4992, stack(0x0000008658900000,0x0000008658a00000)]


Current CompileTask:
C2:   1878 2016       4       java.net.URLClassLoader$1::run (5 bytes)

Stack: [0x0000008658900000,0x0000008658a00000]
Native frames: (J=compiled Java code, j=interpreted, Vv=VM code, C=native code)
V  [jvm.dll+0x5ecfaa]
V  [jvm.dll+0x722bd5]
V  [jvm.dll+0x72412d]
V  [jvm.dll+0x7247e3]
V  [jvm.dll+0x242928]
V  [jvm.dll+0xbc4fc]
V  [jvm.dll+0xbca0c]
V  [jvm.dll+0x2b4fd4]
V  [jvm.dll+0x506028]
V  [jvm.dll+0x1fcbde]
V  [jvm.dll+0x1fa77f]
V  [jvm.dll+0x18354c]
V  [jvm.dll+0x208ee7]
V  [jvm.dll+0x207731]
V  [jvm.dll+0x6eb1cf]
V  [jvm.dll+0x6e3d45]
V  [jvm.dll+0x5ebe96]
C  [ucrtbase.dll+0x21bb2]
C  [KERNEL32.DLL+0x17034]
C  [ntdll.dll+0x52651]


---------------  P R O C E S S  ---------------

Threads class SMR info:
_java_thread_list=0x0000021d139c3910, length=25, elements={
0x0000021d757a9000, 0x0000021d7f423800, 0x0000021d7f425000, 0x0000021d7f439800,
0x0000021d7f43b800, 0x0000021d7f43c800, 0x0000021d7f447000, 0x0000021d7f44d800,
0x0000021d7f452800, 0x0000021d1119e000, 0x0000021d13227800, 0x0000021d113ec000,
0x0000021d112a2000, 0x0000021d12c32800, 0x0000021d12728000, 0x0000021d13484800,
0x0000021d1351c000, 0x0000021d130ef000, 0x0000021d12c67000, 0x0000021d13900000,
0x0000021d13132000, 0x0000021d13b8f800, 0x0000021d13134800, 0x0000021d13135800,
0x0000021d13136000
}

Java Threads: ( => current thread )
  0x0000021d757a9000 JavaThread "main" [_thread_blocked, id=1596, stack(0x0000008656b00000,0x0000008656c00000)]
  0x0000021d7f423800 JavaThread "Reference Handler" daemon [_thread_blocked, id=1592, stack(0x0000008657200000,0x0000008657300000)]
  0x0000021d7f425000 JavaThread "Finalizer" daemon [_thread_blocked, id=5004, stack(0x0000008657300000,0x0000008657400000)]
  0x0000021d7f439800 JavaThread "Signal Dispatcher" daemon [_thread_blocked, id=6028, stack(0x0000008657400000,0x0000008657500000)]
  0x0000021d7f43b800 JavaThread "Attach Listener" daemon [_thread_blocked, id=8112, stack(0x0000008657500000,0x0000008657600000)]
  0x0000021d7f43c800 JavaThread "Service Thread" daemon [_thread_blocked, id=7424, stack(0x0000008657600000,0x0000008657700000)]
  0x0000021d7f447000 JavaThread "C2 CompilerThread0" daemon [_thread_blocked, id=4116, stack(0x0000008657700000,0x0000008657800000)]
  0x0000021d7f44d800 JavaThread "C1 CompilerThread0" daemon [_thread_blocked, id=1112, stack(0x0000008657800000,0x0000008657900000)]
  0x0000021d7f452800 JavaThread "Sweeper thread" daemon [_thread_blocked, id=7948, stack(0x0000008657900000,0x0000008657a00000)]
  0x0000021d1119e000 JavaThread "Common-Cleaner" daemon [_thread_blocked, id=1136, stack(0x0000008657a00000,0x0000008657b00000)]
  0x0000021d13227800 JavaThread "Daemon health stats" [_thread_blocked, id=3196, stack(0x0000008658000000,0x0000008658100000)]
  0x0000021d113ec000 JavaThread "Incoming local TCP Connector on port 50508" [_thread_in_native, id=7572, stack(0x0000008657c00000,0x0000008657d00000)]
  0x0000021d112a2000 JavaThread "Daemon periodic checks" [_thread_blocked, id=1724, stack(0x0000008657d00000,0x0000008657e00000)]
  0x0000021d12c32800 JavaThread "Daemon" [_thread_blocked, id=7576, stack(0x0000008658100000,0x0000008658200000)]
  0x0000021d12728000 JavaThread "Handler for socket connection from /127.0.0.1:50508 to /127.0.0.1:50509" [_thread_in_native, id=3672, stack(0x0000008658200000,0x0000008658300000)]
  0x0000021d13484800 JavaThread "C2 CompilerThread1" daemon [_thread_in_native, id=7764, stack(0x0000008658300000,0x0000008658400000)]
  0x0000021d1351c000 JavaThread "Cancel handler" [_thread_blocked, id=684, stack(0x0000008658400000,0x0000008658500000)]
  0x0000021d130ef000 JavaThread "Daemon worker" [_thread_in_vm, id=7312, stack(0x0000008658500000,0x0000008658600000)]
  0x0000021d12c67000 JavaThread "Asynchronous log dispatcher for DefaultDaemonConnection: socket connection from /127.0.0.1:50508 to /127.0.0.1:50509" [_thread_blocked, id=484, stack(0x0000008658600000,0x0000008658700000)]
  0x0000021d13900000 JavaThread "Stdin handler" [_thread_blocked, id=1744, stack(0x0000008658700000,0x0000008658800000)]
  0x0000021d13132000 JavaThread "Daemon client event forwarder" [_thread_blocked, id=5832, stack(0x0000008658800000,0x0000008658900000)]
=>0x0000021d13b8f800 JavaThread "C2 CompilerThread2" daemon [_thread_in_native, id=4992, stack(0x0000008658900000,0x0000008658a00000)]
  0x0000021d13134800 JavaThread "Cache worker for file hash cache (C:\Users\Siddhi Anil Bairagi\.gradle\caches\7.0.2\fileHashes)" [_thread_blocked, id=972, stack(0x0000008658f00000,0x0000008659000000)]
  0x0000021d13135800 JavaThread "File lock request listener" [_thread_in_native, id=2324, stack(0x0000008659000000,0x0000008659100000)]
  0x0000021d13136000 JavaThread "Cache worker for journal cache (C:\Users\Siddhi Anil Bairagi\.gradle\caches\journal-1)" [_thread_blocked, id=7564, stack(0x0000008659200000,0x0000008659300000)]

Other Threads:
  0x0000021d7f41d800 VMThread "VM Thread" [stack: 0x0000008657100000,0x0000008657200000] [id=1884]
  0x0000021d111bb000 WatcherThread [stack: 0x0000008657b00000,0x0000008657c00000] [id=5964]
  0x0000021d757c4000 GCTaskThread "GC Thread#0" [stack: 0x0000008656c00000,0x0000008656d00000] [id=3184]
  0x0000021d1187c000 GCTaskThread "GC Thread#1" [stack: 0x0000008657e00000,0x0000008657f00000] [id=7404]
  0x0000021d115f5000 GCTaskThread "GC Thread#2" [stack: 0x0000008657f00000,0x0000008658000000] [id=5952]
  0x0000021d14332000 GCTaskThread "GC Thread#3" [stack: 0x0000008658a00000,0x0000008658b00000] [id=7680]
  0x0000021d1208e000 GCTaskThread "GC Thread#4" [stack: 0x0000008658b00000,0x0000008658c00000] [id=3712]
  0x0000021d1273e800 GCTaskThread "GC Thread#5" [stack: 0x0000008658c00000,0x0000008658d00000] [id=5980]
  0x0000021d12733000 GCTaskThread "GC Thread#6" [stack: 0x0000008658d00000,0x0000008658e00000] [id=5364]
  0x0000021d13ac7000 GCTaskThread "GC Thread#7" [stack: 0x0000008658e00000,0x0000008658f00000] [id=916]
  0x0000021d757f4800 ConcurrentGCThread "G1 Main Marker" [stack: 0x0000008656d00000,0x0000008656e00000] [id=7304]
  0x0000021d757f6000 ConcurrentGCThread "G1 Conc#0" [stack: 0x0000008656e00000,0x0000008656f00000] [id=1328]
  0x0000021d13b9c800 ConcurrentGCThread "G1 Conc#1" [stack: 0x0000008659100000,0x0000008659200000] [id=4356]
  0x0000021d7f270800 ConcurrentGCThread "G1 Refine#0" [stack: 0x0000008656f00000,0x0000008657000000] [id=5008]
  0x0000021d7f271000 ConcurrentGCThread "G1 Young RemSet Sampling" [stack: 0x0000008657000000,0x0000008657100000] [id=448]

Threads with active compile tasks:
C2 CompilerThread1   1885 1934   !   4       java.lang.ClassLoader::loadClass (122 bytes)
C2 CompilerThread2   1885 2016       4       java.net.URLClassLoader$1::run (5 bytes)

VM state:not at safepoint (normal execution)

VM Mutex/Monitor currently owned by a thread: None

Heap address: 0x0000000080000000, size: 2048 MB, Compressed Oops mode: 32-bit
Narrow klass base: 0x0000000000000000, Narrow klass shift: 3
Compressed class space size: 1073741824 Address: 0x0000000100000000

Heap:
 garbage-first heap   total 129024K, used 43635K [0x0000000080000000, 0x0000000100000000)
  region size 1024K, 29 young (29696K), 1 survivors (1024K)
 Metaspace       used 23409K, capacity 23991K, committed 24192K, reserved 1071104K
  class space    used 2977K, capacity 3192K, committed 3200K, reserved 1048576K
Heap Regions: E=young(eden), S=young(survivor), O=old, HS=humongous(starts), HC=humongous(continues), CS=collection set, F=free, A=archive, TAMS=top-at-mark-start (previous, next)
|   0|0x0000000080000000, 0x0000000080100000, 0x0000000080100000|100%| O|  |TAMS 0x0000000080100000, 0x0000000080000000| Untracked 
|   1|0x0000000080100000, 0x0000000080200000, 0x0000000080200000|100%| O|  |TAMS 0x0000000080200000, 0x0000000080100000| Untracked 
|   2|0x0000000080200000, 0x0000000080300000, 0x0000000080300000|100%| O|  |TAMS 0x0000000080300000, 0x0000000080200000| Untracked 
|   3|0x0000000080300000, 0x0000000080400000, 0x0000000080400000|100%|HS|  |TAMS 0x0000000080400000, 0x0000000080300000| Complete 
|   4|0x0000000080400000, 0x0000000080500000, 0x0000000080500000|100%|HC|  |TAMS 0x0000000080500000, 0x0000000080400000| Complete 
|   5|0x0000000080500000, 0x0000000080600000, 0x0000000080600000|100%|HC|  |TAMS 0x0000000080600000, 0x0000000080500000| Complete 
|   6|0x0000000080600000, 0x0000000080700000, 0x0000000080700000|100%| O|  |TAMS 0x0000000080700000, 0x0000000080600000| Untracked 
|   7|0x0000000080700000, 0x0000000080800000, 0x0000000080800000|100%| O|  |TAMS 0x0000000080800000, 0x0000000080700000| Untracked 
|   8|0x0000000080800000, 0x0000000080900000, 0x0000000080900000|100%| O|  |TAMS 0x0000000080900000, 0x0000000080800000| Untracked 
|   9|0x0000000080900000, 0x0000000080a00000, 0x0000000080a00000|100%| O|  |TAMS 0x0000000080a00000, 0x0000000080900000| Untracked 
|  10|0x0000000080a00000, 0x0000000080b00000, 0x0000000080b00000|100%| O|  |TAMS 0x0000000080b00000, 0x0000000080a00000| Untracked 
|  11|0x0000000080b00000, 0x0000000080c00000, 0x0000000080c00000|100%| O|  |TAMS 0x0000000080c00000, 0x0000000080b00000| Untracked 
|  12|0x0000000080c00000, 0x0000000080d00000, 0x0000000080d00000|100%| O|  |TAMS 0x0000000080d00000, 0x0000000080c00000| Untracked 
|  13|0x0000000080d00000, 0x0000000080e00000, 0x0000000080e00000|100%| O|  |TAMS 0x0000000080e00000, 0x0000000080d00000| Untracked 
|  14|0x0000000080e00000, 0x0000000080f00000, 0x0000000080f00000|100%| O|  |TAMS 0x0000000080f00000, 0x0000000080e00000| Untracked 
|  15|0x0000000080f00000, 0x0000000080f9ce00, 0x0000000081000000| 61%| O|  |TAMS 0x0000000080f9ce00, 0x0000000080f00000| Untracked 
|  16|0x0000000081000000, 0x0000000081000000, 0x0000000081100000|  0%| F|  |TAMS 0x0000000081000000, 0x0000000081000000| Untracked 
|  17|0x0000000081100000, 0x0000000081100000, 0x0000000081200000|  0%| F|  |TAMS 0x0000000081100000, 0x0000000081100000| Untracked 
|  18|0x0000000081200000, 0x0000000081200000, 0x0000000081300000|  0%| F|  |TAMS 0x0000000081200000, 0x0000000081200000| Untracked 
|  19|0x0000000081300000, 0x0000000081300000, 0x0000000081400000|  0%| F|  |TAMS 0x0000000081300000, 0x0000000081300000| Untracked 
|  20|0x0000000081400000, 0x0000000081400000, 0x0000000081500000|  0%| F|  |TAMS 0x0000000081400000, 0x0000000081400000| Untracked 
|  21|0x0000000081500000, 0x0000000081500000, 0x0000000081600000|  0%| F|  |TAMS 0x0000000081500000, 0x0000000081500000| Untracked 
|  22|0x0000000081600000, 0x0000000081600000, 0x0000000081700000|  0%| F|  |TAMS 0x0000000081600000, 0x0000000081600000| Untracked 
|  23|0x0000000081700000, 0x0000000081700000, 0x0000000081800000|  0%| F|  |TAMS 0x0000000081700000, 0x0000000081700000| Untracked 
|  24|0x0000000081800000, 0x0000000081800000, 0x0000000081900000|  0%| F|  |TAMS 0x0000000081800000, 0x0000000081800000| Untracked 
|  25|0x0000000081900000, 0x0000000081900000, 0x0000000081a00000|  0%| F|  |TAMS 0x0000000081900000, 0x0000000081900000| Untracked 
|  26|0x0000000081a00000, 0x0000000081a00000, 0x0000000081b00000|  0%| F|  |TAMS 0x0000000081a00000, 0x0000000081a00000| Untracked 
|  27|0x0000000081b00000, 0x0000000081b00000, 0x0000000081c00000|  0%| F|  |TAMS 0x0000000081b00000, 0x0000000081b00000| Untracked 
|  28|0x0000000081c00000, 0x0000000081c00000, 0x0000000081d00000|  0%| F|  |TAMS 0x0000000081c00000, 0x0000000081c00000| Untracked 
|  29|0x0000000081d00000, 0x0000000081d00000, 0x0000000081e00000|  0%| F|  |TAMS 0x0000000081d00000, 0x0000000081d00000| Untracked 
|  30|0x0000000081e00000, 0x0000000081e00000, 0x0000000081f00000|  0%| F|  |TAMS 0x0000000081e00000, 0x0000000081e00000| Untracked 
|  31|0x0000000081f00000, 0x0000000081f00000, 0x0000000082000000|  0%| F|  |TAMS 0x0000000081f00000, 0x0000000081f00000| Untracked 
|  32|0x0000000082000000, 0x0000000082000000, 0x0000000082100000|  0%| F|  |TAMS 0x0000000082000000, 0x0000000082000000| Untracked 
|  33|0x0000000082100000, 0x0000000082100000, 0x0000000082200000|  0%| F|  |TAMS 0x0000000082100000, 0x0000000082100000| Untracked 
|  34|0x0000000082200000, 0x0000000082200000, 0x0000000082300000|  0%| F|  |TAMS 0x0000000082200000, 0x0000000082200000| Untracked 
|  35|0x0000000082300000, 0x0000000082300000, 0x0000000082400000|  0%| F|  |TAMS 0x0000000082300000, 0x0000000082300000| Untracked 
|  36|0x0000000082400000, 0x0000000082400000, 0x0000000082500000|  0%| F|  |TAMS 0x0000000082400000, 0x0000000082400000| Untracked 
|  37|0x0000000082500000, 0x0000000082500000, 0x0000000082600000|  0%| F|  |TAMS 0x0000000082500000, 0x0000000082500000| Untracked 
|  38|0x0000000082600000, 0x0000000082600000, 0x0000000082700000|  0%| F|  |TAMS 0x0000000082600000, 0x0000000082600000| Untracked 
|  39|0x0000000082700000, 0x0000000082700000, 0x0000000082800000|  0%| F|  |TAMS 0x0000000082700000, 0x0000000082700000| Untracked 
|  40|0x0000000082800000, 0x0000000082800000, 0x0000000082900000|  0%| F|  |TAMS 0x0000000082800000, 0x0000000082800000| Untracked 
|  41|0x0000000082900000, 0x0000000082900000, 0x0000000082a00000|  0%| F|  |TAMS 0x0000000082900000, 0x0000000082900000| Untracked 
|  42|0x0000000082a00000, 0x0000000082a00000, 0x0000000082b00000|  0%| F|  |TAMS 0x0000000082a00000, 0x0000000082a00000| Untracked 
|  43|0x0000000082b00000, 0x0000000082b00000, 0x0000000082c00000|  0%| F|  |TAMS 0x0000000082b00000, 0x0000000082b00000| Untracked 
|  44|0x0000000082c00000, 0x0000000082c00000, 0x0000000082d00000|  0%| F|  |TAMS 0x0000000082c00000, 0x0000000082c00000| Untracked 
|  45|0x0000000082d00000, 0x0000000082d00000, 0x0000000082e00000|  0%| F|  |TAMS 0x0000000082d00000, 0x0000000082d00000| Untracked 
|  46|0x0000000082e00000, 0x0000000082e00000, 0x0000000082f00000|  0%| F|  |TAMS 0x0000000082e00000, 0x0000000082e00000| Untracked 
|  47|0x0000000082f00000, 0x0000000082f00000, 0x0000000083000000|  0%| F|  |TAMS 0x0000000082f00000, 0x0000000082f00000| Untracked 
|  48|0x0000000083000000, 0x0000000083000000, 0x0000000083100000|  0%| F|  |TAMS 0x0000000083000000, 0x0000000083000000| Untracked 
|  49|0x0000000083100000, 0x0000000083100000, 0x0000000083200000|  0%| F|  |TAMS 0x0000000083100000, 0x0000000083100000| Untracked 
|  50|0x0000000083200000, 0x0000000083200000, 0x0000000083300000|  0%| F|  |TAMS 0x0000000083200000, 0x0000000083200000| Untracked 
|  51|0x0000000083300000, 0x0000000083300000, 0x0000000083400000|  0%| F|  |TAMS 0x0000000083300000, 0x0000000083300000| Untracked 
|  52|0x0000000083400000, 0x0000000083400000, 0x0000000083500000|  0%| F|  |TAMS 0x0000000083400000, 0x0000000083400000| Untracked 
|  53|0x0000000083500000, 0x0000000083500000, 0x0000000083600000|  0%| F|  |TAMS 0x0000000083500000, 0x0000000083500000| Untracked 
|  54|0x0000000083600000, 0x0000000083600000, 0x0000000083700000|  0%| F|  |TAMS 0x0000000083600000, 0x0000000083600000| Untracked 
|  55|0x0000000083700000, 0x0000000083700000, 0x0000000083800000|  0%| F|  |TAMS 0x0000000083700000, 0x0000000083700000| Untracked 
|  56|0x0000000083800000, 0x0000000083800000, 0x0000000083900000|  0%| F|  |TAMS 0x0000000083800000, 0x0000000083800000| Untracked 
|  57|0x0000000083900000, 0x0000000083900000, 0x0000000083a00000|  0%| F|  |TAMS 0x0000000083900000, 0x0000000083900000| Untracked 
|  58|0x0000000083a00000, 0x0000000083a00000, 0x0000000083b00000|  0%| F|  |TAMS 0x0000000083a00000, 0x0000000083a00000| Untracked 
|  59|0x0000000083b00000, 0x0000000083b00000, 0x0000000083c00000|  0%| F|  |TAMS 0x0000000083b00000, 0x0000000083b00000| Untracked 
|  60|0x0000000083c00000, 0x0000000083c00000, 0x0000000083d00000|  0%| F|  |TAMS 0x0000000083c00000, 0x0000000083c00000| Untracked 
|  61|0x0000000083d00000, 0x0000000083d00000, 0x0000000083e00000|  0%| F|  |TAMS 0x0000000083d00000, 0x0000000083d00000| Untracked 
|  62|0x0000000083e00000, 0x0000000083e00000, 0x0000000083f00000|  0%| F|  |TAMS 0x0000000083e00000, 0x0000000083e00000| Untracked 
|  63|0x0000000083f00000, 0x0000000083f00000, 0x0000000084000000|  0%| F|  |TAMS 0x0000000083f00000, 0x0000000083f00000| Untracked 
|  64|0x0000000084000000, 0x0000000084000000, 0x0000000084100000|  0%| F|  |TAMS 0x0000000084000000, 0x0000000084000000| Untracked 
|  65|0x0000000084100000, 0x0000000084100000, 0x0000000084200000|  0%| F|  |TAMS 0x0000000084100000, 0x0000000084100000| Untracked 
|  66|0x0000000084200000, 0x0000000084200000, 0x0000000084300000|  0%| F|  |TAMS 0x0000000084200000, 0x0000000084200000| Untracked 
|  67|0x0000000084300000, 0x0000000084300000, 0x0000000084400000|  0%| F|  |TAMS 0x0000000084300000, 0x0000000084300000| Untracked 
|  68|0x0000000084400000, 0x0000000084400000, 0x0000000084500000|  0%| F|  |TAMS 0x0000000084400000, 0x0000000084400000| Untracked 
|  69|0x0000000084500000, 0x0000000084500000, 0x0000000084600000|  0%| F|  |TAMS 0x0000000084500000, 0x0000000084500000| Untracked 
|  70|0x0000000084600000, 0x0000000084600000, 0x0000000084700000|  0%| F|  |TAMS 0x0000000084600000, 0x0000000084600000| Untracked 
|  71|0x0000000084700000, 0x0000000084700000, 0x0000000084800000|  0%| F|  |TAMS 0x0000000084700000, 0x0000000084700000| Untracked 
|  72|0x0000000084800000, 0x0000000084800000, 0x0000000084900000|  0%| F|  |TAMS 0x0000000084800000, 0x0000000084800000| Untracked 
|  73|0x0000000084900000, 0x0000000084900000, 0x0000000084a00000|  0%| F|  |TAMS 0x0000000084900000, 0x0000000084900000| Untracked 
|  74|0x0000000084a00000, 0x0000000084a00000, 0x0000000084b00000|  0%| F|  |TAMS 0x0000000084a00000, 0x0000000084a00000| Untracked 
|  75|0x0000000084b00000, 0x0000000084b00000, 0x0000000084c00000|  0%| F|  |TAMS 0x0000000084b00000, 0x0000000084b00000| Untracked 
|  76|0x0000000084c00000, 0x0000000084c00000, 0x0000000084d00000|  0%| F|  |TAMS 0x0000000084c00000, 0x0000000084c00000| Untracked 
|  77|0x0000000084d00000, 0x0000000084d00000, 0x0000000084e00000|  0%| F|  |TAMS 0x0000000084d00000, 0x0000000084d00000| Untracked 
|  78|0x0000000084e00000, 0x0000000084e00000, 0x0000000084f00000|  0%| F|  |TAMS 0x0000000084e00000, 0x0000000084e00000| Untracked 
|  79|0x0000000084f00000, 0x0000000084f00000, 0x0000000085000000|  0%| F|  |TAMS 0x0000000084f00000, 0x0000000084f00000| Untracked 
|  80|0x0000000085000000, 0x0000000085000000, 0x0000000085100000|  0%| F|  |TAMS 0x0000000085000000, 0x0000000085000000| Untracked 
|  81|0x0000000085100000, 0x0000000085100000, 0x0000000085200000|  0%| F|  |TAMS 0x0000000085100000, 0x0000000085100000| Untracked 
|  82|0x0000000085200000, 0x0000000085200000, 0x0000000085300000|  0%| F|  |TAMS 0x0000000085200000, 0x0000000085200000| Untracked 
|  83|0x0000000085300000, 0x0000000085300000, 0x0000000085400000|  0%| F|  |TAMS 0x0000000085300000, 0x0000000085300000| Untracked 
|  84|0x0000000085400000, 0x0000000085400000, 0x0000000085500000|  0%| F|  |TAMS 0x0000000085400000, 0x0000000085400000| Untracked 
|  85|0x0000000085500000, 0x0000000085500000, 0x0000000085600000|  0%| F|  |TAMS 0x0000000085500000, 0x0000000085500000| Untracked 
|  86|0x0000000085600000, 0x0000000085600000, 0x0000000085700000|  0%| F|  |TAMS 0x0000000085600000, 0x0000000085600000| Untracked 
|  87|0x0000000085700000, 0x0000000085700000, 0x0000000085800000|  0%| F|  |TAMS 0x0000000085700000, 0x0000000085700000| Untracked 
|  88|0x0000000085800000, 0x0000000085800000, 0x0000000085900000|  0%| F|  |TAMS 0x0000000085800000, 0x0000000085800000| Untracked 
|  89|0x0000000085900000, 0x0000000085900000, 0x0000000085a00000|  0%| F|  |TAMS 0x0000000085900000, 0x0000000085900000| Untracked 
|  90|0x0000000085a00000, 0x0000000085a00000, 0x0000000085b00000|  0%| F|  |TAMS 0x0000000085a00000, 0x0000000085a00000| Untracked 
|  91|0x0000000085b00000, 0x0000000085b00000, 0x0000000085c00000|  0%| F|  |TAMS 0x0000000085b00000, 0x0000000085b00000| Untracked 
|  92|0x0000000085c00000, 0x0000000085c00000, 0x0000000085d00000|  0%| F|  |TAMS 0x0000000085c00000, 0x0000000085c00000| Untracked 
|  93|0x0000000085d00000, 0x0000000085d00000, 0x0000000085e00000|  0%| F|  |TAMS 0x0000000085d00000, 0x0000000085d00000| Untracked 
|  94|0x0000000085e00000, 0x0000000085e00000, 0x0000000085f00000|  0%| F|  |TAMS 0x0000000085e00000, 0x0000000085e00000| Untracked 
|  95|0x0000000085f00000, 0x0000000085f00000, 0x0000000086000000|  0%| F|  |TAMS 0x0000000085f00000, 0x0000000085f00000| Untracked 
|  96|0x0000000086000000, 0x0000000086000000, 0x0000000086100000|  0%| F|  |TAMS 0x0000000086000000, 0x0000000086000000| Untracked 
|  97|0x0000000086100000, 0x0000000086200000, 0x0000000086200000|100%| E|  |TAMS 0x0000000086100000, 0x0000000086100000| Complete 
|  98|0x0000000086200000, 0x0000000086300000, 0x0000000086300000|100%| E|  |TAMS 0x0000000086200000, 0x0000000086200000| Complete 
|  99|0x0000000086300000, 0x0000000086400000, 0x0000000086400000|100%| E|CS|TAMS 0x0000000086300000, 0x0000000086300000| Complete 
| 100|0x0000000086400000, 0x0000000086500000, 0x0000000086500000|100%| S|CS|TAMS 0x0000000086400000, 0x0000000086400000| Complete 
| 101|0x0000000086500000, 0x0000000086600000, 0x0000000086600000|100%| E|CS|TAMS 0x0000000086500000, 0x0000000086500000| Complete 
| 102|0x0000000086600000, 0x0000000086700000, 0x0000000086700000|100%| E|CS|TAMS 0x0000000086600000, 0x0000000086600000| Complete 
| 103|0x0000000086700000, 0x0000000086800000, 0x0000000086800000|100%| E|CS|TAMS 0x0000000086700000, 0x0000000086700000| Complete 
| 104|0x0000000086800000, 0x0000000086900000, 0x0000000086900000|100%| E|CS|TAMS 0x0000000086800000, 0x0000000086800000| Complete 
| 105|0x0000000086900000, 0x0000000086a00000, 0x0000000086a00000|100%| E|CS|TAMS 0x0000000086900000, 0x0000000086900000| Complete 
| 106|0x0000000086a00000, 0x0000000086b00000, 0x0000000086b00000|100%| E|CS|TAMS 0x0000000086a00000, 0x0000000086a00000| Complete 
| 107|0x0000000086b00000, 0x0000000086c00000, 0x0000000086c00000|100%| E|CS|TAMS 0x0000000086b00000, 0x0000000086b00000| Complete 
| 108|0x0000000086c00000, 0x0000000086d00000, 0x0000000086d00000|100%| E|CS|TAMS 0x0000000086c00000, 0x0000000086c00000| Complete 
| 109|0x0000000086d00000, 0x0000000086e00000, 0x0000000086e00000|100%| E|CS|TAMS 0x0000000086d00000, 0x0000000086d00000| Complete 
| 110|0x0000000086e00000, 0x0000000086f00000, 0x0000000086f00000|100%| E|CS|TAMS 0x0000000086e00000, 0x0000000086e00000| Complete 
| 111|0x0000000086f00000, 0x0000000087000000, 0x0000000087000000|100%| E|CS|TAMS 0x0000000086f00000, 0x0000000086f00000| Complete 
| 112|0x0000000087000000, 0x0000000087100000, 0x0000000087100000|100%| E|CS|TAMS 0x0000000087000000, 0x0000000087000000| Complete 
| 113|0x0000000087100000, 0x0000000087200000, 0x0000000087200000|100%| E|CS|TAMS 0x0000000087100000, 0x0000000087100000| Complete 
| 114|0x0000000087200000, 0x0000000087300000, 0x0000000087300000|100%| E|CS|TAMS 0x0000000087200000, 0x0000000087200000| Complete 
| 115|0x0000000087300000, 0x0000000087400000, 0x0000000087400000|100%| E|CS|TAMS 0x0000000087300000, 0x0000000087300000| Complete 
| 116|0x0000000087400000, 0x0000000087500000, 0x0000000087500000|100%| E|CS|TAMS 0x0000000087400000, 0x0000000087400000| Complete 
| 117|0x0000000087500000, 0x0000000087600000, 0x0000000087600000|100%| E|CS|TAMS 0x0000000087500000, 0x0000000087500000| Complete 
| 118|0x0000000087600000, 0x0000000087700000, 0x0000000087700000|100%| E|CS|TAMS 0x0000000087600000, 0x0000000087600000| Complete 
| 119|0x0000000087700000, 0x0000000087800000, 0x0000000087800000|100%| E|CS|TAMS 0x0000000087700000, 0x0000000087700000| Complete 
| 120|0x0000000087800000, 0x0000000087900000, 0x0000000087900000|100%| E|CS|TAMS 0x0000000087800000, 0x0000000087800000| Complete 
| 121|0x0000000087900000, 0x0000000087a00000, 0x0000000087a00000|100%| E|CS|TAMS 0x0000000087900000, 0x0000000087900000| Complete 
| 122|0x0000000087a00000, 0x0000000087b00000, 0x0000000087b00000|100%| E|CS|TAMS 0x0000000087a00000, 0x0000000087a00000| Complete 
| 123|0x0000000087b00000, 0x0000000087c00000, 0x0000000087c00000|100%| E|CS|TAMS 0x0000000087b00000, 0x0000000087b00000| Complete 
| 124|0x0000000087c00000, 0x0000000087d00000, 0x0000000087d00000|100%| E|CS|TAMS 0x0000000087c00000, 0x0000000087c00000| Complete 
| 125|0x0000000087d00000, 0x0000000087e00000, 0x0000000087e00000|100%| E|CS|TAMS 0x0000000087d00000, 0x0000000087d00000| Complete 

Card table byte_map: [0x0000021d7a140000,0x0000021d7a540000] _byte_map_base: 0x0000021d79d40000

Marking Bits (Prev, Next): (CMBitMap*) 0x0000021d757ebd30, (CMBitMap*) 0x0000021d757ebcf8
 Prev Bits: [0x0000021d7c940000, 0x0000021d7e940000)
 Next Bits: [0x0000021d7a940000, 0x0000021d7c940000)

Polling page: 0x0000021d75890000

Metaspace:

Usage:
  Non-class:     20.31 MB capacity,    19.96 MB ( 98%) used,   312.09 KB (  2%) free+waste,    45.38 KB ( <1%) overhead. 
      Class:      3.12 MB capacity,     2.91 MB ( 93%) used,   188.07 KB (  6%) free+waste,    23.06 KB ( <1%) overhead. 
       Both:     23.43 MB capacity,    22.87 MB ( 98%) used,   500.16 KB (  2%) free+waste,    68.44 KB ( <1%) overhead. 

Virtual space:
  Non-class space:       22.00 MB reserved,      20.50 MB ( 93%) committed 
      Class space:        1.00 GB reserved,       3.13 MB ( <1%) committed 
             Both:        1.02 GB reserved,      23.63 MB (  2%) committed 

Chunk freelists:
   Non-Class:  1.00 KB
       Class:  8.00 KB
        Both:  9.00 KB

MaxMetaspaceSize: 17179869184.00 GB
CompressedClassSpaceSize: 1.00 GB

CodeHeap 'non-profiled nmethods': size=120000Kb used=1077Kb max_used=1077Kb free=118922Kb
 bounds [0x0000021d07ad0000, 0x0000021d07d40000, 0x0000021d0f000000]
CodeHeap 'profiled nmethods': size=120000Kb used=4321Kb max_used=4321Kb free=115678Kb
 bounds [0x0000021d005a0000, 0x0000021d009e0000, 0x0000021d07ad0000]
CodeHeap 'non-nmethods': size=5760Kb used=1150Kb max_used=1173Kb free=4609Kb
 bounds [0x0000021d00000000, 0x0000021d00270000, 0x0000021d005a0000]
 total_blobs=2533 nmethods=2045 adapters=399
 compilation: enabled
              stopped_count=0, restarted_count=0
 full_count=0

Compilation events (20 events):
Event: 1.867 Thread 0x0000021d7f44d800 nmethod 2032 0x0000021d009d0190 code [0x0000021d009d0360, 0x0000021d009d05d8]
Event: 1.867 Thread 0x0000021d7f44d800 2033       3       java.lang.invoke.InvokerBytecodeGenerator::isStaticallyNameable (148 bytes)
Event: 1.869 Thread 0x0000021d7f44d800 nmethod 2033 0x0000021d009d0690 code [0x0000021d009d0ba0, 0x0000021d009d3338]
Event: 1.869 Thread 0x0000021d7f44d800 2035       3       org.objectweb.asm.SymbolTable::addConstantUtf8 (98 bytes)
Event: 1.870 Thread 0x0000021d7f44d800 nmethod 2035 0x0000021d009d3e90 code [0x0000021d009d40e0, 0x0000021d009d4778]
Event: 1.870 Thread 0x0000021d7f44d800 2034       3       org.objectweb.asm.ByteVector::put12 (64 bytes)
Event: 1.870 Thread 0x0000021d7f44d800 nmethod 2034 0x0000021d009d4b10 code [0x0000021d009d4ce0, 0x0000021d009d4f08]
Event: 1.870 Thread 0x0000021d7f44d800 2037       3       org.objectweb.asm.ByteVector::putShort (52 bytes)
Event: 1.871 Thread 0x0000021d7f44d800 nmethod 2037 0x0000021d009d5090 code [0x0000021d009d5260, 0x0000021d009d5468]
Event: 1.871 Thread 0x0000021d7f44d800 2038       1       org.objectweb.asm.SymbolTable::getMajorVersion (5 bytes)
Event: 1.871 Thread 0x0000021d7f44d800 nmethod 2038 0x0000021d07bdc110 code [0x0000021d07bdc2c0, 0x0000021d07bdc378]
Event: 1.871 Thread 0x0000021d7f44d800 2039       3       jdk.internal.org.objectweb.asm.ClassReader::readUnsignedShort (26 bytes)
Event: 1.872 Thread 0x0000021d7f44d800 nmethod 2039 0x0000021d009d5590 code [0x0000021d009d5740, 0x0000021d009d5898]
Event: 1.872 Thread 0x0000021d7f44d800 2040       3       jdk.internal.org.objectweb.asm.MethodVisitor::visitVarInsn (17 bytes)
Event: 1.872 Thread 0x0000021d7f44d800 nmethod 2040 0x0000021d009d5990 code [0x0000021d009d5b40, 0x0000021d009d5d28]
Event: 1.872 Thread 0x0000021d7f447000 nmethod 2029 0x0000021d07bdc410 code [0x0000021d07bdc5e0, 0x0000021d07bdcae8]
Event: 1.872 Thread 0x0000021d7f447000 2036       4       org.objectweb.asm.SymbolTable::get (13 bytes)
Event: 1.873 Thread 0x0000021d7f447000 nmethod 2036 0x0000021d07bdcd90 code [0x0000021d07bdcf20, 0x0000021d07bdcfd8]
Event: 1.874 Thread 0x0000021d7f44d800 2041       3       java.lang.reflect.Constructor::setConstructorAccessor (21 bytes)
Event: 1.874 Thread 0x0000021d7f44d800 nmethod 2041 0x0000021d009d5e10 code [0x0000021d009d5fe0, 0x0000021d009d62c8]

GC Heap History (6 events):
Event: 0.510 GC heap before
{Heap before GC invocations=0 (full 0):
 garbage-first heap   total 129024K, used 29696K [0x0000000080000000, 0x0000000100000000)
  region size 1024K, 24 young (24576K), 0 survivors (0K)
 Metaspace       used 10202K, capacity 10395K, committed 10624K, reserved 1058816K
  class space    used 1063K, capacity 1109K, committed 1152K, reserved 1048576K
}
Event: 0.514 GC heap after
{Heap after GC invocations=1 (full 0):
 garbage-first heap   total 129024K, used 9302K [0x0000000080000000, 0x0000000100000000)
  region size 1024K, 3 young (3072K), 3 survivors (3072K)
 Metaspace       used 10202K, capacity 10395K, committed 10624K, reserved 1058816K
  class space    used 1063K, capacity 1109K, committed 1152K, reserved 1048576K
}
Event: 1.483 GC heap before
{Heap before GC invocations=1 (full 0):
 garbage-first heap   total 129024K, used 83030K [0x0000000080000000, 0x0000000100000000)
  region size 1024K, 75 young (76800K), 3 survivors (3072K)
 Metaspace       used 17641K, capacity 18092K, committed 18176K, reserved 1064960K
  class space    used 2077K, capacity 2238K, committed 2304K, reserved 1048576K
}
Event: 1.488 GC heap after
{Heap after GC invocations=2 (full 0):
 garbage-first heap   total 129024K, used 15964K [0x0000000080000000, 0x0000000100000000)
  region size 1024K, 10 young (10240K), 10 survivors (10240K)
 Metaspace       used 17641K, capacity 18092K, committed 18176K, reserved 1064960K
  class space    used 2077K, capacity 2238K, committed 2304K, reserved 1048576K
}
Event: 1.670 GC heap before
{Heap before GC invocations=2 (full 0):
 garbage-first heap   total 129024K, used 40540K [0x0000000080000000, 0x0000000100000000)
  region size 1024K, 35 young (35840K), 10 survivors (10240K)
 Metaspace       used 20621K, capacity 21124K, committed 21248K, reserved 1067008K
  class space    used 2519K, capacity 2722K, committed 2816K, reserved 1048576K
}
Event: 1.676 GC heap after
{Heap after GC invocations=3 (full 0):
 garbage-first heap   total 129024K, used 17011K [0x0000000080000000, 0x0000000100000000)
  region size 1024K, 1 young (1024K), 1 survivors (1024K)
 Metaspace       used 20621K, capacity 21124K, committed 21248K, reserved 1067008K
  class space    used 2519K, capacity 2722K, committed 2816K, reserved 1048576K
}

Deoptimization events (20 events):
Event: 1.715 Thread 0x0000021d130ef000 Uncommon trap: trap_request=0xffffff4d fr.pc=0x0000021d07b46100 relative=0x0000000000000b60
Event: 1.715 Thread 0x0000021d130ef000 Uncommon trap: reason=unstable_if action=reinterpret pc=0x0000021d07b46100 method=java.util.Properties$LineReader.readLine()I @ 249 c2
Event: 1.715 Thread 0x0000021d130ef000 DEOPT PACKING pc=0x0000021d07b46100 sp=0x00000086585fc4d0
Event: 1.715 Thread 0x0000021d130ef000 DEOPT UNPACKING pc=0x0000021d000278af sp=0x00000086585fc470 mode 2
Event: 1.823 Thread 0x0000021d130ef000 Uncommon trap: trap_request=0xffffff4d fr.pc=0x0000021d07bcd3e0 relative=0x00000000000001a0
Event: 1.823 Thread 0x0000021d130ef000 Uncommon trap: reason=unstable_if action=reinterpret pc=0x0000021d07bcd3e0 method=java.util.HashMap.getNode(ILjava/lang/Object;)Ljava/util/HashMap$Node; @ 129 c2
Event: 1.823 Thread 0x0000021d130ef000 DEOPT PACKING pc=0x0000021d07bcd3e0 sp=0x00000086585fd300
Event: 1.823 Thread 0x0000021d130ef000 DEOPT UNPACKING pc=0x0000021d000278af sp=0x00000086585fd210 mode 2
Event: 1.823 Thread 0x0000021d130ef000 Uncommon trap: trap_request=0xffffffc6 fr.pc=0x0000021d07bb166c relative=0x00000000000007cc
Event: 1.823 Thread 0x0000021d130ef000 Uncommon trap: reason=bimorphic_or_optimized_type_check action=maybe_recompile pc=0x0000021d07bb166c method=java.util.HashMap.putVal(ILjava/lang/Object;Ljava/lang/Object;ZZ)Ljava/lang/Object; @ 203 c2
Event: 1.823 Thread 0x0000021d130ef000 DEOPT PACKING pc=0x0000021d07bb166c sp=0x00000086585fd2b0
Event: 1.823 Thread 0x0000021d130ef000 DEOPT UNPACKING pc=0x0000021d000278af sp=0x00000086585fd1d8 mode 2
Event: 1.832 Thread 0x0000021d130ef000 Uncommon trap: trap_request=0xffffff4d fr.pc=0x0000021d07b4bad4 relative=0x0000000000000094
Event: 1.832 Thread 0x0000021d130ef000 Uncommon trap: reason=unstable_if action=reinterpret pc=0x0000021d07b4bad4 method=java.util.LinkedHashMap.afterNodeInsertion(Z)V @ 1 c2
Event: 1.832 Thread 0x0000021d130ef000 DEOPT PACKING pc=0x0000021d07b4bad4 sp=0x00000086585fcf20
Event: 1.833 Thread 0x0000021d130ef000 DEOPT UNPACKING pc=0x0000021d000278af sp=0x00000086585fcea0 mode 2
Event: 1.834 Thread 0x0000021d130ef000 Uncommon trap: trap_request=0xffffff4d fr.pc=0x0000021d07b25b40 relative=0x0000000000000280
Event: 1.834 Thread 0x0000021d130ef000 Uncommon trap: reason=unstable_if action=reinterpret pc=0x0000021d07b25b40 method=java.util.concurrent.ConcurrentHashMap.get(Ljava/lang/Object;)Ljava/lang/Object; @ 152 c2
Event: 1.834 Thread 0x0000021d130ef000 DEOPT PACKING pc=0x0000021d07b25b40 sp=0x00000086585fb050
Event: 1.834 Thread 0x0000021d130ef000 DEOPT UNPACKING pc=0x0000021d000278af sp=0x00000086585fafb8 mode 2

Classes redefined (0 events):
No events

Internal exceptions (20 events):
Event: 1.451 Thread 0x0000021d130ef000 Exception <a 'java/lang/NoSuchMethodError'{0x00000000837d7590}: 'long java.lang.invoke.DirectMethodHandle$Holder.invokeInterface(java.lang.Object, java.lang.Object)'> (0x00000000837d7590) thrown at [./src/hotspot/share/interpreter/linkResolver.cpp, line 773]
Event: 1.453 Thread 0x0000021d130ef000 Exception <a 'java/lang/NoSuchMethodError'{0x00000000837fa6a0}: 'void java.lang.invoke.DelegatingMethodHandle$Holder.reinvoke_L(java.lang.Object, java.lang.Object, java.lang.Object, java.lang.Object, java.lang.Object, java.lang.Object, java.lang.Object)'> (0x00000000837fa6a0) thrown at [./src/hotspot/share/interpreter/linkResolver.cpp, line 773]
Event: 1.566 Thread 0x0000021d130ef000 Exception <a 'java/lang/NoSuchMethodError'{0x0000000087169dc8}: 'java.lang.Object java.lang.invoke.DirectMethodHandle$Holder.invokeVirtual(java.lang.Object, java.lang.Object, java.lang.Object)'> (0x0000000087169dc8) thrown at [./src/hotspot/share/interpreter/linkResolver.cpp, line 773]
Event: 1.587 Thread 0x0000021d130ef000 Exception <a 'java/lang/NoSuchMethodError'{0x0000000086d122d0}: 'void java.lang.invoke.DirectMethodHandle$Holder.invokeInterface(java.lang.Object, java.lang.Object)'> (0x0000000086d122d0) thrown at [./src/hotspot/share/interpreter/linkResolver.cpp, line 773]
Event: 1.588 Thread 0x0000021d130ef000 Exception <a 'java/lang/IncompatibleClassChangeError'{0x0000000086d15480}: Found class java.lang.Object, but interface was expected> (0x0000000086d15480) thrown at [./src/hotspot/share/interpreter/linkResolver.cpp, line 839]
Event: 1.599 Thread 0x0000021d130ef000 Exception <a 'java/lang/NoSuchMethodError'{0x0000000086c8cc08}: 'void java.lang.invoke.DirectMethodHandle$Holder.invokeStaticInit(java.lang.Object)'> (0x0000000086c8cc08) thrown at [./src/hotspot/share/interpreter/linkResolver.cpp, line 773]
Event: 1.626 Thread 0x0000021d130ef000 Exception <a 'java/lang/NoSuchMethodError'{0x0000000086afd1c0}: 'java.lang.Object java.lang.invoke.DirectMethodHandle$Holder.invokeStatic(java.lang.Object, java.lang.Object, java.lang.Object, int)'> (0x0000000086afd1c0) thrown at [./src/hotspot/share/interpreter/linkResolver.cpp, line 773]
Event: 1.626 Thread 0x0000021d130ef000 Exception <a 'java/lang/NoSuchMethodError'{0x0000000086901df0}: 'java.lang.Object java.lang.invoke.DirectMethodHandle$Holder.invokeSpecial(java.lang.Object, java.lang.Object, java.lang.Object, java.lang.Object, int)'> (0x0000000086901df0) thrown at [./src/hotspot/share/interpreter/linkResolver.cpp, line 773]
Event: 1.626 Thread 0x0000021d130ef000 Exception <a 'java/lang/NoSuchMethodError'{0x00000000869057d8}: 'java.lang.Object java.lang.invoke.Invokers$Holder.linkToTargetMethod(java.lang.Object, java.lang.Object, int, java.lang.Object)'> (0x00000000869057d8) thrown at [./src/hotspot/share/interpreter/linkResolver.cpp, line 773]
Event: 1.678 Thread 0x0000021d130ef000 Exception <a 'java/lang/NoSuchMethodError'{0x0000000087d224a0}: 'int java.lang.invoke.DirectMethodHandle$Holder.invokeSpecialIFC(java.lang.Object, java.lang.Object, java.lang.Object, java.lang.Object)'> (0x0000000087d224a0) thrown at [./src/hotspot/share/interpreter/linkResolver.cpp, line 773]
Event: 1.679 Thread 0x0000021d130ef000 Exception <a 'java/lang/NoSuchMethodError'{0x0000000087d30260}: 'java.lang.Object java.lang.invoke.DirectMethodHandle$Holder.invokeInterface(java.lang.Object, java.lang.Object, java.lang.Object)'> (0x0000000087d30260) thrown at [./src/hotspot/share/interpreter/linkResolver.cpp, line 773]
Event: 1.679 Thread 0x0000021d130ef000 Exception <a 'java/lang/IncompatibleClassChangeError'{0x0000000087d33738}: Found class java.lang.Object, but interface was expected> (0x0000000087d33738) thrown at [./src/hotspot/share/interpreter/linkResolver.cpp, line 839]
Event: 1.688 Thread 0x0000021d130ef000 Exception <a 'java/lang/NoSuchMethodError'{0x0000000087c7c438}: 'void java.lang.invoke.DirectMethodHandle$Holder.invokeStatic(java.lang.Object, java.lang.Object, java.lang.Object, java.lang.Object, java.lang.Object)'> (0x0000000087c7c438) thrown at [./src/hotspot/share/interpreter/linkResolver.cpp, line 773]
Event: 1.730 Thread 0x0000021d130ef000 Exception <a 'java/lang/NoSuchMethodError'{0x0000000087741520}: 'void java.lang.invoke.DirectMethodHandle$Holder.invokeSpecial(java.lang.Object, java.lang.Object)'> (0x0000000087741520) thrown at [./src/hotspot/share/interpreter/linkResolver.cpp, line 773]
Event: 1.751 Thread 0x0000021d130ef000 Exception <a 'java/lang/NoSuchMethodError'{0x000000008757bbe8}: 'java.lang.Object java.lang.invoke.DirectMethodHandle$Holder.invokeSpecial(java.lang.Object, java.lang.Object, java.lang.Object, java.lang.Object, java.lang.Object, java.lang.Object, java.lang.Object, java.lang.Object, java.lang.Object)'> (0x000000008757bbe8) thrown at [./src/hotspot/share/interpreter/linkResolver.cpp, line 773]
Event: 1.795 Thread 0x0000021d130ef000 Exception <a 'java/lang/NoSuchMethodError'{0x0000000086b04010}: 'java.lang.Object java.lang.invoke.DirectMethodHandle$Holder.invokeVirtual(java.lang.Object, java.lang.Object, java.lang.Object, java.lang.Object)'> (0x0000000086b04010) thrown at [./src/hotspot/share/interpreter/linkResolver.cpp, line 773]
Event: 1.805 Thread 0x0000021d130ef000 Exception <a 'java/lang/NoSuchMethodError'{0x00000000869cf800}: 'java.lang.Object java.lang.invoke.Invokers$Holder.invoker(java.lang.Object, java.lang.Object, java.lang.Object, java.lang.Object, java.lang.Object)'> (0x00000000869cf800) thrown at [./src/hotspot/share/interpreter/linkResolver.cpp, line 773]
Event: 1.857 Thread 0x0000021d130ef000 Exception <a 'java/lang/NoSuchMethodError'{0x0000000086328448}: 'void java.lang.invoke.DirectMethodHandle$Holder.invokeSpecial(java.lang.Object, java.lang.Object, java.lang.Object, java.lang.Object, java.lang.Object, java.lang.Object)'> (0x0000000086328448) thrown at [./src/hotspot/share/interpreter/linkResolver.cpp, line 773]
Event: 1.866 Thread 0x0000021d130ef000 Exception <a 'java/lang/NoSuchMethodError'{0x000000008638eaa8}: 'void java.lang.invoke.DirectMethodHandle$Holder.invokeSpecial(java.lang.Object, java.lang.Object, java.lang.Object, java.lang.Object, java.lang.Object, java.lang.Object, java.lang.Object)'> (0x000000008638eaa8) thrown at [./src/hotspot/share/interpreter/linkResolver.cpp, line 773]
Event: 1.867 Thread 0x0000021d130ef000 Exception <a 'java/lang/NoSuchMethodError'{0x0000000086396cf0}: 'java.lang.Object java.lang.invoke.Invokers$Holder.linkToTargetMethod(java.lang.Object, java.lang.Object, java.lang.Object, java.lang.Object, java.lang.Object, java.lang.Object)'> (0x0000000086396cf0) thrown at [./src/hotspot/share/interpreter/linkResolver.cpp, line 773]

Events (20 events):
Event: 1.875 loading class org/gradle/internal/ImmutableActionSet$EmptySet
Event: 1.875 loading class org/gradle/internal/ImmutableActionSet$EmptySet done
Event: 1.875 loading class org/gradle/internal/service/scopes/GradleScopeServices
Event: 1.875 loading class org/gradle/internal/service/scopes/GradleScopeServices done
Event: 1.876 loading class org/gradle/execution/BuildWorkExecutor
Event: 1.876 loading class org/gradle/execution/BuildWorkExecutor done
Event: 1.876 loading class org/gradle/execution/plan/NodeValidator
Event: 1.876 loading class org/gradle/execution/plan/NodeValidator done
Event: 1.876 loading class org/gradle/execution/plan/ExecutionPlan
Event: 1.876 loading class org/gradle/execution/plan/ExecutionPlan done
Event: 1.876 loading class org/gradle/initialization/TaskExecutionPreparer
Event: 1.876 loading class org/gradle/initialization/TaskExecutionPreparer done
Event: 1.876 loading class org/gradle/internal/execution/BuildOutputCleanupRegistry
Event: 1.876 loading class org/gradle/internal/execution/BuildOutputCleanupRegistry done
Event: 1.876 loading class org/gradle/execution/BuildConfigurationActionExecuter
Event: 1.876 loading class org/gradle/execution/BuildConfigurationActionExecuter done
Event: 1.877 loading class org/gradle/execution/TaskSelector
Event: 1.877 loading class org/gradle/execution/TaskSelector done
Event: 1.877 loading class org/gradle/execution/CompositeAwareTaskSelector
Event: 1.877 loading class org/gradle/execution/CompositeAwareTaskSelector done


Dynamic libraries:
0x00007ff693db0000 - 0x00007ff693dba000 	C:\Program Files\Android\Android Studio\jre\bin\java.exe
0x00007ffe254f0000 - 0x00007ffe256e5000 	C:\Windows\SYSTEM32\ntdll.dll
0x00007ffe24a20000 - 0x00007ffe24ade000 	C:\Windows\System32\KERNEL32.DLL
0x00007ffe22e90000 - 0x00007ffe23159000 	C:\Windows\System32\KERNELBASE.dll
0x00007ffe1e9c0000 - 0x00007ffe1e9d7000 	C:\Program Files\Android\Android Studio\jre\bin\VCRUNTIME140.dll
0x00007ffe20100000 - 0x00007ffe20119000 	C:\Program Files\Android\Android Studio\jre\bin\jli.dll
0x00007ffe22ce0000 - 0x00007ffe22de0000 	C:\Windows\System32\ucrtbase.dll
0x00007ffe07460000 - 0x00007ffe076fa000 	C:\Windows\WinSxS\amd64_microsoft.windows.common-controls_6595b64144ccf1df_6.0.19041.1110_none_60b5254171f9507e\COMCTL32.dll
0x00007ffe23ef0000 - 0x00007ffe24091000 	C:\Windows\System32\USER32.dll
0x00007ffe23e50000 - 0x00007ffe23eee000 	C:\Windows\System32\msvcrt.dll
0x00007ffe231c0000 - 0x00007ffe231e2000 	C:\Windows\System32\win32u.dll
0x00007ffe23610000 - 0x00007ffe2363b000 	C:\Windows\System32\GDI32.dll
0x00007ffe231f0000 - 0x00007ffe232fb000 	C:\Windows\System32\gdi32full.dll
0x00007ffe22c10000 - 0x00007ffe22cad000 	C:\Windows\System32\msvcp_win.dll
0x00007ffe23560000 - 0x00007ffe23590000 	C:\Windows\System32\IMM32.DLL
0x00007ffe1d5c0000 - 0x00007ffe1d65d000 	C:\Program Files\Android\Android Studio\jre\bin\msvcp140.dll
0x00007ffdf4230000 - 0x00007ffdf4cff000 	C:\Program Files\Android\Android Studio\jre\bin\server\jvm.dll
0x00007ffe245e0000 - 0x00007ffe2468c000 	C:\Windows\System32\ADVAPI32.dll
0x00007ffe24910000 - 0x00007ffe249ab000 	C:\Windows\System32\sechost.dll
0x00007ffe24bc0000 - 0x00007ffe24cea000 	C:\Windows\System32\RPCRT4.dll
0x00007ffe24cf0000 - 0x00007ffe24cf8000 	C:\Windows\System32\PSAPI.DLL
0x00007ffe20bf0000 - 0x00007ffe20bfa000 	C:\Windows\SYSTEM32\VERSION.dll
0x00007ffe086e0000 - 0x00007ffe08707000 	C:\Windows\SYSTEM32\WINMM.dll
0x00007ffe1e9e0000 - 0x00007ffe1e9e9000 	C:\Windows\SYSTEM32\WSOCK32.dll
0x00007ffe249b0000 - 0x00007ffe24a1b000 	C:\Windows\System32\WS2_32.dll
0x00007ffe21490000 - 0x00007ffe214a2000 	C:\Windows\SYSTEM32\kernel.appcore.dll
0x00007ffe1e9a0000 - 0x00007ffe1e9b1000 	C:\Program Files\Android\Android Studio\jre\bin\verify.dll
0x00007ffe0f4c0000 - 0x00007ffe0f6a4000 	C:\Windows\SYSTEM32\DBGHELP.DLL
0x00007ffe10f50000 - 0x00007ffe10f7c000 	C:\Windows\SYSTEM32\dbgcore.DLL
0x00007ffe234b0000 - 0x00007ffe23533000 	C:\Windows\System32\bcryptPrimitives.dll
0x00007ffe1e970000 - 0x00007ffe1e999000 	C:\Program Files\Android\Android Studio\jre\bin\java.dll
0x00007ffe1e960000 - 0x00007ffe1e96b000 	C:\Program Files\Android\Android Studio\jre\bin\jimage.dll
0x00007ffe1e940000 - 0x00007ffe1e958000 	C:\Program Files\Android\Android Studio\jre\bin\zip.dll
0x00007ffe24d70000 - 0x00007ffe254af000 	C:\Windows\System32\SHELL32.dll
0x00007ffe20cf0000 - 0x00007ffe21480000 	C:\Windows\SYSTEM32\windows.storage.dll
0x00007ffe241d0000 - 0x00007ffe24525000 	C:\Windows\System32\combase.dll
0x00007ffe22660000 - 0x00007ffe2268c000 	C:\Windows\SYSTEM32\Wldp.dll
0x00007ffe24530000 - 0x00007ffe245dd000 	C:\Windows\System32\SHCORE.dll
0x00007ffe24d10000 - 0x00007ffe24d65000 	C:\Windows\System32\shlwapi.dll
0x00007ffe22b50000 - 0x00007ffe22b6f000 	C:\Windows\SYSTEM32\profapi.dll
0x00007ffe1e920000 - 0x00007ffe1e93a000 	C:\Program Files\Android\Android Studio\jre\bin\net.dll
0x00007ffe1bad0000 - 0x00007ffe1bbd8000 	C:\Windows\SYSTEM32\WINHTTP.dll
0x00007ffe223c0000 - 0x00007ffe2242a000 	C:\Windows\system32\mswsock.dll
0x00007ffe1e900000 - 0x00007ffe1e914000 	C:\Program Files\Android\Android Studio\jre\bin\nio.dll
0x00007ffe1d8d0000 - 0x00007ffe1d8f7000 	C:\Users\Siddhi Anil Bairagi\.gradle\native\8bec1ad78214c89d9ad589b4d07fe93259594b29d510b10fafb7a158f7737e5d\windows-amd64\native-platform.dll
0x00007ffdf40f0000 - 0x00007ffdf422d000 	C:\Users\Siddhi Anil Bairagi\.gradle\native\53dbd7edfb1c66fb8903c78663c9afc45aea4f116125fa6feffd364cf09443e8\windows-amd64\native-platform-file-events.dll
0x00007ffe1e8f0000 - 0x00007ffe1e8fa000 	C:\Program Files\Android\Android Studio\jre\bin\management.dll
0x00007ffe1e1f0000 - 0x00007ffe1e1fc000 	C:\Program Files\Android\Android Studio\jre\bin\management_ext.dll
0x00007ffe225c0000 - 0x00007ffe225d8000 	C:\Windows\SYSTEM32\CRYPTSP.dll
0x00007ffe21cd0000 - 0x00007ffe21d04000 	C:\Windows\system32\rsaenh.dll
0x00007ffe22cb0000 - 0x00007ffe22cd7000 	C:\Windows\System32\bcrypt.dll
0x00007ffe22b10000 - 0x00007ffe22b3e000 	C:\Windows\SYSTEM32\USERENV.dll
0x00007ffe225b0000 - 0x00007ffe225bc000 	C:\Windows\SYSTEM32\CRYPTBASE.dll
0x00007ffe22060000 - 0x00007ffe2209b000 	C:\Windows\SYSTEM32\IPHLPAPI.DLL
0x00007ffe24d00000 - 0x00007ffe24d08000 	C:\Windows\System32\NSI.dll
0x00007ffe1d0b0000 - 0x00007ffe1d0c7000 	C:\Windows\SYSTEM32\dhcpcsvc6.DLL
0x00007ffe1d020000 - 0x00007ffe1d03d000 	C:\Windows\SYSTEM32\dhcpcsvc.DLL
0x00007ffe220a0000 - 0x00007ffe2216c000 	C:\Windows\SYSTEM32\DNSAPI.dll

dbghelp: loaded successfully - version: 4.0.5 - missing functions: none
symbol engine: initialized successfully - sym options: 0x614 - pdb path: .;C:\Program Files\Android\Android Studio\jre\bin;C:\Windows\SYSTEM32;C:\Windows\WinSxS\amd64_microsoft.windows.common-controls_6595b64144ccf1df_6.0.19041.1110_none_60b5254171f9507e;C:\Program Files\Android\Android Studio\jre\bin\server;C:\Users\Siddhi Anil Bairagi\.gradle\native\8bec1ad78214c89d9ad589b4d07fe93259594b29d510b10fafb7a158f7737e5d\windows-amd64;C:\Users\Siddhi Anil Bairagi\.gradle\native\53dbd7edfb1c66fb8903c78663c9afc45aea4f116125fa6feffd364cf09443e8\windows-amd64

VM Arguments:
jvm_args: --add-opens=java.base/java.util=ALL-UNNAMED --add-opens=java.base/java.lang=ALL-UNNAMED --add-opens=java.base/java.lang.invoke=ALL-UNNAMED --add-opens=java.base/java.util=ALL-UNNAMED --add-opens=java.prefs/java.util.prefs=ALL-UNNAMED --add-opens=java.prefs/java.util.prefs=ALL-UNNAMED --add-opens=java.base/java.nio.charset=ALL-UNNAMED --add-opens=java.base/java.net=ALL-UNNAMED --add-opens=java.base/java.util.concurrent.atomic=ALL-UNNAMED -Xmx2048m -Dfile.encoding=UTF-8 -Duser.country=IN -Duser.language=en -Duser.variant 
java_command: org.gradle.launcher.daemon.bootstrap.GradleDaemon 7.0.2
java_class_path (initial): C:\Users\Siddhi Anil Bairagi\.gradle\wrapper\dists\gradle-7.0.2-bin\857tjihv64xamwrf0h14cai3r\gradle-7.0.2\lib\gradle-launcher-7.0.2.jar
Launcher Type: SUN_STANDARD

[Global flags]
     intx CICompilerCount                          = 4                                         {product} {ergonomic}
     uint ConcGCThreads                            = 2                                         {product} {ergonomic}
     uint G1ConcRefinementThreads                  = 8                                         {product} {ergonomic}
   size_t G1HeapRegionSize                         = 1048576                                   {product} {ergonomic}
    uintx GCDrainStackTargetSize                   = 64                                        {product} {ergonomic}
   size_t InitialHeapSize                          = 132120576                                 {product} {ergonomic}
   size_t MarkStackSize                            = 4194304                                   {product} {ergonomic}
   size_t MaxHeapSize                              = 2147483648                                {product} {command line}
   size_t MaxNewSize                               = 1287651328                                {product} {ergonomic}
   size_t MinHeapDeltaBytes                        = 1048576                                   {product} {ergonomic}
    uintx NonNMethodCodeHeapSize                   = 5836300                                {pd product} {ergonomic}
    uintx NonProfiledCodeHeapSize                  = 122910970                              {pd product} {ergonomic}
    uintx ProfiledCodeHeapSize                     = 122910970                              {pd product} {ergonomic}
    uintx ReservedCodeCacheSize                    = 251658240                              {pd product} {ergonomic}
     bool SegmentedCodeCache                       = true                                      {product} {ergonomic}
     bool UseCompressedClassPointers               = true                                 {lp64_product} {ergonomic}
     bool UseCompressedOops                        = true                                 {lp64_product} {ergonomic}
     bool UseG1GC                                  = true                                      {product} {ergonomic}
     bool UseLargePagesIndividualAllocation        = false                                  {pd product} {ergonomic}

Logging:
Log output configuration:
 #0: stdout all=warning uptime,level,tags
 #1: stderr all=off uptime,level,tags

Environment Variables:
PATH=c:\windows\system32;c:\windows;c:\windows\system32\wbem;c:\windows\system32\windowspowershell\v1.0\;c:\windows\system32\openssh\;c:\program files\microsoft vs code\bin;c:\program files\dotnet\;d:\mingw\bin;c:\program files\git\cmd;C:\Program Files (x86)\NVIDIA Corporation\PhysX\Common;C:\Users\Siddhi Anil Bairagi\AppData\Local\Microsoft\WindowsApps;
USERNAME=Siddhi Anil Bairagi
OS=Windows_NT
PROCESSOR_IDENTIFIER=Intel64 Family 6 Model 158 Stepping 10, GenuineIntel



---------------  S Y S T E M  ---------------

OS: Windows 10 , 64 bit Build 19041 (10.0.19041.1202)
OS uptime: 0 days 0:41 hours

CPU:total 8 (initial active 8) (4 cores per cpu, 2 threads per core) family 6 model 158 stepping 10 microcode 0xb4, cmov, cx8, fxsr, mmx, sse, sse2, sse3, ssse3, sse4.1, sse4.2, popcnt, avx, avx2, aes, clmul, erms, 3dnowpref, lzcnt, ht, tsc, tscinvbit, bmi1, bmi2, adx, fma

Memory: 4k page, system-wide physical 8034M (2546M free)
TotalPageFile size 8034M (AvailPageFile size 5M)
current process WorkingSet (physical memory assigned to process): 212M, peak: 212M
current process commit charge ("private bytes"): 278M, peak: 279M

vm_info: OpenJDK 64-Bit Server VM (11.0.10+0-b96-7249189) for windows-amd64 JRE (11.0.10+0-b96-7249189), built on Mar 31 2021 21:44:00 by "builder" with MS VC++ 14.0 (VS2015)

END.
