#
# There is insufficient memory for the Java Runtime Environment to continue.
# Native memory allocation (malloc) failed to allocate 32744 bytes for ChunkPool::allocate
# Possible reasons:
#   The system is out of physical RAM or swap space
#   The process is running with CompressedOops enabled, and the Java Heap may be blocking the growth of the native heap
# Possible solutions:
#   Reduce memory load on the system
#   Increase physical memory or swap space
#   Check if swap backing store is full
#   Decrease Java heap size (-Xmx/-Xms)
#   Decrease number of Java threads
#   Decrease Java thread stack sizes (-Xss)
#   Set larger code cache with -XX:ReservedCodeCacheSize=
#   JVM is running with Unscaled Compressed Oops mode in which the Java heap is
#     placed in the first 4GB address space. The Java Heap base address is the
#     maximum limit for the native heap growth. Please use -XX:HeapBaseMinAddress
#     to set the Java Heap base and to place the Java Heap above 4GB virtual address.
# This output file may be truncated or incomplete.
#
#  Out of Memory Error (./src/hotspot/share/memory/arena.cpp:81), pid=8908, tid=7252
#
# JRE version: OpenJDK Runtime Environment (11.0.10) (build 11.0.10+0-b96-7249189)
# Java VM: OpenJDK 64-Bit Server VM (11.0.10+0-b96-7249189, mixed mode, tiered, compressed oops, g1 gc, windows-amd64)
# No core dump will be written. Minidumps are not enabled by default on client versions of Windows
#

---------------  S U M M A R Y ------------

Command Line: org.jetbrains.kotlin.cli.jvm.K2JVMCompiler @C:\Users\Siddhi Anil Bairagi\StudioProjects\BSRDigiCoin\app\build\20220101_11148376720145085425.compiler.options

Host: Intel(R) Core(TM) i5-8300H CPU @ 2.30GHz, 8 cores, 7G,  Windows 10 , 64 bit Build 19041 (10.0.19041.1202)
Time: Sat Jan  1 05:22:13 2022 India Standard Time elapsed time: 4.900456 seconds (0d 0h 0m 4s)

---------------  T H R E A D  ---------------

Current thread (0x0000017aa21be800):  JavaThread "C2 CompilerThread0" daemon [_thread_in_native, id=7252, stack(0x000000061c300000,0x000000061c400000)]


Current CompileTask:
C2:   4900 6963       4       org.jetbrains.kotlin.parsing.AbstractKotlinParsing::at (114 bytes)

Stack: [0x000000061c300000,0x000000061c400000]
Native frames: (J=compiled Java code, j=interpreted, Vv=VM code, C=native code)
V  [jvm.dll+0x5ecfaa]
V  [jvm.dll+0x722bd5]
V  [jvm.dll+0x72412d]
V  [jvm.dll+0x7247e3]
V  [jvm.dll+0x242928]
V  [jvm.dll+0xbc75b]
V  [jvm.dll+0xbca0c]
V  [jvm.dll+0xbc608]
V  [jvm.dll+0x5cc470]
V  [jvm.dll+0x61cfee]
V  [jvm.dll+0x1980d8]
V  [jvm.dll+0x1fb70e]
V  [jvm.dll+0x1fa7f4]
V  [jvm.dll+0x18354c]
V  [jvm.dll+0x208ee7]
V  [jvm.dll+0x207731]
V  [jvm.dll+0x6eb1cf]
V  [jvm.dll+0x6e3d45]
V  [jvm.dll+0x5ebe96]
C  [ucrtbase.dll+0x21bb2]
C  [KERNEL32.DLL+0x17034]
C  [ntdll.dll+0x52651]


---------------  P R O C E S S  ---------------

Threads class SMR info:
_java_thread_list=0x0000017aa2cd5c30, length=12, elements={
0x0000017a87e6a800, 0x0000017aa21a9800, 0x0000017aa21ab000, 0x0000017aa2b27800,
0x0000017aa2b2a000, 0x0000017aa2b2b800, 0x0000017aa21be800, 0x0000017aa21bf800,
0x0000017aa21c9800, 0x0000017aa2cdf800, 0x0000017aa2cd7800, 0x0000017aa2cd8000
}

Java Threads: ( => current thread )
  0x0000017a87e6a800 JavaThread "main" [_thread_in_vm, id=7540, stack(0x000000061b700000,0x000000061b800000)]
  0x0000017aa21a9800 JavaThread "Reference Handler" daemon [_thread_blocked, id=3236, stack(0x000000061be00000,0x000000061bf00000)]
  0x0000017aa21ab000 JavaThread "Finalizer" daemon [_thread_blocked, id=7676, stack(0x000000061bf00000,0x000000061c000000)]
  0x0000017aa2b27800 JavaThread "Signal Dispatcher" daemon [_thread_blocked, id=8608, stack(0x000000061c000000,0x000000061c100000)]
  0x0000017aa2b2a000 JavaThread "Attach Listener" daemon [_thread_blocked, id=6792, stack(0x000000061c100000,0x000000061c200000)]
  0x0000017aa2b2b800 JavaThread "Service Thread" daemon [_thread_blocked, id=7212, stack(0x000000061c200000,0x000000061c300000)]
=>0x0000017aa21be800 JavaThread "C2 CompilerThread0" daemon [_thread_in_native, id=7252, stack(0x000000061c300000,0x000000061c400000)]
  0x0000017aa21bf800 JavaThread "C1 CompilerThread0" daemon [_thread_blocked, id=8132, stack(0x000000061c400000,0x000000061c500000)]
  0x0000017aa21c9800 JavaThread "Sweeper thread" daemon [_thread_blocked, id=8992, stack(0x000000061c500000,0x000000061c600000)]
  0x0000017aa2cdf800 JavaThread "Common-Cleaner" daemon [_thread_blocked, id=2528, stack(0x000000061c700000,0x000000061c800000)]
  0x0000017aa2cd7800 JavaThread "C2 CompilerThread1" daemon [_thread_in_native, id=8444, stack(0x000000061c800000,0x000000061c900000)]
  0x0000017aa2cd8000 JavaThread "C2 CompilerThread2" daemon [_thread_in_native, id=8464, stack(0x000000061c900000,0x000000061ca00000)]

Other Threads:
  0x0000017aa21a3800 VMThread "VM Thread" [stack: 0x000000061bd00000,0x000000061be00000] [id=8820]
  0x0000017aa2ccd800 WatcherThread [stack: 0x000000061c600000,0x000000061c700000] [id=1036]
  0x0000017a87e82000 GCTaskThread "GC Thread#0" [stack: 0x000000061b800000,0x000000061b900000] [id=6284]
  0x0000017aa32bf000 GCTaskThread "GC Thread#1" [stack: 0x000000061ca00000,0x000000061cb00000] [id=8448]
  0x0000017aa301b000 GCTaskThread "GC Thread#2" [stack: 0x000000061cb00000,0x000000061cc00000] [id=8452]
  0x0000017a87eb1800 ConcurrentGCThread "G1 Main Marker" [stack: 0x000000061b900000,0x000000061ba00000] [id=8068]
  0x0000017a87eb3000 ConcurrentGCThread "G1 Conc#0" [stack: 0x000000061ba00000,0x000000061bb00000] [id=1236]
  0x0000017aa3f45800 ConcurrentGCThread "G1 Conc#1" [stack: 0x000000061cc00000,0x000000061cd00000] [id=1984]
  0x0000017aa1ff0800 ConcurrentGCThread "G1 Refine#0" [stack: 0x000000061bb00000,0x000000061bc00000] [id=3164]
  0x0000017aa7d2b800 ConcurrentGCThread "G1 Refine#1" [stack: 0x000000061cd00000,0x000000061ce00000] [id=5960]
  0x0000017aa78a5800 ConcurrentGCThread "G1 Refine#2" [stack: 0x000000061ce00000,0x000000061cf00000] [id=2236]
  0x0000017aa6195000 ConcurrentGCThread "G1 Refine#3" [stack: 0x000000061cf00000,0x000000061d000000] [id=1672]
  0x0000017a87f42800 ConcurrentGCThread "G1 Young RemSet Sampling" [stack: 0x000000061bc00000,0x000000061bd00000] [id=2740]

Threads with active compile tasks:
C2 CompilerThread0   4909 6963       4       org.jetbrains.kotlin.parsing.AbstractKotlinParsing::at (114 bytes)
C2 CompilerThread1   4909 6731       4       org.jetbrains.kotlin.resolve.lazy.ForceResolveUtil::forceResolveAllContents (105 bytes)
C2 CompilerThread2   4909 6579       4       org.jetbrains.kotlin.resolve.lazy.ForceResolveUtil::forceResolveAllContents (46 bytes)

VM state:not at safepoint (normal execution)

VM Mutex/Monitor currently owned by a thread: None

Heap address: 0x0000000082600000, size: 2010 MB, Compressed Oops mode: 32-bit
Narrow klass base: 0x0000000000000000, Narrow klass shift: 3
Compressed class space size: 1073741824 Address: 0x0000000100000000

Heap:
 garbage-first heap   total 155648K, used 57344K [0x0000000082600000, 0x0000000100000000)
  region size 1024K, 14 young (14336K), 7 survivors (7168K)
 Metaspace       used 60962K, capacity 61734K, committed 61800K, reserved 1103872K
  class space    used 6950K, capacity 7260K, committed 7296K, reserved 1048576K
Heap Regions: E=young(eden), S=young(survivor), O=old, HS=humongous(starts), HC=humongous(continues), CS=collection set, F=free, A=archive, TAMS=top-at-mark-start (previous, next)
|   0|0x0000000082600000, 0x0000000082700000, 0x0000000082700000|100%|HS|  |TAMS 0x0000000082700000, 0x0000000082600000| Complete 
|   1|0x0000000082700000, 0x0000000082800000, 0x0000000082800000|100%|HC|  |TAMS 0x0000000082800000, 0x0000000082700000| Complete 
|   2|0x0000000082800000, 0x0000000082900000, 0x0000000082900000|100%|HC|  |TAMS 0x0000000082900000, 0x0000000082800000| Complete 
|   3|0x0000000082900000, 0x0000000082a00000, 0x0000000082a00000|100%|HS|  |TAMS 0x0000000082a00000, 0x0000000082900000| Complete 
|   4|0x0000000082a00000, 0x0000000082b00000, 0x0000000082b00000|100%|HC|  |TAMS 0x0000000082b00000, 0x0000000082a00000| Complete 
|   5|0x0000000082b00000, 0x0000000082c00000, 0x0000000082c00000|100%|HC|  |TAMS 0x0000000082c00000, 0x0000000082b00000| Complete 
|   6|0x0000000082c00000, 0x0000000082d00000, 0x0000000082d00000|100%| O|  |TAMS 0x0000000082d00000, 0x0000000082c00000| Untracked 
|   7|0x0000000082d00000, 0x0000000082e00000, 0x0000000082e00000|100%| O|  |TAMS 0x0000000082e00000, 0x0000000082d00000| Untracked 
|   8|0x0000000082e00000, 0x0000000082f00000, 0x0000000082f00000|100%| O|  |TAMS 0x0000000082f00000, 0x0000000082e00000| Untracked 
|   9|0x0000000082f00000, 0x0000000083000000, 0x0000000083000000|100%| O|  |TAMS 0x0000000083000000, 0x0000000082f00000| Untracked 
|  10|0x0000000083000000, 0x0000000083100000, 0x0000000083100000|100%| O|  |TAMS 0x0000000083100000, 0x0000000083000000| Untracked 
|  11|0x0000000083100000, 0x0000000083200000, 0x0000000083200000|100%| O|  |TAMS 0x0000000083200000, 0x0000000083100000| Untracked 
|  12|0x0000000083200000, 0x0000000083300000, 0x0000000083300000|100%| O|  |TAMS 0x0000000083300000, 0x0000000083200000| Untracked 
|  13|0x0000000083300000, 0x0000000083400000, 0x0000000083400000|100%| O|  |TAMS 0x0000000083400000, 0x0000000083300000| Untracked 
|  14|0x0000000083400000, 0x0000000083500000, 0x0000000083500000|100%| O|  |TAMS 0x0000000083500000, 0x0000000083400000| Untracked 
|  15|0x0000000083500000, 0x0000000083600000, 0x0000000083600000|100%| O|  |TAMS 0x0000000083600000, 0x0000000083500000| Untracked 
|  16|0x0000000083600000, 0x0000000083700000, 0x0000000083700000|100%| O|  |TAMS 0x0000000083700000, 0x0000000083600000| Untracked 
|  17|0x0000000083700000, 0x0000000083800000, 0x0000000083800000|100%| O|  |TAMS 0x0000000083800000, 0x0000000083700000| Untracked 
|  18|0x0000000083800000, 0x0000000083900000, 0x0000000083900000|100%| O|  |TAMS 0x0000000083900000, 0x0000000083800000| Untracked 
|  19|0x0000000083900000, 0x0000000083a00000, 0x0000000083a00000|100%| O|  |TAMS 0x0000000083a00000, 0x0000000083900000| Untracked 
|  20|0x0000000083a00000, 0x0000000083b00000, 0x0000000083b00000|100%| O|  |TAMS 0x0000000083b00000, 0x0000000083a00000| Untracked 
|  21|0x0000000083b00000, 0x0000000083c00000, 0x0000000083c00000|100%|HS|  |TAMS 0x0000000083c00000, 0x0000000083b00000| Complete 
|  22|0x0000000083c00000, 0x0000000083d00000, 0x0000000083d00000|100%|HC|  |TAMS 0x0000000083d00000, 0x0000000083c00000| Complete 
|  23|0x0000000083d00000, 0x0000000083e00000, 0x0000000083e00000|100%| O|  |TAMS 0x0000000083e00000, 0x0000000083d00000| Untracked 
|  24|0x0000000083e00000, 0x0000000083f00000, 0x0000000083f00000|100%| O|  |TAMS 0x0000000083f00000, 0x0000000083e00000| Untracked 
|  25|0x0000000083f00000, 0x0000000084000000, 0x0000000084000000|100%| O|  |TAMS 0x0000000084000000, 0x0000000083f00000| Untracked 
|  26|0x0000000084000000, 0x0000000084100000, 0x0000000084100000|100%| O|  |TAMS 0x0000000084100000, 0x0000000084000000| Untracked 
|  27|0x0000000084100000, 0x0000000084200000, 0x0000000084200000|100%| O|  |TAMS 0x0000000084200000, 0x0000000084100000| Untracked 
|  28|0x0000000084200000, 0x0000000084300000, 0x0000000084300000|100%| O|  |TAMS 0x0000000084300000, 0x0000000084200000| Untracked 
|  29|0x0000000084300000, 0x0000000084400000, 0x0000000084400000|100%| O|  |TAMS 0x0000000084400000, 0x0000000084300000| Untracked 
|  30|0x0000000084400000, 0x0000000084500000, 0x0000000084500000|100%| O|  |TAMS 0x0000000084500000, 0x0000000084400000| Untracked 
|  31|0x0000000084500000, 0x0000000084600000, 0x0000000084600000|100%| O|  |TAMS 0x0000000084600000, 0x0000000084500000| Untracked 
|  32|0x0000000084600000, 0x0000000084700000, 0x0000000084700000|100%| O|  |TAMS 0x0000000084700000, 0x0000000084600000| Untracked 
|  33|0x0000000084700000, 0x0000000084800000, 0x0000000084800000|100%| O|  |TAMS 0x0000000084800000, 0x0000000084700000| Untracked 
|  34|0x0000000084800000, 0x0000000084900000, 0x0000000084900000|100%| O|  |TAMS 0x0000000084900000, 0x0000000084800000| Untracked 
|  35|0x0000000084900000, 0x0000000084a00000, 0x0000000084a00000|100%| O|  |TAMS 0x0000000084a00000, 0x0000000084900000| Untracked 
|  36|0x0000000084a00000, 0x0000000084b00000, 0x0000000084b00000|100%| O|  |TAMS 0x0000000084b00000, 0x0000000084a00000| Untracked 
|  37|0x0000000084b00000, 0x0000000084c00000, 0x0000000084c00000|100%| O|  |TAMS 0x0000000084c00000, 0x0000000084b00000| Untracked 
|  38|0x0000000084c00000, 0x0000000084d00000, 0x0000000084d00000|100%| O|  |TAMS 0x0000000084d00000, 0x0000000084c00000| Untracked 
|  39|0x0000000084d00000, 0x0000000084e00000, 0x0000000084e00000|100%| O|  |TAMS 0x0000000084e00000, 0x0000000084d00000| Untracked 
|  40|0x0000000084e00000, 0x0000000084f00000, 0x0000000084f00000|100%| O|  |TAMS 0x0000000084f00000, 0x0000000084e00000| Untracked 
|  41|0x0000000084f00000, 0x0000000085000000, 0x0000000085000000|100%| O|  |TAMS 0x0000000085000000, 0x0000000084f00000| Untracked 
|  42|0x0000000085000000, 0x0000000085100000, 0x0000000085100000|100%| O|  |TAMS 0x0000000085100000, 0x0000000085000000| Untracked 
|  43|0x0000000085100000, 0x0000000085100000, 0x0000000085200000|  0%| F|  |TAMS 0x0000000085100000, 0x0000000085100000| Untracked 
|  44|0x0000000085200000, 0x0000000085200000, 0x0000000085300000|  0%| F|  |TAMS 0x0000000085200000, 0x0000000085200000| Untracked 
|  45|0x0000000085300000, 0x0000000085300000, 0x0000000085400000|  0%| F|  |TAMS 0x0000000085300000, 0x0000000085300000| Untracked 
|  46|0x0000000085400000, 0x0000000085400000, 0x0000000085500000|  0%| F|  |TAMS 0x0000000085400000, 0x0000000085400000| Untracked 
|  47|0x0000000085500000, 0x0000000085500000, 0x0000000085600000|  0%| F|  |TAMS 0x0000000085500000, 0x0000000085500000| Untracked 
|  48|0x0000000085600000, 0x0000000085600000, 0x0000000085700000|  0%| F|  |TAMS 0x0000000085600000, 0x0000000085600000| Untracked 
|  49|0x0000000085700000, 0x0000000085700000, 0x0000000085800000|  0%| F|  |TAMS 0x0000000085700000, 0x0000000085700000| Untracked 
|  50|0x0000000085800000, 0x0000000085800000, 0x0000000085900000|  0%| F|  |TAMS 0x0000000085800000, 0x0000000085800000| Untracked 
|  51|0x0000000085900000, 0x0000000085900000, 0x0000000085a00000|  0%| F|  |TAMS 0x0000000085900000, 0x0000000085900000| Untracked 
|  52|0x0000000085a00000, 0x0000000085a00000, 0x0000000085b00000|  0%| F|  |TAMS 0x0000000085a00000, 0x0000000085a00000| Untracked 
|  53|0x0000000085b00000, 0x0000000085b00000, 0x0000000085c00000|  0%| F|  |TAMS 0x0000000085b00000, 0x0000000085b00000| Untracked 
|  54|0x0000000085c00000, 0x0000000085c00000, 0x0000000085d00000|  0%| F|  |TAMS 0x0000000085c00000, 0x0000000085c00000| Untracked 
|  55|0x0000000085d00000, 0x0000000085d00000, 0x0000000085e00000|  0%| F|  |TAMS 0x0000000085d00000, 0x0000000085d00000| Untracked 
|  56|0x0000000085e00000, 0x0000000085e00000, 0x0000000085f00000|  0%| F|  |TAMS 0x0000000085e00000, 0x0000000085e00000| Untracked 
|  57|0x0000000085f00000, 0x0000000085f00000, 0x0000000086000000|  0%| F|  |TAMS 0x0000000085f00000, 0x0000000085f00000| Untracked 
|  58|0x0000000086000000, 0x0000000086000000, 0x0000000086100000|  0%| F|  |TAMS 0x0000000086000000, 0x0000000086000000| Untracked 
|  59|0x0000000086100000, 0x0000000086100000, 0x0000000086200000|  0%| F|  |TAMS 0x0000000086100000, 0x0000000086100000| Untracked 
|  60|0x0000000086200000, 0x0000000086200000, 0x0000000086300000|  0%| F|  |TAMS 0x0000000086200000, 0x0000000086200000| Untracked 
|  61|0x0000000086300000, 0x0000000086300000, 0x0000000086400000|  0%| F|  |TAMS 0x0000000086300000, 0x0000000086300000| Untracked 
|  62|0x0000000086400000, 0x0000000086400000, 0x0000000086500000|  0%| F|  |TAMS 0x0000000086400000, 0x0000000086400000| Untracked 
|  63|0x0000000086500000, 0x0000000086500000, 0x0000000086600000|  0%| F|  |TAMS 0x0000000086500000, 0x0000000086500000| Untracked 
|  64|0x0000000086600000, 0x0000000086600000, 0x0000000086700000|  0%| F|  |TAMS 0x0000000086600000, 0x0000000086600000| Untracked 
|  65|0x0000000086700000, 0x0000000086700000, 0x0000000086800000|  0%| F|  |TAMS 0x0000000086700000, 0x0000000086700000| Untracked 
|  66|0x0000000086800000, 0x0000000086800000, 0x0000000086900000|  0%| F|  |TAMS 0x0000000086800000, 0x0000000086800000| Untracked 
|  67|0x0000000086900000, 0x0000000086900000, 0x0000000086a00000|  0%| F|  |TAMS 0x0000000086900000, 0x0000000086900000| Untracked 
|  68|0x0000000086a00000, 0x0000000086a00000, 0x0000000086b00000|  0%| F|  |TAMS 0x0000000086a00000, 0x0000000086a00000| Untracked 
|  69|0x0000000086b00000, 0x0000000086b00000, 0x0000000086c00000|  0%| F|  |TAMS 0x0000000086b00000, 0x0000000086b00000| Untracked 
|  70|0x0000000086c00000, 0x0000000086c00000, 0x0000000086d00000|  0%| F|  |TAMS 0x0000000086c00000, 0x0000000086c00000| Untracked 
|  71|0x0000000086d00000, 0x0000000086d00000, 0x0000000086e00000|  0%| F|  |TAMS 0x0000000086d00000, 0x0000000086d00000| Untracked 
|  72|0x0000000086e00000, 0x0000000086e00000, 0x0000000086f00000|  0%| F|  |TAMS 0x0000000086e00000, 0x0000000086e00000| Untracked 
|  73|0x0000000086f00000, 0x0000000086f00000, 0x0000000087000000|  0%| F|  |TAMS 0x0000000086f00000, 0x0000000086f00000| Untracked 
|  74|0x0000000087000000, 0x0000000087000000, 0x0000000087100000|  0%| F|  |TAMS 0x0000000087000000, 0x0000000087000000| Untracked 
|  75|0x0000000087100000, 0x0000000087100000, 0x0000000087200000|  0%| F|  |TAMS 0x0000000087100000, 0x0000000087100000| Untracked 
|  76|0x0000000087200000, 0x0000000087200000, 0x0000000087300000|  0%| F|  |TAMS 0x0000000087200000, 0x0000000087200000| Untracked 
|  77|0x0000000087300000, 0x0000000087300000, 0x0000000087400000|  0%| F|  |TAMS 0x0000000087300000, 0x0000000087300000| Untracked 
|  78|0x0000000087400000, 0x0000000087400000, 0x0000000087500000|  0%| F|  |TAMS 0x0000000087400000, 0x0000000087400000| Untracked 
|  79|0x0000000087500000, 0x0000000087500000, 0x0000000087600000|  0%| F|  |TAMS 0x0000000087500000, 0x0000000087500000| Untracked 
|  80|0x0000000087600000, 0x0000000087600000, 0x0000000087700000|  0%| F|  |TAMS 0x0000000087600000, 0x0000000087600000| Untracked 
|  81|0x0000000087700000, 0x0000000087700000, 0x0000000087800000|  0%| F|  |TAMS 0x0000000087700000, 0x0000000087700000| Untracked 
|  82|0x0000000087800000, 0x0000000087800000, 0x0000000087900000|  0%| F|  |TAMS 0x0000000087800000, 0x0000000087800000| Untracked 
|  83|0x0000000087900000, 0x0000000087900000, 0x0000000087a00000|  0%| F|  |TAMS 0x0000000087900000, 0x0000000087900000| Untracked 
|  84|0x0000000087a00000, 0x0000000087a00000, 0x0000000087b00000|  0%| F|  |TAMS 0x0000000087a00000, 0x0000000087a00000| Untracked 
|  85|0x0000000087b00000, 0x0000000087b00000, 0x0000000087c00000|  0%| F|  |TAMS 0x0000000087b00000, 0x0000000087b00000| Untracked 
|  86|0x0000000087c00000, 0x0000000087c00000, 0x0000000087d00000|  0%| F|  |TAMS 0x0000000087c00000, 0x0000000087c00000| Untracked 
|  87|0x0000000087d00000, 0x0000000087d00000, 0x0000000087e00000|  0%| F|  |TAMS 0x0000000087d00000, 0x0000000087d00000| Untracked 
|  88|0x0000000087e00000, 0x0000000087e00000, 0x0000000087f00000|  0%| F|  |TAMS 0x0000000087e00000, 0x0000000087e00000| Untracked 
|  89|0x0000000087f00000, 0x0000000087f00000, 0x0000000088000000|  0%| F|  |TAMS 0x0000000087f00000, 0x0000000087f00000| Untracked 
|  90|0x0000000088000000, 0x0000000088000000, 0x0000000088100000|  0%| F|  |TAMS 0x0000000088000000, 0x0000000088000000| Untracked 
|  91|0x0000000088100000, 0x0000000088100000, 0x0000000088200000|  0%| F|  |TAMS 0x0000000088100000, 0x0000000088100000| Untracked 
|  92|0x0000000088200000, 0x0000000088200000, 0x0000000088300000|  0%| F|  |TAMS 0x0000000088200000, 0x0000000088200000| Untracked 
|  93|0x0000000088300000, 0x0000000088300000, 0x0000000088400000|  0%| F|  |TAMS 0x0000000088300000, 0x0000000088300000| Untracked 
|  94|0x0000000088400000, 0x0000000088400000, 0x0000000088500000|  0%| F|  |TAMS 0x0000000088400000, 0x0000000088400000| Untracked 
|  95|0x0000000088500000, 0x0000000088500000, 0x0000000088600000|  0%| F|  |TAMS 0x0000000088500000, 0x0000000088500000| Untracked 
|  96|0x0000000088600000, 0x0000000088600000, 0x0000000088700000|  0%| F|  |TAMS 0x0000000088600000, 0x0000000088600000| Untracked 
|  97|0x0000000088700000, 0x0000000088800000, 0x0000000088800000|100%| S|CS|TAMS 0x0000000088700000, 0x0000000088700000| Complete 
|  98|0x0000000088800000, 0x0000000088900000, 0x0000000088900000|100%| S|CS|TAMS 0x0000000088800000, 0x0000000088800000| Complete 
|  99|0x0000000088900000, 0x0000000088a00000, 0x0000000088a00000|100%| S|CS|TAMS 0x0000000088900000, 0x0000000088900000| Complete 
| 100|0x0000000088a00000, 0x0000000088b00000, 0x0000000088b00000|100%| S|CS|TAMS 0x0000000088a00000, 0x0000000088a00000| Complete 
| 101|0x0000000088b00000, 0x0000000088c00000, 0x0000000088c00000|100%| S|CS|TAMS 0x0000000088b00000, 0x0000000088b00000| Complete 
| 102|0x0000000088c00000, 0x0000000088d00000, 0x0000000088d00000|100%| S|CS|TAMS 0x0000000088c00000, 0x0000000088c00000| Complete 
| 103|0x0000000088d00000, 0x0000000088e00000, 0x0000000088e00000|100%| S|CS|TAMS 0x0000000088d00000, 0x0000000088d00000| Complete 
| 104|0x0000000088e00000, 0x0000000088e00000, 0x0000000088f00000|  0%| F|  |TAMS 0x0000000088e00000, 0x0000000088e00000| Untracked 
| 105|0x0000000088f00000, 0x0000000088f00000, 0x0000000089000000|  0%| F|  |TAMS 0x0000000088f00000, 0x0000000088f00000| Untracked 
| 106|0x0000000089000000, 0x0000000089000000, 0x0000000089100000|  0%| F|  |TAMS 0x0000000089000000, 0x0000000089000000| Untracked 
| 107|0x0000000089100000, 0x0000000089100000, 0x0000000089200000|  0%| F|  |TAMS 0x0000000089100000, 0x0000000089100000| Untracked 
| 108|0x0000000089200000, 0x0000000089200000, 0x0000000089300000|  0%| F|  |TAMS 0x0000000089200000, 0x0000000089200000| Untracked 
| 109|0x0000000089300000, 0x0000000089300000, 0x0000000089400000|  0%| F|  |TAMS 0x0000000089300000, 0x0000000089300000| Untracked 
| 110|0x0000000089400000, 0x0000000089400000, 0x0000000089500000|  0%| F|  |TAMS 0x0000000089400000, 0x0000000089400000| Untracked 
| 111|0x0000000089500000, 0x0000000089500000, 0x0000000089600000|  0%| F|  |TAMS 0x0000000089500000, 0x0000000089500000| Untracked 
| 112|0x0000000089600000, 0x0000000089600000, 0x0000000089700000|  0%| F|  |TAMS 0x0000000089600000, 0x0000000089600000| Untracked 
| 113|0x0000000089700000, 0x0000000089700000, 0x0000000089800000|  0%| F|  |TAMS 0x0000000089700000, 0x0000000089700000| Untracked 
| 114|0x0000000089800000, 0x0000000089800000, 0x0000000089900000|  0%| F|  |TAMS 0x0000000089800000, 0x0000000089800000| Untracked 
| 115|0x0000000089900000, 0x0000000089900000, 0x0000000089a00000|  0%| F|  |TAMS 0x0000000089900000, 0x0000000089900000| Untracked 
| 116|0x0000000089a00000, 0x0000000089a00000, 0x0000000089b00000|  0%| F|  |TAMS 0x0000000089a00000, 0x0000000089a00000| Untracked 
| 117|0x0000000089b00000, 0x0000000089b00000, 0x0000000089c00000|  0%| F|  |TAMS 0x0000000089b00000, 0x0000000089b00000| Untracked 
| 118|0x0000000089c00000, 0x0000000089c00000, 0x0000000089d00000|  0%| F|  |TAMS 0x0000000089c00000, 0x0000000089c00000| Untracked 
| 119|0x0000000089d00000, 0x0000000089d00000, 0x0000000089e00000|  0%| F|  |TAMS 0x0000000089d00000, 0x0000000089d00000| Untracked 
| 120|0x0000000089e00000, 0x0000000089e00000, 0x0000000089f00000|  0%| F|  |TAMS 0x0000000089e00000, 0x0000000089e00000| Untracked 
| 121|0x0000000089f00000, 0x0000000089f00000, 0x000000008a000000|  0%| F|  |TAMS 0x0000000089f00000, 0x0000000089f00000| Untracked 
| 122|0x000000008a000000, 0x000000008a000000, 0x000000008a100000|  0%| F|  |TAMS 0x000000008a000000, 0x000000008a000000| Untracked 
| 123|0x000000008a100000, 0x000000008a100000, 0x000000008a200000|  0%| F|  |TAMS 0x000000008a100000, 0x000000008a100000| Untracked 
| 124|0x000000008a200000, 0x000000008a200000, 0x000000008a300000|  0%| F|  |TAMS 0x000000008a200000, 0x000000008a200000| Untracked 
| 125|0x000000008a300000, 0x000000008a300000, 0x000000008a400000|  0%| F|  |TAMS 0x000000008a300000, 0x000000008a300000| Untracked 
| 126|0x000000008a400000, 0x000000008a400000, 0x000000008a500000|  0%| F|  |TAMS 0x000000008a400000, 0x000000008a400000| Untracked 
| 127|0x000000008a500000, 0x000000008a500000, 0x000000008a600000|  0%| F|  |TAMS 0x000000008a500000, 0x000000008a500000| Untracked 
| 128|0x000000008a600000, 0x000000008a600000, 0x000000008a700000|  0%| F|  |TAMS 0x000000008a600000, 0x000000008a600000| Untracked 
| 129|0x000000008a700000, 0x000000008a700000, 0x000000008a800000|  0%| F|  |TAMS 0x000000008a700000, 0x000000008a700000| Untracked 
| 130|0x000000008a800000, 0x000000008a800000, 0x000000008a900000|  0%| F|  |TAMS 0x000000008a800000, 0x000000008a800000| Untracked 
| 131|0x000000008a900000, 0x000000008a900000, 0x000000008aa00000|  0%| F|  |TAMS 0x000000008a900000, 0x000000008a900000| Untracked 
| 132|0x000000008aa00000, 0x000000008aa00000, 0x000000008ab00000|  0%| F|  |TAMS 0x000000008aa00000, 0x000000008aa00000| Untracked 
| 133|0x000000008ab00000, 0x000000008ab00000, 0x000000008ac00000|  0%| F|  |TAMS 0x000000008ab00000, 0x000000008ab00000| Untracked 
| 134|0x000000008ac00000, 0x000000008ac00000, 0x000000008ad00000|  0%| F|  |TAMS 0x000000008ac00000, 0x000000008ac00000| Untracked 
| 135|0x000000008ad00000, 0x000000008ad00000, 0x000000008ae00000|  0%| F|  |TAMS 0x000000008ad00000, 0x000000008ad00000| Untracked 
| 136|0x000000008ae00000, 0x000000008ae00000, 0x000000008af00000|  0%| F|  |TAMS 0x000000008ae00000, 0x000000008ae00000| Untracked 
| 137|0x000000008af00000, 0x000000008af00000, 0x000000008b000000|  0%| F|  |TAMS 0x000000008af00000, 0x000000008af00000| Untracked 
| 138|0x000000008b000000, 0x000000008b000000, 0x000000008b100000|  0%| F|  |TAMS 0x000000008b000000, 0x000000008b000000| Untracked 
| 139|0x000000008b100000, 0x000000008b100000, 0x000000008b200000|  0%| F|  |TAMS 0x000000008b100000, 0x000000008b100000| Untracked 
| 140|0x000000008b200000, 0x000000008b200000, 0x000000008b300000|  0%| F|  |TAMS 0x000000008b200000, 0x000000008b200000| Untracked 
| 141|0x000000008b300000, 0x000000008b300000, 0x000000008b400000|  0%| F|  |TAMS 0x000000008b300000, 0x000000008b300000| Untracked 
| 142|0x000000008b400000, 0x000000008b400000, 0x000000008b500000|  0%| F|  |TAMS 0x000000008b400000, 0x000000008b400000| Untracked 
| 143|0x000000008b500000, 0x000000008b500000, 0x000000008b600000|  0%| F|  |TAMS 0x000000008b500000, 0x000000008b500000| Untracked 
| 144|0x000000008b600000, 0x000000008b600000, 0x000000008b700000|  0%| F|  |TAMS 0x000000008b600000, 0x000000008b600000| Untracked 
| 145|0x000000008b700000, 0x000000008b70fd20, 0x000000008b800000|  6%| E|  |TAMS 0x000000008b700000, 0x000000008b700000| Complete 
| 146|0x000000008b800000, 0x000000008b900000, 0x000000008b900000|100%| E|CS|TAMS 0x000000008b800000, 0x000000008b800000| Complete 
| 147|0x000000008b900000, 0x000000008ba00000, 0x000000008ba00000|100%| E|CS|TAMS 0x000000008b900000, 0x000000008b900000| Complete 
| 148|0x000000008ba00000, 0x000000008bb00000, 0x000000008bb00000|100%| E|CS|TAMS 0x000000008ba00000, 0x000000008ba00000| Complete 
| 149|0x000000008bb00000, 0x000000008bc00000, 0x000000008bc00000|100%| E|CS|TAMS 0x000000008bb00000, 0x000000008bb00000| Complete 
| 150|0x000000008bc00000, 0x000000008bd00000, 0x000000008bd00000|100%| E|CS|TAMS 0x000000008bc00000, 0x000000008bc00000| Complete 
| 151|0x000000008bd00000, 0x000000008be00000, 0x000000008be00000|100%| E|CS|TAMS 0x000000008bd00000, 0x000000008bd00000| Complete 

Card table byte_map: [0x0000017a9b080000,0x0000017a9b470000] _byte_map_base: 0x0000017a9ac6d000

Marking Bits (Prev, Next): (CMBitMap*) 0x0000017a87ea8da0, (CMBitMap*) 0x0000017a87ea8d68
 Prev Bits: [0x0000017a9d7d0000, 0x0000017a9f738000)
 Next Bits: [0x0000017a9b860000, 0x0000017a9d7c8000)

Polling page: 0x0000017a85dc0000

Metaspace:

Usage:
  Non-class:     53.20 MB capacity,    52.75 MB (>99%) used,   364.55 KB ( <1%) free+waste,    97.00 KB ( <1%) overhead. 
      Class:      7.09 MB capacity,     6.79 MB ( 96%) used,   266.55 KB (  4%) free+waste,    43.25 KB ( <1%) overhead. 
       Both:     60.29 MB capacity,    59.53 MB ( 99%) used,   631.09 KB (  1%) free+waste,   140.25 KB ( <1%) overhead. 

Virtual space:
  Non-class space:       54.00 MB reserved,      53.23 MB ( 99%) committed 
      Class space:        1.00 GB reserved,       7.13 MB ( <1%) committed 
             Both:        1.05 GB reserved,      60.35 MB (  6%) committed 

Chunk freelists:
   Non-Class:  6.00 KB
       Class:  4.00 KB
        Both:  10.00 KB

MaxMetaspaceSize: 17179869184.00 GB
CompressedClassSpaceSize: 1.00 GB

CodeHeap 'non-profiled nmethods': size=120000Kb used=3561Kb max_used=3561Kb free=116438Kb
 bounds [0x0000017a93430000, 0x0000017a937b0000, 0x0000017a9a960000]
CodeHeap 'profiled nmethods': size=120000Kb used=17127Kb max_used=17127Kb free=102872Kb
 bounds [0x0000017a8bf00000, 0x0000017a8cfc0000, 0x0000017a93430000]
CodeHeap 'non-nmethods': size=5760Kb used=1222Kb max_used=1273Kb free=4537Kb
 bounds [0x0000017a8b960000, 0x0000017a8bbd0000, 0x0000017a8bf00000]
 total_blobs=7538 nmethods=6953 adapters=495
 compilation: enabled
              stopped_count=0, restarted_count=0
 full_count=0

Compilation events (20 events):
Event: 4.799 Thread 0x0000017aa21bf800 6983       3       org.jetbrains.kotlin.parsing.KotlinExpressionParsing::parsePostfixExpression (228 bytes)
Event: 4.802 Thread 0x0000017aa21bf800 nmethod 6983 0x0000017a8cfaea10 code [0x0000017a8cfaef40, 0x0000017a8cfb15f8]
Event: 4.802 Thread 0x0000017aa21bf800 6984       3       org.jetbrains.kotlin.parsing.KotlinExpressionParsing::parsePrefixExpression (144 bytes)
Event: 4.802 Thread 0x0000017aa21be800 nmethod 6854 0x0000017a937a8210 code [0x0000017a937a84a0, 0x0000017a937a9240]
Event: 4.802 Thread 0x0000017aa21be800 6973       4       org.jetbrains.kotlin.parsing.AbstractKotlinParsing::tokenMatches (48 bytes)
Event: 4.805 Thread 0x0000017aa21bf800 nmethod 6984 0x0000017a8cfb2290 code [0x0000017a8cfb2880, 0x0000017a8cfb5948]
Event: 4.805 Thread 0x0000017aa21bf800 6989       2       java.util.regex.Matcher::search (154 bytes)
Event: 4.805 Thread 0x0000017aa21be800 nmethod 6973 0x0000017a937a9e90 code [0x0000017a937aa060, 0x0000017a937aa1d8]
Event: 4.805 Thread 0x0000017aa21be800 6963       4       org.jetbrains.kotlin.parsing.AbstractKotlinParsing::at (114 bytes)
Event: 4.805 Thread 0x0000017aa21bf800 nmethod 6989 0x0000017a8cfb6a90 code [0x0000017a8cfb6c60, 0x0000017a8cfb6f38]
Event: 4.805 Thread 0x0000017aa21bf800 6982       3       org.jetbrains.kotlin.parsing.SemanticWhitespaceAwarePsiBuilderImpl::restoreNewlinesState (34 bytes)
Event: 4.806 Thread 0x0000017aa21bf800 nmethod 6982 0x0000017a8cfb7110 code [0x0000017a8cfb7320, 0x0000017a8cfb7928]
Event: 4.806 Thread 0x0000017aa21bf800 6986       3       org.jetbrains.kotlin.psi.KtFile::getPackageFqName (23 bytes)
Event: 4.806 Thread 0x0000017aa21bf800 nmethod 6986 0x0000017a8cfb7b90 code [0x0000017a8cfb7d60, 0x0000017a8cfb8068]
Event: 4.806 Thread 0x0000017aa21bf800 6987       3       org.jetbrains.kotlin.psi.KtFile::getPackageFqNameByTree (38 bytes)
Event: 4.807 Thread 0x0000017aa21bf800 nmethod 6987 0x0000017a8cfb8190 code [0x0000017a8cfb8400, 0x0000017a8cfb8c28]
Event: 4.807 Thread 0x0000017aa21bf800 6988       3       org.jetbrains.kotlin.psi.KtFile::getPackageDirectiveByTree (48 bytes)
Event: 4.807 Thread 0x0000017aa21bf800 nmethod 6988 0x0000017a8cfb8f10 code [0x0000017a8cfb9140, 0x0000017a8cfb9868]
Event: 4.889 Thread 0x0000017aa21bf800 6991       1       org.jetbrains.kotlin.com.google.common.collect.ImmutableMapEntry$NonTerminalImmutableMapEntry::getNextInKeyBucket (5 bytes)
Event: 4.890 Thread 0x0000017aa21bf800 nmethod 6991 0x0000017a937aa390 code [0x0000017a937aa540, 0x0000017a937aa5f8]

GC Heap History (18 events):
Event: 0.395 GC heap before
{Heap before GC invocations=0 (full 0):
 garbage-first heap   total 129024K, used 27648K [0x0000000082600000, 0x0000000100000000)
  region size 1024K, 24 young (24576K), 0 survivors (0K)
 Metaspace       used 12334K, capacity 12440K, committed 12544K, reserved 1060864K
  class space    used 1161K, capacity 1207K, committed 1280K, reserved 1048576K
}
Event: 0.398 GC heap after
{Heap after GC invocations=1 (full 0):
 garbage-first heap   total 129024K, used 5819K [0x0000000082600000, 0x0000000100000000)
  region size 1024K, 3 young (3072K), 3 survivors (3072K)
 Metaspace       used 12334K, capacity 12440K, committed 12544K, reserved 1060864K
  class space    used 1161K, capacity 1207K, committed 1280K, reserved 1048576K
}
Event: 0.848 GC heap before
{Heap before GC invocations=1 (full 0):
 garbage-first heap   total 129024K, used 41659K [0x0000000082600000, 0x0000000100000000)
  region size 1024K, 39 young (39936K), 3 survivors (3072K)
 Metaspace       used 20895K, capacity 21208K, committed 21296K, reserved 1069056K
  class space    used 2276K, capacity 2412K, committed 2432K, reserved 1048576K
}
Event: 0.856 GC heap after
{Heap after GC invocations=2 (full 0):
 garbage-first heap   total 129024K, used 9216K [0x0000000082600000, 0x0000000100000000)
  region size 1024K, 6 young (6144K), 6 survivors (6144K)
 Metaspace       used 20895K, capacity 21208K, committed 21296K, reserved 1069056K
  class space    used 2276K, capacity 2412K, committed 2432K, reserved 1048576K
}
Event: 1.502 GC heap before
{Heap before GC invocations=3 (full 0):
 garbage-first heap   total 129024K, used 64512K [0x0000000082600000, 0x0000000100000000)
  region size 1024K, 55 young (56320K), 6 survivors (6144K)
 Metaspace       used 32036K, capacity 32540K, committed 32688K, reserved 1077248K
  class space    used 4035K, capacity 4229K, committed 4352K, reserved 1048576K
}
Event: 1.514 GC heap after
{Heap after GC invocations=4 (full 0):
 garbage-first heap   total 129024K, used 21205K [0x0000000082600000, 0x0000000100000000)
  region size 1024K, 7 young (7168K), 7 survivors (7168K)
 Metaspace       used 32036K, capacity 32540K, committed 32688K, reserved 1077248K
  class space    used 4035K, capacity 4229K, committed 4352K, reserved 1048576K
}
Event: 1.581 GC heap before
{Heap before GC invocations=4 (full 0):
 garbage-first heap   total 129024K, used 26325K [0x0000000082600000, 0x0000000100000000)
  region size 1024K, 12 young (12288K), 7 survivors (7168K)
 Metaspace       used 33290K, capacity 33793K, committed 34096K, reserved 1079296K
  class space    used 4203K, capacity 4391K, committed 4480K, reserved 1048576K
}
Event: 1.588 GC heap after
{Heap after GC invocations=5 (full 0):
 garbage-first heap   total 129024K, used 22528K [0x0000000082600000, 0x0000000100000000)
  region size 1024K, 1 young (1024K), 1 survivors (1024K)
 Metaspace       used 33290K, capacity 33793K, committed 34096K, reserved 1079296K
  class space    used 4203K, capacity 4391K, committed 4480K, reserved 1048576K
}
Event: 1.690 GC heap before
{Heap before GC invocations=5 (full 0):
 garbage-first heap   total 129024K, used 31744K [0x0000000082600000, 0x0000000100000000)
  region size 1024K, 11 young (11264K), 1 survivors (1024K)
 Metaspace       used 35303K, capacity 35756K, committed 35888K, reserved 1081344K
  class space    used 4426K, capacity 4619K, committed 4736K, reserved 1048576K
}
Event: 1.692 GC heap after
{Heap after GC invocations=6 (full 0):
 garbage-first heap   total 155648K, used 22528K [0x0000000082600000, 0x0000000100000000)
  region size 1024K, 1 young (1024K), 1 survivors (1024K)
 Metaspace       used 35303K, capacity 35756K, committed 35888K, reserved 1081344K
  class space    used 4426K, capacity 4619K, committed 4736K, reserved 1048576K
}
Event: 2.352 GC heap before
{Heap before GC invocations=7 (full 0):
 garbage-first heap   total 155648K, used 78848K [0x0000000082600000, 0x0000000100000000)
  region size 1024K, 54 young (55296K), 1 survivors (1024K)
 Metaspace       used 45971K, capacity 46596K, committed 46896K, reserved 1091584K
  class space    used 5462K, capacity 5703K, committed 5760K, reserved 1048576K
}
Event: 2.358 GC heap after
{Heap after GC invocations=8 (full 0):
 garbage-first heap   total 155648K, used 28336K [0x0000000082600000, 0x0000000100000000)
  region size 1024K, 7 young (7168K), 7 survivors (7168K)
 Metaspace       used 45971K, capacity 46596K, committed 46896K, reserved 1091584K
  class space    used 5462K, capacity 5703K, committed 5760K, reserved 1048576K
}
Event: 2.916 GC heap before
{Heap before GC invocations=8 (full 0):
 garbage-first heap   total 155648K, used 86704K [0x0000000082600000, 0x0000000100000000)
  region size 1024K, 63 young (64512K), 7 survivors (7168K)
 Metaspace       used 50349K, capacity 51043K, committed 51248K, reserved 1093632K
  class space    used 5939K, capacity 6227K, committed 6272K, reserved 1048576K
}
Event: 2.932 GC heap after
{Heap after GC invocations=9 (full 0):
 garbage-first heap   total 155648K, used 35896K [0x0000000082600000, 0x0000000100000000)
  region size 1024K, 8 young (8192K), 8 survivors (8192K)
 Metaspace       used 50349K, capacity 51043K, committed 51248K, reserved 1093632K
  class space    used 5939K, capacity 6227K, committed 6272K, reserved 1048576K
}
Event: 3.878 GC heap before
{Heap before GC invocations=9 (full 0):
 garbage-first heap   total 155648K, used 93240K [0x0000000082600000, 0x0000000100000000)
  region size 1024K, 64 young (65536K), 8 survivors (8192K)
 Metaspace       used 54849K, capacity 55535K, committed 55728K, reserved 1097728K
  class space    used 6302K, capacity 6592K, committed 6656K, reserved 1048576K
}
Event: 3.899 GC heap after
{Heap after GC invocations=10 (full 0):
 garbage-first heap   total 155648K, used 43602K [0x0000000082600000, 0x0000000100000000)
  region size 1024K, 8 young (8192K), 8 survivors (8192K)
 Metaspace       used 54849K, capacity 55535K, committed 55728K, reserved 1097728K
  class space    used 6302K, capacity 6592K, committed 6656K, reserved 1048576K
}
Event: 4.752 GC heap before
{Heap before GC invocations=10 (full 0):
 garbage-first heap   total 155648K, used 91730K [0x0000000082600000, 0x0000000100000000)
  region size 1024K, 56 young (57344K), 8 survivors (8192K)
 Metaspace       used 59454K, capacity 60163K, committed 60240K, reserved 1101824K
  class space    used 6824K, capacity 7121K, committed 7168K, reserved 1048576K
}
Event: 4.775 GC heap after
{Heap after GC invocations=11 (full 0):
 garbage-first heap   total 155648K, used 51200K [0x0000000082600000, 0x0000000100000000)
  region size 1024K, 7 young (7168K), 7 survivors (7168K)
 Metaspace       used 59454K, capacity 60163K, committed 60240K, reserved 1101824K
  class space    used 6824K, capacity 7121K, committed 7168K, reserved 1048576K
}

Deoptimization events (20 events):
Event: 4.888 Thread 0x0000017a87e6a800 Uncommon trap: trap_request=0xffffffc6 fr.pc=0x0000017a936a20ec relative=0x0000000000000dcc
Event: 4.888 Thread 0x0000017a87e6a800 Uncommon trap: reason=bimorphic_or_optimized_type_check action=maybe_recompile pc=0x0000017a936a20ec method=org.jetbrains.kotlin.storage.LockBasedStorageManager$MapBasedMemoizedFunction.invoke(Ljava/lang/Object;)Ljava/lang/Object; @ 235 c2
Event: 4.888 Thread 0x0000017a87e6a800 DEOPT PACKING pc=0x0000017a936a20ec sp=0x000000061b7fda60
Event: 4.888 Thread 0x0000017a87e6a800 DEOPT UNPACKING pc=0x0000017a8b9878af sp=0x000000061b7fda10 mode 2
Event: 4.890 Thread 0x0000017a87e6a800 Uncommon trap: trap_request=0xffffffde fr.pc=0x0000017a936bffd4 relative=0x00000000000000b4
Event: 4.890 Thread 0x0000017a87e6a800 Uncommon trap: reason=class_check action=maybe_recompile pc=0x0000017a936bffd4 method=java.util.RegularEnumSet.contains(Ljava/lang/Object;)Z @ 38 c2
Event: 4.890 Thread 0x0000017a87e6a800 DEOPT PACKING pc=0x0000017a936bffd4 sp=0x000000061b7fdb40
Event: 4.890 Thread 0x0000017a87e6a800 DEOPT UNPACKING pc=0x0000017a8b9878af sp=0x000000061b7fdac8 mode 2
Event: 4.891 Thread 0x0000017a87e6a800 Uncommon trap: trap_request=0xffffff4d fr.pc=0x0000017a93672760 relative=0x0000000000000400
Event: 4.891 Thread 0x0000017a87e6a800 Uncommon trap: reason=unstable_if action=reinterpret pc=0x0000017a93672760 method=java.util.HashMap.hash(Ljava/lang/Object;)I @ 1 c2
Event: 4.891 Thread 0x0000017a87e6a800 DEOPT PACKING pc=0x0000017a93672760 sp=0x000000061b7fd6c0
Event: 4.891 Thread 0x0000017a87e6a800 DEOPT UNPACKING pc=0x0000017a8b9878af sp=0x000000061b7fd598 mode 2
Event: 4.891 Thread 0x0000017a87e6a800 Uncommon trap: trap_request=0xffffff4d fr.pc=0x0000017a934d0558 relative=0x0000000000000218
Event: 4.891 Thread 0x0000017a87e6a800 Uncommon trap: reason=unstable_if action=reinterpret pc=0x0000017a934d0558 method=java.util.HashMap.hash(Ljava/lang/Object;)I @ 1 c2
Event: 4.891 Thread 0x0000017a87e6a800 DEOPT PACKING pc=0x0000017a934d0558 sp=0x000000061b7fd650
Event: 4.891 Thread 0x0000017a87e6a800 DEOPT UNPACKING pc=0x0000017a8b9878af sp=0x000000061b7fd590 mode 2
Event: 4.891 Thread 0x0000017a87e6a800 Uncommon trap: trap_request=0xffffffc6 fr.pc=0x0000017a936a20ec relative=0x0000000000000dcc
Event: 4.891 Thread 0x0000017a87e6a800 Uncommon trap: reason=bimorphic_or_optimized_type_check action=maybe_recompile pc=0x0000017a936a20ec method=org.jetbrains.kotlin.storage.LockBasedStorageManager$MapBasedMemoizedFunction.invoke(Ljava/lang/Object;)Ljava/lang/Object; @ 235 c2
Event: 4.891 Thread 0x0000017a87e6a800 DEOPT PACKING pc=0x0000017a936a20ec sp=0x000000061b7fdc90
Event: 4.891 Thread 0x0000017a87e6a800 DEOPT UNPACKING pc=0x0000017a8b9878af sp=0x000000061b7fdc40 mode 2

Classes redefined (0 events):
No events

Internal exceptions (20 events):
Event: 2.413 Thread 0x0000017a87e6a800 Exception <a 'java/lang/NoSuchMethodError'{0x000000008b807c18}: 'java.lang.Object java.lang.invoke.Invokers$Holder.linkToTargetMethod(java.lang.Object, java.lang.Object, int, java.lang.Object)'> (0x000000008b807c18) thrown at [./src/hotspot/share/interpreter/linkResolver.cpp, line 773]
Event: 2.584 Thread 0x0000017a87e6a800 Implicit null exception at 0x0000017a935a081e to 0x0000017a935a0af0
Event: 2.585 Thread 0x0000017a87e6a800 Implicit null exception at 0x0000017a935793f0 to 0x0000017a935794b0
Event: 2.960 Thread 0x0000017a87e6a800 Implicit null exception at 0x0000017a93622b55 to 0x0000017a936232c0
Event: 3.110 Thread 0x0000017a87e6a800 Exception <a 'java/lang/NoSuchMethodError'{0x000000008b003900}: 'java.lang.Object java.lang.invoke.DirectMethodHandle$Holder.invokeStaticInit(java.lang.Object, java.lang.Object, java.lang.Object)'> (0x000000008b003900) thrown at [./src/hotspot/share/interpreter/linkResolver.cpp, line 773]
Event: 3.954 Thread 0x0000017a87e6a800 Exception <a 'java/lang/NoSuchMethodError'{0x000000008b5c8f78}: 'java.lang.Object java.lang.invoke.Invokers$Holder.linkToTargetMethod(java.lang.Object, java.lang.Object, java.lang.Object, java.lang.Object, java.lang.Object, java.lang.Object)'> (0x000000008b5c8f78) thrown at [./src/hotspot/share/interpreter/linkResolver.cpp, line 773]
Event: 4.053 Thread 0x0000017a87e6a800 Exception <a 'java/lang/NoSuchMethodError'{0x000000008af6cb80}: 'int java.lang.invoke.DirectMethodHandle$Holder.invokeInterface(java.lang.Object, java.lang.Object)'> (0x000000008af6cb80) thrown at [./src/hotspot/share/interpreter/linkResolver.cpp, line 773]
Event: 4.100 Thread 0x0000017a87e6a800 Exception <a 'java/lang/NoSuchMethodError'{0x000000008ac57ee0}: 'java.lang.Object java.lang.invoke.Invokers$Holder.linkToTargetMethod(java.lang.Object, java.lang.Object, java.lang.Object, int, int, java.lang.Object)'> (0x000000008ac57ee0) thrown at [./src/hotspot/share/interpreter/linkResolver.cpp, line 773]
Event: 4.129 Thread 0x0000017a87e6a800 Implicit null exception at 0x0000017a9357804c to 0x0000017a93578128
Event: 4.235 Thread 0x0000017a87e6a800 Exception <a 'java/lang/NoSuchMethodError'{0x000000008a8ed0a0}: 'int java.lang.invoke.DirectMethodHandle$Holder.invokeStaticInit(java.lang.Object, int)'> (0x000000008a8ed0a0) thrown at [./src/hotspot/share/interpreter/linkResolver.cpp, line 773]
Event: 4.251 Thread 0x0000017a87e6a800 Implicit null exception at 0x0000017a936b70fe to 0x0000017a936b79b8
Event: 4.347 Thread 0x0000017a87e6a800 Exception <a 'java/lang/NoSuchMethodError'{0x000000008a37c358}: 'java.lang.Object java.lang.invoke.DirectMethodHandle$Holder.invokeStatic(java.lang.Object, int, java.lang.Object, java.lang.Object)'> (0x000000008a37c358) thrown at [./src/hotspot/share/interpreter/linkResolver.cpp, line 773]
Event: 4.395 Thread 0x0000017a87e6a800 Exception <a 'java/lang/NoSuchMethodError'{0x0000000089f968f0}: 'java.lang.Object java.lang.invoke.DirectMethodHandle$Holder.invokeSpecial(java.lang.Object, java.lang.Object, java.lang.Object, java.lang.Object, java.lang.Object, java.lang.Object, java.lang.Object, java.lang.Object, java.lang.Object)'> (0x0000000089f968f0) thrown at [./src/hotspot/share/interpreter/linkResolver.cpp, line 773]
Event: 4.395 Thread 0x0000017a87e6a800 Exception <a 'java/lang/NoSuchMethodError'{0x0000000089f9aae8}: 'java.lang.Object java.lang.invoke.Invokers$Holder.linkToTargetMethod(java.lang.Object, java.lang.Object, java.lang.Object, java.lang.Object, java.lang.Object, java.lang.Object, java.lang.Object, java.lang.Object)'> (0x0000000089f9aae8) thrown at [./src/hotspot/share/interpreter/linkResolver.cpp, line 773]
Event: 4.485 Thread 0x0000017a87e6a800 Exception <a 'java/lang/NoSuchMethodError'{0x0000000089cf6290}: 'java.lang.Object java.lang.invoke.DirectMethodHandle$Holder.invokeInterface(java.lang.Object, java.lang.Object, java.lang.Object)'> (0x0000000089cf6290) thrown at [./src/hotspot/share/interpreter/linkResolver.cpp, line 773]
Event: 4.485 Thread 0x0000017a87e6a800 Exception <a 'java/lang/IncompatibleClassChangeError'{0x0000000089cf9a10}: Found class java.lang.Object, but interface was expected> (0x0000000089cf9a10) thrown at [./src/hotspot/share/interpreter/linkResolver.cpp, line 839]
Event: 4.631 Thread 0x0000017a87e6a800 Implicit null exception at 0x0000017a9348b4de to 0x0000017a9348bc4a
Event: 4.631 Thread 0x0000017a87e6a800 Implicit null exception at 0x0000017a9348adaf to 0x0000017a9348ae1d
Event: 4.891 Thread 0x0000017a87e6a800 Implicit null exception at 0x0000017a936723b1 to 0x0000017a9367274c
Event: 4.891 Thread 0x0000017a87e6a800 Implicit null exception at 0x0000017a934d0375 to 0x0000017a934d0548

Events (20 events):
Event: 4.892 loading class org/jetbrains/kotlin/codegen/FunctionCodegen$2
Event: 4.892 loading class org/jetbrains/kotlin/codegen/FunctionCodegen$2 done
Event: 4.892 loading class org/jetbrains/kotlin/codegen/VariableAsmNameManglingUtils
Event: 4.892 loading class org/jetbrains/kotlin/codegen/VariableAsmNameManglingUtils done
Event: 4.892 loading class org/jetbrains/kotlin/codegen/DefaultParameterValueLoader
Event: 4.892 loading class org/jetbrains/kotlin/codegen/DefaultParameterValueLoader done
Event: 4.892 loading class org/jetbrains/kotlin/codegen/DefaultParameterValueLoader$1
Event: 4.892 loading class org/jetbrains/kotlin/codegen/DefaultParameterValueLoader$1 done
Event: 4.893 loading class org/jetbrains/kotlin/descriptors/ValueParameterDescriptor
Event: 4.893 loading class org/jetbrains/kotlin/descriptors/ValueParameterDescriptor done
Event: 4.893 loading class org/jetbrains/kotlin/codegen/ExpressionCodegen
Event: 4.893 loading class org/jetbrains/kotlin/codegen/ExpressionCodegen done
Event: 4.897 loading class org/jetbrains/kotlin/codegen/BaseExpressionCodegen
Event: 4.897 loading class org/jetbrains/kotlin/codegen/BaseExpressionCodegen done
Event: 4.899 loading class org/jetbrains/kotlin/descriptors/ValueParameterDescriptor
Event: 4.899 loading class org/jetbrains/kotlin/descriptors/ValueParameterDescriptor done
Event: 4.899 loading class org/jetbrains/kotlin/codegen/DefaultParameterValueLoader
Event: 4.899 loading class org/jetbrains/kotlin/codegen/DefaultParameterValueLoader done
Event: 4.899 loading class org/jetbrains/kotlin/backend/common/CodegenUtil
Event: 4.899 loading class org/jetbrains/kotlin/backend/common/CodegenUtil done


Dynamic libraries:
0x00007ff656740000 - 0x00007ff65674a000 	C:\Program Files\Android\Android Studio\jre\bin\java.exe
0x00007ffbe4b30000 - 0x00007ffbe4d25000 	C:\Windows\SYSTEM32\ntdll.dll
0x00007ffbe2d40000 - 0x00007ffbe2dfe000 	C:\Windows\System32\KERNEL32.DLL
0x00007ffbe24c0000 - 0x00007ffbe2789000 	C:\Windows\System32\KERNELBASE.dll
0x00007ffbdd6f0000 - 0x00007ffbdd707000 	C:\Program Files\Android\Android Studio\jre\bin\VCRUNTIME140.dll
0x00007ffbe2980000 - 0x00007ffbe2a80000 	C:\Windows\System32\ucrtbase.dll
0x00007ffbdaa60000 - 0x00007ffbdaa79000 	C:\Program Files\Android\Android Studio\jre\bin\jli.dll
0x00007ffbe3f10000 - 0x00007ffbe40b1000 	C:\Windows\System32\USER32.dll
0x00007ffbc6210000 - 0x00007ffbc64aa000 	C:\Windows\WinSxS\amd64_microsoft.windows.common-controls_6595b64144ccf1df_6.0.19041.1110_none_60b5254171f9507e\COMCTL32.dll
0x00007ffbe2790000 - 0x00007ffbe27b2000 	C:\Windows\System32\win32u.dll
0x00007ffbe47c0000 - 0x00007ffbe485e000 	C:\Windows\System32\msvcrt.dll
0x00007ffbe4310000 - 0x00007ffbe433b000 	C:\Windows\System32\GDI32.dll
0x00007ffbe27c0000 - 0x00007ffbe28cb000 	C:\Windows\System32\gdi32full.dll
0x00007ffbe2ae0000 - 0x00007ffbe2b7d000 	C:\Windows\System32\msvcp_win.dll
0x00007ffbe4ac0000 - 0x00007ffbe4af0000 	C:\Windows\System32\IMM32.DLL
0x00007ffbcdc70000 - 0x00007ffbcdd0d000 	C:\Program Files\Android\Android Studio\jre\bin\msvcp140.dll
0x00007ffbb3d60000 - 0x00007ffbb482f000 	C:\Program Files\Android\Android Studio\jre\bin\server\jvm.dll
0x00007ffbe4130000 - 0x00007ffbe41dc000 	C:\Windows\System32\ADVAPI32.dll
0x00007ffbe4260000 - 0x00007ffbe42fb000 	C:\Windows\System32\sechost.dll
0x00007ffbe2b80000 - 0x00007ffbe2caa000 	C:\Windows\System32\RPCRT4.dll
0x00007ffbe4300000 - 0x00007ffbe4308000 	C:\Windows\System32\PSAPI.DLL
0x00007ffbdd6a0000 - 0x00007ffbdd6a9000 	C:\Windows\SYSTEM32\WSOCK32.dll
0x00007ffbc7420000 - 0x00007ffbc7447000 	C:\Windows\SYSTEM32\WINMM.dll
0x00007ffbe0230000 - 0x00007ffbe023a000 	C:\Windows\SYSTEM32\VERSION.dll
0x00007ffbe40c0000 - 0x00007ffbe412b000 	C:\Windows\System32\WS2_32.dll
0x00007ffbe0ad0000 - 0x00007ffbe0ae2000 	C:\Windows\SYSTEM32\kernel.appcore.dll
0x00007ffbdd670000 - 0x00007ffbdd681000 	C:\Program Files\Android\Android Studio\jre\bin\verify.dll
0x00007ffbca510000 - 0x00007ffbca6f4000 	C:\Windows\SYSTEM32\DBGHELP.DLL
0x00007ffbc9850000 - 0x00007ffbc987c000 	C:\Windows\SYSTEM32\dbgcore.DLL
0x00007ffbe2250000 - 0x00007ffbe22d3000 	C:\Windows\System32\bcryptPrimitives.dll
0x00007ffbdd630000 - 0x00007ffbdd659000 	C:\Program Files\Android\Android Studio\jre\bin\java.dll
0x00007ffbdd6e0000 - 0x00007ffbdd6eb000 	C:\Program Files\Android\Android Studio\jre\bin\jimage.dll
0x00007ffbdd4d0000 - 0x00007ffbdd4e8000 	C:\Program Files\Android\Android Studio\jre\bin\zip.dll
0x00007ffbe3220000 - 0x00007ffbe395f000 	C:\Windows\System32\SHELL32.dll
0x00007ffbe0330000 - 0x00007ffbe0ac0000 	C:\Windows\SYSTEM32\windows.storage.dll
0x00007ffbe2e60000 - 0x00007ffbe31b5000 	C:\Windows\System32\combase.dll
0x00007ffbe1ca0000 - 0x00007ffbe1ccc000 	C:\Windows\SYSTEM32\Wldp.dll
0x00007ffbe46b0000 - 0x00007ffbe475d000 	C:\Windows\System32\SHCORE.dll
0x00007ffbe4760000 - 0x00007ffbe47b5000 	C:\Windows\System32\shlwapi.dll
0x00007ffbe2190000 - 0x00007ffbe21af000 	C:\Windows\SYSTEM32\profapi.dll
0x00007ffbdd450000 - 0x00007ffbdd46a000 	C:\Program Files\Android\Android Studio\jre\bin\net.dll
0x00007ffbda930000 - 0x00007ffbdaa38000 	C:\Windows\SYSTEM32\WINHTTP.dll
0x00007ffbe1a00000 - 0x00007ffbe1a6a000 	C:\Windows\system32\mswsock.dll
0x00007ffbdd430000 - 0x00007ffbdd444000 	C:\Program Files\Android\Android Studio\jre\bin\nio.dll

dbghelp: loaded successfully - version: 4.0.5 - missing functions: none
symbol engine: initialized successfully - sym options: 0x614 - pdb path: .;C:\Program Files\Android\Android Studio\jre\bin;C:\Windows\SYSTEM32;C:\Windows\WinSxS\amd64_microsoft.windows.common-controls_6595b64144ccf1df_6.0.19041.1110_none_60b5254171f9507e;C:\Program Files\Android\Android Studio\jre\bin\server

VM Arguments:
java_command: org.jetbrains.kotlin.cli.jvm.K2JVMCompiler @C:\Users\Siddhi Anil Bairagi\StudioProjects\BSRDigiCoin\app\build\20220101_11148376720145085425.compiler.options
java_class_path (initial): C:\Users\Siddhi Anil Bairagi\.gradle\caches\modules-2\files-2.1\org.jetbrains.kotlin\kotlin-compiler-embeddable\1.6.10\88f2073f4020cdb83132cfe940ceb9a60aba54ea\kotlin-compiler-embeddable-1.6.10.jar;C:\Users\Siddhi Anil Bairagi\.gradle\caches\modules-2\files-2.1\org.jetbrains.kotlin\kotlin-reflect\1.6.10\1cbe9c92c12a94eea200d23c2bbaedaf3daf5132\kotlin-reflect-1.6.10.jar;C:\Users\Siddhi Anil Bairagi\.gradle\caches\modules-2\files-2.1\org.jetbrains.kotlin\kotlin-stdlib\1.6.10\b8af3fe6f1ca88526914929add63cf5e7c5049af\kotlin-stdlib-1.6.10.jar;C:\Users\Siddhi Anil Bairagi\.gradle\caches\modules-2\files-2.1\org.jetbrains.kotlin\kotlin-script-runtime\1.6.10\d0a7ff2e2500ef497ed0214ae40ad3c8387a6164\kotlin-script-runtime-1.6.10.jar;C:\Users\Siddhi Anil Bairagi\.gradle\caches\modules-2\files-2.1\org.jetbrains.kotlin\kotlin-daemon-embeddable\1.6.10\a56d79bcbea411fa6058e4ecffc2de73e742bd2a\kotlin-daemon-embeddable-1.6.10.jar;C:\Users\Siddhi Anil Bairagi\.gradle\caches\modules-2\files-2.1\org.jetbrains.intellij.deps\trove4j\1.0.20181211\216c2e14b070f334479d800987affe4054cd563f\trove4j-1.0.20181211.jar;C:\Users\Siddhi Anil Bairagi\.gradle\caches\modules-2\files-2.1\net.java.dev.jna\jna\5.6.0\330f2244e9030119ab3030fc3fededc86713d9cc\jna-5.6.0.jar;C:\Users\Siddhi Anil Bairagi\.gradle\caches\modules-2\files-2.1\org.jetbrains\annotations\13.0\919f0dfe192fb4e063e7dacadee7f8bb9a2672a9\annotations-13.0.jar;C:\Users\Siddhi Anil Bairagi\.gradle\caches\modules-2\files-2.1\org.jetbrains.kotlin\kotlin-stdlib-common\1.6.10\c118700e3a33c8a0d9adc920e9dec0831171925\kotlin-stdlib-common-1.6.10.jar
Launcher Type: SUN_STANDARD

[Global flags]
     intx CICompilerCount                          = 4                                         {product} {ergonomic}
     uint ConcGCThreads                            = 2                                         {product} {ergonomic}
     uint G1ConcRefinementThreads                  = 8                                         {product} {ergonomic}
   size_t G1HeapRegionSize                         = 1048576                                   {product} {ergonomic}
    uintx GCDrainStackTargetSize                   = 64                                        {product} {ergonomic}
   size_t InitialHeapSize                          = 132120576                                 {product} {ergonomic}
   size_t MarkStackSize                            = 4194304                                   {product} {ergonomic}
   size_t MaxHeapSize                              = 2107637760                                {product} {ergonomic}
   size_t MaxNewSize                               = 1264582656                                {product} {ergonomic}
   size_t MinHeapDeltaBytes                        = 1048576                                   {product} {ergonomic}
    uintx NonNMethodCodeHeapSize                   = 5836300                                {pd product} {ergonomic}
    uintx NonProfiledCodeHeapSize                  = 122910970                              {pd product} {ergonomic}
    uintx ProfiledCodeHeapSize                     = 122910970                              {pd product} {ergonomic}
    uintx ReservedCodeCacheSize                    = 251658240                              {pd product} {ergonomic}
     bool SegmentedCodeCache                       = true                                      {product} {ergonomic}
     bool UseCompressedClassPointers               = true                                 {lp64_product} {ergonomic}
     bool UseCompressedOops                        = true                                 {lp64_product} {ergonomic}
     bool UseG1GC                                  = true                                      {product} {ergonomic}
     bool UseLargePagesIndividualAllocation        = false                                  {pd product} {ergonomic}

Logging:
Log output configuration:
 #0: stdout all=warning uptime,level,tags
 #1: stderr all=off uptime,level,tags

Environment Variables:
PATH=c:\windows\system32;c:\windows;c:\windows\system32\wbem;c:\windows\system32\windowspowershell\v1.0\;c:\windows\system32\openssh\;c:\program files\microsoft vs code\bin;c:\program files\dotnet\;d:\mingw\bin;c:\program files\git\cmd;C:\Program Files (x86)\NVIDIA Corporation\PhysX\Common;C:\Users\Siddhi Anil Bairagi\AppData\Local\Microsoft\WindowsApps;
USERNAME=Siddhi Anil Bairagi
OS=Windows_NT
PROCESSOR_IDENTIFIER=Intel64 Family 6 Model 158 Stepping 10, GenuineIntel



---------------  S Y S T E M  ---------------

OS: Windows 10 , 64 bit Build 19041 (10.0.19041.1202)
OS uptime: 0 days 0:31 hours

CPU:total 8 (initial active 8) (4 cores per cpu, 2 threads per core) family 6 model 158 stepping 10 microcode 0xb4, cmov, cx8, fxsr, mmx, sse, sse2, sse3, ssse3, sse4.1, sse4.2, popcnt, avx, avx2, aes, clmul, erms, 3dnowpref, lzcnt, ht, tsc, tscinvbit, bmi1, bmi2, adx, fma

Memory: 4k page, system-wide physical 8034M (2404M free)
TotalPageFile size 8034M (AvailPageFile size 4M)
current process WorkingSet (physical memory assigned to process): 332M, peak: 332M
current process commit charge ("private bytes"): 391M, peak: 391M

vm_info: OpenJDK 64-Bit Server VM (11.0.10+0-b96-7249189) for windows-amd64 JRE (11.0.10+0-b96-7249189), built on Mar 31 2021 21:44:00 by "builder" with MS VC++ 14.0 (VS2015)

END.
