#
# There is insufficient memory for the Java Runtime Environment to continue.
# Native memory allocation (malloc) failed to allocate 2120176 bytes for Chunk::new
# Possible reasons:
#   The system is out of physical RAM or swap space
#   The process is running with CompressedOops enabled, and the Java Heap may be blocking the growth of the native heap
# Possible solutions:
#   Reduce memory load on the system
#   Increase physical memory or swap space
#   Check if swap backing store is full
#   Decrease Java heap size (-Xmx/-Xms)
#   Decrease number of Java threads
#   Decrease Java thread stack sizes (-Xss)
#   Set larger code cache with -XX:ReservedCodeCacheSize=
#   JVM is running with Unscaled Compressed Oops mode in which the Java heap is
#     placed in the first 4GB address space. The Java Heap base address is the
#     maximum limit for the native heap growth. Please use -XX:HeapBaseMinAddress
#     to set the Java Heap base and to place the Java Heap above 4GB virtual address.
# This output file may be truncated or incomplete.
#
#  Out of Memory Error (./src/hotspot/share/memory/arena.cpp:197), pid=552, tid=672
#
# JRE version: OpenJDK Runtime Environment (11.0.10) (build 11.0.10+0-b96-7249189)
# Java VM: OpenJDK 64-Bit Server VM (11.0.10+0-b96-7249189, mixed mode, tiered, compressed oops, g1 gc, windows-amd64)
# No core dump will be written. Minidumps are not enabled by default on client versions of Windows
#

---------------  S U M M A R Y ------------

Command Line: --add-opens=java.base/java.util=ALL-UNNAMED --add-opens=java.base/java.lang=ALL-UNNAMED --add-opens=java.base/java.lang.invoke=ALL-UNNAMED --add-opens=java.base/java.util=ALL-UNNAMED --add-opens=java.prefs/java.util.prefs=ALL-UNNAMED --add-opens=java.prefs/java.util.prefs=ALL-UNNAMED --add-opens=java.base/java.nio.charset=ALL-UNNAMED --add-opens=java.base/java.net=ALL-UNNAMED --add-opens=java.base/java.util.concurrent.atomic=ALL-UNNAMED -Xmx2048m -Dfile.encoding=UTF-8 -Duser.country=IN -Duser.language=en -Duser.variant org.gradle.launcher.daemon.bootstrap.GradleDaemon 7.0.2

Host: Intel(R) Core(TM) i5-8300H CPU @ 2.30GHz, 8 cores, 7G,  Windows 10 , 64 bit Build 19041 (10.0.19041.1202)
Time: Sat Jan  1 06:10:32 2022 India Standard Time elapsed time: 2.677116 seconds (0d 0h 0m 2s)

---------------  T H R E A D  ---------------

Current thread (0x0000023847cee800):  JavaThread "C2 CompilerThread0" daemon [_thread_in_native, id=672, stack(0x000000fa1a900000,0x000000fa1aa00000)]


Current CompileTask:
C2:   2677 2655       4       jdk.internal.loader.URLClassPath::getResource (74 bytes)

Stack: [0x000000fa1a900000,0x000000fa1aa00000]
Native frames: (J=compiled Java code, j=interpreted, Vv=VM code, C=native code)
V  [jvm.dll+0x5ecfaa]
V  [jvm.dll+0x722bd5]
V  [jvm.dll+0x72412d]
V  [jvm.dll+0x7247e3]
V  [jvm.dll+0x242928]
V  [jvm.dll+0xbc4fc]
V  [jvm.dll+0xbca0c]
V  [jvm.dll+0x352d7d]
V  [jvm.dll+0x320ad3]
V  [jvm.dll+0x31ffca]
V  [jvm.dll+0x1fb602]
V  [jvm.dll+0x1fa7f4]
V  [jvm.dll+0x18354c]
V  [jvm.dll+0x208ee7]
V  [jvm.dll+0x207731]
V  [jvm.dll+0x6eb1cf]
V  [jvm.dll+0x6e3d45]
V  [jvm.dll+0x5ebe96]
C  [ucrtbase.dll+0x21bb2]
C  [KERNEL32.DLL+0x17034]
C  [ntdll.dll+0x52651]


---------------  P R O C E S S  ---------------

Threads class SMR info:
_java_thread_list=0x000002384b20b1e0, length=32, elements={
0x000002382af1a800, 0x000002384735f800, 0x0000023847364000, 0x0000023847ce3800,
0x0000023847ce5000, 0x0000023847ce7800, 0x0000023847cee800, 0x0000023847cf1000,
0x0000023847386000, 0x0000023847e2e000, 0x00000238494a0800, 0x000002384809a000,
0x000002384809d000, 0x0000023849e80000, 0x000002384a8d5000, 0x0000023848ee4800,
0x0000023849b99800, 0x000002384b40e000, 0x0000023848c86800, 0x000002384948c000,
0x0000023848f8c000, 0x0000023848f8d000, 0x0000023848f8a800, 0x0000023848f8b800,
0x000002384b233800, 0x000002384b2d0800, 0x000002384b2ce000, 0x000002384b2cf800,
0x000002384b2cf000, 0x000002384b2d1800, 0x000002384b2cd000, 0x000002384b2cb800
}

Java Threads: ( => current thread )
  0x000002382af1a800 JavaThread "main" [_thread_blocked, id=7780, stack(0x000000fa19d00000,0x000000fa19e00000)]
  0x000002384735f800 JavaThread "Reference Handler" daemon [_thread_blocked, id=4992, stack(0x000000fa1a400000,0x000000fa1a500000)]
  0x0000023847364000 JavaThread "Finalizer" daemon [_thread_blocked, id=5832, stack(0x000000fa1a500000,0x000000fa1a600000)]
  0x0000023847ce3800 JavaThread "Signal Dispatcher" daemon [_thread_blocked, id=1744, stack(0x000000fa1a600000,0x000000fa1a700000)]
  0x0000023847ce5000 JavaThread "Attach Listener" daemon [_thread_blocked, id=3712, stack(0x000000fa1a700000,0x000000fa1a800000)]
  0x0000023847ce7800 JavaThread "Service Thread" daemon [_thread_blocked, id=7680, stack(0x000000fa1a800000,0x000000fa1a900000)]
=>0x0000023847cee800 JavaThread "C2 CompilerThread0" daemon [_thread_in_native, id=672, stack(0x000000fa1a900000,0x000000fa1aa00000)]
  0x0000023847cf1000 JavaThread "C1 CompilerThread0" daemon [_thread_blocked, id=484, stack(0x000000fa1aa00000,0x000000fa1ab00000)]
  0x0000023847386000 JavaThread "Sweeper thread" daemon [_thread_blocked, id=1248, stack(0x000000fa1ab00000,0x000000fa1ac00000)]
  0x0000023847e2e000 JavaThread "Common-Cleaner" daemon [_thread_blocked, id=6676, stack(0x000000fa1ac00000,0x000000fa1ad00000)]
  0x00000238494a0800 JavaThread "Daemon health stats" [_thread_blocked, id=6516, stack(0x000000fa1b200000,0x000000fa1b300000)]
  0x000002384809a000 JavaThread "Incoming local TCP Connector on port 50500" [_thread_in_native, id=4048, stack(0x000000fa1ae00000,0x000000fa1af00000)]
  0x000002384809d000 JavaThread "Daemon periodic checks" [_thread_blocked, id=2980, stack(0x000000fa1af00000,0x000000fa1b000000)]
  0x0000023849e80000 JavaThread "Daemon" [_thread_blocked, id=4068, stack(0x000000fa1b300000,0x000000fa1b400000)]
  0x000002384a8d5000 JavaThread "Handler for socket connection from /127.0.0.1:50500 to /127.0.0.1:50501" [_thread_in_native, id=1448, stack(0x000000fa1b400000,0x000000fa1b500000)]
  0x0000023848ee4800 JavaThread "Cancel handler" [_thread_blocked, id=7468, stack(0x000000fa1b500000,0x000000fa1b600000)]
  0x0000023849b99800 JavaThread "Daemon worker" [_thread_in_vm, id=3656, stack(0x000000fa1b600000,0x000000fa1b700000)]
  0x000002384b40e000 JavaThread "C2 CompilerThread1" daemon [_thread_blocked, id=5704, stack(0x000000fa1b700000,0x000000fa1b800000)]
  0x0000023848c86800 JavaThread "Asynchronous log dispatcher for DefaultDaemonConnection: socket connection from /127.0.0.1:50500 to /127.0.0.1:50501" [_thread_blocked, id=392, stack(0x000000fa1b800000,0x000000fa1b900000)]
  0x000002384948c000 JavaThread "Stdin handler" [_thread_blocked, id=5436, stack(0x000000fa1b900000,0x000000fa1ba00000)]
  0x0000023848f8c000 JavaThread "Daemon client event forwarder" [_thread_blocked, id=1376, stack(0x000000fa1ba00000,0x000000fa1bb00000)]
  0x0000023848f8d000 JavaThread "Cache worker for file hash cache (C:\Users\Siddhi Anil Bairagi\.gradle\caches\7.0.2\fileHashes)" [_thread_blocked, id=6312, stack(0x000000fa1c000000,0x000000fa1c100000)]
  0x0000023848f8a800 JavaThread "File lock request listener" [_thread_in_native, id=6000, stack(0x000000fa1c100000,0x000000fa1c200000)]
  0x0000023848f8b800 JavaThread "Cache worker for journal cache (C:\Users\Siddhi Anil Bairagi\.gradle\caches\journal-1)" [_thread_blocked, id=4296, stack(0x000000fa1c300000,0x000000fa1c400000)]
  0x000002384b233800 JavaThread "C2 CompilerThread2" daemon [_thread_blocked, id=6376, stack(0x000000fa1c400000,0x000000fa1c500000)]
  0x000002384b2d0800 JavaThread "Cache worker for file hash cache (C:\Users\Siddhi Anil Bairagi\StudioProjects\BSRDigiCoin\.gradle\7.0.2\fileHashes)" [_thread_blocked, id=2768, stack(0x000000fa1c500000,0x000000fa1c600000)]
  0x000002384b2ce000 JavaThread "File watcher server" daemon [_thread_in_native, id=884, stack(0x000000fa1c600000,0x000000fa1c700000)]
  0x000002384b2cf800 JavaThread "File watcher consumer" daemon [_thread_blocked, id=4132, stack(0x000000fa1c700000,0x000000fa1c800000)]
  0x000002384b2cf000 JavaThread "Cache worker for checksums cache (C:\Users\Siddhi Anil Bairagi\StudioProjects\BSRDigiCoin\.gradle\checksums)" [_thread_blocked, id=3552, stack(0x000000fa1c800000,0x000000fa1c900000)]
  0x000002384b2d1800 JavaThread "Cache worker for cache directory md-supplier (C:\Users\Siddhi Anil Bairagi\.gradle\caches\7.0.2\md-supplier)" [_thread_blocked, id=7184, stack(0x000000fa1c900000,0x000000fa1ca00000)]
  0x000002384b2cd000 JavaThread "Cache worker for cache directory md-rule (C:\Users\Siddhi Anil Bairagi\.gradle\caches\7.0.2\md-rule)" [_thread_blocked, id=7320, stack(0x000000fa1ca00000,0x000000fa1cb00000)]
  0x000002384b2cb800 JavaThread "Cache worker for execution history cache (C:\Users\Siddhi Anil Bairagi\.gradle\caches\7.0.2\executionHistory)" [_thread_blocked, id=8172, stack(0x000000fa1cb00000,0x000000fa1cc00000)]

Other Threads:
  0x000002384735c800 VMThread "VM Thread" [stack: 0x000000fa1a300000,0x000000fa1a400000] [id=4356]
  0x0000023847e3f000 WatcherThread [stack: 0x000000fa1ad00000,0x000000fa1ae00000] [id=2816]
  0x000002382af32800 GCTaskThread "GC Thread#0" [stack: 0x000000fa19e00000,0x000000fa19f00000] [id=2324]
  0x00000238486b0800 GCTaskThread "GC Thread#1" [stack: 0x000000fa1b000000,0x000000fa1b100000] [id=1832]
  0x0000023848887000 GCTaskThread "GC Thread#2" [stack: 0x000000fa1b100000,0x000000fa1b200000] [id=4420]
  0x0000023848721000 GCTaskThread "GC Thread#3" [stack: 0x000000fa1bb00000,0x000000fa1bc00000] [id=7028]
  0x000002384a468800 GCTaskThread "GC Thread#4" [stack: 0x000000fa1bc00000,0x000000fa1bd00000] [id=3732]
  0x0000023848ebe000 GCTaskThread "GC Thread#5" [stack: 0x000000fa1bd00000,0x000000fa1be00000] [id=4316]
  0x0000023848a82800 GCTaskThread "GC Thread#6" [stack: 0x000000fa1be00000,0x000000fa1bf00000] [id=4868]
  0x000002384ad6c800 GCTaskThread "GC Thread#7" [stack: 0x000000fa1bf00000,0x000000fa1c000000] [id=6212]
  0x000002382af66800 ConcurrentGCThread "G1 Main Marker" [stack: 0x000000fa19f00000,0x000000fa1a000000] [id=972]
  0x000002382af68800 ConcurrentGCThread "G1 Conc#0" [stack: 0x000000fa1a000000,0x000000fa1a100000] [id=916]
  0x000002384a9fc800 ConcurrentGCThread "G1 Conc#1" [stack: 0x000000fa1c200000,0x000000fa1c300000] [id=4300]
  0x00000238471b0800 ConcurrentGCThread "G1 Refine#0" [stack: 0x000000fa1a100000,0x000000fa1a200000] [id=5364]
  0x00000238471b1800 ConcurrentGCThread "G1 Young RemSet Sampling" [stack: 0x000000fa1a200000,0x000000fa1a300000] [id=5980]

Threads with active compile tasks:
C2 CompilerThread0   2684 2655       4       jdk.internal.loader.URLClassPath::getResource (74 bytes)

VM state:not at safepoint (normal execution)

VM Mutex/Monitor currently owned by a thread: None

Heap address: 0x0000000080000000, size: 2048 MB, Compressed Oops mode: 32-bit
Narrow klass base: 0x0000000000000000, Narrow klass shift: 3
Compressed class space size: 1073741824 Address: 0x0000000100000000

Heap:
 garbage-first heap   total 129024K, used 71716K [0x0000000080000000, 0x0000000100000000)
  region size 1024K, 56 young (57344K), 3 survivors (3072K)
 Metaspace       used 34957K, capacity 35802K, committed 35840K, reserved 1081344K
  class space    used 4534K, capacity 4832K, committed 4864K, reserved 1048576K
Heap Regions: E=young(eden), S=young(survivor), O=old, HS=humongous(starts), HC=humongous(continues), CS=collection set, F=free, A=archive, TAMS=top-at-mark-start (previous, next)
|   0|0x0000000080000000, 0x0000000080100000, 0x0000000080100000|100%| O|  |TAMS 0x0000000080100000, 0x0000000080000000| Untracked 
|   1|0x0000000080100000, 0x0000000080200000, 0x0000000080200000|100%| O|  |TAMS 0x0000000080200000, 0x0000000080100000| Untracked 
|   2|0x0000000080200000, 0x0000000080300000, 0x0000000080300000|100%| O|  |TAMS 0x0000000080300000, 0x0000000080200000| Untracked 
|   3|0x0000000080300000, 0x0000000080400000, 0x0000000080400000|100%|HS|  |TAMS 0x0000000080400000, 0x0000000080300000| Complete 
|   4|0x0000000080400000, 0x0000000080500000, 0x0000000080500000|100%|HC|  |TAMS 0x0000000080500000, 0x0000000080400000| Complete 
|   5|0x0000000080500000, 0x0000000080600000, 0x0000000080600000|100%|HC|  |TAMS 0x0000000080600000, 0x0000000080500000| Complete 
|   6|0x0000000080600000, 0x0000000080700000, 0x0000000080700000|100%| O|  |TAMS 0x0000000080700000, 0x0000000080600000| Untracked 
|   7|0x0000000080700000, 0x0000000080800000, 0x0000000080800000|100%| O|  |TAMS 0x0000000080800000, 0x0000000080700000| Untracked 
|   8|0x0000000080800000, 0x0000000080900000, 0x0000000080900000|100%| O|  |TAMS 0x0000000080900000, 0x0000000080800000| Untracked 
|   9|0x0000000080900000, 0x0000000080a00000, 0x0000000080a00000|100%| O|  |TAMS 0x0000000080a00000, 0x0000000080900000| Untracked 
|  10|0x0000000080a00000, 0x0000000080b00000, 0x0000000080b00000|100%| O|  |TAMS 0x0000000080b00000, 0x0000000080a00000| Untracked 
|  11|0x0000000080b00000, 0x0000000080c00000, 0x0000000080c00000|100%| O|  |TAMS 0x0000000080c00000, 0x0000000080b00000| Untracked 
|  12|0x0000000080c00000, 0x0000000080d00000, 0x0000000080d00000|100%| O|  |TAMS 0x0000000080d00000, 0x0000000080c00000| Untracked 
|  13|0x0000000080d00000, 0x0000000080e00000, 0x0000000080e00000|100%| O|  |TAMS 0x0000000080e00000, 0x0000000080d00000| Untracked 
|  14|0x0000000080e00000, 0x0000000080f00000, 0x0000000080f00000|100%| O|  |TAMS 0x0000000080f00000, 0x0000000080e00000| Untracked 
|  15|0x0000000080f00000, 0x0000000080f72c00, 0x0000000081000000| 44%| O|  |TAMS 0x0000000080f72c00, 0x0000000080f00000| Untracked 
|  16|0x0000000081000000, 0x0000000081000000, 0x0000000081100000|  0%| F|  |TAMS 0x0000000081000000, 0x0000000081000000| Untracked 
|  17|0x0000000081100000, 0x0000000081100000, 0x0000000081200000|  0%| F|  |TAMS 0x0000000081100000, 0x0000000081100000| Untracked 
|  18|0x0000000081200000, 0x0000000081200000, 0x0000000081300000|  0%| F|  |TAMS 0x0000000081200000, 0x0000000081200000| Untracked 
|  19|0x0000000081300000, 0x0000000081300000, 0x0000000081400000|  0%| F|  |TAMS 0x0000000081300000, 0x0000000081300000| Untracked 
|  20|0x0000000081400000, 0x0000000081400000, 0x0000000081500000|  0%| F|  |TAMS 0x0000000081400000, 0x0000000081400000| Untracked 
|  21|0x0000000081500000, 0x0000000081500000, 0x0000000081600000|  0%| F|  |TAMS 0x0000000081500000, 0x0000000081500000| Untracked 
|  22|0x0000000081600000, 0x0000000081600000, 0x0000000081700000|  0%| F|  |TAMS 0x0000000081600000, 0x0000000081600000| Untracked 
|  23|0x0000000081700000, 0x0000000081700000, 0x0000000081800000|  0%| F|  |TAMS 0x0000000081700000, 0x0000000081700000| Untracked 
|  24|0x0000000081800000, 0x0000000081800000, 0x0000000081900000|  0%| F|  |TAMS 0x0000000081800000, 0x0000000081800000| Untracked 
|  25|0x0000000081900000, 0x0000000081900000, 0x0000000081a00000|  0%| F|  |TAMS 0x0000000081900000, 0x0000000081900000| Untracked 
|  26|0x0000000081a00000, 0x0000000081a00000, 0x0000000081b00000|  0%| F|  |TAMS 0x0000000081a00000, 0x0000000081a00000| Untracked 
|  27|0x0000000081b00000, 0x0000000081b00000, 0x0000000081c00000|  0%| F|  |TAMS 0x0000000081b00000, 0x0000000081b00000| Untracked 
|  28|0x0000000081c00000, 0x0000000081c00000, 0x0000000081d00000|  0%| F|  |TAMS 0x0000000081c00000, 0x0000000081c00000| Untracked 
|  29|0x0000000081d00000, 0x0000000081d00000, 0x0000000081e00000|  0%| F|  |TAMS 0x0000000081d00000, 0x0000000081d00000| Untracked 
|  30|0x0000000081e00000, 0x0000000081e00000, 0x0000000081f00000|  0%| F|  |TAMS 0x0000000081e00000, 0x0000000081e00000| Untracked 
|  31|0x0000000081f00000, 0x0000000081f00000, 0x0000000082000000|  0%| F|  |TAMS 0x0000000081f00000, 0x0000000081f00000| Untracked 
|  32|0x0000000082000000, 0x0000000082000000, 0x0000000082100000|  0%| F|  |TAMS 0x0000000082000000, 0x0000000082000000| Untracked 
|  33|0x0000000082100000, 0x0000000082100000, 0x0000000082200000|  0%| F|  |TAMS 0x0000000082100000, 0x0000000082100000| Untracked 
|  34|0x0000000082200000, 0x0000000082200000, 0x0000000082300000|  0%| F|  |TAMS 0x0000000082200000, 0x0000000082200000| Untracked 
|  35|0x0000000082300000, 0x0000000082300000, 0x0000000082400000|  0%| F|  |TAMS 0x0000000082300000, 0x0000000082300000| Untracked 
|  36|0x0000000082400000, 0x0000000082400000, 0x0000000082500000|  0%| F|  |TAMS 0x0000000082400000, 0x0000000082400000| Untracked 
|  37|0x0000000082500000, 0x0000000082500000, 0x0000000082600000|  0%| F|  |TAMS 0x0000000082500000, 0x0000000082500000| Untracked 
|  38|0x0000000082600000, 0x0000000082600000, 0x0000000082700000|  0%| F|  |TAMS 0x0000000082600000, 0x0000000082600000| Untracked 
|  39|0x0000000082700000, 0x0000000082700000, 0x0000000082800000|  0%| F|  |TAMS 0x0000000082700000, 0x0000000082700000| Untracked 
|  40|0x0000000082800000, 0x0000000082800000, 0x0000000082900000|  0%| F|  |TAMS 0x0000000082800000, 0x0000000082800000| Untracked 
|  41|0x0000000082900000, 0x0000000082900000, 0x0000000082a00000|  0%| F|  |TAMS 0x0000000082900000, 0x0000000082900000| Untracked 
|  42|0x0000000082a00000, 0x0000000082a00000, 0x0000000082b00000|  0%| F|  |TAMS 0x0000000082a00000, 0x0000000082a00000| Untracked 
|  43|0x0000000082b00000, 0x0000000082b00000, 0x0000000082c00000|  0%| F|  |TAMS 0x0000000082b00000, 0x0000000082b00000| Untracked 
|  44|0x0000000082c00000, 0x0000000082c00000, 0x0000000082d00000|  0%| F|  |TAMS 0x0000000082c00000, 0x0000000082c00000| Untracked 
|  45|0x0000000082d00000, 0x0000000082d00000, 0x0000000082e00000|  0%| F|  |TAMS 0x0000000082d00000, 0x0000000082d00000| Untracked 
|  46|0x0000000082e00000, 0x0000000082e00000, 0x0000000082f00000|  0%| F|  |TAMS 0x0000000082e00000, 0x0000000082e00000| Untracked 
|  47|0x0000000082f00000, 0x0000000082f00000, 0x0000000083000000|  0%| F|  |TAMS 0x0000000082f00000, 0x0000000082f00000| Untracked 
|  48|0x0000000083000000, 0x0000000083000000, 0x0000000083100000|  0%| F|  |TAMS 0x0000000083000000, 0x0000000083000000| Untracked 
|  49|0x0000000083100000, 0x0000000083100000, 0x0000000083200000|  0%| F|  |TAMS 0x0000000083100000, 0x0000000083100000| Untracked 
|  50|0x0000000083200000, 0x0000000083200000, 0x0000000083300000|  0%| F|  |TAMS 0x0000000083200000, 0x0000000083200000| Untracked 
|  51|0x0000000083300000, 0x0000000083300000, 0x0000000083400000|  0%| F|  |TAMS 0x0000000083300000, 0x0000000083300000| Untracked 
|  52|0x0000000083400000, 0x0000000083400000, 0x0000000083500000|  0%| F|  |TAMS 0x0000000083400000, 0x0000000083400000| Untracked 
|  53|0x0000000083500000, 0x0000000083500000, 0x0000000083600000|  0%| F|  |TAMS 0x0000000083500000, 0x0000000083500000| Untracked 
|  54|0x0000000083600000, 0x0000000083600000, 0x0000000083700000|  0%| F|  |TAMS 0x0000000083600000, 0x0000000083600000| Untracked 
|  55|0x0000000083700000, 0x0000000083700000, 0x0000000083800000|  0%| F|  |TAMS 0x0000000083700000, 0x0000000083700000| Untracked 
|  56|0x0000000083800000, 0x0000000083800000, 0x0000000083900000|  0%| F|  |TAMS 0x0000000083800000, 0x0000000083800000| Untracked 
|  57|0x0000000083900000, 0x0000000083900000, 0x0000000083a00000|  0%| F|  |TAMS 0x0000000083900000, 0x0000000083900000| Untracked 
|  58|0x0000000083a00000, 0x0000000083a00000, 0x0000000083b00000|  0%| F|  |TAMS 0x0000000083a00000, 0x0000000083a00000| Untracked 
|  59|0x0000000083b00000, 0x0000000083b00000, 0x0000000083c00000|  0%| F|  |TAMS 0x0000000083b00000, 0x0000000083b00000| Untracked 
|  60|0x0000000083c00000, 0x0000000083c00000, 0x0000000083d00000|  0%| F|  |TAMS 0x0000000083c00000, 0x0000000083c00000| Untracked 
|  61|0x0000000083d00000, 0x0000000083d00000, 0x0000000083e00000|  0%| F|  |TAMS 0x0000000083d00000, 0x0000000083d00000| Untracked 
|  62|0x0000000083e00000, 0x0000000083e00000, 0x0000000083f00000|  0%| F|  |TAMS 0x0000000083e00000, 0x0000000083e00000| Untracked 
|  63|0x0000000083f00000, 0x0000000083f00000, 0x0000000084000000|  0%| F|  |TAMS 0x0000000083f00000, 0x0000000083f00000| Untracked 
|  64|0x0000000084000000, 0x0000000084000000, 0x0000000084100000|  0%| F|  |TAMS 0x0000000084000000, 0x0000000084000000| Untracked 
|  65|0x0000000084100000, 0x0000000084100000, 0x0000000084200000|  0%| F|  |TAMS 0x0000000084100000, 0x0000000084100000| Untracked 
|  66|0x0000000084200000, 0x0000000084200000, 0x0000000084300000|  0%| F|  |TAMS 0x0000000084200000, 0x0000000084200000| Untracked 
|  67|0x0000000084300000, 0x0000000084396788, 0x0000000084400000| 58%| S|CS|TAMS 0x0000000084300000, 0x0000000084300000| Complete 
|  68|0x0000000084400000, 0x0000000084500000, 0x0000000084500000|100%| S|CS|TAMS 0x0000000084400000, 0x0000000084400000| Complete 
|  69|0x0000000084500000, 0x0000000084600000, 0x0000000084600000|100%| S|CS|TAMS 0x0000000084500000, 0x0000000084500000| Complete 
|  70|0x0000000084600000, 0x0000000084600000, 0x0000000084700000|  0%| F|  |TAMS 0x0000000084600000, 0x0000000084600000| Untracked 
|  71|0x0000000084700000, 0x0000000084700000, 0x0000000084800000|  0%| F|  |TAMS 0x0000000084700000, 0x0000000084700000| Untracked 
|  72|0x0000000084800000, 0x0000000084800000, 0x0000000084900000|  0%| F|  |TAMS 0x0000000084800000, 0x0000000084800000| Untracked 
|  73|0x0000000084900000, 0x00000000849bdf20, 0x0000000084a00000| 74%| E|  |TAMS 0x0000000084900000, 0x0000000084900000| Complete 
|  74|0x0000000084a00000, 0x0000000084b00000, 0x0000000084b00000|100%| E|CS|TAMS 0x0000000084a00000, 0x0000000084a00000| Complete 
|  75|0x0000000084b00000, 0x0000000084c00000, 0x0000000084c00000|100%| E|CS|TAMS 0x0000000084b00000, 0x0000000084b00000| Complete 
|  76|0x0000000084c00000, 0x0000000084d00000, 0x0000000084d00000|100%| E|CS|TAMS 0x0000000084c00000, 0x0000000084c00000| Complete 
|  77|0x0000000084d00000, 0x0000000084e00000, 0x0000000084e00000|100%| E|CS|TAMS 0x0000000084d00000, 0x0000000084d00000| Complete 
|  78|0x0000000084e00000, 0x0000000084f00000, 0x0000000084f00000|100%| E|CS|TAMS 0x0000000084e00000, 0x0000000084e00000| Complete 
|  79|0x0000000084f00000, 0x0000000085000000, 0x0000000085000000|100%| E|CS|TAMS 0x0000000084f00000, 0x0000000084f00000| Complete 
|  80|0x0000000085000000, 0x0000000085100000, 0x0000000085100000|100%| E|CS|TAMS 0x0000000085000000, 0x0000000085000000| Complete 
|  81|0x0000000085100000, 0x0000000085200000, 0x0000000085200000|100%| E|CS|TAMS 0x0000000085100000, 0x0000000085100000| Complete 
|  82|0x0000000085200000, 0x0000000085300000, 0x0000000085300000|100%| E|CS|TAMS 0x0000000085200000, 0x0000000085200000| Complete 
|  83|0x0000000085300000, 0x0000000085400000, 0x0000000085400000|100%| E|CS|TAMS 0x0000000085300000, 0x0000000085300000| Complete 
|  84|0x0000000085400000, 0x0000000085500000, 0x0000000085500000|100%| E|CS|TAMS 0x0000000085400000, 0x0000000085400000| Complete 
|  85|0x0000000085500000, 0x0000000085600000, 0x0000000085600000|100%| E|CS|TAMS 0x0000000085500000, 0x0000000085500000| Complete 
|  86|0x0000000085600000, 0x0000000085700000, 0x0000000085700000|100%| E|CS|TAMS 0x0000000085600000, 0x0000000085600000| Complete 
|  87|0x0000000085700000, 0x0000000085800000, 0x0000000085800000|100%| E|CS|TAMS 0x0000000085700000, 0x0000000085700000| Complete 
|  88|0x0000000085800000, 0x0000000085900000, 0x0000000085900000|100%| E|CS|TAMS 0x0000000085800000, 0x0000000085800000| Complete 
|  89|0x0000000085900000, 0x0000000085a00000, 0x0000000085a00000|100%| E|CS|TAMS 0x0000000085900000, 0x0000000085900000| Complete 
|  90|0x0000000085a00000, 0x0000000085b00000, 0x0000000085b00000|100%| E|CS|TAMS 0x0000000085a00000, 0x0000000085a00000| Complete 
|  91|0x0000000085b00000, 0x0000000085c00000, 0x0000000085c00000|100%| E|CS|TAMS 0x0000000085b00000, 0x0000000085b00000| Complete 
|  92|0x0000000085c00000, 0x0000000085d00000, 0x0000000085d00000|100%| E|CS|TAMS 0x0000000085c00000, 0x0000000085c00000| Complete 
|  93|0x0000000085d00000, 0x0000000085e00000, 0x0000000085e00000|100%| E|CS|TAMS 0x0000000085d00000, 0x0000000085d00000| Complete 
|  94|0x0000000085e00000, 0x0000000085f00000, 0x0000000085f00000|100%| E|CS|TAMS 0x0000000085e00000, 0x0000000085e00000| Complete 
|  95|0x0000000085f00000, 0x0000000086000000, 0x0000000086000000|100%| E|CS|TAMS 0x0000000085f00000, 0x0000000085f00000| Complete 
|  96|0x0000000086000000, 0x0000000086100000, 0x0000000086100000|100%| E|CS|TAMS 0x0000000086000000, 0x0000000086000000| Complete 
|  97|0x0000000086100000, 0x0000000086200000, 0x0000000086200000|100%| E|CS|TAMS 0x0000000086100000, 0x0000000086100000| Complete 
|  98|0x0000000086200000, 0x0000000086300000, 0x0000000086300000|100%| E|CS|TAMS 0x0000000086200000, 0x0000000086200000| Complete 
|  99|0x0000000086300000, 0x0000000086400000, 0x0000000086400000|100%| E|CS|TAMS 0x0000000086300000, 0x0000000086300000| Complete 
| 100|0x0000000086400000, 0x0000000086500000, 0x0000000086500000|100%| E|CS|TAMS 0x0000000086400000, 0x0000000086400000| Complete 
| 101|0x0000000086500000, 0x0000000086600000, 0x0000000086600000|100%| E|CS|TAMS 0x0000000086500000, 0x0000000086500000| Complete 
| 102|0x0000000086600000, 0x0000000086700000, 0x0000000086700000|100%| E|CS|TAMS 0x0000000086600000, 0x0000000086600000| Complete 
| 103|0x0000000086700000, 0x0000000086800000, 0x0000000086800000|100%| E|CS|TAMS 0x0000000086700000, 0x0000000086700000| Complete 
| 104|0x0000000086800000, 0x0000000086900000, 0x0000000086900000|100%| E|CS|TAMS 0x0000000086800000, 0x0000000086800000| Complete 
| 105|0x0000000086900000, 0x0000000086a00000, 0x0000000086a00000|100%| E|CS|TAMS 0x0000000086900000, 0x0000000086900000| Complete 
| 106|0x0000000086a00000, 0x0000000086b00000, 0x0000000086b00000|100%| E|CS|TAMS 0x0000000086a00000, 0x0000000086a00000| Complete 
| 107|0x0000000086b00000, 0x0000000086c00000, 0x0000000086c00000|100%| E|CS|TAMS 0x0000000086b00000, 0x0000000086b00000| Complete 
| 108|0x0000000086c00000, 0x0000000086d00000, 0x0000000086d00000|100%| E|CS|TAMS 0x0000000086c00000, 0x0000000086c00000| Complete 
| 109|0x0000000086d00000, 0x0000000086e00000, 0x0000000086e00000|100%| E|CS|TAMS 0x0000000086d00000, 0x0000000086d00000| Complete 
| 110|0x0000000086e00000, 0x0000000086f00000, 0x0000000086f00000|100%| E|CS|TAMS 0x0000000086e00000, 0x0000000086e00000| Complete 
| 111|0x0000000086f00000, 0x0000000087000000, 0x0000000087000000|100%| E|CS|TAMS 0x0000000086f00000, 0x0000000086f00000| Complete 
| 112|0x0000000087000000, 0x0000000087100000, 0x0000000087100000|100%| E|CS|TAMS 0x0000000087000000, 0x0000000087000000| Complete 
| 113|0x0000000087100000, 0x0000000087200000, 0x0000000087200000|100%| E|CS|TAMS 0x0000000087100000, 0x0000000087100000| Complete 
| 114|0x0000000087200000, 0x0000000087300000, 0x0000000087300000|100%| E|CS|TAMS 0x0000000087200000, 0x0000000087200000| Complete 
| 115|0x0000000087300000, 0x0000000087400000, 0x0000000087400000|100%| E|CS|TAMS 0x0000000087300000, 0x0000000087300000| Complete 
| 116|0x0000000087400000, 0x0000000087500000, 0x0000000087500000|100%| E|CS|TAMS 0x0000000087400000, 0x0000000087400000| Complete 
| 117|0x0000000087500000, 0x0000000087600000, 0x0000000087600000|100%| E|CS|TAMS 0x0000000087500000, 0x0000000087500000| Complete 
| 118|0x0000000087600000, 0x0000000087700000, 0x0000000087700000|100%| E|CS|TAMS 0x0000000087600000, 0x0000000087600000| Complete 
| 119|0x0000000087700000, 0x0000000087800000, 0x0000000087800000|100%| E|CS|TAMS 0x0000000087700000, 0x0000000087700000| Complete 
| 120|0x0000000087800000, 0x0000000087900000, 0x0000000087900000|100%| E|CS|TAMS 0x0000000087800000, 0x0000000087800000| Complete 
| 121|0x0000000087900000, 0x0000000087a00000, 0x0000000087a00000|100%| E|CS|TAMS 0x0000000087900000, 0x0000000087900000| Complete 
| 122|0x0000000087a00000, 0x0000000087b00000, 0x0000000087b00000|100%| E|CS|TAMS 0x0000000087a00000, 0x0000000087a00000| Complete 
| 123|0x0000000087b00000, 0x0000000087c00000, 0x0000000087c00000|100%| E|CS|TAMS 0x0000000087b00000, 0x0000000087b00000| Complete 
| 124|0x0000000087c00000, 0x0000000087d00000, 0x0000000087d00000|100%| E|CS|TAMS 0x0000000087c00000, 0x0000000087c00000| Complete 
| 125|0x0000000087d00000, 0x0000000087e00000, 0x0000000087e00000|100%| E|CS|TAMS 0x0000000087d00000, 0x0000000087d00000| Complete 

Card table byte_map: [0x0000023840090000,0x0000023840490000] _byte_map_base: 0x000002383fc90000

Marking Bits (Prev, Next): (CMBitMap*) 0x000002382af5d7d0, (CMBitMap*) 0x000002382af5d798
 Prev Bits: [0x0000023842890000, 0x0000023844890000)
 Next Bits: [0x0000023840890000, 0x0000023842890000)

Polling page: 0x000002382b000000

Metaspace:

Usage:
  Non-class:     30.24 MB capacity,    29.73 MB ( 98%) used,   454.60 KB (  1%) free+waste,    73.94 KB ( <1%) overhead. 
      Class:      4.72 MB capacity,     4.43 MB ( 94%) used,   260.24 KB (  5%) free+waste,    36.31 KB ( <1%) overhead. 
       Both:     34.96 MB capacity,    34.16 MB ( 98%) used,   714.84 KB (  2%) free+waste,   110.25 KB ( <1%) overhead. 

Virtual space:
  Non-class space:       32.00 MB reserved,      30.25 MB ( 95%) committed 
      Class space:        1.00 GB reserved,       4.75 MB ( <1%) committed 
             Both:        1.03 GB reserved,      35.00 MB (  3%) committed 

Chunk freelists:
   Non-Class:  6.00 KB
       Class:  0 bytes
        Both:  6.00 KB

MaxMetaspaceSize: 17179869184.00 GB
CompressedClassSpaceSize: 1.00 GB

CodeHeap 'non-profiled nmethods': size=120000Kb used=1515Kb max_used=1515Kb free=118484Kb
 bounds [0x0000023837d00000, 0x0000023837f70000, 0x000002383f230000]
CodeHeap 'profiled nmethods': size=120000Kb used=5938Kb max_used=5938Kb free=114061Kb
 bounds [0x00000238307d0000, 0x0000023830da0000, 0x0000023837d00000]
CodeHeap 'non-nmethods': size=5760Kb used=1173Kb max_used=1216Kb free=4586Kb
 bounds [0x0000023830230000, 0x00000238304a0000, 0x00000238307d0000]
 total_blobs=3358 nmethods=2837 adapters=432
 compilation: enabled
              stopped_count=0, restarted_count=0
 full_count=0

Compilation events (20 events):
Event: 2.661 Thread 0x0000023847cf1000 nmethod 2829 0x0000023837e77a10 code [0x0000023837e77bc0, 0x0000023837e77c78]
Event: 2.661 Thread 0x000002384b233800 2830       4       java.lang.Throwable::<init> (39 bytes)
Event: 2.662 Thread 0x000002384b40e000 nmethod 2809 0x0000023837e77d10 code [0x0000023837e78000, 0x0000023837e78c98]
Event: 2.662 Thread 0x0000023847cf1000 2831       1       groovy.lang.MetaProperty::getName (5 bytes)
Event: 2.662 Thread 0x0000023847cf1000 nmethod 2831 0x0000023837e79a90 code [0x0000023837e79c40, 0x0000023837e79cf8]
Event: 2.662 Thread 0x0000023847cf1000 2832       3       org.codehaus.groovy.reflection.CachedMethod::getReturnType (8 bytes)
Event: 2.662 Thread 0x0000023847cf1000 nmethod 2832 0x0000023830d98a10 code [0x0000023830d98bc0, 0x0000023830d98cd8]
Event: 2.662 Thread 0x0000023847cf1000 2833       3       java.beans.MethodRef::get (91 bytes)
Event: 2.662 Thread 0x000002384b40e000 2835       4       java.util.AbstractCollection::addAll (42 bytes)
Event: 2.662 Thread 0x0000023847cf1000 nmethod 2833 0x0000023830d98d90 code [0x0000023830d99000, 0x0000023830d99bb8]
Event: 2.662 Thread 0x0000023847cf1000 2834       3       org.codehaus.groovy.util.ReferenceManager$CallBackedManager::removeStallEntries0 (51 bytes)
Event: 2.663 Thread 0x0000023847cf1000 nmethod 2834 0x0000023830d99e90 code [0x0000023830d9a0c0, 0x0000023830d9a998]
Event: 2.663 Thread 0x0000023847cf1000 2836       3       org.codehaus.groovy.util.ComplexKeyHashMap::hash (31 bytes)
Event: 2.663 Thread 0x0000023847cf1000 nmethod 2836 0x0000023830d9ac10 code [0x0000023830d9adc0, 0x0000023830d9aeb8]
Event: 2.663 Thread 0x0000023847cf1000 2837       3       org.codehaus.groovy.util.SingleKeyHashMap::getOrPut (137 bytes)
Event: 2.663 Thread 0x0000023847cf1000 nmethod 2837 0x0000023830d9af90 code [0x0000023830d9b1e0, 0x0000023830d9bd48]
Event: 2.665 Thread 0x000002384b40e000 nmethod 2835 0x0000023837e79d90 code [0x0000023837e79f40, 0x0000023837e7a0c8]
Event: 2.665 Thread 0x0000023847cf1000 2838       3       java.lang.invoke.DirectMethodHandle$Holder::invokeStatic (15 bytes)
Event: 2.665 Thread 0x0000023847cf1000 nmethod 2838 0x0000023830d9c090 code [0x0000023830d9c260, 0x0000023830d9c698]
Event: 2.665 Thread 0x000002384b233800 nmethod 2830 0x0000023837e7a310 code [0x0000023837e7a4c0, 0x0000023837e7aca8]

GC Heap History (8 events):
Event: 0.609 GC heap before
{Heap before GC invocations=0 (full 0):
 garbage-first heap   total 129024K, used 29696K [0x0000000080000000, 0x0000000100000000)
  region size 1024K, 24 young (24576K), 0 survivors (0K)
 Metaspace       used 10199K, capacity 10431K, committed 10624K, reserved 1058816K
  class space    used 1064K, capacity 1141K, committed 1152K, reserved 1048576K
}
Event: 0.612 GC heap after
{Heap after GC invocations=1 (full 0):
 garbage-first heap   total 129024K, used 9125K [0x0000000080000000, 0x0000000100000000)
  region size 1024K, 3 young (3072K), 3 survivors (3072K)
 Metaspace       used 10199K, capacity 10431K, committed 10624K, reserved 1058816K
  class space    used 1064K, capacity 1141K, committed 1152K, reserved 1048576K
}
Event: 1.574 GC heap before
{Heap before GC invocations=1 (full 0):
 garbage-first heap   total 129024K, used 82853K [0x0000000080000000, 0x0000000100000000)
  region size 1024K, 75 young (76800K), 3 survivors (3072K)
 Metaspace       used 17647K, capacity 18096K, committed 18176K, reserved 1064960K
  class space    used 2078K, capacity 2238K, committed 2304K, reserved 1048576K
}
Event: 1.580 GC heap after
{Heap after GC invocations=2 (full 0):
 garbage-first heap   total 129024K, used 15946K [0x0000000080000000, 0x0000000100000000)
  region size 1024K, 10 young (10240K), 10 survivors (10240K)
 Metaspace       used 17647K, capacity 18096K, committed 18176K, reserved 1064960K
  class space    used 2078K, capacity 2238K, committed 2304K, reserved 1048576K
}
Event: 1.759 GC heap before
{Heap before GC invocations=2 (full 0):
 garbage-first heap   total 129024K, used 40522K [0x0000000080000000, 0x0000000100000000)
  region size 1024K, 35 young (35840K), 10 survivors (10240K)
 Metaspace       used 20620K, capacity 21128K, committed 21248K, reserved 1067008K
  class space    used 2521K, capacity 2722K, committed 2816K, reserved 1048576K
}
Event: 1.764 GC heap after
{Heap after GC invocations=3 (full 0):
 garbage-first heap   total 129024K, used 16810K [0x0000000080000000, 0x0000000100000000)
  region size 1024K, 1 young (1024K), 1 survivors (1024K)
 Metaspace       used 20620K, capacity 21128K, committed 21248K, reserved 1067008K
  class space    used 2521K, capacity 2722K, committed 2816K, reserved 1048576K
}
Event: 2.165 GC heap before
{Heap before GC invocations=4 (full 0):
 garbage-first heap   total 129024K, used 72106K [0x0000000080000000, 0x0000000100000000)
  region size 1024K, 56 young (57344K), 1 survivors (1024K)
 Metaspace       used 26093K, capacity 26693K, committed 26752K, reserved 1073152K
  class space    used 3422K, capacity 3667K, committed 3712K, reserved 1048576K
}
Event: 2.168 GC heap after
{Heap after GC invocations=5 (full 0):
 garbage-first heap   total 129024K, used 18468K [0x0000000080000000, 0x0000000100000000)
  region size 1024K, 3 young (3072K), 3 survivors (3072K)
 Metaspace       used 26093K, capacity 26693K, committed 26752K, reserved 1073152K
  class space    used 3422K, capacity 3667K, committed 3712K, reserved 1048576K
}

Deoptimization events (20 events):
Event: 2.256 Thread 0x0000023849b99800 DEOPT PACKING pc=0x0000023837d43c2c sp=0x000000fa1b6f9050
Event: 2.256 Thread 0x0000023849b99800 DEOPT UNPACKING pc=0x00000238302578af sp=0x000000fa1b6f8fe8 mode 2
Event: 2.401 Thread 0x0000023849b99800 Uncommon trap: trap_request=0xffffff4d fr.pc=0x0000023837e43404 relative=0x00000000000001a4
Event: 2.401 Thread 0x0000023849b99800 Uncommon trap: reason=unstable_if action=reinterpret pc=0x0000023837e43404 method=java.util.regex.Pattern$BmpCharProperty.match(Ljava/util/regex/Matcher;ILjava/lang/CharSequence;)Z @ 39 c2
Event: 2.401 Thread 0x0000023849b99800 DEOPT PACKING pc=0x0000023837e43404 sp=0x000000fa1b6f9c60
Event: 2.401 Thread 0x0000023849b99800 DEOPT UNPACKING pc=0x00000238302578af sp=0x000000fa1b6f9c10 mode 2
Event: 2.429 Thread 0x0000023849b99800 Uncommon trap: trap_request=0xffffff4d fr.pc=0x0000023837e02dc0 relative=0x0000000000000240
Event: 2.429 Thread 0x0000023849b99800 Uncommon trap: reason=unstable_if action=reinterpret pc=0x0000023837e02dc0 method=java.util.HashMap.putVal(ILjava/lang/Object;Ljava/lang/Object;ZZ)Ljava/lang/Object; @ 162 c2
Event: 2.429 Thread 0x0000023849b99800 DEOPT PACKING pc=0x0000023837e02dc0 sp=0x000000fa1b6fad10
Event: 2.429 Thread 0x0000023849b99800 DEOPT UNPACKING pc=0x00000238302578af sp=0x000000fa1b6fac20 mode 2
Event: 2.582 Thread 0x0000023849b99800 Uncommon trap: trap_request=0xffffff4d fr.pc=0x0000023837e0b910 relative=0x0000000000005250
Event: 2.583 Thread 0x0000023849b99800 Uncommon trap: reason=unstable_if action=reinterpret pc=0x0000023837e0b910 method=jdk.internal.loader.BuiltinClassLoader.loadClassOrNull(Ljava/lang/String;Z)Ljava/lang/Class; @ 42 c2
Event: 2.583 Thread 0x0000023849b99800 DEOPT PACKING pc=0x0000023837e0b910 sp=0x000000fa1b6f5860
Event: 2.583 Thread 0x0000023849b99800 DEOPT UNPACKING pc=0x00000238302578af sp=0x000000fa1b6f56f0 mode 2
Event: 2.646 Thread 0x0000023849b99800 DEOPT PACKING pc=0x0000023830bc02f9 sp=0x000000fa1b6f6670
Event: 2.646 Thread 0x0000023849b99800 DEOPT UNPACKING pc=0x00000238302576ce sp=0x000000fa1b6f5bb8 mode 0
Event: 2.649 Thread 0x0000023849b99800 Uncommon trap: trap_request=0xffffff5c fr.pc=0x0000023837da5314 relative=0x0000000000000e54
Event: 2.649 Thread 0x0000023849b99800 Uncommon trap: reason=speculate_null_assert action=make_not_entrant pc=0x0000023837da5314 method=jdk.internal.loader.URLClassPath$JarLoader.getResource(Ljava/lang/String;ZLjava/util/Set;)Ljdk/internal/loader/Resource; @ 17 c2
Event: 2.649 Thread 0x0000023849b99800 DEOPT PACKING pc=0x0000023837da5314 sp=0x000000fa1b6f5710
Event: 2.649 Thread 0x0000023849b99800 DEOPT UNPACKING pc=0x00000238302578af sp=0x000000fa1b6f56b8 mode 2

Classes redefined (0 events):
No events

Internal exceptions (20 events):
Event: 2.199 Thread 0x0000023849b99800 Exception <a 'java/lang/NoSuchMethodError'{0x0000000087979f08}: 'java.lang.Object java.lang.invoke.Invokers$Holder.linkToTargetMethod(java.lang.Object, java.lang.Object, java.lang.Object, java.lang.Object, java.lang.Object, java.lang.Object, java.lang.Object, java.lang.Object, java.lang.Object, java.lang.Object, java.lang.Object, java.lang.Object)'> (0x0000000087979f08) thrown at [./src/hotspot/share/interpreter/linkResolver.cpp, line 773]
Event: 2.203 Thread 0x0000023849b99800 Exception <a 'java/lang/NoSuchMethodError'{0x000000008780c248}: 'java.lang.Object java.lang.invoke.DirectMethodHandle$Holder.invokeStaticInit(java.lang.Object, java.lang.Object, java.lang.Object, java.lang.Object)'> (0x000000008780c248) thrown at [./src/hotspot/share/interpreter/linkResolver.cpp, line 773]
Event: 2.256 Thread 0x0000023849b99800 Implicit null exception at 0x0000023837e18875 to 0x0000023837e18a3c
Event: 2.256 Thread 0x0000023849b99800 Implicit null exception at 0x0000023837d43baf to 0x0000023837d43c1d
Event: 2.497 Thread 0x0000023849b99800 Exception <a 'java/lang/NoSuchMethodError'{0x000000008557d8b8}: 'void java.lang.invoke.DirectMethodHandle$Holder.invokeStaticInit(java.lang.Object, java.lang.Object, java.lang.Object)'> (0x000000008557d8b8) thrown at [./src/hotspot/share/interpreter/linkResolver.cpp, line 773]
Event: 2.497 Thread 0x0000023849b99800 Exception <a 'java/lang/NoSuchMethodError'{0x0000000085584ca0}: 'void java.lang.invoke.DirectMethodHandle$Holder.invokeStaticInit(java.lang.Object, java.lang.Object, java.lang.Object, java.lang.Object)'> (0x0000000085584ca0) thrown at [./src/hotspot/share/interpreter/linkResolver.cpp, line 773]
Event: 2.500 Thread 0x0000023849b99800 Exception <a 'java/lang/NoSuchMethodError'{0x00000000855a72d8}: 'void java.lang.invoke.DirectMethodHandle$Holder.invokeStaticInit(java.lang.Object, java.lang.Object, java.lang.Object, java.lang.Object, java.lang.Object)'> (0x00000000855a72d8) thrown at [./src/hotspot/share/interpreter/linkResolver.cpp, line 773]
Event: 2.501 Thread 0x0000023849b99800 Exception <a 'java/lang/NoSuchMethodError'{0x00000000855ae9e8}: 'int java.lang.invoke.DirectMethodHandle$Holder.invokeStaticInit(java.lang.Object, java.lang.Object, java.lang.Object)'> (0x00000000855ae9e8) thrown at [./src/hotspot/share/interpreter/linkResolver.cpp, line 773]
Event: 2.524 Thread 0x0000023849b99800 Exception <a 'java/lang/NoSuchMethodError'{0x000000008540d8e8}: 'int java.lang.invoke.DirectMethodHandle$Holder.invokeStaticInit(java.lang.Object, java.lang.Object, java.lang.Object, java.lang.Object)'> (0x000000008540d8e8) thrown at [./src/hotspot/share/interpreter/linkResolver.cpp, line 773]
Event: 2.524 Thread 0x0000023849b99800 Exception <a 'java/lang/IncompatibleClassChangeError'{0x0000000085416e48}: Found class java.lang.Object, but interface was expected> (0x0000000085416e48) thrown at [./src/hotspot/share/interpreter/linkResolver.cpp, line 839]
Event: 2.645 Thread 0x0000023849b99800 Exception <a 'java/lang/NoSuchMethodError'{0x0000000084d60408}: 'java.lang.Object java.lang.invoke.DirectMethodHandle$Holder.invokeStatic(java.lang.Object, java.lang.Object, java.lang.Object, java.lang.Object, java.lang.Object, java.lang.Object, java.lang.Object, java.lang.Object, java.lang.Object, java.lang.Object, java.lang.Object, int)'> (0x0000000084d60408) thrown at [./src/hotspot/share/interpreter/linkResolver.cpp, line 773]
Event: 2.646 Thread 0x0000023849b99800 Exception <a 'java/lang/NoSuchMethodError'{0x0000000084d7ee88}: 'java.lang.Object java.lang.invoke.DirectMethodHandle$Holder.invokeStatic(java.lang.Object, java.lang.Object, java.lang.Object, java.lang.Object, java.lang.Object, java.lang.Object, java.lang.Object, java.lang.Object, java.lang.Object, java.lang.Object, java.lang.Object, int, int)'> (0x0000000084d7ee88) thrown at [./src/hotspot/share/interpreter/linkResolver.cpp, line 773]
Event: 2.647 Thread 0x0000023849b99800 Exception <a 'java/lang/NoSuchMethodError'{0x0000000084d9e920}: 'java.lang.Object java.lang.invoke.DirectMethodHandle$Holder.invokeStatic(java.lang.Object, java.lang.Object, java.lang.Object, java.lang.Object, java.lang.Object, java.lang.Object, java.lang.Object, java.lang.Object, java.lang.Object, java.lang.Object, java.lang.Object, int, int, java.lang.Object)'> (0x0000000084d9e920) thrown at [./src/hotspot/share/interpreter/linkResolver.cpp, line 773]
Event: 2.648 Thread 0x0000023849b99800 Exception <a 'java/lang/NoSuchMethodError'{0x0000000084dbfa18}: 'java.lang.Object java.lang.invoke.DirectMethodHandle$Holder.invokeStatic(java.lang.Object, java.lang.Object, java.lang.Object, java.lang.Object, java.lang.Object, java.lang.Object, java.lang.Object, java.lang.Object, java.lang.Object, java.lang.Object, java.lang.Object, int, int, java.lang.Object, java.lang.Object)'> (0x0000000084dbfa18) thrown at [./src/hotspot/share/interpreter/linkResolver.cpp, line 773]
Event: 2.650 Thread 0x0000023849b99800 Exception <a 'java/lang/ClassNotFoundException'{0x0000000084dee950}: groovy/lang/ExpandoMetaClassBeanInfo> (0x0000000084dee950) thrown at [./src/hotspot/share/classfile/systemDictionary.cpp, line 231]
Event: 2.650 Thread 0x0000023849b99800 Exception <a 'java/lang/ClassNotFoundException'{0x0000000084c0e078}: groovy/lang/MetaClassImplBeanInfo> (0x0000000084c0e078) thrown at [./src/hotspot/share/classfile/systemDictionary.cpp, line 231]
Event: 2.650 Thread 0x0000023849b99800 Exception <a 'java/lang/ClassNotFoundException'{0x0000000084c16820}: java/lang/ObjectBeanInfo> (0x0000000084c16820) thrown at [./src/hotspot/share/classfile/systemDictionary.cpp, line 231]
Event: 2.651 Thread 0x0000023849b99800 Exception <a 'java/lang/ClassNotFoundException'{0x0000000084c21400}: java/lang/ObjectCustomizer> (0x0000000084c21400) thrown at [./src/hotspot/share/classfile/systemDictionary.cpp, line 231]
Event: 2.655 Thread 0x0000023849b99800 Exception <a 'java/lang/ClassNotFoundException'{0x0000000084c47498}: groovy/lang/MetaClassImplCustomizer> (0x0000000084c47498) thrown at [./src/hotspot/share/classfile/systemDictionary.cpp, line 231]
Event: 2.658 Thread 0x0000023849b99800 Exception <a 'java/lang/ClassNotFoundException'{0x0000000084c862b8}: groovy/lang/ExpandoMetaClassCustomizer> (0x0000000084c862b8) thrown at [./src/hotspot/share/classfile/systemDictionary.cpp, line 231]

Events (20 events):
Event: 2.674 loading class org/codehaus/groovy/control/ResolveVisitor$ConstructedNestedClass
Event: 2.674 loading class org/codehaus/groovy/control/ResolveVisitor$ConstructedNestedClass done
Event: 2.674 loading class org/codehaus/groovy/ast/CompileUnit$ConstructedOuterNestedClassNode
Event: 2.674 loading class org/codehaus/groovy/ast/CompileUnit$ConstructedOuterNestedClassNode done
Event: 2.674 loading class org/codehaus/groovy/ast/expr/VariableExpression
Event: 2.674 loading class org/codehaus/groovy/ast/expr/VariableExpression done
Event: 2.674 loading class org/codehaus/groovy/control/ResolveVisitor$LowerCaseClass
Event: 2.674 loading class org/codehaus/groovy/control/ResolveVisitor$LowerCaseClass done
Event: 2.675 loading class org/codehaus/groovy/ast/expr/MethodCallExpression
Event: 2.675 loading class org/codehaus/groovy/ast/expr/MethodCallExpression done
Event: 2.675 loading class org/codehaus/groovy/ast/expr/MethodCall
Event: 2.675 loading class org/codehaus/groovy/ast/expr/MethodCall done
Event: 2.675 loading class org/codehaus/groovy/ast/expr/MapExpression
Event: 2.675 loading class org/codehaus/groovy/ast/expr/MapExpression done
Event: 2.675 loading class org/codehaus/groovy/ast/expr/CastExpression
Event: 2.675 loading class org/codehaus/groovy/ast/expr/CastExpression done
Event: 2.675 loading class org/codehaus/groovy/ast/expr/ConstructorCallExpression
Event: 2.675 loading class org/codehaus/groovy/ast/expr/ConstructorCallExpression done
Event: 2.676 loading class org/codehaus/groovy/ast/GenericsType
Event: 2.676 loading class org/codehaus/groovy/ast/GenericsType done


Dynamic libraries:
0x00007ff693db0000 - 0x00007ff693dba000 	C:\Program Files\Android\Android Studio\jre\bin\java.exe
0x00007ffe254f0000 - 0x00007ffe256e5000 	C:\Windows\SYSTEM32\ntdll.dll
0x00007ffe24a20000 - 0x00007ffe24ade000 	C:\Windows\System32\KERNEL32.DLL
0x00007ffe22e90000 - 0x00007ffe23159000 	C:\Windows\System32\KERNELBASE.dll
0x00007ffe20100000 - 0x00007ffe20119000 	C:\Program Files\Android\Android Studio\jre\bin\jli.dll
0x00007ffe22ce0000 - 0x00007ffe22de0000 	C:\Windows\System32\ucrtbase.dll
0x00007ffe1e9c0000 - 0x00007ffe1e9d7000 	C:\Program Files\Android\Android Studio\jre\bin\VCRUNTIME140.dll
0x00007ffe23ef0000 - 0x00007ffe24091000 	C:\Windows\System32\USER32.dll
0x00007ffe07460000 - 0x00007ffe076fa000 	C:\Windows\WinSxS\amd64_microsoft.windows.common-controls_6595b64144ccf1df_6.0.19041.1110_none_60b5254171f9507e\COMCTL32.dll
0x00007ffe231c0000 - 0x00007ffe231e2000 	C:\Windows\System32\win32u.dll
0x00007ffe23e50000 - 0x00007ffe23eee000 	C:\Windows\System32\msvcrt.dll
0x00007ffe23610000 - 0x00007ffe2363b000 	C:\Windows\System32\GDI32.dll
0x00007ffe231f0000 - 0x00007ffe232fb000 	C:\Windows\System32\gdi32full.dll
0x00007ffe22c10000 - 0x00007ffe22cad000 	C:\Windows\System32\msvcp_win.dll
0x00007ffe23560000 - 0x00007ffe23590000 	C:\Windows\System32\IMM32.DLL
0x00007ffe1d5c0000 - 0x00007ffe1d65d000 	C:\Program Files\Android\Android Studio\jre\bin\msvcp140.dll
0x00007ffdf4230000 - 0x00007ffdf4cff000 	C:\Program Files\Android\Android Studio\jre\bin\server\jvm.dll
0x00007ffe245e0000 - 0x00007ffe2468c000 	C:\Windows\System32\ADVAPI32.dll
0x00007ffe24910000 - 0x00007ffe249ab000 	C:\Windows\System32\sechost.dll
0x00007ffe24bc0000 - 0x00007ffe24cea000 	C:\Windows\System32\RPCRT4.dll
0x00007ffe24cf0000 - 0x00007ffe24cf8000 	C:\Windows\System32\PSAPI.DLL
0x00007ffe1e9e0000 - 0x00007ffe1e9e9000 	C:\Windows\SYSTEM32\WSOCK32.dll
0x00007ffe086e0000 - 0x00007ffe08707000 	C:\Windows\SYSTEM32\WINMM.dll
0x00007ffe20bf0000 - 0x00007ffe20bfa000 	C:\Windows\SYSTEM32\VERSION.dll
0x00007ffe249b0000 - 0x00007ffe24a1b000 	C:\Windows\System32\WS2_32.dll
0x00007ffe21490000 - 0x00007ffe214a2000 	C:\Windows\SYSTEM32\kernel.appcore.dll
0x00007ffe1e9a0000 - 0x00007ffe1e9b1000 	C:\Program Files\Android\Android Studio\jre\bin\verify.dll
0x00007ffe0f4c0000 - 0x00007ffe0f6a4000 	C:\Windows\SYSTEM32\DBGHELP.DLL
0x00007ffe10f50000 - 0x00007ffe10f7c000 	C:\Windows\SYSTEM32\dbgcore.DLL
0x00007ffe234b0000 - 0x00007ffe23533000 	C:\Windows\System32\bcryptPrimitives.dll
0x00007ffe1e970000 - 0x00007ffe1e999000 	C:\Program Files\Android\Android Studio\jre\bin\java.dll
0x00007ffe1e960000 - 0x00007ffe1e96b000 	C:\Program Files\Android\Android Studio\jre\bin\jimage.dll
0x00007ffe1e940000 - 0x00007ffe1e958000 	C:\Program Files\Android\Android Studio\jre\bin\zip.dll
0x00007ffe24d70000 - 0x00007ffe254af000 	C:\Windows\System32\SHELL32.dll
0x00007ffe20cf0000 - 0x00007ffe21480000 	C:\Windows\SYSTEM32\windows.storage.dll
0x00007ffe241d0000 - 0x00007ffe24525000 	C:\Windows\System32\combase.dll
0x00007ffe22660000 - 0x00007ffe2268c000 	C:\Windows\SYSTEM32\Wldp.dll
0x00007ffe24530000 - 0x00007ffe245dd000 	C:\Windows\System32\SHCORE.dll
0x00007ffe24d10000 - 0x00007ffe24d65000 	C:\Windows\System32\shlwapi.dll
0x00007ffe22b50000 - 0x00007ffe22b6f000 	C:\Windows\SYSTEM32\profapi.dll
0x00007ffe1e920000 - 0x00007ffe1e93a000 	C:\Program Files\Android\Android Studio\jre\bin\net.dll
0x00007ffe1bad0000 - 0x00007ffe1bbd8000 	C:\Windows\SYSTEM32\WINHTTP.dll
0x00007ffe223c0000 - 0x00007ffe2242a000 	C:\Windows\system32\mswsock.dll
0x00007ffe1e900000 - 0x00007ffe1e914000 	C:\Program Files\Android\Android Studio\jre\bin\nio.dll
0x00007ffe1d8d0000 - 0x00007ffe1d8f7000 	C:\Users\Siddhi Anil Bairagi\.gradle\native\8bec1ad78214c89d9ad589b4d07fe93259594b29d510b10fafb7a158f7737e5d\windows-amd64\native-platform.dll
0x00007ffdf40f0000 - 0x00007ffdf422d000 	C:\Users\Siddhi Anil Bairagi\.gradle\native\53dbd7edfb1c66fb8903c78663c9afc45aea4f116125fa6feffd364cf09443e8\windows-amd64\native-platform-file-events.dll
0x00007ffe1e8f0000 - 0x00007ffe1e8fa000 	C:\Program Files\Android\Android Studio\jre\bin\management.dll
0x00007ffe1e1f0000 - 0x00007ffe1e1fc000 	C:\Program Files\Android\Android Studio\jre\bin\management_ext.dll
0x00007ffe225c0000 - 0x00007ffe225d8000 	C:\Windows\SYSTEM32\CRYPTSP.dll
0x00007ffe21cd0000 - 0x00007ffe21d04000 	C:\Windows\system32\rsaenh.dll
0x00007ffe22cb0000 - 0x00007ffe22cd7000 	C:\Windows\System32\bcrypt.dll
0x00007ffe22b10000 - 0x00007ffe22b3e000 	C:\Windows\SYSTEM32\USERENV.dll
0x00007ffe225b0000 - 0x00007ffe225bc000 	C:\Windows\SYSTEM32\CRYPTBASE.dll
0x00007ffe22060000 - 0x00007ffe2209b000 	C:\Windows\SYSTEM32\IPHLPAPI.DLL
0x00007ffe24d00000 - 0x00007ffe24d08000 	C:\Windows\System32\NSI.dll
0x00007ffe1d0b0000 - 0x00007ffe1d0c7000 	C:\Windows\SYSTEM32\dhcpcsvc6.DLL
0x00007ffe1d020000 - 0x00007ffe1d03d000 	C:\Windows\SYSTEM32\dhcpcsvc.DLL
0x00007ffe220a0000 - 0x00007ffe2216c000 	C:\Windows\SYSTEM32\DNSAPI.dll

dbghelp: loaded successfully - version: 4.0.5 - missing functions: none
symbol engine: initialized successfully - sym options: 0x614 - pdb path: .;C:\Program Files\Android\Android Studio\jre\bin;C:\Windows\SYSTEM32;C:\Windows\WinSxS\amd64_microsoft.windows.common-controls_6595b64144ccf1df_6.0.19041.1110_none_60b5254171f9507e;C:\Program Files\Android\Android Studio\jre\bin\server;C:\Users\Siddhi Anil Bairagi\.gradle\native\8bec1ad78214c89d9ad589b4d07fe93259594b29d510b10fafb7a158f7737e5d\windows-amd64;C:\Users\Siddhi Anil Bairagi\.gradle\native\53dbd7edfb1c66fb8903c78663c9afc45aea4f116125fa6feffd364cf09443e8\windows-amd64

VM Arguments:
jvm_args: --add-opens=java.base/java.util=ALL-UNNAMED --add-opens=java.base/java.lang=ALL-UNNAMED --add-opens=java.base/java.lang.invoke=ALL-UNNAMED --add-opens=java.base/java.util=ALL-UNNAMED --add-opens=java.prefs/java.util.prefs=ALL-UNNAMED --add-opens=java.prefs/java.util.prefs=ALL-UNNAMED --add-opens=java.base/java.nio.charset=ALL-UNNAMED --add-opens=java.base/java.net=ALL-UNNAMED --add-opens=java.base/java.util.concurrent.atomic=ALL-UNNAMED -Xmx2048m -Dfile.encoding=UTF-8 -Duser.country=IN -Duser.language=en -Duser.variant 
java_command: org.gradle.launcher.daemon.bootstrap.GradleDaemon 7.0.2
java_class_path (initial): C:\Users\Siddhi Anil Bairagi\.gradle\wrapper\dists\gradle-7.0.2-bin\857tjihv64xamwrf0h14cai3r\gradle-7.0.2\lib\gradle-launcher-7.0.2.jar
Launcher Type: SUN_STANDARD

[Global flags]
     intx CICompilerCount                          = 4                                         {product} {ergonomic}
     uint ConcGCThreads                            = 2                                         {product} {ergonomic}
     uint G1ConcRefinementThreads                  = 8                                         {product} {ergonomic}
   size_t G1HeapRegionSize                         = 1048576                                   {product} {ergonomic}
    uintx GCDrainStackTargetSize                   = 64                                        {product} {ergonomic}
   size_t InitialHeapSize                          = 132120576                                 {product} {ergonomic}
   size_t MarkStackSize                            = 4194304                                   {product} {ergonomic}
   size_t MaxHeapSize                              = 2147483648                                {product} {command line}
   size_t MaxNewSize                               = 1287651328                                {product} {ergonomic}
   size_t MinHeapDeltaBytes                        = 1048576                                   {product} {ergonomic}
    uintx NonNMethodCodeHeapSize                   = 5836300                                {pd product} {ergonomic}
    uintx NonProfiledCodeHeapSize                  = 122910970                              {pd product} {ergonomic}
    uintx ProfiledCodeHeapSize                     = 122910970                              {pd product} {ergonomic}
    uintx ReservedCodeCacheSize                    = 251658240                              {pd product} {ergonomic}
     bool SegmentedCodeCache                       = true                                      {product} {ergonomic}
     bool UseCompressedClassPointers               = true                                 {lp64_product} {ergonomic}
     bool UseCompressedOops                        = true                                 {lp64_product} {ergonomic}
     bool UseG1GC                                  = true                                      {product} {ergonomic}
     bool UseLargePagesIndividualAllocation        = false                                  {pd product} {ergonomic}

Logging:
Log output configuration:
 #0: stdout all=warning uptime,level,tags
 #1: stderr all=off uptime,level,tags

Environment Variables:
PATH=c:\windows\system32;c:\windows;c:\windows\system32\wbem;c:\windows\system32\windowspowershell\v1.0\;c:\windows\system32\openssh\;c:\program files\microsoft vs code\bin;c:\program files\dotnet\;d:\mingw\bin;c:\program files\git\cmd;C:\Program Files (x86)\NVIDIA Corporation\PhysX\Common;C:\Users\Siddhi Anil Bairagi\AppData\Local\Microsoft\WindowsApps;
USERNAME=Siddhi Anil Bairagi
OS=Windows_NT
PROCESSOR_IDENTIFIER=Intel64 Family 6 Model 158 Stepping 10, GenuineIntel



---------------  S Y S T E M  ---------------

OS: Windows 10 , 64 bit Build 19041 (10.0.19041.1202)
OS uptime: 0 days 0:41 hours

CPU:total 8 (initial active 8) (4 cores per cpu, 2 threads per core) family 6 model 158 stepping 10 microcode 0xb4, cmov, cx8, fxsr, mmx, sse, sse2, sse3, ssse3, sse4.1, sse4.2, popcnt, avx, avx2, aes, clmul, erms, 3dnowpref, lzcnt, ht, tsc, tscinvbit, bmi1, bmi2, adx, fma

Memory: 4k page, system-wide physical 8034M (2562M free)
TotalPageFile size 8034M (AvailPageFile size 5M)
current process WorkingSet (physical memory assigned to process): 233M, peak: 233M
current process commit charge ("private bytes"): 300M, peak: 301M

vm_info: OpenJDK 64-Bit Server VM (11.0.10+0-b96-7249189) for windows-amd64 JRE (11.0.10+0-b96-7249189), built on Mar 31 2021 21:44:00 by "builder" with MS VC++ 14.0 (VS2015)

END.
