#
# There is insufficient memory for the Java Runtime Environment to continue.
# Native memory allocation (malloc) failed to allocate 84336 bytes for Chunk::new
# Possible reasons:
#   The system is out of physical RAM or swap space
#   The process is running with CompressedOops enabled, and the Java Heap may be blocking the growth of the native heap
# Possible solutions:
#   Reduce memory load on the system
#   Increase physical memory or swap space
#   Check if swap backing store is full
#   Decrease Java heap size (-Xmx/-Xms)
#   Decrease number of Java threads
#   Decrease Java thread stack sizes (-Xss)
#   Set larger code cache with -XX:ReservedCodeCacheSize=
#   JVM is running with Unscaled Compressed Oops mode in which the Java heap is
#     placed in the first 4GB address space. The Java Heap base address is the
#     maximum limit for the native heap growth. Please use -XX:HeapBaseMinAddress
#     to set the Java Heap base and to place the Java Heap above 4GB virtual address.
# This output file may be truncated or incomplete.
#
#  Out of Memory Error (./src/hotspot/share/memory/arena.cpp:197), pid=5300, tid=1732
#
# JRE version: OpenJDK Runtime Environment (11.0.10) (build 11.0.10+0-b96-7249189)
# Java VM: OpenJDK 64-Bit Server VM (11.0.10+0-b96-7249189, mixed mode, tiered, compressed oops, g1 gc, windows-amd64)
# No core dump will be written. Minidumps are not enabled by default on client versions of Windows
#

---------------  S U M M A R Y ------------

Command Line: --add-opens=java.base/java.util=ALL-UNNAMED --add-opens=java.base/java.lang=ALL-UNNAMED --add-opens=java.base/java.lang.invoke=ALL-UNNAMED --add-opens=java.base/java.util=ALL-UNNAMED --add-opens=java.prefs/java.util.prefs=ALL-UNNAMED --add-opens=java.prefs/java.util.prefs=ALL-UNNAMED --add-opens=java.base/java.nio.charset=ALL-UNNAMED --add-opens=java.base/java.net=ALL-UNNAMED --add-opens=java.base/java.util.concurrent.atomic=ALL-UNNAMED -Xmx2048m -Dfile.encoding=UTF-8 -Duser.country=IN -Duser.language=en -Duser.variant org.gradle.launcher.daemon.bootstrap.GradleDaemon 7.0.2

Host: Intel(R) Core(TM) i5-8300H CPU @ 2.30GHz, 8 cores, 7G,  Windows 10 , 64 bit Build 19041 (10.0.19041.1202)
Time: Sat Jan  1 05:22:13 2022 India Standard Time elapsed time: 232.157383 seconds (0d 0h 3m 52s)

---------------  T H R E A D  ---------------

Current thread (0x000001951bfb1000):  JavaThread "C2 CompilerThread0" daemon [_thread_in_native, id=1732, stack(0x00000026b6500000,0x00000026b6600000)]


Current CompileTask:
C2: 232157 13548       4       org.gradle.internal.snapshot.AbstractListChildMap::findChildIndexWithCommonPrefix (15 bytes)

Stack: [0x00000026b6500000,0x00000026b6600000]
Native frames: (J=compiled Java code, j=interpreted, Vv=VM code, C=native code)
V  [jvm.dll+0x5ecfaa]
V  [jvm.dll+0x722bd5]
V  [jvm.dll+0x72412d]
V  [jvm.dll+0x7247e3]
V  [jvm.dll+0x242928]
V  [jvm.dll+0xbc4fc]
V  [jvm.dll+0xbca0c]
V  [jvm.dll+0x2b4fd4]
V  [jvm.dll+0x506028]
V  [jvm.dll+0x1fc985]
V  [jvm.dll+0x1fa77f]
V  [jvm.dll+0x18354c]
V  [jvm.dll+0x208ee7]
V  [jvm.dll+0x207731]
V  [jvm.dll+0x6eb1cf]
V  [jvm.dll+0x6e3d45]
V  [jvm.dll+0x5ebe96]
C  [ucrtbase.dll+0x21bb2]
C  [KERNEL32.DLL+0x17034]
C  [ntdll.dll+0x52651]


---------------  P R O C E S S  ---------------

Threads class SMR info:
_java_thread_list=0x000001952199ae70, length=67, elements={
0x000001957f1ca000, 0x000001951bf9b000, 0x000001951bf9c000, 0x000001951c923800,
0x000001951c924800, 0x000001951c927000, 0x000001951bfb1000, 0x000001951bfbc000,
0x000001951bfc3000, 0x000001951ca8a800, 0x000001951ddb4000, 0x000001951cccd800,
0x000001951cd3a800, 0x000001951ea45800, 0x000001951ea47000, 0x000001951ea43800,
0x000001951ea41800, 0x000001951ea48000, 0x000001952201e000, 0x000001952201f000,
0x000001952201c800, 0x0000019522020000, 0x0000019521f4c000, 0x0000019521f4d800,
0x0000019521f54800, 0x0000019521f50000, 0x0000019521f52800, 0x0000019521f4e800,
0x0000019521f56000, 0x000001951defb800, 0x000001951def9000, 0x000001951defa800,
0x000001951def6800, 0x000001951defc800, 0x000001951defa000, 0x000001951def7800,
0x000001951df01000, 0x000001951defd000, 0x000001951df03800, 0x000001951df02000,
0x000001951df03000, 0x000001951df00800, 0x000001951defe800, 0x000001951defe000,
0x000001951df04800, 0x000001951df05800, 0x000001951deff800, 0x0000019521f4d000,
0x0000019521f49000, 0x0000019521f49800, 0x0000019521f4a800, 0x0000019521f4b800,
0x0000019521f47000, 0x0000019521f4f800, 0x0000019521f51000, 0x0000019521f53800,
0x0000019521f52000, 0x00000195253cb800, 0x00000195253ce000, 0x00000195253ca000,
0x00000195253cc800, 0x00000195253cd800, 0x00000195253cf000, 0x00000195253c9800,
0x00000195253d0000, 0x000001951ea44800, 0x000001951ea46000
}

Java Threads: ( => current thread )
  0x000001957f1ca000 JavaThread "main" [_thread_blocked, id=4436, stack(0x00000026b5900000,0x00000026b5a00000)]
  0x000001951bf9b000 JavaThread "Reference Handler" daemon [_thread_blocked, id=4076, stack(0x00000026b6000000,0x00000026b6100000)]
  0x000001951bf9c000 JavaThread "Finalizer" daemon [_thread_blocked, id=7776, stack(0x00000026b6100000,0x00000026b6200000)]
  0x000001951c923800 JavaThread "Signal Dispatcher" daemon [_thread_blocked, id=1608, stack(0x00000026b6200000,0x00000026b6300000)]
  0x000001951c924800 JavaThread "Attach Listener" daemon [_thread_blocked, id=8392, stack(0x00000026b6300000,0x00000026b6400000)]
  0x000001951c927000 JavaThread "Service Thread" daemon [_thread_blocked, id=7600, stack(0x00000026b6400000,0x00000026b6500000)]
=>0x000001951bfb1000 JavaThread "C2 CompilerThread0" daemon [_thread_in_native, id=1732, stack(0x00000026b6500000,0x00000026b6600000)]
  0x000001951bfbc000 JavaThread "C1 CompilerThread0" daemon [_thread_blocked, id=6452, stack(0x00000026b6600000,0x00000026b6700000)]
  0x000001951bfc3000 JavaThread "Sweeper thread" daemon [_thread_blocked, id=5096, stack(0x00000026b6700000,0x00000026b6800000)]
  0x000001951ca8a800 JavaThread "Common-Cleaner" daemon [_thread_blocked, id=4876, stack(0x00000026b6800000,0x00000026b6900000)]
  0x000001951ddb4000 JavaThread "Daemon health stats" [_thread_blocked, id=8888, stack(0x00000026b6e00000,0x00000026b6f00000)]
  0x000001951cccd800 JavaThread "Incoming local TCP Connector on port 58804" [_thread_in_native, id=4844, stack(0x00000026b6a00000,0x00000026b6b00000)]
  0x000001951cd3a800 JavaThread "Daemon periodic checks" [_thread_blocked, id=3896, stack(0x00000026b6b00000,0x00000026b6c00000)]
  0x000001951ea45800 JavaThread "Cache worker for file hash cache (C:\Users\Siddhi Anil Bairagi\.gradle\caches\7.0.2\fileHashes)" [_thread_blocked, id=8620, stack(0x00000026b7b00000,0x00000026b7c00000)]
  0x000001951ea47000 JavaThread "File lock request listener" [_thread_in_native, id=8396, stack(0x00000026b7c00000,0x00000026b7d00000)]
  0x000001951ea43800 JavaThread "Cache worker for journal cache (C:\Users\Siddhi Anil Bairagi\.gradle\caches\journal-1)" [_thread_blocked, id=7172, stack(0x00000026b7e00000,0x00000026b7f00000)]
  0x000001951ea41800 JavaThread "File watcher server" daemon [_thread_in_native, id=8052, stack(0x00000026b8100000,0x00000026b8200000)]
  0x000001951ea48000 JavaThread "File watcher consumer" daemon [_thread_blocked, id=7436, stack(0x00000026b8200000,0x00000026b8300000)]
  0x000001952201e000 JavaThread "Cache worker for execution history cache (C:\Users\Siddhi Anil Bairagi\.gradle\caches\7.0.2\executionHistory)" [_thread_blocked, id=8840, stack(0x00000026b8700000,0x00000026b8800000)]
  0x000001952201f000 JavaThread "jar transforms" [_thread_blocked, id=5156, stack(0x00000026b8800000,0x00000026b8900000)]
  0x000001952201c800 JavaThread "jar transforms Thread 2" [_thread_blocked, id=7648, stack(0x00000026b8900000,0x00000026b8a00000)]
  0x0000019522020000 JavaThread "Cache worker for file content cache (C:\Users\Siddhi Anil Bairagi\.gradle\caches\7.0.2\fileContent)" [_thread_blocked, id=7908, stack(0x00000026b8a00000,0x00000026b8b00000)]
  0x0000019521f4c000 JavaThread "jar transforms Thread 3" [_thread_blocked, id=8184, stack(0x00000026b8c00000,0x00000026b8d00000)]
  0x0000019521f4d800 JavaThread "jar transforms Thread 4" [_thread_blocked, id=2064, stack(0x00000026b9600000,0x00000026b9700000)]
  0x0000019521f54800 JavaThread "jar transforms Thread 5" [_thread_blocked, id=2652, stack(0x00000026b9700000,0x00000026b9800000)]
  0x0000019521f50000 JavaThread "jar transforms Thread 6" [_thread_blocked, id=852, stack(0x00000026b9800000,0x00000026b9900000)]
  0x0000019521f52800 JavaThread "jar transforms Thread 7" [_thread_blocked, id=8384, stack(0x00000026b9900000,0x00000026b9a00000)]
  0x0000019521f4e800 JavaThread "jar transforms Thread 8" [_thread_blocked, id=9068, stack(0x00000026b9a00000,0x00000026b9b00000)]
  0x0000019521f56000 JavaThread "Memory manager" [_thread_blocked, id=5028, stack(0x00000026b8500000,0x00000026b8600000)]
  0x000001951defb800 JavaThread "Daemon Thread 2" [_thread_blocked, id=5400, stack(0x00000026b5600000,0x00000026b5700000)]
  0x000001951def9000 JavaThread "Handler for socket connection from /127.0.0.1:58804 to /127.0.0.1:58874" [_thread_in_native, id=1368, stack(0x00000026b5700000,0x00000026b5800000)]
  0x000001951defa800 JavaThread "Cancel handler" [_thread_blocked, id=6980, stack(0x00000026b5800000,0x00000026b5900000)]
  0x000001951def6800 JavaThread "Daemon worker Thread 2" [_thread_blocked, id=8872, stack(0x00000026b6f00000,0x00000026b7000000)]
  0x000001951defc800 JavaThread "Asynchronous log dispatcher for DefaultDaemonConnection: socket connection from /127.0.0.1:58804 to /127.0.0.1:58874" [_thread_blocked, id=7652, stack(0x00000026b7000000,0x00000026b7100000)]
  0x000001951defa000 JavaThread "Stdin handler" [_thread_blocked, id=5920, stack(0x00000026b7100000,0x00000026b7200000)]
  0x000001951def7800 JavaThread "Daemon client event forwarder" [_thread_blocked, id=2648, stack(0x00000026b7200000,0x00000026b7300000)]
  0x000001951df01000 JavaThread "Cache worker for file hash cache (C:\Users\Siddhi Anil Bairagi\StudioProjects\BSRDigiCoin\.gradle\7.0.2\fileHashes)" [_thread_blocked, id=3328, stack(0x00000026b7300000,0x00000026b7400000)]
  0x000001951defd000 JavaThread "Cache worker for checksums cache (C:\Users\Siddhi Anil Bairagi\StudioProjects\BSRDigiCoin\.gradle\checksums)" [_thread_blocked, id=7920, stack(0x00000026b7f00000,0x00000026b8000000)]
  0x000001951df03800 JavaThread "Cache worker for cache directory md-supplier (C:\Users\Siddhi Anil Bairagi\.gradle\caches\7.0.2\md-supplier)" [_thread_blocked, id=3092, stack(0x00000026b8000000,0x00000026b8100000)]
  0x000001951df02000 JavaThread "Cache worker for cache directory md-rule (C:\Users\Siddhi Anil Bairagi\.gradle\caches\7.0.2\md-rule)" [_thread_blocked, id=8552, stack(0x00000026b8300000,0x00000026b8400000)]
  0x000001951df03000 JavaThread "Cache worker for dependencies-accessors (C:\Users\Siddhi Anil Bairagi\StudioProjects\BSRDigiCoin\.gradle\7.0.2\dependencies-accessors)" [_thread_blocked, id=4368, stack(0x00000026b8400000,0x00000026b8500000)]
  0x000001951df00800 JavaThread "Cache worker for Build Output Cleanup Cache (C:\Users\Siddhi Anil Bairagi\StudioProjects\BSRDigiCoin\.gradle\buildOutputCleanup)" [_thread_blocked, id=1080, stack(0x00000026b8600000,0x00000026b8700000)]
  0x000001951defe800 JavaThread "Build operations" [_thread_blocked, id=7768, stack(0x00000026b8b00000,0x00000026b8c00000)]
  0x000001951defe000 JavaThread "Build operations Thread 2" [_thread_blocked, id=4164, stack(0x00000026b8d00000,0x00000026b8e00000)]
  0x000001951df04800 JavaThread "Build operations Thread 3" [_thread_blocked, id=8016, stack(0x00000026b8e00000,0x00000026b8f00000)]
  0x000001951df05800 JavaThread "Build operations Thread 4" [_thread_blocked, id=4768, stack(0x00000026b8f00000,0x00000026b9000000)]
  0x000001951deff800 JavaThread "Build operations Thread 5" [_thread_blocked, id=2324, stack(0x00000026b9000000,0x00000026b9100000)]
  0x0000019521f4d000 JavaThread "Build operations Thread 6" [_thread_blocked, id=1352, stack(0x00000026b9100000,0x00000026b9200000)]
  0x0000019521f49000 JavaThread "Build operations Thread 7" [_thread_blocked, id=8572, stack(0x00000026b9200000,0x00000026b9300000)]
  0x0000019521f49800 JavaThread "Build operations Thread 8" [_thread_blocked, id=8752, stack(0x00000026b9300000,0x00000026b9400000)]
  0x0000019521f4a800 JavaThread "build event listener" [_thread_blocked, id=7760, stack(0x00000026b9400000,0x00000026b9500000)]
  0x0000019521f4b800 JavaThread "build event listener" [_thread_blocked, id=6720, stack(0x00000026b9500000,0x00000026b9600000)]
  0x0000019521f47000 JavaThread "Execution worker for ':'" [_thread_in_native, id=8388, stack(0x00000026b9b00000,0x00000026b9c00000)]
  0x0000019521f4f800 JavaThread "Execution worker for ':' Thread 2" [_thread_blocked, id=6084, stack(0x00000026b9c00000,0x00000026b9d00000)]
  0x0000019521f51000 JavaThread "Cache worker for execution history cache (C:\Users\Siddhi Anil Bairagi\StudioProjects\BSRDigiCoin\.gradle\7.0.2\executionHistory)" [_thread_blocked, id=668, stack(0x00000026b9d00000,0x00000026b9e00000)]
  0x0000019521f53800 JavaThread "Execution worker for ':' Thread 3" [_thread_blocked, id=3544, stack(0x00000026b9e00000,0x00000026b9f00000)]
  0x0000019521f52000 JavaThread "Execution worker for ':' Thread 4" [_thread_blocked, id=3616, stack(0x00000026b9f00000,0x00000026ba000000)]
  0x00000195253cb800 JavaThread "Execution worker for ':' Thread 5" [_thread_blocked, id=2144, stack(0x00000026ba000000,0x00000026ba100000)]
  0x00000195253ce000 JavaThread "Execution worker for ':' Thread 6" [_thread_blocked, id=1472, stack(0x00000026ba100000,0x00000026ba200000)]
  0x00000195253ca000 JavaThread "Execution worker for ':' Thread 7" [_thread_blocked, id=8028, stack(0x00000026ba200000,0x00000026ba300000)]
  0x00000195253cc800 JavaThread "RMI Scheduler(0)" daemon [_thread_blocked, id=2428, stack(0x00000026b7400000,0x00000026b7500000)]
  0x00000195253cd800 JavaThread "RMI RenewClean-[127.0.0.1:17988,org.jetbrains.kotlin.daemon.common.LoopbackNetworkInterface$ClientLoopbackSocketFactory@12e68854]" daemon [_thread_blocked, id=3160, stack(0x00000026b7500000,0x00000026b7600000)]
  0x00000195253cf000 JavaThread "RMI GC Daemon" daemon [_thread_blocked, id=5404, stack(0x00000026ba300000,0x00000026ba400000)]
  0x00000195253c9800 JavaThread "RMI TCP Accept-0" daemon [_thread_in_native, id=6612, stack(0x00000026ba500000,0x00000026ba600000)]
  0x00000195253d0000 JavaThread "RMI Reaper" [_thread_blocked, id=8336, stack(0x00000026ba600000,0x00000026ba700000)]
  0x000001951ea44800 JavaThread "RMI TCP Connection(idle)" daemon [_thread_blocked, id=7692, stack(0x00000026ba800000,0x00000026ba900000)]
  0x000001951ea46000 JavaThread "Thread-77" [_thread_in_native, id=7608, stack(0x00000026ba700000,0x00000026ba800000)]

Other Threads:
  0x000001951bf97000 VMThread "VM Thread" [stack: 0x00000026b5f00000,0x00000026b6000000] [id=5924]
  0x000001951cab4000 WatcherThread [stack: 0x00000026b6900000,0x00000026b6a00000] [id=8480]
  0x000001957f1e2000 GCTaskThread "GC Thread#0" [stack: 0x00000026b5a00000,0x00000026b5b00000] [id=4716]
  0x000001951dc73000 GCTaskThread "GC Thread#1" [stack: 0x00000026b6c00000,0x00000026b6d00000] [id=8696]
  0x000001951db9d800 GCTaskThread "GC Thread#2" [stack: 0x00000026b6d00000,0x00000026b6e00000] [id=4304]
  0x000001951f8cc000 GCTaskThread "GC Thread#3" [stack: 0x00000026b7600000,0x00000026b7700000] [id=860]
  0x000001951eabd000 GCTaskThread "GC Thread#4" [stack: 0x00000026b7700000,0x00000026b7800000] [id=7680]
  0x000001951eb36000 GCTaskThread "GC Thread#5" [stack: 0x00000026b7800000,0x00000026b7900000] [id=8692]
  0x000001951f086000 GCTaskThread "GC Thread#6" [stack: 0x00000026b7900000,0x00000026b7a00000] [id=8560]
  0x000001951edbf000 GCTaskThread "GC Thread#7" [stack: 0x00000026b7a00000,0x00000026b7b00000] [id=5080]
  0x000001957f21d000 ConcurrentGCThread "G1 Main Marker" [stack: 0x00000026b5b00000,0x00000026b5c00000] [id=5480]
  0x000001957f220800 ConcurrentGCThread "G1 Conc#0" [stack: 0x00000026b5c00000,0x00000026b5d00000] [id=3392]
  0x000001951fd42800 ConcurrentGCThread "G1 Conc#1" [stack: 0x00000026b7d00000,0x00000026b7e00000] [id=1400]
  0x000001957f2ae800 ConcurrentGCThread "G1 Refine#0" [stack: 0x00000026b5d00000,0x00000026b5e00000] [id=2608]
  0x000001951bde2800 ConcurrentGCThread "G1 Young RemSet Sampling" [stack: 0x00000026b5e00000,0x00000026b5f00000] [id=8812]

Threads with active compile tasks:
C2 CompilerThread0 232167 13548       4       org.gradle.internal.snapshot.AbstractListChildMap::findChildIndexWithCommonPrefix (15 bytes)

VM state:not at safepoint (normal execution)

VM Mutex/Monitor currently owned by a thread: None

Heap address: 0x0000000080000000, size: 2048 MB, Compressed Oops mode: 32-bit
Narrow klass base: 0x0000000000000000, Narrow klass shift: 3
Compressed class space size: 1073741824 Address: 0x0000000100000000

Heap:
 garbage-first heap   total 187392K, used 120353K [0x0000000080000000, 0x0000000100000000)
  region size 1024K, 23 young (23552K), 4 survivors (4096K)
 Metaspace       used 95202K, capacity 97534K, committed 97612K, reserved 1134592K
  class space    used 12220K, capacity 13098K, committed 13132K, reserved 1048576K
Heap Regions: E=young(eden), S=young(survivor), O=old, HS=humongous(starts), HC=humongous(continues), CS=collection set, F=free, A=archive, TAMS=top-at-mark-start (previous, next)
|   0|0x0000000080000000, 0x0000000080100000, 0x0000000080100000|100%| O|  |TAMS 0x0000000080100000, 0x0000000080000000| Untracked 
|   1|0x0000000080100000, 0x0000000080200000, 0x0000000080200000|100%| O|  |TAMS 0x0000000080200000, 0x0000000080100000| Untracked 
|   2|0x0000000080200000, 0x0000000080300000, 0x0000000080300000|100%| O|  |TAMS 0x0000000080300000, 0x0000000080200000| Untracked 
|   3|0x0000000080300000, 0x0000000080400000, 0x0000000080400000|100%|HS|  |TAMS 0x0000000080400000, 0x0000000080300000| Complete 
|   4|0x0000000080400000, 0x0000000080500000, 0x0000000080500000|100%|HC|  |TAMS 0x0000000080500000, 0x0000000080400000| Complete 
|   5|0x0000000080500000, 0x0000000080600000, 0x0000000080600000|100%|HC|  |TAMS 0x0000000080600000, 0x0000000080500000| Complete 
|   6|0x0000000080600000, 0x0000000080700000, 0x0000000080700000|100%| O|  |TAMS 0x0000000080700000, 0x0000000080600000| Untracked 
|   7|0x0000000080700000, 0x0000000080800000, 0x0000000080800000|100%| O|  |TAMS 0x0000000080800000, 0x0000000080700000| Untracked 
|   8|0x0000000080800000, 0x0000000080900000, 0x0000000080900000|100%| O|  |TAMS 0x0000000080900000, 0x0000000080800000| Untracked 
|   9|0x0000000080900000, 0x0000000080a00000, 0x0000000080a00000|100%| O|  |TAMS 0x0000000080a00000, 0x0000000080900000| Untracked 
|  10|0x0000000080a00000, 0x0000000080b00000, 0x0000000080b00000|100%| O|  |TAMS 0x0000000080b00000, 0x0000000080a00000| Untracked 
|  11|0x0000000080b00000, 0x0000000080c00000, 0x0000000080c00000|100%| O|  |TAMS 0x0000000080c00000, 0x0000000080b00000| Untracked 
|  12|0x0000000080c00000, 0x0000000080d00000, 0x0000000080d00000|100%| O|  |TAMS 0x0000000080d00000, 0x0000000080c00000| Untracked 
|  13|0x0000000080d00000, 0x0000000080e00000, 0x0000000080e00000|100%| O|  |TAMS 0x0000000080e00000, 0x0000000080d00000| Untracked 
|  14|0x0000000080e00000, 0x0000000080f00000, 0x0000000080f00000|100%| O|  |TAMS 0x0000000080f00000, 0x0000000080e00000| Untracked 
|  15|0x0000000080f00000, 0x0000000081000000, 0x0000000081000000|100%| O|  |TAMS 0x0000000081000000, 0x0000000080f00000| Untracked 
|  16|0x0000000081000000, 0x0000000081100000, 0x0000000081100000|100%|HS|  |TAMS 0x0000000081100000, 0x0000000081000000| Complete 
|  17|0x0000000081100000, 0x0000000081200000, 0x0000000081200000|100%| O|  |TAMS 0x0000000081200000, 0x0000000081100000| Untracked 
|  18|0x0000000081200000, 0x0000000081300000, 0x0000000081300000|100%| O|  |TAMS 0x0000000081300000, 0x0000000081200000| Untracked 
|  19|0x0000000081300000, 0x0000000081400000, 0x0000000081400000|100%| O|  |TAMS 0x0000000081400000, 0x0000000081300000| Untracked 
|  20|0x0000000081400000, 0x0000000081500000, 0x0000000081500000|100%| O|  |TAMS 0x0000000081500000, 0x0000000081400000| Untracked 
|  21|0x0000000081500000, 0x0000000081600000, 0x0000000081600000|100%| O|  |TAMS 0x0000000081600000, 0x0000000081500000| Untracked 
|  22|0x0000000081600000, 0x0000000081700000, 0x0000000081700000|100%| O|  |TAMS 0x0000000081700000, 0x0000000081600000| Untracked 
|  23|0x0000000081700000, 0x0000000081800000, 0x0000000081800000|100%| O|  |TAMS 0x0000000081800000, 0x0000000081700000| Untracked 
|  24|0x0000000081800000, 0x0000000081900000, 0x0000000081900000|100%| O|  |TAMS 0x0000000081900000, 0x0000000081800000| Untracked 
|  25|0x0000000081900000, 0x0000000081a00000, 0x0000000081a00000|100%| O|  |TAMS 0x0000000081a00000, 0x0000000081900000| Untracked 
|  26|0x0000000081a00000, 0x0000000081b00000, 0x0000000081b00000|100%| O|  |TAMS 0x0000000081b00000, 0x0000000081a00000| Untracked 
|  27|0x0000000081b00000, 0x0000000081c00000, 0x0000000081c00000|100%|HS|  |TAMS 0x0000000081c00000, 0x0000000081b00000| Complete 
|  28|0x0000000081c00000, 0x0000000081d00000, 0x0000000081d00000|100%|HS|  |TAMS 0x0000000081d00000, 0x0000000081c00000| Complete 
|  29|0x0000000081d00000, 0x0000000081e00000, 0x0000000081e00000|100%|HS|  |TAMS 0x0000000081e00000, 0x0000000081d00000| Complete 
|  30|0x0000000081e00000, 0x0000000081f00000, 0x0000000081f00000|100%|HC|  |TAMS 0x0000000081f00000, 0x0000000081e00000| Complete 
|  31|0x0000000081f00000, 0x0000000082000000, 0x0000000082000000|100%|HC|  |TAMS 0x0000000082000000, 0x0000000081f00000| Complete 
|  32|0x0000000082000000, 0x0000000082100000, 0x0000000082100000|100%|HS|  |TAMS 0x0000000082100000, 0x0000000082000000| Complete 
|  33|0x0000000082100000, 0x0000000082200000, 0x0000000082200000|100%|HC|  |TAMS 0x0000000082200000, 0x0000000082100000| Complete 
|  34|0x0000000082200000, 0x0000000082300000, 0x0000000082300000|100%| O|  |TAMS 0x0000000082300000, 0x0000000082200000| Untracked 
|  35|0x0000000082300000, 0x0000000082400000, 0x0000000082400000|100%| O|  |TAMS 0x0000000082400000, 0x0000000082300000| Untracked 
|  36|0x0000000082400000, 0x0000000082500000, 0x0000000082500000|100%| O|  |TAMS 0x0000000082500000, 0x0000000082400000| Untracked 
|  37|0x0000000082500000, 0x0000000082600000, 0x0000000082600000|100%| O|  |TAMS 0x0000000082600000, 0x0000000082500000| Untracked 
|  38|0x0000000082600000, 0x0000000082700000, 0x0000000082700000|100%| O|  |TAMS 0x0000000082700000, 0x0000000082600000| Untracked 
|  39|0x0000000082700000, 0x0000000082800000, 0x0000000082800000|100%| O|  |TAMS 0x0000000082800000, 0x0000000082700000| Untracked 
|  40|0x0000000082800000, 0x0000000082900000, 0x0000000082900000|100%| O|  |TAMS 0x0000000082900000, 0x0000000082800000| Untracked 
|  41|0x0000000082900000, 0x0000000082a00000, 0x0000000082a00000|100%| O|  |TAMS 0x0000000082a00000, 0x0000000082900000| Untracked 
|  42|0x0000000082a00000, 0x0000000082b00000, 0x0000000082b00000|100%| O|  |TAMS 0x0000000082b00000, 0x0000000082a00000| Untracked 
|  43|0x0000000082b00000, 0x0000000082c00000, 0x0000000082c00000|100%| O|  |TAMS 0x0000000082c00000, 0x0000000082b00000| Untracked 
|  44|0x0000000082c00000, 0x0000000082d00000, 0x0000000082d00000|100%| O|  |TAMS 0x0000000082d00000, 0x0000000082c00000| Untracked 
|  45|0x0000000082d00000, 0x0000000082e00000, 0x0000000082e00000|100%| O|  |TAMS 0x0000000082e00000, 0x0000000082d00000| Untracked 
|  46|0x0000000082e00000, 0x0000000082f00000, 0x0000000082f00000|100%| O|  |TAMS 0x0000000082f00000, 0x0000000082e00000| Untracked 
|  47|0x0000000082f00000, 0x0000000083000000, 0x0000000083000000|100%| O|  |TAMS 0x0000000083000000, 0x0000000082f00000| Untracked 
|  48|0x0000000083000000, 0x0000000083100000, 0x0000000083100000|100%| O|  |TAMS 0x0000000083100000, 0x0000000083000000| Untracked 
|  49|0x0000000083100000, 0x0000000083200000, 0x0000000083200000|100%| O|  |TAMS 0x0000000083200000, 0x0000000083100000| Untracked 
|  50|0x0000000083200000, 0x0000000083300000, 0x0000000083300000|100%| O|  |TAMS 0x0000000083300000, 0x0000000083200000| Untracked 
|  51|0x0000000083300000, 0x0000000083400000, 0x0000000083400000|100%| O|  |TAMS 0x0000000083400000, 0x0000000083300000| Untracked 
|  52|0x0000000083400000, 0x0000000083500000, 0x0000000083500000|100%| O|  |TAMS 0x0000000083500000, 0x0000000083400000| Untracked 
|  53|0x0000000083500000, 0x0000000083600000, 0x0000000083600000|100%| O|  |TAMS 0x0000000083600000, 0x0000000083500000| Untracked 
|  54|0x0000000083600000, 0x0000000083700000, 0x0000000083700000|100%| O|  |TAMS 0x0000000083700000, 0x0000000083600000| Untracked 
|  55|0x0000000083700000, 0x0000000083800000, 0x0000000083800000|100%| O|  |TAMS 0x0000000083800000, 0x0000000083700000| Untracked 
|  56|0x0000000083800000, 0x0000000083900000, 0x0000000083900000|100%| O|  |TAMS 0x0000000083900000, 0x0000000083800000| Untracked 
|  57|0x0000000083900000, 0x0000000083a00000, 0x0000000083a00000|100%| O|  |TAMS 0x0000000083a00000, 0x0000000083900000| Untracked 
|  58|0x0000000083a00000, 0x0000000083b00000, 0x0000000083b00000|100%| O|  |TAMS 0x0000000083b00000, 0x0000000083a00000| Untracked 
|  59|0x0000000083b00000, 0x0000000083c00000, 0x0000000083c00000|100%| O|  |TAMS 0x0000000083c00000, 0x0000000083b00000| Untracked 
|  60|0x0000000083c00000, 0x0000000083d00000, 0x0000000083d00000|100%| O|  |TAMS 0x0000000083d00000, 0x0000000083c00000| Untracked 
|  61|0x0000000083d00000, 0x0000000083e00000, 0x0000000083e00000|100%| O|  |TAMS 0x0000000083e00000, 0x0000000083d00000| Untracked 
|  62|0x0000000083e00000, 0x0000000083f00000, 0x0000000083f00000|100%| O|  |TAMS 0x0000000083f00000, 0x0000000083e00000| Untracked 
|  63|0x0000000083f00000, 0x0000000084000000, 0x0000000084000000|100%| O|  |TAMS 0x0000000084000000, 0x0000000083f00000| Untracked 
|  64|0x0000000084000000, 0x0000000084100000, 0x0000000084100000|100%| O|  |TAMS 0x0000000084100000, 0x0000000084000000| Untracked 
|  65|0x0000000084100000, 0x0000000084200000, 0x0000000084200000|100%| O|  |TAMS 0x0000000084200000, 0x0000000084100000| Untracked 
|  66|0x0000000084200000, 0x0000000084300000, 0x0000000084300000|100%| O|  |TAMS 0x0000000084300000, 0x0000000084200000| Untracked 
|  67|0x0000000084300000, 0x0000000084400000, 0x0000000084400000|100%| O|  |TAMS 0x0000000084400000, 0x0000000084300000| Untracked 
|  68|0x0000000084400000, 0x0000000084500000, 0x0000000084500000|100%| O|  |TAMS 0x0000000084500000, 0x0000000084400000| Untracked 
|  69|0x0000000084500000, 0x0000000084600000, 0x0000000084600000|100%| O|  |TAMS 0x0000000084600000, 0x0000000084500000| Untracked 
|  70|0x0000000084600000, 0x0000000084700000, 0x0000000084700000|100%| O|  |TAMS 0x0000000084700000, 0x0000000084600000| Untracked 
|  71|0x0000000084700000, 0x0000000084800000, 0x0000000084800000|100%| O|  |TAMS 0x0000000084800000, 0x0000000084700000| Untracked 
|  72|0x0000000084800000, 0x0000000084900000, 0x0000000084900000|100%| O|  |TAMS 0x0000000084900000, 0x0000000084800000| Untracked 
|  73|0x0000000084900000, 0x0000000084a00000, 0x0000000084a00000|100%| O|  |TAMS 0x0000000084a00000, 0x0000000084900000| Untracked 
|  74|0x0000000084a00000, 0x0000000084b00000, 0x0000000084b00000|100%| O|  |TAMS 0x0000000084b00000, 0x0000000084a00000| Untracked 
|  75|0x0000000084b00000, 0x0000000084c00000, 0x0000000084c00000|100%| O|  |TAMS 0x0000000084c00000, 0x0000000084b00000| Untracked 
|  76|0x0000000084c00000, 0x0000000084d00000, 0x0000000084d00000|100%| O|  |TAMS 0x0000000084d00000, 0x0000000084c00000| Untracked 
|  77|0x0000000084d00000, 0x0000000084e00000, 0x0000000084e00000|100%| O|  |TAMS 0x0000000084e00000, 0x0000000084d00000| Untracked 
|  78|0x0000000084e00000, 0x0000000084f00000, 0x0000000084f00000|100%| O|  |TAMS 0x0000000084f00000, 0x0000000084e00000| Untracked 
|  79|0x0000000084f00000, 0x0000000085000000, 0x0000000085000000|100%| O|  |TAMS 0x0000000085000000, 0x0000000084f00000| Untracked 
|  80|0x0000000085000000, 0x0000000085100000, 0x0000000085100000|100%| O|  |TAMS 0x0000000085100000, 0x0000000085000000| Untracked 
|  81|0x0000000085100000, 0x0000000085200000, 0x0000000085200000|100%| O|  |TAMS 0x0000000085200000, 0x0000000085100000| Untracked 
|  82|0x0000000085200000, 0x0000000085300000, 0x0000000085300000|100%| O|  |TAMS 0x0000000085300000, 0x0000000085200000| Untracked 
|  83|0x0000000085300000, 0x0000000085400000, 0x0000000085400000|100%| O|  |TAMS 0x0000000085400000, 0x0000000085300000| Untracked 
|  84|0x0000000085400000, 0x0000000085500000, 0x0000000085500000|100%| O|  |TAMS 0x0000000085500000, 0x0000000085400000| Untracked 
|  85|0x0000000085500000, 0x0000000085600000, 0x0000000085600000|100%| O|  |TAMS 0x0000000085600000, 0x0000000085500000| Untracked 
|  86|0x0000000085600000, 0x0000000085700000, 0x0000000085700000|100%| O|  |TAMS 0x0000000085700000, 0x0000000085600000| Untracked 
|  87|0x0000000085700000, 0x0000000085800000, 0x0000000085800000|100%| O|  |TAMS 0x000000008576b800, 0x0000000085700000| Untracked 
|  88|0x0000000085800000, 0x0000000085900000, 0x0000000085900000|100%| O|  |TAMS 0x0000000085800000, 0x0000000085800000| Untracked 
|  89|0x0000000085900000, 0x0000000085a00000, 0x0000000085a00000|100%| O|  |TAMS 0x0000000085900000, 0x0000000085900000| Untracked 
|  90|0x0000000085a00000, 0x0000000085b00000, 0x0000000085b00000|100%| O|  |TAMS 0x0000000085a00000, 0x0000000085a00000| Untracked 
|  91|0x0000000085b00000, 0x0000000085c00000, 0x0000000085c00000|100%| O|  |TAMS 0x0000000085b00000, 0x0000000085b00000| Untracked 
|  92|0x0000000085c00000, 0x0000000085d00000, 0x0000000085d00000|100%| O|  |TAMS 0x0000000085c00000, 0x0000000085c00000| Untracked 
|  93|0x0000000085d00000, 0x0000000085e00000, 0x0000000085e00000|100%| O|  |TAMS 0x0000000085d00000, 0x0000000085d00000| Untracked 
|  94|0x0000000085e00000, 0x0000000085f00000, 0x0000000085f00000|100%| O|  |TAMS 0x0000000085e00000, 0x0000000085e00000| Untracked 
|  95|0x0000000085f00000, 0x0000000085f91200, 0x0000000086000000| 56%| O|  |TAMS 0x0000000085f00000, 0x0000000085f00000| Untracked 
|  96|0x0000000086000000, 0x0000000086000000, 0x0000000086100000|  0%| F|  |TAMS 0x0000000086000000, 0x0000000086000000| Untracked 
|  97|0x0000000086100000, 0x0000000086100000, 0x0000000086200000|  0%| F|  |TAMS 0x0000000086100000, 0x0000000086100000| Untracked 
|  98|0x0000000086200000, 0x0000000086200000, 0x0000000086300000|  0%| F|  |TAMS 0x0000000086200000, 0x0000000086200000| Untracked 
|  99|0x0000000086300000, 0x0000000086300000, 0x0000000086400000|  0%| F|  |TAMS 0x0000000086300000, 0x0000000086300000| Untracked 
| 100|0x0000000086400000, 0x0000000086400000, 0x0000000086500000|  0%| F|  |TAMS 0x0000000086400000, 0x0000000086400000| Untracked 
| 101|0x0000000086500000, 0x0000000086500000, 0x0000000086600000|  0%| F|  |TAMS 0x0000000086500000, 0x0000000086500000| Untracked 
| 102|0x0000000086600000, 0x0000000086600000, 0x0000000086700000|  0%| F|  |TAMS 0x0000000086600000, 0x0000000086600000| Untracked 
| 103|0x0000000086700000, 0x0000000086700000, 0x0000000086800000|  0%| F|  |TAMS 0x0000000086700000, 0x0000000086700000| Untracked 
| 104|0x0000000086800000, 0x0000000086800000, 0x0000000086900000|  0%| F|  |TAMS 0x0000000086800000, 0x0000000086800000| Untracked 
| 105|0x0000000086900000, 0x0000000086900000, 0x0000000086a00000|  0%| F|  |TAMS 0x0000000086900000, 0x0000000086900000| Untracked 
| 106|0x0000000086a00000, 0x0000000086a00000, 0x0000000086b00000|  0%| F|  |TAMS 0x0000000086a00000, 0x0000000086a00000| Untracked 
| 107|0x0000000086b00000, 0x0000000086b00000, 0x0000000086c00000|  0%| F|  |TAMS 0x0000000086b00000, 0x0000000086b00000| Untracked 
| 108|0x0000000086c00000, 0x0000000086c00000, 0x0000000086d00000|  0%| F|  |TAMS 0x0000000086c00000, 0x0000000086c00000| Untracked 
| 109|0x0000000086d00000, 0x0000000086d00000, 0x0000000086e00000|  0%| F|  |TAMS 0x0000000086d00000, 0x0000000086d00000| Untracked 
| 110|0x0000000086e00000, 0x0000000086e00000, 0x0000000086f00000|  0%| F|  |TAMS 0x0000000086e00000, 0x0000000086e00000| Untracked 
| 111|0x0000000086f00000, 0x0000000086f00000, 0x0000000087000000|  0%| F|  |TAMS 0x0000000086f00000, 0x0000000086f00000| Untracked 
| 112|0x0000000087000000, 0x0000000087000000, 0x0000000087100000|  0%| F|  |TAMS 0x0000000087000000, 0x0000000087000000| Untracked 
| 113|0x0000000087100000, 0x0000000087100000, 0x0000000087200000|  0%| F|  |TAMS 0x0000000087100000, 0x0000000087100000| Untracked 
| 114|0x0000000087200000, 0x0000000087200000, 0x0000000087300000|  0%| F|  |TAMS 0x0000000087200000, 0x0000000087200000| Untracked 
| 115|0x0000000087300000, 0x0000000087300000, 0x0000000087400000|  0%| F|  |TAMS 0x0000000087300000, 0x0000000087300000| Untracked 
| 116|0x0000000087400000, 0x0000000087400000, 0x0000000087500000|  0%| F|  |TAMS 0x0000000087400000, 0x0000000087400000| Untracked 
| 117|0x0000000087500000, 0x0000000087500000, 0x0000000087600000|  0%| F|  |TAMS 0x0000000087500000, 0x0000000087500000| Untracked 
| 118|0x0000000087600000, 0x0000000087600000, 0x0000000087700000|  0%| F|  |TAMS 0x0000000087600000, 0x0000000087600000| Untracked 
| 119|0x0000000087700000, 0x0000000087700000, 0x0000000087800000|  0%| F|  |TAMS 0x0000000087700000, 0x0000000087700000| Untracked 
| 120|0x0000000087800000, 0x0000000087800000, 0x0000000087900000|  0%| F|  |TAMS 0x0000000087800000, 0x0000000087800000| Untracked 
| 121|0x0000000087900000, 0x0000000087900000, 0x0000000087a00000|  0%| F|  |TAMS 0x0000000087900000, 0x0000000087900000| Untracked 
| 122|0x0000000087a00000, 0x0000000087a00000, 0x0000000087b00000|  0%| F|  |TAMS 0x0000000087a00000, 0x0000000087a00000| Untracked 
| 123|0x0000000087b00000, 0x0000000087bf72d8, 0x0000000087c00000| 96%| S|CS|TAMS 0x0000000087b00000, 0x0000000087b00000| Complete 
| 124|0x0000000087c00000, 0x0000000087d00000, 0x0000000087d00000|100%| S|CS|TAMS 0x0000000087c00000, 0x0000000087c00000| Complete 
| 125|0x0000000087d00000, 0x0000000087e00000, 0x0000000087e00000|100%| S|CS|TAMS 0x0000000087d00000, 0x0000000087d00000| Complete 
| 126|0x0000000087e00000, 0x0000000087f00000, 0x0000000087f00000|100%| S|CS|TAMS 0x0000000087e00000, 0x0000000087e00000| Complete 
| 127|0x0000000087f00000, 0x0000000087f00000, 0x0000000088000000|  0%| F|  |TAMS 0x0000000087f00000, 0x0000000087f00000| Untracked 
| 128|0x0000000088000000, 0x0000000088000000, 0x0000000088100000|  0%| F|  |TAMS 0x0000000088000000, 0x0000000088000000| Untracked 
| 129|0x0000000088100000, 0x0000000088100000, 0x0000000088200000|  0%| F|  |TAMS 0x0000000088100000, 0x0000000088100000| Untracked 
| 130|0x0000000088200000, 0x0000000088200000, 0x0000000088300000|  0%| F|  |TAMS 0x0000000088200000, 0x0000000088200000| Untracked 
| 131|0x0000000088300000, 0x0000000088300000, 0x0000000088400000|  0%| F|  |TAMS 0x0000000088300000, 0x0000000088300000| Untracked 
| 132|0x0000000088400000, 0x0000000088400000, 0x0000000088500000|  0%| F|  |TAMS 0x0000000088400000, 0x0000000088400000| Untracked 
| 133|0x0000000088500000, 0x0000000088500000, 0x0000000088600000|  0%| F|  |TAMS 0x0000000088500000, 0x0000000088500000| Untracked 
| 134|0x0000000088600000, 0x0000000088600000, 0x0000000088700000|  0%| F|  |TAMS 0x0000000088600000, 0x0000000088600000| Untracked 
| 135|0x0000000088700000, 0x0000000088700000, 0x0000000088800000|  0%| F|  |TAMS 0x0000000088700000, 0x0000000088700000| Untracked 
| 136|0x0000000088800000, 0x0000000088800000, 0x0000000088900000|  0%| F|  |TAMS 0x0000000088800000, 0x0000000088800000| Untracked 
| 137|0x0000000088900000, 0x0000000088900000, 0x0000000088a00000|  0%| F|  |TAMS 0x0000000088900000, 0x0000000088900000| Untracked 
| 138|0x0000000088a00000, 0x0000000088a00000, 0x0000000088b00000|  0%| F|  |TAMS 0x0000000088a00000, 0x0000000088a00000| Untracked 
| 139|0x0000000088b00000, 0x0000000088b00000, 0x0000000088c00000|  0%| F|  |TAMS 0x0000000088b00000, 0x0000000088b00000| Untracked 
| 140|0x0000000088c00000, 0x0000000088c00000, 0x0000000088d00000|  0%| F|  |TAMS 0x0000000088c00000, 0x0000000088c00000| Untracked 
| 141|0x0000000088d00000, 0x0000000088d00000, 0x0000000088e00000|  0%| F|  |TAMS 0x0000000088d00000, 0x0000000088d00000| Untracked 
| 142|0x0000000088e00000, 0x0000000088e00000, 0x0000000088f00000|  0%| F|  |TAMS 0x0000000088e00000, 0x0000000088e00000| Untracked 
| 143|0x0000000088f00000, 0x0000000088f00000, 0x0000000089000000|  0%| F|  |TAMS 0x0000000088f00000, 0x0000000088f00000| Untracked 
| 144|0x0000000089000000, 0x0000000089000000, 0x0000000089100000|  0%| F|  |TAMS 0x0000000089000000, 0x0000000089000000| Untracked 
| 145|0x0000000089100000, 0x0000000089100000, 0x0000000089200000|  0%| F|  |TAMS 0x0000000089100000, 0x0000000089100000| Untracked 
| 146|0x0000000089200000, 0x0000000089200000, 0x0000000089300000|  0%| F|  |TAMS 0x0000000089200000, 0x0000000089200000| Untracked 
| 147|0x0000000089300000, 0x0000000089300000, 0x0000000089400000|  0%| F|  |TAMS 0x0000000089300000, 0x0000000089300000| Untracked 
| 148|0x0000000089400000, 0x0000000089400000, 0x0000000089500000|  0%| F|  |TAMS 0x0000000089400000, 0x0000000089400000| Untracked 
| 149|0x0000000089500000, 0x0000000089500000, 0x0000000089600000|  0%| F|  |TAMS 0x0000000089500000, 0x0000000089500000| Untracked 
| 150|0x0000000089600000, 0x0000000089600000, 0x0000000089700000|  0%| F|  |TAMS 0x0000000089600000, 0x0000000089600000| Untracked 
| 151|0x0000000089700000, 0x0000000089700000, 0x0000000089800000|  0%| F|  |TAMS 0x0000000089700000, 0x0000000089700000| Untracked 
| 152|0x0000000089800000, 0x0000000089800000, 0x0000000089900000|  0%| F|  |TAMS 0x0000000089800000, 0x0000000089800000| Untracked 
| 153|0x0000000089900000, 0x0000000089900000, 0x0000000089a00000|  0%| F|  |TAMS 0x0000000089900000, 0x0000000089900000| Untracked 
| 154|0x0000000089a00000, 0x0000000089a00000, 0x0000000089b00000|  0%| F|  |TAMS 0x0000000089a00000, 0x0000000089a00000| Untracked 
| 155|0x0000000089b00000, 0x0000000089b00000, 0x0000000089c00000|  0%| F|  |TAMS 0x0000000089b00000, 0x0000000089b00000| Untracked 
| 156|0x0000000089c00000, 0x0000000089c00000, 0x0000000089d00000|  0%| F|  |TAMS 0x0000000089c00000, 0x0000000089c00000| Untracked 
| 157|0x0000000089d00000, 0x0000000089d00000, 0x0000000089e00000|  0%| F|  |TAMS 0x0000000089d00000, 0x0000000089d00000| Untracked 
| 158|0x0000000089e00000, 0x0000000089e00000, 0x0000000089f00000|  0%| F|  |TAMS 0x0000000089e00000, 0x0000000089e00000| Untracked 
| 159|0x0000000089f00000, 0x0000000089f00000, 0x000000008a000000|  0%| F|  |TAMS 0x0000000089f00000, 0x0000000089f00000| Untracked 
| 160|0x000000008a000000, 0x000000008a000000, 0x000000008a100000|  0%| F|  |TAMS 0x000000008a000000, 0x000000008a000000| Untracked 
| 161|0x000000008a100000, 0x000000008a100000, 0x000000008a200000|  0%| F|  |TAMS 0x000000008a100000, 0x000000008a100000| Untracked 
| 162|0x000000008a200000, 0x000000008a200000, 0x000000008a300000|  0%| F|  |TAMS 0x000000008a200000, 0x000000008a200000| Untracked 
| 163|0x000000008a300000, 0x000000008a300000, 0x000000008a400000|  0%| F|  |TAMS 0x000000008a300000, 0x000000008a300000| Untracked 
| 164|0x000000008a400000, 0x000000008a4459c8, 0x000000008a500000| 27%| E|  |TAMS 0x000000008a400000, 0x000000008a400000| Complete 
| 165|0x000000008a500000, 0x000000008a600000, 0x000000008a600000|100%| E|CS|TAMS 0x000000008a500000, 0x000000008a500000| Complete 
| 166|0x000000008a600000, 0x000000008a700000, 0x000000008a700000|100%| E|CS|TAMS 0x000000008a600000, 0x000000008a600000| Complete 
| 167|0x000000008a700000, 0x000000008a800000, 0x000000008a800000|100%| E|CS|TAMS 0x000000008a700000, 0x000000008a700000| Complete 
| 168|0x000000008a800000, 0x000000008a900000, 0x000000008a900000|100%| E|CS|TAMS 0x000000008a800000, 0x000000008a800000| Complete 
| 169|0x000000008a900000, 0x000000008aa00000, 0x000000008aa00000|100%| E|CS|TAMS 0x000000008a900000, 0x000000008a900000| Complete 
| 170|0x000000008aa00000, 0x000000008ab00000, 0x000000008ab00000|100%| E|CS|TAMS 0x000000008aa00000, 0x000000008aa00000| Complete 
| 171|0x000000008ab00000, 0x000000008ac00000, 0x000000008ac00000|100%| E|CS|TAMS 0x000000008ab00000, 0x000000008ab00000| Complete 
| 172|0x000000008ac00000, 0x000000008ad00000, 0x000000008ad00000|100%| E|CS|TAMS 0x000000008ac00000, 0x000000008ac00000| Complete 
| 173|0x000000008ad00000, 0x000000008ae00000, 0x000000008ae00000|100%| E|CS|TAMS 0x000000008ad00000, 0x000000008ad00000| Complete 
| 174|0x000000008ae00000, 0x000000008af00000, 0x000000008af00000|100%| E|CS|TAMS 0x000000008ae00000, 0x000000008ae00000| Complete 
| 175|0x000000008af00000, 0x000000008b000000, 0x000000008b000000|100%| E|CS|TAMS 0x000000008af00000, 0x000000008af00000| Complete 
| 176|0x000000008b000000, 0x000000008b100000, 0x000000008b100000|100%| E|CS|TAMS 0x000000008b000000, 0x000000008b000000| Complete 
| 177|0x000000008b100000, 0x000000008b200000, 0x000000008b200000|100%| E|CS|TAMS 0x000000008b100000, 0x000000008b100000| Complete 
| 178|0x000000008b200000, 0x000000008b300000, 0x000000008b300000|100%| E|CS|TAMS 0x000000008b200000, 0x000000008b200000| Complete 
| 179|0x000000008b300000, 0x000000008b400000, 0x000000008b400000|100%| E|CS|TAMS 0x000000008b300000, 0x000000008b300000| Complete 
| 180|0x000000008b400000, 0x000000008b500000, 0x000000008b500000|100%| E|CS|TAMS 0x000000008b400000, 0x000000008b400000| Complete 
| 181|0x000000008b500000, 0x000000008b600000, 0x000000008b600000|100%| E|CS|TAMS 0x000000008b500000, 0x000000008b500000| Complete 
| 182|0x000000008b600000, 0x000000008b700000, 0x000000008b700000|100%| E|CS|TAMS 0x000000008b600000, 0x000000008b600000| Complete 

Card table byte_map: [0x0000019514cc0000,0x00000195150c0000] _byte_map_base: 0x00000195148c0000

Marking Bits (Prev, Next): (CMBitMap*) 0x000001957f214540, (CMBitMap*) 0x000001957f214508
 Prev Bits: [0x00000195174c0000, 0x00000195194c0000)
 Next Bits: [0x00000195154c0000, 0x00000195174c0000)

Polling page: 0x0000019501410000

Metaspace:

Usage:
  Non-class:     82.46 MB capacity,    81.04 MB ( 98%) used,     1.15 MB (  1%) free+waste,   278.50 KB ( <1%) overhead. 
      Class:     12.79 MB capacity,    11.93 MB ( 93%) used,   753.85 KB (  6%) free+waste,   123.25 KB ( <1%) overhead. 
       Both:     95.25 MB capacity,    92.97 MB ( 98%) used,     1.88 MB (  2%) free+waste,   401.75 KB ( <1%) overhead. 

Virtual space:
  Non-class space:       84.00 MB reserved,      82.50 MB ( 98%) committed 
      Class space:        1.00 GB reserved,      12.82 MB (  1%) committed 
             Both:        1.08 GB reserved,      95.32 MB (  9%) committed 

Chunk freelists:
   Non-Class:  44.00 KB
       Class:  22.00 KB
        Both:  66.00 KB

MaxMetaspaceSize: 17179869184.00 GB
CompressedClassSpaceSize: 1.00 GB

CodeHeap 'non-profiled nmethods': size=120000Kb used=8940Kb max_used=8940Kb free=111059Kb
 bounds [0x000001950c910000, 0x000001950d1d0000, 0x0000019513e40000]
CodeHeap 'profiled nmethods': size=120000Kb used=29296Kb max_used=29296Kb free=90703Kb
 bounds [0x00000195053e0000, 0x0000019507080000, 0x000001950c910000]
CodeHeap 'non-nmethods': size=5760Kb used=2313Kb max_used=2368Kb free=3446Kb
 bounds [0x0000019504e40000, 0x00000195050b0000, 0x00000195053e0000]
 total_blobs=14341 nmethods=13410 adapters=842
 compilation: enabled
              stopped_count=0, restarted_count=0
 full_count=0

Compilation events (20 events):
Event: 227.205 Thread 0x000001951bfbc000 nmethod 13543 0x000001950707a410 code [0x000001950707a5c0, 0x000001950707a838]
Event: 227.215 Thread 0x000001951ce47000 nmethod 13538 0x000001950d1c3410 code [0x000001950d1c35c0, 0x000001950d1c3dc8]
Event: 227.215 Thread 0x000001951ce47000 13540   !   4       java.io.Writer::write (52 bytes)
Event: 227.224 Thread 0x000001951ce47000 nmethod 13540 0x000001950d1c4190 code [0x000001950d1c4360, 0x000001950d1c4e88]
Event: 227.224 Thread 0x000001951ce47000 13539       4       java.lang.AbstractStringBuilder::append (33 bytes)
Event: 227.233 Thread 0x000001951ce47000 nmethod 13539 0x000001950d1c5390 code [0x000001950d1c5540, 0x000001950d1c5d48]
Event: 227.233 Thread 0x000001951ce47000 13541       4       org.apache.groovy.io.StringBuilderWriter::write (16 bytes)
Event: 227.245 Thread 0x000001951ce47000 nmethod 13541 0x000001950d1c6110 code [0x000001950d1c62c0, 0x000001950d1c6ba8]
Event: 227.245 Thread 0x000001951ce47000 13518       4       java.util.concurrent.locks.AbstractQueuedSynchronizer$ConditionObject::addConditionWaiter (79 bytes)
Event: 227.254 Thread 0x000001951ce47000 nmethod 13518 0x000001950d1c7090 code [0x000001950d1c7240, 0x000001950d1c79f8]
Event: 227.256 Thread 0x000001951bfb1000 nmethod 13535 0x000001950d1c7b90 code [0x000001950d1c7ea0, 0x000001950d1ca028]
Event: 228.034 Thread 0x000001951bfbc000 13544       3       org.gradle.tooling.internal.provider.runner.PluginApplicationTracker::progress (1 bytes)
Event: 228.034 Thread 0x000001951bfbc000 nmethod 13544 0x000001950707a910 code [0x000001950707aac0, 0x000001950707abb8]
Event: 228.034 Thread 0x000001951bfbc000 13545       3       org.gradle.tooling.internal.provider.runner.TaskOriginTracker::progress (1 bytes)
Event: 228.034 Thread 0x000001951bfbc000 nmethod 13545 0x000001950707ac90 code [0x000001950707ae40, 0x000001950707af38]
Event: 228.046 Thread 0x000001951bfbc000 13546       3       com.esotericsoftware.kryo.io.Output::writeString (125 bytes)
Event: 228.046 Thread 0x000001951bfbc000 nmethod 13546 0x000001950707b010 code [0x000001950707b240, 0x000001950707b818]
Event: 231.816 Thread 0x000001951bfbc000 13547       3       java.io.BufferedInputStream::<init> (32 bytes)
Event: 231.817 Thread 0x000001951bfbc000 nmethod 13547 0x000001950707ba10 code [0x000001950707bc00, 0x000001950707c088]
Event: 232.155 Thread 0x000001951bfb1000 13548       4       org.gradle.internal.snapshot.AbstractListChildMap::findChildIndexWithCommonPrefix (15 bytes)

GC Heap History (20 events):
Event: 11.098 GC heap before
{Heap before GC invocations=16 (full 0):
 garbage-first heap   total 155648K, used 122353K [0x0000000080000000, 0x0000000100000000)
  region size 1024K, 70 young (71680K), 9 survivors (9216K)
 Metaspace       used 75344K, capacity 77037K, committed 77260K, reserved 1116160K
  class space    used 9745K, capacity 10364K, committed 10444K, reserved 1048576K
}
Event: 11.110 GC heap after
{Heap after GC invocations=17 (full 0):
 garbage-first heap   total 155648K, used 64739K [0x0000000080000000, 0x0000000100000000)
  region size 1024K, 5 young (5120K), 5 survivors (5120K)
 Metaspace       used 75344K, capacity 77037K, committed 77260K, reserved 1116160K
  class space    used 9745K, capacity 10364K, committed 10444K, reserved 1048576K
}
Event: 12.337 GC heap before
{Heap before GC invocations=17 (full 0):
 garbage-first heap   total 155648K, used 124131K [0x0000000080000000, 0x0000000100000000)
  region size 1024K, 63 young (64512K), 5 survivors (5120K)
 Metaspace       used 81004K, capacity 82877K, committed 83148K, reserved 1122304K
  class space    used 10486K, capacity 11157K, committed 11212K, reserved 1048576K
}
Event: 12.346 GC heap after
{Heap after GC invocations=18 (full 0):
 garbage-first heap   total 187392K, used 68038K [0x0000000080000000, 0x0000000100000000)
  region size 1024K, 8 young (8192K), 8 survivors (8192K)
 Metaspace       used 81004K, capacity 82877K, committed 83148K, reserved 1122304K
  class space    used 10486K, capacity 11157K, committed 11212K, reserved 1048576K
}
Event: 13.510 GC heap before
{Heap before GC invocations=18 (full 0):
 garbage-first heap   total 187392K, used 139718K [0x0000000080000000, 0x0000000100000000)
  region size 1024K, 79 young (80896K), 8 survivors (8192K)
 Metaspace       used 83954K, capacity 86153K, committed 86348K, reserved 1124352K
  class space    used 10933K, capacity 11749K, committed 11852K, reserved 1048576K
}
Event: 13.520 GC heap after
{Heap after GC invocations=19 (full 0):
 garbage-first heap   total 187392K, used 73423K [0x0000000080000000, 0x0000000100000000)
  region size 1024K, 10 young (10240K), 10 survivors (10240K)
 Metaspace       used 83954K, capacity 86153K, committed 86348K, reserved 1124352K
  class space    used 10933K, capacity 11749K, committed 11852K, reserved 1048576K
}
Event: 14.401 GC heap before
{Heap before GC invocations=19 (full 0):
 garbage-first heap   total 187392K, used 144079K [0x0000000080000000, 0x0000000100000000)
  region size 1024K, 80 young (81920K), 10 survivors (10240K)
 Metaspace       used 84916K, capacity 87214K, committed 87500K, reserved 1124352K
  class space    used 11012K, capacity 11846K, committed 11980K, reserved 1048576K
}
Event: 14.419 GC heap after
{Heap after GC invocations=20 (full 0):
 garbage-first heap   total 187392K, used 77700K [0x0000000080000000, 0x0000000100000000)
  region size 1024K, 10 young (10240K), 10 survivors (10240K)
 Metaspace       used 84916K, capacity 87214K, committed 87500K, reserved 1124352K
  class space    used 11012K, capacity 11846K, committed 11980K, reserved 1048576K
}
Event: 15.099 GC heap before
{Heap before GC invocations=20 (full 0):
 garbage-first heap   total 187392K, used 147332K [0x0000000080000000, 0x0000000100000000)
  region size 1024K, 79 young (80896K), 10 survivors (10240K)
 Metaspace       used 85480K, capacity 87652K, committed 87756K, reserved 1124352K
  class space    used 11077K, capacity 11891K, committed 11980K, reserved 1048576K
}
Event: 15.109 GC heap after
{Heap after GC invocations=21 (full 0):
 garbage-first heap   total 187392K, used 81973K [0x0000000080000000, 0x0000000100000000)
  region size 1024K, 9 young (9216K), 9 survivors (9216K)
 Metaspace       used 85480K, capacity 87652K, committed 87756K, reserved 1124352K
  class space    used 11077K, capacity 11891K, committed 11980K, reserved 1048576K
}
Event: 15.868 GC heap before
{Heap before GC invocations=21 (full 0):
 garbage-first heap   total 187392K, used 150581K [0x0000000080000000, 0x0000000100000000)
  region size 1024K, 76 young (77824K), 9 survivors (9216K)
 Metaspace       used 89827K, capacity 92040K, committed 92108K, reserved 1128448K
  class space    used 11620K, capacity 12435K, committed 12492K, reserved 1048576K
}
Event: 15.877 GC heap after
{Heap after GC invocations=22 (full 0):
 garbage-first heap   total 187392K, used 84962K [0x0000000080000000, 0x0000000100000000)
  region size 1024K, 8 young (8192K), 8 survivors (8192K)
 Metaspace       used 89827K, capacity 92040K, committed 92108K, reserved 1128448K
  class space    used 11620K, capacity 12435K, committed 12492K, reserved 1048576K
}
Event: 16.587 GC heap before
{Heap before GC invocations=22 (full 0):
 garbage-first heap   total 187392K, used 151522K [0x0000000080000000, 0x0000000100000000)
  region size 1024K, 74 young (75776K), 8 survivors (8192K)
 Metaspace       used 91135K, capacity 93286K, committed 93516K, reserved 1130496K
  class space    used 11765K, capacity 12587K, committed 12620K, reserved 1048576K
}
Event: 16.597 GC heap after
{Heap after GC invocations=23 (full 0):
 garbage-first heap   total 187392K, used 89538K [0x0000000080000000, 0x0000000100000000)
  region size 1024K, 8 young (8192K), 8 survivors (8192K)
 Metaspace       used 91135K, capacity 93286K, committed 93516K, reserved 1130496K
  class space    used 11765K, capacity 12587K, committed 12620K, reserved 1048576K
}
Event: 17.101 GC heap before
{Heap before GC invocations=23 (full 0):
 garbage-first heap   total 187392K, used 153026K [0x0000000080000000, 0x0000000100000000)
  region size 1024K, 71 young (72704K), 8 survivors (8192K)
 Metaspace       used 91209K, capacity 93425K, committed 93516K, reserved 1130496K
  class space    used 11767K, capacity 12589K, committed 12620K, reserved 1048576K
}
Event: 17.110 GC heap after
{Heap after GC invocations=24 (full 0):
 garbage-first heap   total 187392K, used 92597K [0x0000000080000000, 0x0000000100000000)
  region size 1024K, 8 young (8192K), 8 survivors (8192K)
 Metaspace       used 91209K, capacity 93425K, committed 93516K, reserved 1130496K
  class space    used 11767K, capacity 12589K, committed 12620K, reserved 1048576K
}
Event: 210.309 GC heap before
{Heap before GC invocations=24 (full 0):
 garbage-first heap   total 187392K, used 154037K [0x0000000080000000, 0x0000000100000000)
  region size 1024K, 69 young (70656K), 8 survivors (8192K)
 Metaspace       used 92459K, capacity 94739K, committed 94924K, reserved 1132544K
  class space    used 11871K, capacity 12716K, committed 12748K, reserved 1048576K
}
Event: 210.345 GC heap after
{Heap after GC invocations=25 (full 0):
 garbage-first heap   total 187392K, used 98437K [0x0000000080000000, 0x0000000100000000)
  region size 1024K, 9 young (9216K), 9 survivors (9216K)
 Metaspace       used 92459K, capacity 94739K, committed 94924K, reserved 1132544K
  class space    used 11871K, capacity 12716K, committed 12748K, reserved 1048576K
}
Event: 211.612 GC heap before
{Heap before GC invocations=26 (full 0):
 garbage-first heap   total 187392K, used 154757K [0x0000000080000000, 0x0000000100000000)
  region size 1024K, 65 young (66560K), 9 survivors (9216K)
 Metaspace       used 93083K, capacity 95318K, committed 95820K, reserved 1132544K
  class space    used 11888K, capacity 12683K, committed 12876K, reserved 1048576K
}
Event: 211.624 GC heap after
{Heap after GC invocations=27 (full 0):
 garbage-first heap   total 187392K, used 101921K [0x0000000080000000, 0x0000000100000000)
  region size 1024K, 4 young (4096K), 4 survivors (4096K)
 Metaspace       used 93083K, capacity 95318K, committed 95820K, reserved 1132544K
  class space    used 11888K, capacity 12683K, committed 12876K, reserved 1048576K
}

Deoptimization events (20 events):
Event: 220.958 Thread 0x000001951defc800 Uncommon trap: trap_request=0xffffff4d fr.pc=0x000001950d1064d4 relative=0x0000000000000674
Event: 220.958 Thread 0x000001951defc800 Uncommon trap: reason=unstable_if action=reinterpret pc=0x000001950d1064d4 method=com.esotericsoftware.kryo.io.Output.writeUtf8Length(I)V @ 42 c2
Event: 220.958 Thread 0x000001951defc800 DEOPT PACKING pc=0x000001950d1064d4 sp=0x00000026b70fec90
Event: 220.958 Thread 0x000001951defc800 DEOPT UNPACKING pc=0x0000019504e678af sp=0x00000026b70fec58 mode 2
Event: 220.958 Thread 0x000001951defc800 Uncommon trap: trap_request=0xffffff4d fr.pc=0x000001950cbb39b4 relative=0x0000000000000234
Event: 220.958 Thread 0x000001951defc800 Uncommon trap: reason=unstable_if action=reinterpret pc=0x000001950cbb39b4 method=com.esotericsoftware.kryo.io.Output.writeString(Ljava/lang/CharSequence;)V @ 50 c2
Event: 220.958 Thread 0x000001951defc800 DEOPT PACKING pc=0x000001950cbb39b4 sp=0x00000026b70fed00
Event: 220.958 Thread 0x000001951defc800 DEOPT UNPACKING pc=0x0000019504e678af sp=0x00000026b70fec80 mode 2
Event: 227.147 Thread 0x000001951ea48000 DEOPT PACKING pc=0x0000019507045f44 sp=0x00000026b82fee10
Event: 227.147 Thread 0x000001951ea48000 DEOPT UNPACKING pc=0x0000019504e676ce sp=0x00000026b82fe3b0 mode 0
Event: 227.162 Thread 0x000001951ea48000 DEOPT PACKING pc=0x0000019507045f44 sp=0x00000026b82fee10
Event: 227.162 Thread 0x000001951ea48000 DEOPT UNPACKING pc=0x0000019504e676ce sp=0x00000026b82fe3b0 mode 0
Event: 227.171 Thread 0x000001951ea48000 DEOPT PACKING pc=0x0000019507045f44 sp=0x00000026b82fee10
Event: 227.171 Thread 0x000001951ea48000 DEOPT UNPACKING pc=0x0000019504e676ce sp=0x00000026b82fe3b0 mode 0
Event: 227.179 Thread 0x000001951ea48000 DEOPT PACKING pc=0x0000019507045f44 sp=0x00000026b82fee10
Event: 227.179 Thread 0x000001951ea48000 DEOPT UNPACKING pc=0x0000019504e676ce sp=0x00000026b82fe3b0 mode 0
Event: 227.186 Thread 0x000001951ea48000 DEOPT PACKING pc=0x0000019507045f44 sp=0x00000026b82fee10
Event: 227.186 Thread 0x000001951ea48000 DEOPT UNPACKING pc=0x0000019504e676ce sp=0x00000026b82fe3b0 mode 0
Event: 227.196 Thread 0x000001951ea48000 DEOPT PACKING pc=0x0000019507045f44 sp=0x00000026b82fee70
Event: 227.196 Thread 0x000001951ea48000 DEOPT UNPACKING pc=0x0000019504e676ce sp=0x00000026b82fe410 mode 0

Classes redefined (0 events):
No events

Internal exceptions (20 events):
Event: 218.571 Thread 0x0000019521f47000 Exception <a 'java/lang/NoSuchMethodError'{0x000000008acb0130}: 'java.lang.Object java.lang.invoke.DirectMethodHandle$Holder.invokeStatic(java.lang.Object, java.lang.Object, java.lang.Object, java.lang.Object, java.lang.Object, java.lang.Object, java.lang.Object, java.lang.Object, int, int, java.lang.Object, java.lang.Object)'> (0x000000008acb0130) thrown at [./src/hotspot/share/interpreter/linkResolver.cpp, line 773]
Event: 218.577 Thread 0x0000019521f47000 Exception <a 'java/lang/NoSuchMethodError'{0x000000008ace2ce0}: <clinit>> (0x000000008ace2ce0) thrown at [./src/hotspot/share/prims/jni.cpp, line 1362]
Event: 218.579 Thread 0x0000019521f47000 Exception <a 'java/lang/NoSuchMethodError'{0x000000008ab1efb8}: <clinit>> (0x000000008ab1efb8) thrown at [./src/hotspot/share/prims/jni.cpp, line 1362]
Event: 218.586 Thread 0x00000195253cd800 Exception <a 'java/lang/InterruptedException'{0x000000008ab75260}> (0x000000008ab75260) thrown at [./src/hotspot/share/runtime/objectMonitor.cpp, line 1635]
Event: 218.587 Thread 0x00000195253cd800 Exception <a 'java/lang/NoSuchMethodError'{0x000000008ab7d070}: 'java.lang.Object java.lang.invoke.DirectMethodHandle$Holder.invokeStatic(java.lang.Object, java.lang.Object, int, java.lang.Object, long)'> (0x000000008ab7d070) thrown at [./src/hotspot/share/interpreter/linkResolver.cpp, line 773]
Event: 218.599 Thread 0x0000019521f47000 Exception <a 'java/lang/NoSuchMethodError'{0x000000008ab66da8}: <clinit>> (0x000000008ab66da8) thrown at [./src/hotspot/share/prims/jni.cpp, line 1362]
Event: 218.600 Thread 0x0000019521f47000 Exception <a 'java/lang/NoSuchMethodError'{0x000000008ab8b7a0}: <clinit>> (0x000000008ab8b7a0) thrown at [./src/hotspot/share/prims/jni.cpp, line 1362]
Event: 218.600 Thread 0x0000019521f47000 Exception <a 'java/lang/NoSuchMethodError'{0x000000008ab9d570}: <clinit>> (0x000000008ab9d570) thrown at [./src/hotspot/share/prims/jni.cpp, line 1362]
Event: 218.605 Thread 0x0000019521f47000 Exception <a 'java/lang/NoSuchMethodError'{0x000000008abc2638}: <clinit>> (0x000000008abc2638) thrown at [./src/hotspot/share/prims/jni.cpp, line 1362]
Event: 218.624 Thread 0x0000019521f47000 Exception <a 'java/lang/NoSuchMethodError'{0x000000008a979f10}: <clinit>> (0x000000008a979f10) thrown at [./src/hotspot/share/prims/jni.cpp, line 1362]
Event: 218.627 Thread 0x0000019521f47000 Exception <a 'java/lang/NoSuchMethodError'{0x000000008a9c11a0}: <clinit>> (0x000000008a9c11a0) thrown at [./src/hotspot/share/prims/jni.cpp, line 1362]
Event: 218.627 Thread 0x0000019521f47000 Exception <a 'java/lang/NoSuchMethodError'{0x000000008a9ddad0}: <clinit>> (0x000000008a9ddad0) thrown at [./src/hotspot/share/prims/jni.cpp, line 1362]
Event: 218.627 Thread 0x0000019521f47000 Exception <a 'java/lang/NoSuchMethodError'{0x000000008a9fa910}: <clinit>> (0x000000008a9fa910) thrown at [./src/hotspot/share/prims/jni.cpp, line 1362]
Event: 218.696 Thread 0x000001951ea44800 Exception <a 'java/lang/NoSuchMethodError'{0x000000008a7c2b58}: 'java.lang.Object java.lang.invoke.DirectMethodHandle$Holder.invokeStatic(java.lang.Object, java.lang.Object, java.lang.Object, java.lang.Object, java.lang.Object, java.lang.Object, java.lang.Object, java.lang.Object, java.lang.Object, java.lang.Object, java.lang.Object, java.lang.Object, java.lang.Object, int)'> (0x000000008a7c2b58) thrown at [./src/hotspot/share/interpreter/linkResolver.cpp, line 773]
Event: 218.697 Thread 0x000001951ea44800 Exception <a 'java/lang/NoSuchMethodError'{0x000000008a7cf5c0}: 'java.lang.Object java.lang.invoke.DirectMethodHandle$Holder.invokeStatic(java.lang.Object, java.lang.Object, java.lang.Object, java.lang.Object, java.lang.Object, java.lang.Object, java.lang.Object, java.lang.Object, java.lang.Object, java.lang.Object, java.lang.Object, java.lang.Object, java.lang.Object, int, int)'> (0x000000008a7cf5c0) thrown at [./src/hotspot/share/interpreter/linkResolver.cpp, line 773]
Event: 220.948 Thread 0x000001951ea44800 Exception <a 'sun/net/ConnectionResetException'{0x000000008a7fa8e8}: > (0x000000008a7fa8e8) thrown at [./src/hotspot/share/prims/jni.cpp, line 636]
Event: 220.948 Thread 0x0000019521f47000 Exception <a 'sun/net/ConnectionResetException'{0x000000008a75d930}: > (0x000000008a75d930) thrown at [./src/hotspot/share/prims/jni.cpp, line 636]
Event: 222.998 Thread 0x0000019521f47000 Exception <a 'java/net/ConnectException'{0x000000008a6389e0}: Connection refused: connect> (0x000000008a6389e0) thrown at [./src/hotspot/share/prims/jni.cpp, line 636]
Event: 225.059 Thread 0x0000019521f47000 Exception <a 'java/net/ConnectException'{0x000000008a639c60}: Connection refused: connect> (0x000000008a639c60) thrown at [./src/hotspot/share/prims/jni.cpp, line 636]
Event: 227.120 Thread 0x0000019521f47000 Exception <a 'java/net/ConnectException'{0x000000008a63aee0}: Connection refused: connect> (0x000000008a63aee0) thrown at [./src/hotspot/share/prims/jni.cpp, line 636]

Events (20 events):
Event: 227.205 loading class org/jetbrains/kotlin/cli/common/messages/XmlMessageRenderer
Event: 227.205 loading class org/jetbrains/kotlin/cli/common/messages/XmlMessageRenderer done
Event: 227.206 loading class org/jetbrains/kotlin/cli/common/messages/MessageRenderer$1
Event: 227.206 loading class org/jetbrains/kotlin/cli/common/messages/MessageRenderer$1 done
Event: 227.206 loading class org/jetbrains/kotlin/cli/common/messages/PlainTextMessageRenderer
Event: 227.206 loading class org/jetbrains/kotlin/cli/common/messages/PlainTextMessageRenderer done
Event: 227.207 loading class org/jetbrains/kotlin/cli/common/messages/MessageRenderer$2
Event: 227.207 loading class org/jetbrains/kotlin/cli/common/messages/MessageRenderer$2 done
Event: 227.207 loading class org/jetbrains/kotlin/cli/common/messages/MessageRenderer$3
Event: 227.207 loading class org/jetbrains/kotlin/cli/common/messages/MessageRenderer$3 done
Event: 227.207 loading class org/jetbrains/kotlin/cli/common/messages/MessageRenderer$4
Event: 227.207 loading class org/jetbrains/kotlin/cli/common/messages/MessageRenderer$4 done
Event: 227.210 loading class org/jetbrains/kotlin/compilerRunner/ReportUtilsKt$runToolInSeparateProcess$readErrThread$1
Event: 227.210 loading class org/jetbrains/kotlin/compilerRunner/ReportUtilsKt$runToolInSeparateProcess$readErrThread$1 done
Event: 227.210 Thread 0x000001951ea46000 Thread added: 0x000001951ea46000
Event: 227.210 loading class org/jetbrains/kotlin/compilerRunner/ReportUtilsKt$runToolInSeparateProcess$1
Event: 227.210 loading class org/jetbrains/kotlin/compilerRunner/ReportUtilsKt$runToolInSeparateProcess$1 done
Event: 227.210 loading class org/jetbrains/kotlin/compilerRunner/ReportUtilsKt$runToolInSeparateProcess$readErrThread$1$1
Event: 227.210 loading class org/jetbrains/kotlin/compilerRunner/ReportUtilsKt$runToolInSeparateProcess$readErrThread$1$1 done
Event: 228.034 Thread 0x000001951ce47000 Thread exited: 0x000001951ce47000


Dynamic libraries:
0x00007ff656740000 - 0x00007ff65674a000 	C:\Program Files\Android\Android Studio\jre\bin\java.exe
0x00007ffbe4b30000 - 0x00007ffbe4d25000 	C:\Windows\SYSTEM32\ntdll.dll
0x00007ffbe2d40000 - 0x00007ffbe2dfe000 	C:\Windows\System32\KERNEL32.DLL
0x00007ffbe24c0000 - 0x00007ffbe2789000 	C:\Windows\System32\KERNELBASE.dll
0x00007ffbdd6f0000 - 0x00007ffbdd707000 	C:\Program Files\Android\Android Studio\jre\bin\VCRUNTIME140.dll
0x00007ffbe2980000 - 0x00007ffbe2a80000 	C:\Windows\System32\ucrtbase.dll
0x00007ffbdaa60000 - 0x00007ffbdaa79000 	C:\Program Files\Android\Android Studio\jre\bin\jli.dll
0x00007ffbe3f10000 - 0x00007ffbe40b1000 	C:\Windows\System32\USER32.dll
0x00007ffbc6210000 - 0x00007ffbc64aa000 	C:\Windows\WinSxS\amd64_microsoft.windows.common-controls_6595b64144ccf1df_6.0.19041.1110_none_60b5254171f9507e\COMCTL32.dll
0x00007ffbe2790000 - 0x00007ffbe27b2000 	C:\Windows\System32\win32u.dll
0x00007ffbe47c0000 - 0x00007ffbe485e000 	C:\Windows\System32\msvcrt.dll
0x00007ffbe4310000 - 0x00007ffbe433b000 	C:\Windows\System32\GDI32.dll
0x00007ffbe27c0000 - 0x00007ffbe28cb000 	C:\Windows\System32\gdi32full.dll
0x00007ffbe2ae0000 - 0x00007ffbe2b7d000 	C:\Windows\System32\msvcp_win.dll
0x00007ffbe4ac0000 - 0x00007ffbe4af0000 	C:\Windows\System32\IMM32.DLL
0x00007ffbcdc70000 - 0x00007ffbcdd0d000 	C:\Program Files\Android\Android Studio\jre\bin\msvcp140.dll
0x00007ffbb3d60000 - 0x00007ffbb482f000 	C:\Program Files\Android\Android Studio\jre\bin\server\jvm.dll
0x00007ffbe4130000 - 0x00007ffbe41dc000 	C:\Windows\System32\ADVAPI32.dll
0x00007ffbe4260000 - 0x00007ffbe42fb000 	C:\Windows\System32\sechost.dll
0x00007ffbe2b80000 - 0x00007ffbe2caa000 	C:\Windows\System32\RPCRT4.dll
0x00007ffbe4300000 - 0x00007ffbe4308000 	C:\Windows\System32\PSAPI.DLL
0x00007ffbc7420000 - 0x00007ffbc7447000 	C:\Windows\SYSTEM32\WINMM.dll
0x00007ffbe0230000 - 0x00007ffbe023a000 	C:\Windows\SYSTEM32\VERSION.dll
0x00007ffbdd6a0000 - 0x00007ffbdd6a9000 	C:\Windows\SYSTEM32\WSOCK32.dll
0x00007ffbe40c0000 - 0x00007ffbe412b000 	C:\Windows\System32\WS2_32.dll
0x00007ffbe0ad0000 - 0x00007ffbe0ae2000 	C:\Windows\SYSTEM32\kernel.appcore.dll
0x00007ffbdd670000 - 0x00007ffbdd681000 	C:\Program Files\Android\Android Studio\jre\bin\verify.dll
0x00007ffbca510000 - 0x00007ffbca6f4000 	C:\Windows\SYSTEM32\DBGHELP.DLL
0x00007ffbc9850000 - 0x00007ffbc987c000 	C:\Windows\SYSTEM32\dbgcore.DLL
0x00007ffbe2250000 - 0x00007ffbe22d3000 	C:\Windows\System32\bcryptPrimitives.dll
0x00007ffbdd630000 - 0x00007ffbdd659000 	C:\Program Files\Android\Android Studio\jre\bin\java.dll
0x00007ffbdd6e0000 - 0x00007ffbdd6eb000 	C:\Program Files\Android\Android Studio\jre\bin\jimage.dll
0x00007ffbdd4d0000 - 0x00007ffbdd4e8000 	C:\Program Files\Android\Android Studio\jre\bin\zip.dll
0x00007ffbe3220000 - 0x00007ffbe395f000 	C:\Windows\System32\SHELL32.dll
0x00007ffbe0330000 - 0x00007ffbe0ac0000 	C:\Windows\SYSTEM32\windows.storage.dll
0x00007ffbe2e60000 - 0x00007ffbe31b5000 	C:\Windows\System32\combase.dll
0x00007ffbe1ca0000 - 0x00007ffbe1ccc000 	C:\Windows\SYSTEM32\Wldp.dll
0x00007ffbe46b0000 - 0x00007ffbe475d000 	C:\Windows\System32\SHCORE.dll
0x00007ffbe4760000 - 0x00007ffbe47b5000 	C:\Windows\System32\shlwapi.dll
0x00007ffbe2190000 - 0x00007ffbe21af000 	C:\Windows\SYSTEM32\profapi.dll
0x00007ffbdd450000 - 0x00007ffbdd46a000 	C:\Program Files\Android\Android Studio\jre\bin\net.dll
0x00007ffbda930000 - 0x00007ffbdaa38000 	C:\Windows\SYSTEM32\WINHTTP.dll
0x00007ffbe1a00000 - 0x00007ffbe1a6a000 	C:\Windows\system32\mswsock.dll
0x00007ffbdd430000 - 0x00007ffbdd444000 	C:\Program Files\Android\Android Studio\jre\bin\nio.dll
0x00007ffbcde40000 - 0x00007ffbcde67000 	C:\Users\Siddhi Anil Bairagi\.gradle\native\8bec1ad78214c89d9ad589b4d07fe93259594b29d510b10fafb7a158f7737e5d\windows-amd64\native-platform.dll
0x00007ffbb7950000 - 0x00007ffbb7a8d000 	C:\Users\Siddhi Anil Bairagi\.gradle\native\53dbd7edfb1c66fb8903c78663c9afc45aea4f116125fa6feffd364cf09443e8\windows-amd64\native-platform-file-events.dll
0x00007ffbdd420000 - 0x00007ffbdd42a000 	C:\Program Files\Android\Android Studio\jre\bin\management.dll
0x00007ffbdd410000 - 0x00007ffbdd41c000 	C:\Program Files\Android\Android Studio\jre\bin\management_ext.dll
0x00007ffbe1c00000 - 0x00007ffbe1c18000 	C:\Windows\SYSTEM32\CRYPTSP.dll
0x00007ffbe1310000 - 0x00007ffbe1344000 	C:\Windows\system32\rsaenh.dll
0x00007ffbe22e0000 - 0x00007ffbe2307000 	C:\Windows\System32\bcrypt.dll
0x00007ffbe2150000 - 0x00007ffbe217e000 	C:\Windows\SYSTEM32\USERENV.dll
0x00007ffbe1bf0000 - 0x00007ffbe1bfc000 	C:\Windows\SYSTEM32\CRYPTBASE.dll
0x00007ffbe16a0000 - 0x00007ffbe16db000 	C:\Windows\SYSTEM32\IPHLPAPI.DLL
0x00007ffbe3f00000 - 0x00007ffbe3f08000 	C:\Windows\System32\NSI.dll
0x00007ffbdc0b0000 - 0x00007ffbdc0c7000 	C:\Windows\SYSTEM32\dhcpcsvc6.DLL
0x00007ffbdc090000 - 0x00007ffbdc0ad000 	C:\Windows\SYSTEM32\dhcpcsvc.DLL
0x00007ffbe16e0000 - 0x00007ffbe17ac000 	C:\Windows\SYSTEM32\DNSAPI.dll
0x00007ffbcea40000 - 0x00007ffbcea5e000 	C:\Users\Siddhi Anil Bairagi\AppData\Local\Temp\native-platform8446735518003016888dir\native-platform.dll
0x00007ffbdb400000 - 0x00007ffbdb408000 	C:\Program Files\Android\Android Studio\jre\bin\rmi.dll

dbghelp: loaded successfully - version: 4.0.5 - missing functions: none
symbol engine: initialized successfully - sym options: 0x614 - pdb path: .;C:\Program Files\Android\Android Studio\jre\bin;C:\Windows\SYSTEM32;C:\Windows\WinSxS\amd64_microsoft.windows.common-controls_6595b64144ccf1df_6.0.19041.1110_none_60b5254171f9507e;C:\Program Files\Android\Android Studio\jre\bin\server;C:\Users\Siddhi Anil Bairagi\.gradle\native\8bec1ad78214c89d9ad589b4d07fe93259594b29d510b10fafb7a158f7737e5d\windows-amd64;C:\Users\Siddhi Anil Bairagi\.gradle\native\53dbd7edfb1c66fb8903c78663c9afc45aea4f116125fa6feffd364cf09443e8\windows-amd64;C:\Users\Siddhi Anil Bairagi\AppData\Local\Temp\native-platform8446735518003016888dir

VM Arguments:
jvm_args: --add-opens=java.base/java.util=ALL-UNNAMED --add-opens=java.base/java.lang=ALL-UNNAMED --add-opens=java.base/java.lang.invoke=ALL-UNNAMED --add-opens=java.base/java.util=ALL-UNNAMED --add-opens=java.prefs/java.util.prefs=ALL-UNNAMED --add-opens=java.prefs/java.util.prefs=ALL-UNNAMED --add-opens=java.base/java.nio.charset=ALL-UNNAMED --add-opens=java.base/java.net=ALL-UNNAMED --add-opens=java.base/java.util.concurrent.atomic=ALL-UNNAMED -Xmx2048m -Dfile.encoding=UTF-8 -Duser.country=IN -Duser.language=en -Duser.variant 
java_command: org.gradle.launcher.daemon.bootstrap.GradleDaemon 7.0.2
java_class_path (initial): C:\Users\Siddhi Anil Bairagi\.gradle\wrapper\dists\gradle-7.0.2-bin\857tjihv64xamwrf0h14cai3r\gradle-7.0.2\lib\gradle-launcher-7.0.2.jar
Launcher Type: SUN_STANDARD

[Global flags]
     intx CICompilerCount                          = 4                                         {product} {ergonomic}
     uint ConcGCThreads                            = 2                                         {product} {ergonomic}
     uint G1ConcRefinementThreads                  = 8                                         {product} {ergonomic}
   size_t G1HeapRegionSize                         = 1048576                                   {product} {ergonomic}
    uintx GCDrainStackTargetSize                   = 64                                        {product} {ergonomic}
   size_t InitialHeapSize                          = 132120576                                 {product} {ergonomic}
   size_t MarkStackSize                            = 4194304                                   {product} {ergonomic}
   size_t MaxHeapSize                              = 2147483648                                {product} {command line}
   size_t MaxNewSize                               = 1287651328                                {product} {ergonomic}
   size_t MinHeapDeltaBytes                        = 1048576                                   {product} {ergonomic}
    uintx NonNMethodCodeHeapSize                   = 5836300                                {pd product} {ergonomic}
    uintx NonProfiledCodeHeapSize                  = 122910970                              {pd product} {ergonomic}
    uintx ProfiledCodeHeapSize                     = 122910970                              {pd product} {ergonomic}
    uintx ReservedCodeCacheSize                    = 251658240                              {pd product} {ergonomic}
     bool SegmentedCodeCache                       = true                                      {product} {ergonomic}
     bool UseCompressedClassPointers               = true                                 {lp64_product} {ergonomic}
     bool UseCompressedOops                        = true                                 {lp64_product} {ergonomic}
     bool UseG1GC                                  = true                                      {product} {ergonomic}
     bool UseLargePagesIndividualAllocation        = false                                  {pd product} {ergonomic}

Logging:
Log output configuration:
 #0: stdout all=warning uptime,level,tags
 #1: stderr all=off uptime,level,tags

Environment Variables:
PATH=c:\windows\system32;c:\windows;c:\windows\system32\wbem;c:\windows\system32\windowspowershell\v1.0\;c:\windows\system32\openssh\;c:\program files\microsoft vs code\bin;c:\program files\dotnet\;d:\mingw\bin;c:\program files\git\cmd;C:\Program Files (x86)\NVIDIA Corporation\PhysX\Common;C:\Users\Siddhi Anil Bairagi\AppData\Local\Microsoft\WindowsApps;
USERNAME=Siddhi Anil Bairagi
OS=Windows_NT
PROCESSOR_IDENTIFIER=Intel64 Family 6 Model 158 Stepping 10, GenuineIntel



---------------  S Y S T E M  ---------------

OS: Windows 10 , 64 bit Build 19041 (10.0.19041.1202)
OS uptime: 0 days 0:31 hours

CPU:total 8 (initial active 8) (4 cores per cpu, 2 threads per core) family 6 model 158 stepping 10 microcode 0xb4, cmov, cx8, fxsr, mmx, sse, sse2, sse3, ssse3, sse4.1, sse4.2, popcnt, avx, avx2, aes, clmul, erms, 3dnowpref, lzcnt, ht, tsc, tscinvbit, bmi1, bmi2, adx, fma

Memory: 4k page, system-wide physical 8034M (2470M free)
TotalPageFile size 8034M (AvailPageFile size 9M)
current process WorkingSet (physical memory assigned to process): 342M, peak: 470M
current process commit charge ("private bytes"): 458M, peak: 526M

vm_info: OpenJDK 64-Bit Server VM (11.0.10+0-b96-7249189) for windows-amd64 JRE (11.0.10+0-b96-7249189), built on Mar 31 2021 21:44:00 by "builder" with MS VC++ 14.0 (VS2015)

END.
